<?xml version="1.0" encoding="UTF-8"?>
<coverage generated="1764598497022" clover="3.2.0">
  <project timestamp="1764598497022" name="All files">
    <metrics statements="2140" coveredstatements="1491" conditionals="1182" coveredconditionals="626" methods="430" coveredmethods="309" elements="3752" coveredelements="2426" complexity="0" loc="2140" ncloc="2140" packages="15" files="30" classes="30"/>
    <package name="src">
      <metrics statements="1" coveredstatements="1" conditionals="0" coveredconditionals="0" methods="0" coveredmethods="0"/>
      <file name="liteStore.config.js" path="D:\MyCode\myApp_\expo-liteDBStore\src\liteStore.config.js">
        <metrics statements="1" coveredstatements="1" conditionals="0" coveredconditionals="0" methods="0" coveredmethods="0"/>
        <line num="1" count="20" type="stmt"/>
      </file>
    </package>
    <package name="src.core">
      <metrics statements="41" coveredstatements="35" conditionals="2" coveredconditionals="0" methods="14" coveredmethods="12"/>
      <file name="FileOperationManager.ts" path="D:\MyCode\myApp_\expo-liteDBStore\src\core\FileOperationManager.ts">
        <metrics statements="30" coveredstatements="27" conditionals="0" coveredconditionals="0" methods="14" coveredmethods="12"/>
        <line num="1" count="20" type="stmt"/>
        <line num="2" count="20" type="stmt"/>
        <line num="3" count="20" type="stmt"/>
        <line num="5" count="20" type="stmt"/>
        <line num="6" count="20" type="stmt"/>
        <line num="7" count="20" type="stmt"/>
        <line num="14" count="20" type="stmt"/>
        <line num="36" count="37" type="stmt"/>
        <line num="37" count="37" type="stmt"/>
        <line num="38" count="37" type="stmt"/>
        <line num="47" count="0" type="stmt"/>
        <line num="55" count="2" type="stmt"/>
        <line num="62" count="133" type="stmt"/>
        <line num="71" count="6" type="stmt"/>
        <line num="80" count="6" type="stmt"/>
        <line num="89" count="2" type="stmt"/>
        <line num="98" count="1" type="stmt"/>
        <line num="99" count="1" type="stmt"/>
        <line num="112" count="2" type="stmt"/>
        <line num="113" count="2" type="stmt"/>
        <line num="126" count="1" type="stmt"/>
        <line num="127" count="1" type="stmt"/>
        <line num="140" count="2" type="stmt"/>
        <line num="141" count="2" type="stmt"/>
        <line num="153" count="2" type="stmt"/>
        <line num="154" count="2" type="stmt"/>
        <line num="166" count="2" type="stmt"/>
        <line num="167" count="2" type="stmt"/>
        <line num="175" count="0" type="stmt"/>
        <line num="176" count="0" type="stmt"/>
      </file>
      <file name="constants.ts" path="D:\MyCode\myApp_\expo-liteDBStore\src\core\constants.ts">
        <metrics statements="6" coveredstatements="6" conditionals="0" coveredconditionals="0" methods="0" coveredmethods="0"/>
        <line num="7" count="20" type="stmt"/>
        <line num="14" count="20" type="stmt"/>
        <line num="24" count="20" type="stmt"/>
        <line num="32" count="20" type="stmt"/>
        <line num="40" count="20" type="stmt"/>
        <line num="46" count="20" type="stmt"/>
      </file>
      <file name="db.ts" path="D:\MyCode\myApp_\expo-liteDBStore\src\core\db.ts">
        <metrics statements="5" coveredstatements="2" conditionals="2" coveredconditionals="0" methods="0" coveredmethods="0"/>
        <line num="1" count="20" type="stmt"/>
        <line num="2" count="20" type="stmt"/>
        <line num="8" count="0" type="stmt"/>
        <line num="14" count="0" type="cond" truecount="0" falsecount="2"/>
        <line num="22" count="0" type="stmt"/>
      </file>
    </package>
    <package name="src.core.adapter">
      <metrics statements="149" coveredstatements="91" conditionals="66" coveredconditionals="30" methods="29" coveredmethods="15"/>
      <file name="FileSystemStorageAdapter.ts" path="D:\MyCode\myApp_\expo-liteDBStore\src\core\adapter\FileSystemStorageAdapter.ts">
        <metrics statements="149" coveredstatements="91" conditionals="66" coveredconditionals="30" methods="29" coveredmethods="15"/>
        <line num="2" count="20" type="stmt"/>
        <line num="3" count="20" type="stmt"/>
        <line num="4" count="20" type="stmt"/>
        <line num="7" count="20" type="stmt"/>
        <line num="14" count="20" type="stmt"/>
        <line num="15" count="20" type="stmt"/>
        <line num="16" count="20" type="stmt"/>
        <line num="17" count="20" type="stmt"/>
        <line num="18" count="20" type="stmt"/>
        <line num="19" count="20" type="stmt"/>
        <line num="20" count="20" type="stmt"/>
        <line num="21" count="20" type="stmt"/>
        <line num="22" count="20" type="stmt"/>
        <line num="23" count="20" type="stmt"/>
        <line num="24" count="20" type="stmt"/>
        <line num="26" count="20" type="stmt"/>
        <line num="46" count="7" type="cond" truecount="1" falsecount="1"/>
        <line num="49" count="7" type="stmt"/>
        <line num="50" count="7" type="stmt"/>
        <line num="53" count="7" type="stmt"/>
        <line num="65" count="7" type="stmt"/>
        <line num="70" count="7" type="stmt"/>
        <line num="71" count="7" type="stmt"/>
        <line num="74" count="7" type="stmt"/>
        <line num="77" count="7" type="cond" truecount="3" falsecount="1"/>
        <line num="78" count="0" type="stmt"/>
        <line num="82" count="7" type="stmt"/>
        <line num="89" count="7" type="stmt"/>
        <line num="97" count="7" type="stmt"/>
        <line num="106" count="7" type="stmt"/>
        <line num="107" count="7" type="stmt"/>
        <line num="109" count="7" type="cond" truecount="3" falsecount="1"/>
        <line num="110" count="0" type="stmt"/>
        <line num="119" count="7" type="stmt"/>
        <line num="120" count="7" type="stmt"/>
        <line num="122" count="7" type="cond" truecount="1" falsecount="1"/>
        <line num="123" count="7" type="stmt"/>
        <line num="126" count="7" type="cond" truecount="1" falsecount="1"/>
        <line num="127" count="7" type="stmt"/>
        <line num="142" count="8" type="stmt"/>
        <line num="146" count="8" type="stmt"/>
        <line num="148" count="8" type="stmt"/>
        <line num="149" count="8" type="stmt"/>
        <line num="153" count="0" type="stmt"/>
        <line num="157" count="0" type="stmt"/>
        <line num="166" count="111" type="stmt"/>
        <line num="167" count="111" type="cond" truecount="2" falsecount="0"/>
        <line num="169" count="111" type="stmt"/>
        <line num="171" count="111" type="cond" truecount="1" falsecount="1"/>
        <line num="176" count="0" type="stmt"/>
        <line num="177" count="0" type="stmt"/>
        <line num="180" count="0" type="stmt"/>
        <line num="188" count="0" type="stmt"/>
        <line num="189" count="0" type="stmt"/>
        <line num="197" count="111" type="stmt"/>
        <line num="200" count="111" type="stmt"/>
        <line num="208" count="111" type="stmt"/>
        <line num="211" count="0" type="stmt"/>
        <line num="219" count="0" type="stmt"/>
        <line num="227" count="11" type="stmt"/>
        <line num="231" count="0" type="stmt"/>
        <line num="239" count="2" type="stmt"/>
        <line num="253" count="0" type="stmt"/>
        <line num="262" count="0" type="cond" truecount="0" falsecount="2"/>
        <line num="264" count="0" type="stmt"/>
        <line num="265" count="0" type="stmt"/>
        <line num="268" count="0" type="stmt"/>
        <line num="275" count="0" type="stmt"/>
        <line num="279" count="0" type="stmt"/>
        <line num="291" count="7" type="cond" truecount="1" falsecount="1"/>
        <line num="293" count="0" type="stmt"/>
        <line num="294" count="0" type="stmt"/>
        <line num="297" count="0" type="stmt"/>
        <line num="304" count="0" type="stmt"/>
        <line num="305" count="0" type="stmt"/>
        <line num="316" count="7" type="stmt"/>
        <line num="319" count="7" type="stmt"/>
        <line num="320" count="7" type="stmt"/>
        <line num="321" count="7" type="stmt"/>
        <line num="324" count="7" type="stmt"/>
        <line num="325" count="7" type="stmt"/>
        <line num="328" count="7" type="stmt"/>
        <line num="331" count="7" type="stmt"/>
        <line num="332" count="11" type="cond" truecount="1" falsecount="1"/>
        <line num="333" count="11" type="stmt"/>
        <line num="338" count="7" type="stmt"/>
        <line num="339" count="112" type="cond" truecount="2" falsecount="0"/>
        <line num="341" count="112" type="cond" truecount="3" falsecount="0"/>
        <line num="343" count="105" type="stmt"/>
        <line num="344" count="106" type="cond" truecount="1" falsecount="1"/>
        <line num="345" count="106" type="stmt"/>
        <line num="347" count="106" type="stmt"/>
        <line num="349" count="105" type="stmt"/>
        <line num="351" count="4" type="stmt"/>
        <line num="352" count="4" type="cond" truecount="1" falsecount="1"/>
        <line num="353" count="4" type="stmt"/>
        <line num="354" count="4" type="cond" truecount="2" falsecount="0"/>
        <line num="355" count="3" type="stmt"/>
        <line num="356" count="3" type="stmt"/>
        <line num="360" count="4" type="stmt"/>
        <line num="362" count="3" type="stmt"/>
        <line num="363" count="3" type="cond" truecount="3" falsecount="1"/>
        <line num="364" count="3" type="stmt"/>
        <line num="365" count="3" type="stmt"/>
        <line num="368" count="3" type="stmt"/>
        <line num="373" count="7" type="stmt"/>
        <line num="375" count="11" type="stmt"/>
        <line num="378" count="7" type="stmt"/>
        <line num="382" count="7" type="stmt"/>
        <line num="384" count="7" type="stmt"/>
        <line num="395" count="0" type="stmt"/>
        <line num="402" count="0" type="stmt"/>
        <line num="403" count="0" type="stmt"/>
        <line num="404" count="0" type="stmt"/>
        <line num="405" count="0" type="stmt"/>
        <line num="413" count="0" type="stmt"/>
        <line num="420" count="0" type="stmt"/>
        <line num="423" count="0" type="stmt"/>
        <line num="424" count="0" type="cond" truecount="0" falsecount="2"/>
        <line num="425" count="0" type="stmt"/>
        <line num="436" count="0" type="stmt"/>
        <line num="438" count="0" type="stmt"/>
        <line num="440" count="0" type="stmt"/>
        <line num="448" count="0" type="stmt"/>
        <line num="449" count="0" type="cond" truecount="0" falsecount="2"/>
        <line num="450" count="0" type="stmt"/>
        <line num="461" count="0" type="stmt"/>
        <line num="464" count="0" type="stmt"/>
        <line num="472" count="0" type="stmt"/>
        <line num="473" count="0" type="cond" truecount="0" falsecount="2"/>
        <line num="474" count="0" type="stmt"/>
        <line num="485" count="0" type="stmt"/>
        <line num="488" count="0" type="cond" truecount="0" falsecount="2"/>
        <line num="490" count="0" type="stmt"/>
        <line num="491" count="0" type="cond" truecount="0" falsecount="2"/>
        <line num="493" count="0" type="cond" truecount="0" falsecount="2"/>
        <line num="494" count="0" type="stmt"/>
        <line num="503" count="0" type="stmt"/>
        <line num="507" count="0" type="stmt"/>
        <line num="513" count="20" type="stmt"/>
        <line num="516" count="0" type="cond" truecount="0" falsecount="2"/>
        <line num="517" count="0" type="stmt"/>
        <line num="519" count="0" type="stmt"/>
        <line num="523" count="20" type="stmt"/>
        <line num="525" count="20" type="cond" truecount="3" falsecount="1"/>
        <line num="526" count="20" type="stmt"/>
        <line num="528" count="0" type="stmt"/>
        <line num="533" count="0" type="stmt"/>
        <line num="536" count="20" type="stmt"/>
      </file>
    </package>
    <package name="src.core.api">
      <metrics statements="57" coveredstatements="44" conditionals="26" coveredconditionals="14" methods="13" coveredmethods="12"/>
      <file name="RateLimiter.ts" path="D:\MyCode\myApp_\expo-liteDBStore\src\core\api\RateLimiter.ts">
        <metrics statements="57" coveredstatements="44" conditionals="26" coveredconditionals="14" methods="13" coveredmethods="12"/>
        <line num="4" count="1" type="stmt"/>
        <line num="69" count="1" type="stmt"/>
        <line num="78" count="17" type="stmt"/>
        <line num="85" count="17" type="stmt"/>
        <line num="98" count="1" type="cond" truecount="1" falsecount="1"/>
        <line num="99" count="0" type="stmt"/>
        <line num="106" count="1" type="stmt"/>
        <line num="107" count="1" type="stmt"/>
        <line num="109" count="1" type="cond" truecount="1" falsecount="1"/>
        <line num="111" count="1" type="stmt"/>
        <line num="115" count="1" type="stmt"/>
        <line num="117" count="1" type="stmt"/>
        <line num="125" count="0" type="stmt"/>
        <line num="126" count="0" type="stmt"/>
        <line num="128" count="0" type="cond" truecount="0" falsecount="2"/>
        <line num="130" count="0" type="stmt"/>
        <line num="134" count="0" type="stmt"/>
        <line num="137" count="0" type="cond" truecount="0" falsecount="2"/>
        <line num="139" count="0" type="stmt"/>
        <line num="140" count="0" type="stmt"/>
        <line num="142" count="0" type="stmt"/>
        <line num="150" count="0" type="stmt"/>
        <line num="152" count="0" type="stmt"/>
        <line num="168" count="12" type="cond" truecount="2" falsecount="0"/>
        <line num="169" count="2" type="stmt"/>
        <line num="176" count="10" type="stmt"/>
        <line num="177" count="10" type="stmt"/>
        <line num="179" count="10" type="cond" truecount="2" falsecount="0"/>
        <line num="181" count="8" type="stmt"/>
        <line num="188" count="10" type="stmt"/>
        <line num="189" count="10" type="stmt"/>
        <line num="191" count="10" type="cond" truecount="2" falsecount="0"/>
        <line num="193" count="1" type="stmt"/>
        <line num="197" count="1" type="stmt"/>
        <line num="200" count="10" type="cond" truecount="2" falsecount="0"/>
        <line num="202" count="7" type="stmt"/>
        <line num="203" count="7" type="stmt"/>
        <line num="205" count="7" type="stmt"/>
        <line num="213" count="3" type="stmt"/>
        <line num="214" count="3" type="stmt"/>
        <line num="216" count="3" type="stmt"/>
        <line num="230" count="1" type="stmt"/>
        <line num="239" count="5" type="stmt"/>
        <line num="246" count="1" type="stmt"/>
        <line num="254" count="4" type="stmt"/>
        <line num="265" count="2" type="stmt"/>
        <line num="272" count="1" type="stmt"/>
        <line num="276" count="5" type="stmt"/>
        <line num="281" count="5" type="stmt"/>
        <line num="294" count="11" type="cond" truecount="2" falsecount="0"/>
        <line num="295" count="8" type="stmt"/>
        <line num="301" count="11" type="stmt"/>
        <line num="309" count="1" type="stmt"/>
        <line num="320" count="0" type="stmt"/>
        <line num="328" count="1" type="stmt"/>
        <line num="335" count="1" type="stmt"/>
        <line num="340" count="1" type="stmt"/>
      </file>
    </package>
    <package name="src.core.cache">
      <metrics statements="277" coveredstatements="224" conditionals="181" coveredconditionals="113" methods="36" coveredmethods="34"/>
      <file name="CacheManager.ts" path="D:\MyCode\myApp_\expo-liteDBStore\src\core\cache\CacheManager.ts">
        <metrics statements="277" coveredstatements="224" conditionals="181" coveredconditionals="113" methods="36" coveredmethods="34"/>
        <line num="3" count="20" type="stmt"/>
        <line num="8" count="20" type="cond" truecount="2" falsecount="0"/>
        <line num="9" count="20" type="stmt"/>
        <line num="10" count="20" type="stmt"/>
        <line num="152" count="20" type="stmt"/>
        <line num="156" count="71" type="stmt"/>
        <line num="161" count="71" type="stmt"/>
        <line num="162" count="71" type="stmt"/>
        <line num="167" count="71" type="stmt"/>
        <line num="172" count="71" type="stmt"/>
        <line num="177" count="71" type="stmt"/>
        <line num="187" count="71" type="stmt"/>
        <line num="203" count="71" type="stmt"/>
        <line num="208" count="71" type="stmt"/>
        <line num="217" count="71" type="stmt"/>
        <line num="230" count="71" type="stmt"/>
        <line num="231" count="71" type="cond" truecount="2" falsecount="0"/>
        <line num="235" count="71" type="stmt"/>
        <line num="242" count="71" type="cond" truecount="1" falsecount="1"/>
        <line num="243" count="71" type="stmt"/>
        <line num="244" count="71" type="stmt"/>
        <line num="248" count="71" type="stmt"/>
        <line num="258" count="70189" type="stmt"/>
        <line num="259" count="70189" type="stmt"/>
        <line num="260" count="70189" type="stmt"/>
        <line num="262" count="70189" type="cond" truecount="2" falsecount="0"/>
        <line num="263" count="70111" type="stmt"/>
        <line num="265" count="70189" type="stmt"/>
        <line num="267" count="70189" type="cond" truecount="2" falsecount="0"/>
        <line num="268" count="78" type="stmt"/>
        <line num="271" count="70189" type="stmt"/>
        <line num="279" count="35085" type="stmt"/>
        <line num="280" count="35085" type="cond" truecount="1" falsecount="1"/>
        <line num="282" count="35085" type="cond" truecount="2" falsecount="0"/>
        <line num="283" count="25029" type="cond" truecount="2" falsecount="0"/>
        <line num="285" count="10056" type="cond" truecount="2" falsecount="0"/>
        <line num="288" count="35085" type="cond" truecount="2" falsecount="0"/>
        <line num="289" count="10019" type="cond" truecount="2" falsecount="0"/>
        <line num="291" count="25066" type="cond" truecount="2" falsecount="0"/>
        <line num="294" count="35085" type="stmt"/>
        <line num="302" count="20041" type="stmt"/>
        <line num="303" count="20041" type="stmt"/>
        <line num="304" count="20041" type="cond" truecount="1" falsecount="1"/>
        <line num="305" count="20041" type="stmt"/>
        <line num="314" count="6" type="stmt"/>
        <line num="315" count="6" type="cond" truecount="1" falsecount="1"/>
        <line num="318" count="6" type="stmt"/>
        <line num="319" count="6" type="stmt"/>
        <line num="320" count="6" type="cond" truecount="1" falsecount="1"/>
        <line num="321" count="6" type="stmt"/>
        <line num="322" count="6" type="cond" truecount="2" falsecount="0"/>
        <line num="323" count="4" type="stmt"/>
        <line num="325" count="4" type="cond" truecount="2" falsecount="0"/>
        <line num="326" count="1" type="stmt"/>
        <line num="332" count="6" type="stmt"/>
        <line num="333" count="6" type="stmt"/>
        <line num="336" count="6" type="cond" truecount="1" falsecount="1"/>
        <line num="337" count="6" type="stmt"/>
        <line num="339" count="6" type="stmt"/>
        <line num="348" count="5001" type="stmt"/>
        <line num="349" count="5001" type="cond" truecount="3" falsecount="1"/>
        <line num="352" count="5001" type="stmt"/>
        <line num="353" count="5001" type="cond" truecount="1" falsecount="1"/>
        <line num="355" count="5001" type="stmt"/>
        <line num="356" count="5001" type="cond" truecount="1" falsecount="1"/>
        <line num="357" count="5001" type="stmt"/>
        <line num="360" count="5001" type="cond" truecount="1" falsecount="1"/>
        <line num="361" count="0" type="stmt"/>
        <line num="365" count="5001" type="stmt"/>
        <line num="373" count="71" type="cond" truecount="1" falsecount="1"/>
        <line num="374" count="0" type="stmt"/>
        <line num="377" count="71" type="stmt"/>
        <line num="378" count="0" type="stmt"/>
        <line num="386" count="0" type="stmt"/>
        <line num="387" count="0" type="stmt"/>
        <line num="389" count="0" type="stmt"/>
        <line num="390" count="0" type="cond" truecount="0" falsecount="2"/>
        <line num="392" count="0" type="stmt"/>
        <line num="393" count="0" type="stmt"/>
        <line num="396" count="0" type="cond" truecount="0" falsecount="2"/>
        <line num="397" count="0" type="stmt"/>
        <line num="398" count="0" type="cond" truecount="0" falsecount="2"/>
        <line num="399" count="0" type="stmt"/>
        <line num="400" count="0" type="stmt"/>
        <line num="401" count="0" type="cond" truecount="0" falsecount="2"/>
        <line num="402" count="0" type="stmt"/>
        <line num="403" count="0" type="cond" truecount="0" falsecount="2"/>
        <line num="404" count="0" type="stmt"/>
        <line num="405" count="0" type="cond" truecount="0" falsecount="2"/>
        <line num="406" count="0" type="stmt"/>
        <line num="412" count="0" type="stmt"/>
        <line num="413" count="0" type="stmt"/>
        <line num="417" count="0" type="cond" truecount="0" falsecount="2"/>
        <line num="418" count="0" type="stmt"/>
        <line num="428" count="80515" type="cond" truecount="4" falsecount="0"/>
        <line num="429" count="4" type="stmt"/>
        <line num="432" count="80511" type="cond" truecount="3" falsecount="2"/>
        <line num="435" count="80320" type="stmt"/>
        <line num="438" count="72" type="stmt"/>
        <line num="441" count="0" type="stmt"/>
        <line num="443" count="119" type="cond" truecount="2" falsecount="0"/>
        <line num="445" count="92" type="stmt"/>
        <line num="448" count="45" type="stmt"/>
        <line num="449" count="114" type="stmt"/>
        <line num="453" count="0" type="stmt"/>
        <line num="461" count="100426" type="stmt"/>
        <line num="462" count="100426" type="cond" truecount="2" falsecount="0"/>
        <line num="474" count="60152" type="cond" truecount="2" falsecount="0"/>
        <line num="475" count="60152" type="stmt"/>
        <line num="478" count="60152" type="cond" truecount="4" falsecount="0"/>
        <line num="479" count="134" type="stmt"/>
        <line num="480" count="134" type="stmt"/>
        <line num="481" count="134" type="stmt"/>
        <line num="484" count="60018" type="stmt"/>
        <line num="493" count="60158" type="cond" truecount="4" falsecount="0"/>
        <line num="494" count="40150" type="stmt"/>
        <line num="498" count="20008" type="cond" truecount="1" falsecount="1"/>
        <line num="499" count="0" type="stmt"/>
        <line num="504" count="20008" type="cond" truecount="2" falsecount="0"/>
        <line num="507" count="15007" type="cond" truecount="3" falsecount="1"/>
        <line num="508" count="15007" type="stmt"/>
        <line num="509" count="15007" type="stmt"/>
        <line num="511" count="15007" type="stmt"/>
        <line num="514" count="5001" type="stmt"/>
        <line num="515" count="5001" type="stmt"/>
        <line num="518" count="20008" type="cond" truecount="1" falsecount="1"/>
        <line num="519" count="20008" type="stmt"/>
        <line num="520" count="20008" type="cond" truecount="1" falsecount="1"/>
        <line num="521" count="20008" type="stmt"/>
        <line num="522" count="20008" type="stmt"/>
        <line num="524" count="20008" type="stmt"/>
        <line num="525" count="20008" type="stmt"/>
        <line num="526" count="20008" type="stmt"/>
        <line num="535" count="60152" type="cond" truecount="2" falsecount="0"/>
        <line num="536" count="60061" type="stmt"/>
        <line num="540" count="91" type="cond" truecount="1" falsecount="1"/>
        <line num="543" count="91" type="cond" truecount="2" falsecount="0"/>
        <line num="544" count="88" type="stmt"/>
        <line num="548" count="3" type="stmt"/>
        <line num="551" count="3" type="cond" truecount="2" falsecount="0"/>
        <line num="552" count="6" type="stmt"/>
        <line num="563" count="20223" type="stmt"/>
        <line num="564" count="20223" type="cond" truecount="2" falsecount="0"/>
        <line num="565" count="174" type="stmt"/>
        <line num="569" count="20049" type="cond" truecount="2" falsecount="0"/>
        <line num="570" count="2" type="stmt"/>
        <line num="572" count="2" type="cond" truecount="1" falsecount="1"/>
        <line num="573" count="2" type="stmt"/>
        <line num="574" count="0" type="cond" truecount="0" falsecount="2"/>
        <line num="575" count="0" type="stmt"/>
        <line num="577" count="2" type="stmt"/>
        <line num="578" count="2" type="stmt"/>
        <line num="582" count="20047" type="stmt"/>
        <line num="585" count="20047" type="cond" truecount="2" falsecount="0"/>
        <line num="586" count="20041" type="stmt"/>
        <line num="587" count="6" type="cond" truecount="1" falsecount="1"/>
        <line num="588" count="6" type="stmt"/>
        <line num="591" count="20047" type="stmt"/>
        <line num="603" count="60152" type="stmt"/>
        <line num="604" count="60152" type="stmt"/>
        <line num="607" count="60152" type="cond" truecount="2" falsecount="0"/>
        <line num="608" count="5" type="stmt"/>
        <line num="609" count="5" type="cond" truecount="1" falsecount="1"/>
        <line num="610" count="5" type="stmt"/>
        <line num="611" count="5" type="stmt"/>
        <line num="614" count="5" type="cond" truecount="1" falsecount="1"/>
        <line num="615" count="5" type="stmt"/>
        <line num="616" count="0" type="cond" truecount="0" falsecount="2"/>
        <line num="617" count="0" type="stmt"/>
        <line num="618" count="0" type="cond" truecount="0" falsecount="2"/>
        <line num="619" count="0" type="stmt"/>
        <line num="620" count="0" type="stmt"/>
        <line num="621" count="0" type="cond" truecount="0" falsecount="2"/>
        <line num="622" count="0" type="stmt"/>
        <line num="623" count="0" type="cond" truecount="0" falsecount="2"/>
        <line num="624" count="0" type="stmt"/>
        <line num="625" count="0" type="cond" truecount="0" falsecount="2"/>
        <line num="626" count="0" type="stmt"/>
        <line num="634" count="60152" type="stmt"/>
        <line num="642" count="60152" type="stmt"/>
        <line num="643" count="60152" type="stmt"/>
        <line num="646" count="60152" type="stmt"/>
        <line num="649" count="60152" type="cond" truecount="2" falsecount="0"/>
        <line num="650" count="50148" type="stmt"/>
        <line num="651" count="10004" type="cond" truecount="1" falsecount="1"/>
        <line num="653" count="10004" type="cond" truecount="2" falsecount="0"/>
        <line num="654" count="2" type="stmt"/>
        <line num="656" count="10004" type="stmt"/>
        <line num="657" count="10004" type="stmt"/>
        <line num="661" count="60152" type="stmt"/>
        <line num="664" count="60152" type="stmt"/>
        <line num="666" count="60152" type="stmt"/>
        <line num="676" count="20219" type="stmt"/>
        <line num="678" count="20219" type="stmt"/>
        <line num="679" count="20219" type="cond" truecount="2" falsecount="0"/>
        <line num="680" count="20045" type="stmt"/>
        <line num="681" count="20045" type="stmt"/>
        <line num="682" count="20045" type="stmt"/>
        <line num="685" count="174" type="stmt"/>
        <line num="686" count="174" type="stmt"/>
        <line num="687" count="174" type="stmt"/>
        <line num="699" count="60152" type="stmt"/>
        <line num="708" count="141" type="cond" truecount="2" falsecount="0"/>
        <line num="710" count="30" type="stmt"/>
        <line num="711" count="30" type="cond" truecount="1" falsecount="1"/>
        <line num="712" count="30" type="stmt"/>
        <line num="713" count="30" type="stmt"/>
        <line num="717" count="30" type="cond" truecount="1" falsecount="1"/>
        <line num="718" count="30" type="stmt"/>
        <line num="719" count="0" type="cond" truecount="0" falsecount="2"/>
        <line num="720" count="0" type="stmt"/>
        <line num="721" count="0" type="cond" truecount="0" falsecount="2"/>
        <line num="722" count="0" type="stmt"/>
        <line num="723" count="0" type="stmt"/>
        <line num="724" count="0" type="cond" truecount="0" falsecount="2"/>
        <line num="725" count="0" type="stmt"/>
        <line num="726" count="0" type="cond" truecount="0" falsecount="2"/>
        <line num="727" count="0" type="stmt"/>
        <line num="728" count="0" type="cond" truecount="0" falsecount="2"/>
        <line num="729" count="0" type="stmt"/>
        <line num="735" count="30" type="stmt"/>
        <line num="736" count="30" type="stmt"/>
        <line num="744" count="15" type="stmt"/>
        <line num="746" count="15" type="stmt"/>
        <line num="747" count="15" type="stmt"/>
        <line num="748" count="15" type="stmt"/>
        <line num="750" count="15" type="stmt"/>
        <line num="751" count="15" type="stmt"/>
        <line num="753" count="15" type="stmt"/>
        <line num="754" count="15" type="stmt"/>
        <line num="763" count="2" type="stmt"/>
        <line num="764" count="2" type="cond" truecount="1" falsecount="1"/>
        <line num="765" count="2" type="stmt"/>
        <line num="775" count="2" type="stmt"/>
        <line num="776" count="2" type="cond" truecount="1" falsecount="1"/>
        <line num="777" count="2" type="stmt"/>
        <line num="787" count="5" type="stmt"/>
        <line num="788" count="5" type="stmt"/>
        <line num="789" count="9" type="cond" truecount="2" falsecount="0"/>
        <line num="790" count="6" type="stmt"/>
        <line num="793" count="5" type="stmt"/>
        <line num="802" count="18" type="stmt"/>
        <line num="811" count="5" type="stmt"/>
        <line num="821" count="4" type="stmt"/>
        <line num="832" count="7" type="stmt"/>
        <line num="833" count="3" type="stmt"/>
        <line num="837" count="7" type="stmt"/>
        <line num="838" count="7" type="stmt"/>
        <line num="841" count="7" type="stmt"/>
        <line num="843" count="7" type="stmt"/>
        <line num="844" count="7" type="stmt"/>
        <line num="845" count="7" type="stmt"/>
        <line num="859" count="9" type="stmt"/>
        <line num="860" count="9" type="cond" truecount="2" falsecount="0"/>
        <line num="861" count="3" type="stmt"/>
        <line num="865" count="6" type="stmt"/>
        <line num="866" count="6" type="stmt"/>
        <line num="868" count="6" type="stmt"/>
        <line num="869" count="6" type="cond" truecount="2" falsecount="0"/>
        <line num="870" count="2" type="stmt"/>
        <line num="874" count="4" type="stmt"/>
        <line num="877" count="4" type="stmt"/>
        <line num="879" count="4" type="stmt"/>
        <line num="881" count="6" type="stmt"/>
        <line num="894" count="1" type="stmt"/>
        <line num="895" count="1" type="stmt"/>
        <line num="896" count="1" type="stmt"/>
        <line num="898" count="1" type="stmt"/>
        <line num="912" count="4" type="cond" truecount="1" falsecount="1"/>
        <line num="913" count="0" type="stmt"/>
        <line num="916" count="4" type="stmt"/>
        <line num="917" count="4" type="stmt"/>
        <line num="918" count="4" type="cond" truecount="4" falsecount="0"/>
        <line num="920" count="2" type="cond" truecount="2" falsecount="0"/>
        <line num="921" count="2" type="stmt"/>
        <line num="923" count="2" type="stmt"/>
        <line num="926" count="0" type="stmt"/>
      </file>
    </package>
    <package name="src.core.data">
      <metrics statements="231" coveredstatements="169" conditionals="118" coveredconditionals="79" methods="47" coveredmethods="33"/>
      <file name="DataReader.ts" path="D:\MyCode\myApp_\expo-liteDBStore\src\core\data\DataReader.ts">
        <metrics statements="75" coveredstatements="56" conditionals="40" coveredconditionals="29" methods="13" coveredmethods="8"/>
        <line num="2" count="20" type="stmt"/>
        <line num="3" count="20" type="stmt"/>
        <line num="8" count="20" type="stmt"/>
        <line num="9" count="20" type="stmt"/>
        <line num="10" count="20" type="stmt"/>
        <line num="12" count="20" type="stmt"/>
        <line num="13" count="20" type="stmt"/>
        <line num="16" count="20" type="stmt"/>
        <line num="17" count="20" type="stmt"/>
        <line num="18" count="16" type="stmt"/>
        <line num="30" count="16" type="stmt"/>
        <line num="31" count="16" type="stmt"/>
        <line num="32" count="16" type="stmt"/>
        <line num="33" count="16" type="stmt"/>
        <line num="37" count="20" type="stmt"/>
        <line num="38" count="20" type="stmt"/>
        <line num="42" count="0" type="stmt"/>
        <line num="49" count="22" type="stmt"/>
        <line num="51" count="22" type="stmt"/>
        <line num="52" count="22" type="cond" truecount="2" falsecount="0"/>
        <line num="54" count="2" type="stmt"/>
        <line num="58" count="20" type="cond" truecount="2" falsecount="0"/>
        <line num="59" count="20" type="cond" truecount="2" falsecount="0"/>
        <line num="61" count="20" type="stmt"/>
        <line num="62" count="20" type="stmt"/>
        <line num="63" count="20" type="stmt"/>
        <line num="66" count="20" type="cond" truecount="2" falsecount="0"/>
        <line num="68" count="19" type="stmt"/>
        <line num="71" count="19" type="stmt"/>
        <line num="72" count="19" type="cond" truecount="1" falsecount="1"/>
        <line num="73" count="0" type="stmt"/>
        <line num="78" count="20" type="cond" truecount="2" falsecount="0"/>
        <line num="80" count="6" type="cond" truecount="5" falsecount="1"/>
        <line num="81" count="6" type="stmt"/>
        <line num="83" count="6" type="stmt"/>
        <line num="84" count="6" type="cond" truecount="1" falsecount="1"/>
        <line num="86" count="0" type="stmt"/>
        <line num="87" count="0" type="stmt"/>
        <line num="88" count="0" type="stmt"/>
        <line num="89" count="0" type="stmt"/>
        <line num="96" count="20" type="cond" truecount="1" falsecount="1"/>
        <line num="97" count="0" type="stmt"/>
        <line num="98" count="0" type="stmt"/>
        <line num="104" count="20" type="stmt"/>
        <line num="105" count="20" type="stmt"/>
        <line num="113" count="20" type="cond" truecount="1" falsecount="1"/>
        <line num="115" count="0" type="stmt"/>
        <line num="116" count="0" type="stmt"/>
        <line num="117" count="0" type="cond" truecount="0" falsecount="2"/>
        <line num="118" count="0" type="stmt"/>
        <line num="119" count="0" type="cond" truecount="0" falsecount="2"/>
        <line num="120" count="0" type="stmt"/>
        <line num="122" count="0" type="stmt"/>
        <line num="124" count="20" type="cond" truecount="2" falsecount="0"/>
        <line num="126" count="6" type="stmt"/>
        <line num="130" count="20" type="cond" truecount="1" falsecount="1"/>
        <line num="131" count="0" type="stmt"/>
        <line num="135" count="20" type="stmt"/>
        <line num="138" count="20" type="cond" truecount="2" falsecount="0"/>
        <line num="140" count="19" type="stmt"/>
        <line num="143" count="19" type="stmt"/>
        <line num="146" count="19" type="stmt"/>
        <line num="147" count="19" type="cond" truecount="2" falsecount="0"/>
        <line num="148" count="19" type="cond" truecount="1" falsecount="1"/>
        <line num="149" count="19" type="stmt"/>
        <line num="150" count="19" type="stmt"/>
        <line num="154" count="20" type="stmt"/>
        <line num="155" count="0" type="stmt"/>
        <line num="162" count="4" type="stmt"/>
        <line num="164" count="4" type="stmt"/>
        <line num="165" count="4" type="cond" truecount="2" falsecount="0"/>
        <line num="166" count="0" type="stmt"/>
        <line num="180" count="2" type="stmt"/>
        <line num="182" count="2" type="stmt"/>
        <line num="183" count="0" type="stmt"/>
      </file>
      <file name="DataWriter.ts" path="D:\MyCode\myApp_\expo-liteDBStore\src\core\data\DataWriter.ts">
        <metrics statements="156" coveredstatements="113" conditionals="78" coveredconditionals="50" methods="34" coveredmethods="25"/>
        <line num="2" count="20" type="stmt"/>
        <line num="3" count="20" type="stmt"/>
        <line num="11" count="20" type="stmt"/>
        <line num="12" count="20" type="stmt"/>
        <line num="13" count="20" type="stmt"/>
        <line num="15" count="20" type="stmt"/>
        <line num="16" count="20" type="stmt"/>
        <line num="20" count="20" type="stmt"/>
        <line num="21" count="20" type="stmt"/>
        <line num="22" count="19" type="stmt"/>
        <line num="34" count="19" type="stmt"/>
        <line num="35" count="19" type="stmt"/>
        <line num="36" count="19" type="stmt"/>
        <line num="37" count="19" type="stmt"/>
        <line num="40" count="20" type="stmt"/>
        <line num="51" count="17" type="stmt"/>
        <line num="52" count="17" type="cond" truecount="1" falsecount="1"/>
        <line num="54" count="17" type="stmt"/>
        <line num="56" count="27" type="stmt"/>
        <line num="59" count="27" type="cond" truecount="1" falsecount="1"/>
        <line num="60" count="27" type="stmt"/>
        <line num="62" count="0" type="stmt"/>
        <line num="63" count="0" type="cond" truecount="0" falsecount="2"/>
        <line num="66" count="27" type="cond" truecount="1" falsecount="1"/>
        <line num="71" count="0" type="stmt"/>
        <line num="81" count="27" type="cond" truecount="1" falsecount="1"/>
        <line num="82" count="0" type="stmt"/>
        <line num="87" count="27" type="stmt"/>
        <line num="90" count="17" type="stmt"/>
        <line num="94" count="143" type="stmt"/>
        <line num="95" count="143" type="stmt"/>
        <line num="99" count="1" type="stmt"/>
        <line num="104" count="16" type="stmt"/>
        <line num="105" count="10" type="stmt"/>
        <line num="108" count="16" type="cond" truecount="1" falsecount="1"/>
        <line num="122" count="17" type="stmt"/>
        <line num="123" count="17" type="cond" truecount="1" falsecount="1"/>
        <line num="124" count="0" type="stmt"/>
        <line num="132" count="17" type="cond" truecount="1" falsecount="1"/>
        <line num="133" count="0" type="stmt"/>
        <line num="137" count="17" type="stmt"/>
        <line num="139" count="17" type="cond" truecount="3" falsecount="0"/>
        <line num="143" count="17" type="cond" truecount="4" falsecount="0"/>
        <line num="147" count="17" type="cond" truecount="2" falsecount="0"/>
        <line num="148" count="1" type="stmt"/>
        <line num="149" count="1" type="stmt"/>
        <line num="155" count="16" type="stmt"/>
        <line num="156" count="16" type="stmt"/>
        <line num="164" count="17" type="stmt"/>
        <line num="178" count="0" type="stmt"/>
        <line num="184" count="10" type="stmt"/>
        <line num="185" count="10" type="stmt"/>
        <line num="187" count="10" type="cond" truecount="1" falsecount="1"/>
        <line num="188" count="0" type="stmt"/>
        <line num="189" count="0" type="stmt"/>
        <line num="195" count="10" type="stmt"/>
        <line num="205" count="10" type="stmt"/>
        <line num="206" count="0" type="stmt"/>
        <line num="215" count="113" type="stmt"/>
        <line num="217" count="113" type="cond" truecount="2" falsecount="0"/>
        <line num="220" count="113" type="cond" truecount="1" falsecount="1"/>
        <line num="221" count="0" type="stmt"/>
        <line num="225" count="113" type="stmt"/>
        <line num="228" count="113" type="stmt"/>
        <line num="231" count="113" type="stmt"/>
        <line num="234" count="113" type="stmt"/>
        <line num="237" count="113" type="stmt"/>
        <line num="240" count="113" type="stmt"/>
        <line num="243" count="113" type="stmt"/>
        <line num="246" count="113" type="stmt"/>
        <line num="249" count="113" type="stmt"/>
        <line num="254" count="0" type="stmt"/>
        <line num="261" count="0" type="stmt"/>
        <line num="272" count="113" type="cond" truecount="1" falsecount="1"/>
        <line num="273" count="0" type="stmt"/>
        <line num="287" count="113" type="stmt"/>
        <line num="290" count="113" type="cond" truecount="1" falsecount="1"/>
        <line num="291" count="0" type="stmt"/>
        <line num="292" count="0" type="stmt"/>
        <line num="296" count="113" type="stmt"/>
        <line num="299" count="113" type="stmt"/>
        <line num="310" count="0" type="stmt"/>
        <line num="313" count="0" type="cond" truecount="0" falsecount="2"/>
        <line num="315" count="0" type="stmt"/>
        <line num="320" count="0" type="stmt"/>
        <line num="323" count="0" type="stmt"/>
        <line num="333" count="0" type="stmt"/>
        <line num="340" count="0" type="stmt"/>
        <line num="351" count="113" type="stmt"/>
        <line num="355" count="113" type="cond" truecount="2" falsecount="0"/>
        <line num="365" count="113" type="cond" truecount="2" falsecount="0"/>
        <line num="370" count="113" type="stmt"/>
        <line num="376" count="113" type="stmt"/>
        <line num="388" count="113" type="cond" truecount="2" falsecount="0"/>
        <line num="389" count="7" type="stmt"/>
        <line num="393" count="113" type="stmt"/>
        <line num="394" count="229" type="stmt"/>
        <line num="405" count="113" type="stmt"/>
        <line num="415" count="113" type="stmt"/>
        <line num="416" count="113" type="cond" truecount="1" falsecount="1"/>
        <line num="417" count="0" type="stmt"/>
        <line num="426" count="113" type="stmt"/>
        <line num="427" count="229" type="stmt"/>
        <line num="428" count="229" type="cond" truecount="3" falsecount="1"/>
        <line num="429" count="0" type="stmt"/>
        <line num="439" count="229" type="cond" truecount="1" falsecount="1"/>
        <line num="440" count="0" type="stmt"/>
        <line num="450" count="229" type="stmt"/>
        <line num="451" count="678" type="cond" truecount="1" falsecount="1"/>
        <line num="452" count="0" type="stmt"/>
        <line num="462" count="0" type="stmt"/>
        <line num="466" count="115" type="stmt"/>
        <line num="470" count="2" type="stmt"/>
        <line num="471" count="2" type="cond" truecount="2" falsecount="0"/>
        <line num="473" count="1" type="stmt"/>
        <line num="475" count="1" type="stmt"/>
        <line num="483" count="2" type="stmt"/>
        <line num="485" count="2" type="stmt"/>
        <line num="487" count="2" type="stmt"/>
        <line num="488" count="2" type="cond" truecount="1" falsecount="1"/>
        <line num="489" count="0" type="stmt"/>
        <line num="500" count="2" type="cond" truecount="1" falsecount="1"/>
        <line num="501" count="0" type="stmt"/>
        <line num="502" count="0" type="stmt"/>
        <line num="508" count="2" type="stmt"/>
        <line num="509" count="2" type="stmt"/>
        <line num="518" count="2" type="stmt"/>
        <line num="520" count="6" type="stmt"/>
        <line num="524" count="2" type="stmt"/>
        <line num="527" count="2" type="cond" truecount="1" falsecount="1"/>
        <line num="528" count="0" type="stmt"/>
        <line num="532" count="2" type="cond" truecount="1" falsecount="1"/>
        <line num="533" count="0" type="stmt"/>
        <line num="534" count="0" type="stmt"/>
        <line num="539" count="0" type="stmt"/>
        <line num="545" count="2" type="stmt"/>
        <line num="546" count="2" type="stmt"/>
        <line num="554" count="2" type="stmt"/>
        <line num="555" count="2" type="stmt"/>
        <line num="556" count="2" type="stmt"/>
        <line num="560" count="2" type="stmt"/>
        <line num="566" count="2" type="stmt"/>
        <line num="568" count="2" type="stmt"/>
        <line num="569" count="0" type="stmt"/>
        <line num="580" count="115" type="stmt"/>
        <line num="581" count="115" type="cond" truecount="2" falsecount="0"/>
        <line num="584" count="115" type="stmt"/>
        <line num="585" count="7" type="stmt"/>
        <line num="589" count="115" type="stmt"/>
        <line num="604" count="0" type="stmt"/>
        <line num="606" count="0" type="stmt"/>
        <line num="607" count="0" type="cond" truecount="0" falsecount="2"/>
        <line num="609" count="0" type="cond" truecount="0" falsecount="2"/>
        <line num="610" count="0" type="stmt"/>
        <line num="612" count="0" type="stmt"/>
        <line num="616" count="0" type="stmt"/>
      </file>
    </package>
    <package name="src.core.file">
      <metrics statements="359" coveredstatements="249" conditionals="143" coveredconditionals="75" methods="51" coveredmethods="39"/>
      <file name="ChunkedFileHandler.ts" path="D:\MyCode\myApp_\expo-liteDBStore\src\core\file\ChunkedFileHandler.ts">
        <metrics statements="236" coveredstatements="161" conditionals="96" coveredconditionals="51" methods="29" coveredmethods="21"/>
        <line num="5" count="20" type="stmt"/>
        <line num="6" count="20" type="stmt"/>
        <line num="8" count="20" type="stmt"/>
        <line num="9" count="20" type="stmt"/>
        <line num="10" count="20" type="stmt"/>
        <line num="12" count="20" type="stmt"/>
        <line num="13" count="20" type="stmt"/>
        <line num="17" count="20" type="stmt"/>
        <line num="22" count="17" type="stmt"/>
        <line num="23" count="17" type="stmt"/>
        <line num="24" count="17" type="stmt"/>
        <line num="28" count="362" type="stmt"/>
        <line num="35" count="25" type="stmt"/>
        <line num="42" count="12" type="stmt"/>
        <line num="44" count="12" type="stmt"/>
        <line num="47" count="11" type="stmt"/>
        <line num="50" count="11" type="cond" truecount="2" falsecount="0"/>
        <line num="51" count="9" type="stmt"/>
        <line num="54" count="1" type="stmt"/>
        <line num="65" count="5" type="stmt"/>
        <line num="72" count="1" type="stmt"/>
        <line num="94" count="13" type="stmt"/>
        <line num="96" count="13" type="stmt"/>
        <line num="98" count="13" type="cond" truecount="2" falsecount="0"/>
        <line num="101" count="12" type="stmt"/>
        <line num="108" count="12" type="stmt"/>
        <line num="111" count="12" type="cond" truecount="1" falsecount="1"/>
        <line num="121" count="12" type="cond" truecount="1" falsecount="1"/>
        <line num="124" count="12" type="stmt"/>
        <line num="127" count="12" type="cond" truecount="2" falsecount="0"/>
        <line num="130" count="12" type="stmt"/>
        <line num="131" count="12" type="stmt"/>
        <line num="133" count="12" type="stmt"/>
        <line num="134" count="12" type="stmt"/>
        <line num="135" count="12" type="stmt"/>
        <line num="138" count="12" type="stmt"/>
        <line num="139" count="12" type="stmt"/>
        <line num="142" count="12" type="cond" truecount="1" falsecount="1"/>
        <line num="144" count="0" type="stmt"/>
        <line num="145" count="0" type="stmt"/>
        <line num="150" count="12" type="cond" truecount="1" falsecount="1"/>
        <line num="151" count="12" type="stmt"/>
        <line num="155" count="12" type="stmt"/>
        <line num="163" count="0" type="stmt"/>
        <line num="164" count="0" type="stmt"/>
        <line num="182" count="12" type="stmt"/>
        <line num="183" count="12" type="stmt"/>
        <line num="184" count="12" type="stmt"/>
        <line num="187" count="12" type="stmt"/>
        <line num="188" count="12" type="stmt"/>
        <line num="191" count="12" type="stmt"/>
        <line num="192" count="12" type="stmt"/>
        <line num="195" count="12" type="stmt"/>
        <line num="196" count="2414" type="stmt"/>
        <line num="197" count="2414" type="cond" truecount="1" falsecount="1"/>
        <line num="198" count="0" type="stmt"/>
        <line num="202" count="2414" type="stmt"/>
        <line num="203" count="2414" type="stmt"/>
        <line num="204" count="2414" type="stmt"/>
        <line num="206" count="0" type="stmt"/>
        <line num="212" count="12" type="stmt"/>
        <line num="215" count="2414" type="stmt"/>
        <line num="219" count="12" type="stmt"/>
        <line num="225" count="12" type="stmt"/>
        <line num="226" count="2414" type="stmt"/>
        <line num="227" count="2414" type="stmt"/>
        <line num="230" count="2414" type="cond" truecount="1" falsecount="1"/>
        <line num="232" count="0" type="cond" truecount="0" falsecount="2"/>
        <line num="233" count="0" type="stmt"/>
        <line num="234" count="0" type="stmt"/>
        <line num="235" count="0" type="stmt"/>
        <line num="238" count="0" type="stmt"/>
        <line num="239" count="0" type="stmt"/>
        <line num="243" count="2414" type="stmt"/>
        <line num="244" count="2414" type="cond" truecount="2" falsecount="2"/>
        <line num="245" count="0" type="stmt"/>
        <line num="246" count="0" type="stmt"/>
        <line num="247" count="0" type="stmt"/>
        <line num="251" count="2414" type="cond" truecount="2" falsecount="2"/>
        <line num="252" count="0" type="stmt"/>
        <line num="253" count="0" type="stmt"/>
        <line num="254" count="0" type="stmt"/>
        <line num="258" count="2414" type="stmt"/>
        <line num="259" count="2414" type="stmt"/>
        <line num="263" count="12" type="cond" truecount="1" falsecount="1"/>
        <line num="264" count="12" type="stmt"/>
        <line num="267" count="12" type="stmt"/>
        <line num="271" count="12" type="stmt"/>
        <line num="272" count="12" type="stmt"/>
        <line num="274" count="12" type="stmt"/>
        <line num="276" count="12" type="stmt"/>
        <line num="277" count="12" type="stmt"/>
        <line num="280" count="12" type="stmt"/>
        <line num="283" count="12" type="stmt"/>
        <line num="284" count="12" type="stmt"/>
        <line num="286" count="12" type="stmt"/>
        <line num="289" count="12" type="stmt"/>
        <line num="296" count="12" type="stmt"/>
        <line num="303" count="12" type="stmt"/>
        <line num="304" count="12" type="stmt"/>
        <line num="306" count="0" type="stmt"/>
        <line num="307" count="0" type="stmt"/>
        <line num="310" count="0" type="cond" truecount="0" falsecount="5"/>
        <line num="311" count="0" type="stmt"/>
        <line num="314" count="0" type="stmt"/>
        <line num="320" count="0" type="stmt"/>
        <line num="322" count="0" type="stmt"/>
        <line num="332" count="17" type="stmt"/>
        <line num="333" count="17" type="stmt"/>
        <line num="339" count="0" type="stmt"/>
        <line num="340" count="0" type="stmt"/>
        <line num="341" count="0" type="stmt"/>
        <line num="342" count="0" type="stmt"/>
        <line num="343" count="0" type="stmt"/>
        <line num="345" count="0" type="cond" truecount="0" falsecount="2"/>
        <line num="348" count="0" type="stmt"/>
        <line num="349" count="0" type="stmt"/>
        <line num="350" count="0" type="stmt"/>
        <line num="351" count="0" type="stmt"/>
        <line num="352" count="0" type="stmt"/>
        <line num="353" count="0" type="stmt"/>
        <line num="354" count="0" type="stmt"/>
        <line num="355" count="0" type="cond" truecount="0" falsecount="2"/>
        <line num="357" count="0" type="cond" truecount="0" falsecount="2"/>
        <line num="359" count="0" type="stmt"/>
        <line num="360" count="0" type="cond" truecount="0" falsecount="2"/>
        <line num="361" count="0" type="stmt"/>
        <line num="364" count="0" type="stmt"/>
        <line num="367" count="0" type="stmt"/>
        <line num="377" count="9" type="stmt"/>
        <line num="383" count="9" type="stmt"/>
        <line num="385" count="9" type="cond" truecount="3" falsecount="1"/>
        <line num="386" count="0" type="stmt"/>
        <line num="387" count="0" type="stmt"/>
        <line num="390" count="9" type="cond" truecount="3" falsecount="1"/>
        <line num="391" count="0" type="stmt"/>
        <line num="392" count="0" type="stmt"/>
        <line num="395" count="9" type="cond" truecount="1" falsecount="1"/>
        <line num="396" count="0" type="stmt"/>
        <line num="397" count="0" type="stmt"/>
        <line num="400" count="9" type="stmt"/>
        <line num="407" count="0" type="stmt"/>
        <line num="412" count="9" type="stmt"/>
        <line num="414" count="9" type="cond" truecount="2" falsecount="0"/>
        <line num="415" count="3" type="stmt"/>
        <line num="419" count="6" type="stmt"/>
        <line num="420" count="6" type="stmt"/>
        <line num="421" count="6" type="stmt"/>
        <line num="423" count="6" type="stmt"/>
        <line num="424" count="9" type="stmt"/>
        <line num="425" count="9" type="cond" truecount="1" falsecount="1"/>
        <line num="426" count="0" type="stmt"/>
        <line num="428" count="9" type="stmt"/>
        <line num="433" count="6" type="stmt"/>
        <line num="434" count="6" type="stmt"/>
        <line num="435" count="0" type="stmt"/>
        <line num="436" count="0" type="cond" truecount="0" falsecount="2"/>
        <line num="437" count="0" type="stmt"/>
        <line num="442" count="6" type="stmt"/>
        <line num="445" count="6" type="stmt"/>
        <line num="446" count="6" type="stmt"/>
        <line num="448" count="6" type="stmt"/>
        <line num="449" count="9" type="stmt"/>
        <line num="450" count="9" type="stmt"/>
        <line num="451" count="9" type="stmt"/>
        <line num="454" count="9" type="cond" truecount="3" falsecount="1"/>
        <line num="455" count="9" type="stmt"/>
        <line num="458" count="9" type="stmt"/>
        <line num="460" count="0" type="stmt"/>
        <line num="461" count="0" type="stmt"/>
        <line num="466" count="6" type="stmt"/>
        <line num="467" count="6" type="stmt"/>
        <line num="471" count="6" type="stmt"/>
        <line num="478" count="10" type="stmt"/>
        <line num="480" count="10" type="stmt"/>
        <line num="486" count="10" type="cond" truecount="1" falsecount="1"/>
        <line num="487" count="0" type="stmt"/>
        <line num="490" count="10" type="stmt"/>
        <line num="493" count="10" type="cond" truecount="1" falsecount="1"/>
        <line num="494" count="0" type="stmt"/>
        <line num="503" count="10" type="stmt"/>
        <line num="504" count="100" type="stmt"/>
        <line num="505" count="100" type="stmt"/>
        <line num="506" count="100" type="stmt"/>
        <line num="507" count="100" type="cond" truecount="2" falsecount="0"/>
        <line num="508" count="10" type="stmt"/>
        <line num="512" count="0" type="stmt"/>
        <line num="518" count="10" type="stmt"/>
        <line num="519" count="10" type="cond" truecount="3" falsecount="0"/>
        <line num="521" count="3" type="cond" truecount="1" falsecount="1"/>
        <line num="522" count="3" type="cond" truecount="1" falsecount="1"/>
        <line num="523" count="3" type="stmt"/>
        <line num="526" count="0" type="stmt"/>
        <line num="527" count="0" type="stmt"/>
        <line num="538" count="1" type="stmt"/>
        <line num="541" count="1" type="stmt"/>
        <line num="542" count="1" type="stmt"/>
        <line num="543" count="1" type="cond" truecount="2" falsecount="0"/>
        <line num="547" count="1" type="stmt"/>
        <line num="548" count="1" type="stmt"/>
        <line num="549" count="1" type="stmt"/>
        <line num="555" count="1" type="stmt"/>
        <line num="558" count="1" type="cond" truecount="3" falsecount="1"/>
        <line num="559" count="0" type="stmt"/>
        <line num="560" count="0" type="stmt"/>
        <line num="563" count="1" type="cond" truecount="3" falsecount="1"/>
        <line num="564" count="0" type="stmt"/>
        <line num="565" count="0" type="stmt"/>
        <line num="569" count="1" type="cond" truecount="1" falsecount="1"/>
        <line num="570" count="0" type="stmt"/>
        <line num="571" count="0" type="stmt"/>
        <line num="574" count="1" type="stmt"/>
        <line num="576" count="0" type="stmt"/>
        <line num="577" count="0" type="stmt"/>
        <line num="582" count="1" type="stmt"/>
        <line num="583" count="1" type="stmt"/>
        <line num="587" count="25" type="stmt"/>
        <line num="589" count="25" type="stmt"/>
        <line num="592" count="25" type="cond" truecount="1" falsecount="1"/>
        <line num="593" count="0" type="stmt"/>
        <line num="602" count="25" type="stmt"/>
        <line num="603" count="250" type="stmt"/>
        <line num="604" count="250" type="stmt"/>
        <line num="609" count="25" type="stmt"/>
        <line num="611" count="250" type="stmt"/>
        <line num="612" count="250" type="cond" truecount="1" falsecount="1"/>
        <line num="613" count="250" type="stmt"/>
        <line num="619" count="250" type="stmt"/>
        <line num="623" count="0" type="stmt"/>
        <line num="628" count="25" type="stmt"/>
        <line num="629" count="25" type="stmt"/>
        <line num="635" count="25" type="stmt"/>
        <line num="638" count="25" type="stmt"/>
        <line num="641" count="25" type="stmt"/>
        <line num="648" count="0" type="stmt"/>
        <line num="649" count="0" type="stmt"/>
      </file>
      <file name="FileHandlerBase.ts" path="D:\MyCode\myApp_\expo-liteDBStore\src\core\file\FileHandlerBase.ts">
        <metrics statements="34" coveredstatements="26" conditionals="16" coveredconditionals="10" methods="9" coveredmethods="7"/>
        <line num="2" count="20" type="stmt"/>
        <line num="3" count="20" type="stmt"/>
        <line num="8" count="20" type="stmt"/>
        <line num="12" count="186" type="stmt"/>
        <line num="20" count="186" type="stmt"/>
        <line num="25" count="186" type="stmt"/>
        <line num="30" count="186" type="stmt"/>
        <line num="36" count="170" type="cond" truecount="2" falsecount="0"/>
        <line num="37" count="1" type="stmt"/>
        <line num="52" count="2414" type="cond" truecount="3" falsecount="1"/>
        <line num="53" count="0" type="stmt"/>
        <line num="54" count="0" type="stmt"/>
        <line num="56" count="2414" type="stmt"/>
        <line num="63" count="277" type="stmt"/>
        <line num="64" count="277" type="stmt"/>
        <line num="74" count="132" type="stmt"/>
        <line num="75" count="132" type="stmt"/>
        <line num="82" count="251" type="cond" truecount="1" falsecount="1"/>
        <line num="83" count="251" type="stmt"/>
        <line num="84" count="251" type="cond" truecount="2" falsecount="2"/>
        <line num="85" count="0" type="stmt"/>
        <line num="88" count="251" type="stmt"/>
        <line num="89" count="251" type="stmt"/>
        <line num="90" count="251" type="stmt"/>
        <line num="94" count="251" type="stmt"/>
        <line num="96" count="0" type="stmt"/>
        <line num="97" count="0" type="stmt"/>
        <line num="105" count="468" type="cond" truecount="1" falsecount="1"/>
        <line num="106" count="468" type="cond" truecount="1" falsecount="1"/>
        <line num="107" count="468" type="stmt"/>
        <line num="109" count="0" type="stmt"/>
        <line num="117" count="1" type="stmt"/>
        <line num="132" count="0" type="stmt"/>
        <line num="147" count="0" type="stmt"/>
      </file>
      <file name="FileHandlerFactory.ts" path="D:\MyCode\myApp_\expo-liteDBStore\src\core\file\FileHandlerFactory.ts">
        <metrics statements="13" coveredstatements="13" conditionals="2" coveredconditionals="1" methods="5" coveredmethods="5"/>
        <line num="3" count="20" type="stmt"/>
        <line num="5" count="20" type="stmt"/>
        <line num="6" count="20" type="stmt"/>
        <line num="7" count="20" type="stmt"/>
        <line num="12" count="20" type="stmt"/>
        <line num="29" count="37" type="stmt"/>
        <line num="30" count="37" type="stmt"/>
        <line num="39" count="6" type="stmt"/>
        <line num="40" count="6" type="stmt"/>
        <line num="49" count="6" type="stmt"/>
        <line num="59" count="2" type="stmt"/>
        <line num="60" count="1001" type="stmt"/>
        <line num="63" count="2" type="cond" truecount="1" falsecount="1"/>
      </file>
      <file name="FileInfoCache.ts" path="D:\MyCode\myApp_\expo-liteDBStore\src\core\file\FileInfoCache.ts">
        <metrics statements="20" coveredstatements="7" conditionals="10" coveredconditionals="2" methods="2" coveredmethods="1"/>
        <line num="3" count="20" type="stmt"/>
        <line num="8" count="20" type="stmt"/>
        <line num="12" count="37" type="stmt"/>
        <line num="20" count="37" type="stmt"/>
        <line num="28" count="0" type="cond" truecount="0" falsecount="2"/>
        <line num="29" count="0" type="stmt"/>
        <line num="30" count="0" type="cond" truecount="0" falsecount="4"/>
        <line num="31" count="0" type="stmt"/>
        <line num="34" count="0" type="stmt"/>
        <line num="36" count="0" type="cond" truecount="0" falsecount="2"/>
        <line num="38" count="0" type="stmt"/>
        <line num="39" count="0" type="stmt"/>
        <line num="42" count="0" type="stmt"/>
        <line num="44" count="0" type="stmt"/>
        <line num="48" count="0" type="stmt"/>
        <line num="50" count="0" type="stmt"/>
        <line num="51" count="0" type="stmt"/>
        <line num="60" count="2" type="cond" truecount="2" falsecount="0"/>
        <line num="61" count="1" type="stmt"/>
        <line num="63" count="1" type="stmt"/>
      </file>
      <file name="PermissionChecker.ts" path="D:\MyCode\myApp_\expo-liteDBStore\src\core\file\PermissionChecker.ts">
        <metrics statements="9" coveredstatements="8" conditionals="0" coveredconditionals="0" methods="1" coveredmethods="1"/>
        <line num="3" count="20" type="stmt"/>
        <line num="4" count="20" type="stmt"/>
        <line num="5" count="20" type="stmt"/>
        <line num="10" count="20" type="stmt"/>
        <line num="15" count="133" type="stmt"/>
        <line num="17" count="133" type="stmt"/>
        <line num="18" count="133" type="stmt"/>
        <line num="19" count="133" type="stmt"/>
        <line num="21" count="0" type="stmt"/>
      </file>
      <file name="SingleFileHandler.ts" path="D:\MyCode\myApp_\expo-liteDBStore\src\core\file\SingleFileHandler.ts">
        <metrics statements="47" coveredstatements="34" conditionals="19" coveredconditionals="11" methods="5" coveredmethods="4"/>
        <line num="2" count="20" type="stmt"/>
        <line num="3" count="20" type="stmt"/>
        <line num="4" count="20" type="stmt"/>
        <line num="5" count="20" type="stmt"/>
        <line num="8" count="20" type="stmt"/>
        <line num="9" count="169" type="stmt"/>
        <line num="10" count="169" type="stmt"/>
        <line num="14" count="133" type="stmt"/>
        <line num="16" count="133" type="stmt"/>
        <line num="18" count="133" type="stmt"/>
        <line num="19" count="133" type="stmt"/>
        <line num="22" count="133" type="stmt"/>
        <line num="25" count="133" type="stmt"/>
        <line num="26" count="133" type="stmt"/>
        <line num="29" count="133" type="stmt"/>
        <line num="30" count="133" type="stmt"/>
        <line num="32" count="133" type="stmt"/>
        <line num="39" count="133" type="stmt"/>
        <line num="46" count="133" type="stmt"/>
        <line num="47" count="133" type="stmt"/>
        <line num="49" count="0" type="stmt"/>
        <line num="50" count="0" type="stmt"/>
        <line num="53" count="0" type="cond" truecount="0" falsecount="5"/>
        <line num="54" count="0" type="stmt"/>
        <line num="57" count="0" type="stmt"/>
        <line num="63" count="0" type="stmt"/>
        <line num="65" count="0" type="stmt"/>
        <line num="73" count="129" type="stmt"/>
        <line num="74" count="129" type="stmt"/>
        <line num="75" count="129" type="cond" truecount="2" falsecount="0"/>
        <line num="77" count="122" type="stmt"/>
        <line num="82" count="122" type="stmt"/>
        <line num="84" count="122" type="cond" truecount="3" falsecount="1"/>
        <line num="85" count="0" type="stmt"/>
        <line num="95" count="122" type="cond" truecount="3" falsecount="1"/>
        <line num="96" count="0" type="stmt"/>
        <line num="106" count="122" type="cond" truecount="1" falsecount="1"/>
        <line num="107" count="0" type="stmt"/>
        <line num="117" count="122" type="stmt"/>
        <line num="119" count="0" type="stmt"/>
        <line num="120" count="0" type="stmt"/>
        <line num="125" count="12" type="stmt"/>
        <line num="126" count="12" type="stmt"/>
        <line num="127" count="12" type="cond" truecount="2" falsecount="0"/>
        <line num="128" count="11" type="stmt"/>
        <line num="135" count="11" type="stmt"/>
        <line num="138" count="0" type="stmt"/>
      </file>
    </package>
    <package name="src.core.index">
      <metrics statements="125" coveredstatements="114" conditionals="88" coveredconditionals="62" methods="21" coveredmethods="20"/>
      <file name="IndexManager.ts" path="D:\MyCode\myApp_\expo-liteDBStore\src\core\index\IndexManager.ts">
        <metrics statements="125" coveredstatements="114" conditionals="88" coveredconditionals="62" methods="21" coveredmethods="20"/>
        <line num="3" count="20" type="stmt"/>
        <line num="7" count="20" type="cond" truecount="2" falsecount="0"/>
        <line num="8" count="20" type="stmt"/>
        <line num="9" count="20" type="stmt"/>
        <line num="33" count="20" type="stmt"/>
        <line num="37" count="64" type="stmt"/>
        <line num="48" count="64" type="stmt"/>
        <line num="59" count="17" type="cond" truecount="1" falsecount="1"/>
        <line num="60" count="0" type="stmt"/>
        <line num="70" count="17" type="cond" truecount="1" falsecount="1"/>
        <line num="72" count="17" type="cond" truecount="1" falsecount="1"/>
        <line num="73" count="0" type="stmt"/>
        <line num="83" count="17" type="stmt"/>
        <line num="84" count="17" type="cond" truecount="2" falsecount="0"/>
        <line num="85" count="1" type="stmt"/>
        <line num="96" count="16" type="cond" truecount="2" falsecount="0"/>
        <line num="97" count="1" type="stmt"/>
        <line num="107" count="15" type="stmt"/>
        <line num="109" count="15" type="cond" truecount="2" falsecount="0"/>
        <line num="110" count="12" type="stmt"/>
        <line num="113" count="15" type="stmt"/>
        <line num="114" count="15" type="cond" truecount="2" falsecount="0"/>
        <line num="115" count="1" type="stmt"/>
        <line num="125" count="14" type="stmt"/>
        <line num="132" count="14" type="stmt"/>
        <line num="134" count="14" type="stmt"/>
        <line num="135" count="14" type="cond" truecount="1" falsecount="1"/>
        <line num="136" count="14" type="stmt"/>
        <line num="149" count="2" type="cond" truecount="1" falsecount="1"/>
        <line num="150" count="0" type="stmt"/>
        <line num="156" count="2" type="cond" truecount="1" falsecount="1"/>
        <line num="158" count="2" type="cond" truecount="1" falsecount="1"/>
        <line num="159" count="0" type="stmt"/>
        <line num="165" count="2" type="stmt"/>
        <line num="167" count="2" type="cond" truecount="2" falsecount="0"/>
        <line num="168" count="1" type="stmt"/>
        <line num="174" count="1" type="stmt"/>
        <line num="175" count="1" type="cond" truecount="1" falsecount="1"/>
        <line num="176" count="0" type="stmt"/>
        <line num="182" count="1" type="stmt"/>
        <line num="184" count="1" type="stmt"/>
        <line num="185" count="1" type="cond" truecount="1" falsecount="1"/>
        <line num="186" count="1" type="stmt"/>
        <line num="187" count="1" type="stmt"/>
        <line num="188" count="1" type="stmt"/>
        <line num="198" count="21" type="stmt"/>
        <line num="205" count="241" type="cond" truecount="2" falsecount="0"/>
        <line num="206" count="231" type="stmt"/>
        <line num="209" count="10" type="stmt"/>
        <line num="210" count="10" type="stmt"/>
        <line num="212" count="10" type="cond" truecount="2" falsecount="0"/>
        <line num="213" count="1" type="stmt"/>
        <line num="216" count="9" type="stmt"/>
        <line num="218" count="12" type="stmt"/>
        <line num="221" count="12" type="cond" truecount="1" falsecount="1"/>
        <line num="222" count="0" type="stmt"/>
        <line num="226" count="12" type="stmt"/>
        <line num="228" count="12" type="cond" truecount="2" falsecount="0"/>
        <line num="229" count="10" type="stmt"/>
        <line num="232" count="12" type="stmt"/>
        <line num="234" count="12" type="cond" truecount="2" falsecount="0"/>
        <line num="236" count="2" type="cond" truecount="2" falsecount="0"/>
        <line num="237" count="1" type="stmt"/>
        <line num="248" count="11" type="stmt"/>
        <line num="259" count="2" type="cond" truecount="1" falsecount="1"/>
        <line num="260" count="0" type="stmt"/>
        <line num="263" count="2" type="stmt"/>
        <line num="264" count="2" type="stmt"/>
        <line num="266" count="2" type="cond" truecount="1" falsecount="1"/>
        <line num="267" count="0" type="stmt"/>
        <line num="270" count="2" type="stmt"/>
        <line num="272" count="2" type="stmt"/>
        <line num="275" count="2" type="cond" truecount="1" falsecount="1"/>
        <line num="276" count="0" type="stmt"/>
        <line num="280" count="2" type="stmt"/>
        <line num="282" count="2" type="cond" truecount="1" falsecount="1"/>
        <line num="283" count="0" type="stmt"/>
        <line num="286" count="2" type="stmt"/>
        <line num="287" count="2" type="stmt"/>
        <line num="289" count="2" type="cond" truecount="1" falsecount="1"/>
        <line num="290" count="2" type="stmt"/>
        <line num="293" count="2" type="cond" truecount="1" falsecount="1"/>
        <line num="294" count="2" type="stmt"/>
        <line num="303" count="1" type="stmt"/>
        <line num="304" count="1" type="stmt"/>
        <line num="311" count="9" type="cond" truecount="2" falsecount="0"/>
        <line num="312" count="1" type="stmt"/>
        <line num="315" count="8" type="stmt"/>
        <line num="316" count="8" type="cond" truecount="1" falsecount="1"/>
        <line num="317" count="8" type="cond" truecount="1" falsecount="1"/>
        <line num="321" count="8" type="stmt"/>
        <line num="323" count="9" type="cond" truecount="1" falsecount="1"/>
        <line num="324" count="9" type="stmt"/>
        <line num="325" count="9" type="cond" truecount="2" falsecount="0"/>
        <line num="326" count="7" type="stmt"/>
        <line num="327" count="7" type="stmt"/>
        <line num="332" count="8" type="cond" truecount="2" falsecount="0"/>
        <line num="333" count="1" type="stmt"/>
        <line num="337" count="7" type="stmt"/>
        <line num="339" count="7" type="stmt"/>
        <line num="340" count="7" type="cond" truecount="4" falsecount="0"/>
        <line num="341" count="1" type="stmt"/>
        <line num="344" count="6" type="stmt"/>
        <line num="345" count="6" type="cond" truecount="1" falsecount="1"/>
        <line num="346" count="7" type="stmt"/>
        <line num="348" count="0" type="stmt"/>
        <line num="356" count="5" type="cond" truecount="2" falsecount="0"/>
        <line num="357" count="1" type="stmt"/>
        <line num="360" count="4" type="stmt"/>
        <line num="367" count="8" type="cond" truecount="2" falsecount="0"/>
        <line num="368" count="6" type="stmt"/>
        <line num="371" count="2" type="stmt"/>
        <line num="372" count="2" type="cond" truecount="1" falsecount="1"/>
        <line num="374" count="2" type="stmt"/>
        <line num="376" count="2" type="cond" truecount="1" falsecount="1"/>
        <line num="377" count="2" type="stmt"/>
        <line num="378" count="2" type="cond" truecount="2" falsecount="0"/>
        <line num="379" count="1" type="stmt"/>
        <line num="384" count="1" type="stmt"/>
        <line num="391" count="10" type="stmt"/>
        <line num="393" count="10" type="stmt"/>
        <line num="394" count="10" type="cond" truecount="1" falsecount="1"/>
        <line num="395" count="10" type="stmt"/>
        <line num="403" count="20" type="stmt"/>
        <line num="404" count="20" type="stmt"/>
      </file>
    </package>
    <package name="src.core.meta">
      <metrics statements="55" coveredstatements="48" conditionals="28" coveredconditionals="20" methods="15" coveredmethods="13"/>
      <file name="MetadataManager.ts" path="D:\MyCode\myApp_\expo-liteDBStore\src\core\meta\MetadataManager.ts">
        <metrics statements="55" coveredstatements="48" conditionals="28" coveredconditionals="20" methods="15" coveredmethods="13"/>
        <line num="4" count="20" type="stmt"/>
        <line num="5" count="20" type="stmt"/>
        <line num="6" count="20" type="stmt"/>
        <line num="8" count="20" type="stmt"/>
        <line num="9" count="20" type="stmt"/>
        <line num="39" count="20" type="stmt"/>
        <line num="40" count="63" type="stmt"/>
        <line num="46" count="63" type="stmt"/>
        <line num="47" count="63" type="stmt"/>
        <line num="48" count="63" type="stmt"/>
        <line num="49" count="63" type="stmt"/>
        <line num="52" count="63" type="stmt"/>
        <line num="57" count="63" type="stmt"/>
        <line num="58" count="63" type="stmt"/>
        <line num="59" count="63" type="cond" truecount="2" falsecount="0"/>
        <line num="61" count="41" type="stmt"/>
        <line num="62" count="41" type="stmt"/>
        <line num="65" count="41" type="cond" truecount="1" falsecount="1"/>
        <line num="69" count="41" type="stmt"/>
        <line num="71" count="22" type="stmt"/>
        <line num="76" count="22" type="stmt"/>
        <line num="77" count="22" type="stmt"/>
        <line num="83" count="0" type="cond" truecount="0" falsecount="2"/>
        <line num="84" count="0" type="stmt"/>
        <line num="90" count="28" type="cond" truecount="1" falsecount="1"/>
        <line num="91" count="28" type="stmt"/>
        <line num="92" count="28" type="stmt"/>
        <line num="98" count="0" type="cond" truecount="0" falsecount="2"/>
        <line num="99" count="0" type="stmt"/>
        <line num="100" count="0" type="stmt"/>
        <line num="102" count="0" type="stmt"/>
        <line num="108" count="38" type="cond" truecount="3" falsecount="1"/>
        <line num="109" count="38" type="stmt"/>
        <line num="110" count="38" type="cond" truecount="2" falsecount="0"/>
        <line num="112" count="38" type="stmt"/>
        <line num="113" count="38" type="stmt"/>
        <line num="114" count="38" type="stmt"/>
        <line num="115" count="38" type="stmt"/>
        <line num="117" count="0" type="stmt"/>
        <line num="119" count="38" type="stmt"/>
        <line num="124" count="291" type="stmt"/>
        <line num="125" count="291" type="cond" truecount="2" falsecount="0"/>
        <line num="127" count="291" type="cond" truecount="3" falsecount="1"/>
        <line num="128" count="291" type="stmt"/>
        <line num="133" count="342" type="stmt"/>
        <line num="136" count="2" type="cond" truecount="2" falsecount="0"/>
        <line num="140" count="228" type="cond" truecount="2" falsecount="0"/>
        <line num="149" count="228" type="stmt"/>
        <line num="155" count="228" type="stmt"/>
        <line num="160" count="63" type="stmt"/>
        <line num="161" count="63" type="stmt"/>
        <line num="165" count="2" type="stmt"/>
        <line num="170" count="3" type="cond" truecount="2" falsecount="0"/>
        <line num="175" count="1" type="stmt"/>
        <line num="180" count="20" type="stmt"/>
      </file>
    </package>
    <package name="src.core.monitor">
      <metrics statements="80" coveredstatements="54" conditionals="33" coveredconditionals="17" methods="26" coveredmethods="14"/>
      <file name="CacheMonitor.ts" path="D:\MyCode\myApp_\expo-liteDBStore\src\core\monitor\CacheMonitor.ts">
        <metrics statements="42" coveredstatements="34" conditionals="19" coveredconditionals="12" methods="15" coveredmethods="12"/>
        <line num="8" count="20" type="stmt"/>
        <line num="17" count="16" type="stmt"/>
        <line num="22" count="16" type="stmt"/>
        <line num="27" count="16" type="stmt"/>
        <line num="32" count="16" type="stmt"/>
        <line num="38" count="16" type="stmt"/>
        <line num="45" count="1" type="cond" truecount="1" falsecount="1"/>
        <line num="46" count="0" type="stmt"/>
        <line num="49" count="1" type="stmt"/>
        <line num="50" count="0" type="cond" truecount="0" falsecount="2"/>
        <line num="51" count="0" type="stmt"/>
        <line num="56" count="1" type="stmt"/>
        <line num="63" count="17" type="cond" truecount="2" falsecount="0"/>
        <line num="64" count="1" type="stmt"/>
        <line num="65" count="1" type="stmt"/>
        <line num="74" count="10" type="stmt"/>
        <line num="75" count="10" type="stmt"/>
        <line num="78" count="10" type="cond" truecount="1" falsecount="1"/>
        <line num="79" count="0" type="stmt"/>
        <line num="87" count="5" type="stmt"/>
        <line num="94" count="3" type="stmt"/>
        <line num="101" count="1" type="cond" truecount="1" falsecount="1"/>
        <line num="102" count="0" type="stmt"/>
        <line num="105" count="1" type="stmt"/>
        <line num="106" count="1" type="stmt"/>
        <line num="113" count="0" type="stmt"/>
        <line num="127" count="3" type="stmt"/>
        <line num="128" count="3" type="stmt"/>
        <line num="129" count="3" type="stmt"/>
        <line num="132" count="3" type="cond" truecount="2" falsecount="0"/>
        <line num="133" count="1" type="stmt"/>
        <line num="134" count="1" type="stmt"/>
        <line num="138" count="3" type="cond" truecount="3" falsecount="1"/>
        <line num="139" count="0" type="stmt"/>
        <line num="140" count="0" type="stmt"/>
        <line num="144" count="3" type="cond" truecount="2" falsecount="0"/>
        <line num="145" count="1" type="stmt"/>
        <line num="146" count="1" type="stmt"/>
        <line num="149" count="3" type="stmt"/>
        <line num="160" count="11" type="stmt"/>
        <line num="167" count="4" type="stmt"/>
        <line num="174" count="10" type="stmt"/>
      </file>
      <file name="PerformanceMonitor.ts" path="D:\MyCode\myApp_\expo-liteDBStore\src\core\monitor\PerformanceMonitor.ts">
        <metrics statements="38" coveredstatements="20" conditionals="14" coveredconditionals="5" methods="11" coveredmethods="2"/>
[...]
        <line num="60" count="20" type="stmt"/>
        <line num="62" count="907" type="stmt"/>
        <line num="64" count="907" type="stmt"/>
        <line num="70" count="20" type="stmt"/>
        <line num="84" count="20" type="stmt"/>
        <line num="89" count="20" type="stmt"/>
        <line num="90" count="20" type="stmt"/>
        <line num="95" count="907" type="cond" truecount="2" falsecount="0"/>
        <line num="96" count="707" type="stmt"/>
        <line num="99" count="907" type="stmt"/>
        <line num="103" count="1260" type="stmt"/>
        <line num="104" count="1260" type="cond" truecount="2" falsecount="0"/>
        <line num="106" count="353" type="stmt"/>
        <line num="107" count="353" type="stmt"/>
        <line num="108" count="353" type="stmt"/>
        <line num="110" count="907" type="stmt"/>
        <line num="114" count="0" type="stmt"/>
        <line num="118" count="0" type="stmt"/>
        <line num="123" count="1" type="stmt"/>
        <line num="124" count="1" type="stmt"/>
        <line num="125" count="50" type="cond" truecount="2" falsecount="0"/>
        <line num="126" count="9" type="stmt"/>
        <line num="134" count="707" type="stmt"/>
        <line num="136" count="707" type="stmt"/>
        <line num="138" count="35350" type="stmt"/>
        <line num="139" count="35350" type="cond" truecount="2" falsecount="0"/>
        <line num="140" count="34449" type="stmt"/>
        <line num="141" count="34449" type="stmt"/>
        <line num="145" count="707" type="cond" truecount="1" falsecount="1"/>
        <line num="146" count="707" type="stmt"/>
        <line num="151" count="0" type="stmt"/>
        <line num="155" count="20" type="stmt"/>
        <line num="160" count="20" type="stmt"/>
        <line num="161" count="0" type="stmt"/>
        <line num="167" count="20" type="stmt"/>
        <line num="176" count="20" type="stmt"/>
        <line num="178" count="20" type="stmt"/>
        <line num="179" count="1" type="stmt"/>
        <line num="183" count="20" type="cond" truecount="1" falsecount="1"/>
        <line num="184" count="0" type="stmt"/>
        <line num="191" count="20" type="stmt"/>
        <line num="193" count="20" type="cond" truecount="1" falsecount="1"/>
        <line num="194" count="20" type="stmt"/>
        <line num="195" count="20" type="stmt"/>
        <line num="199" count="20" type="cond" truecount="1" falsecount="1"/>
        <line num="200" count="0" type="stmt"/>
        <line num="205" count="20" type="stmt"/>
        <line num="213" count="20" type="stmt"/>
        <line num="217" count="1260" type="stmt"/>
        <line num="219" count="1260" type="stmt"/>
        <line num="222" count="1260" type="stmt"/>
        <line num="223" count="1260" type="stmt"/>
        <line num="226" count="1260" type="stmt"/>
        <line num="227" count="1260" type="cond" truecount="2" falsecount="0"/>
        <line num="228" count="353" type="stmt"/>
        <line num="235" count="907" type="stmt"/>
        <line num="240" count="907" type="stmt"/>
        <line num="247" count="907" type="stmt"/>
        <line num="248" count="907" type="stmt"/>
        <line num="250" count="907" type="stmt"/>
        <line num="262" count="907" type="stmt"/>
        <line num="270" count="907" type="stmt"/>
        <line num="272" count="0" type="stmt"/>
        <line num="286" count="20" type="stmt"/>
        <line num="290" count="625" type="stmt"/>
        <line num="292" count="625" type="stmt"/>
        <line num="293" count="625" type="stmt"/>
        <line num="297" count="625" type="stmt"/>
        <line num="301" count="625" type="stmt"/>
        <line num="309" count="625" type="stmt"/>
        <line num="315" count="625" type="cond" truecount="1" falsecount="1"/>
        <line num="321" count="625" type="stmt"/>
        <line num="332" count="625" type="stmt"/>
        <line num="336" count="0" type="stmt"/>
        <line num="342" count="20" type="stmt"/>
        <line num="346" count="467" type="stmt"/>
        <line num="349" count="467" type="stmt"/>
        <line num="352" count="465" type="stmt"/>
        <line num="355" count="465" type="stmt"/>
        <line num="357" count="1860" type="stmt"/>
        <line num="366" count="465" type="stmt"/>
        <line num="370" count="465" type="stmt"/>
        <line num="374" count="465" type="cond" truecount="1" falsecount="1"/>
        <line num="379" count="465" type="cond" truecount="1" falsecount="1"/>
        <line num="380" count="0" type="stmt"/>
        <line num="388" count="465" type="stmt"/>
        <line num="398" count="465" type="stmt"/>
        <line num="400" count="2" type="stmt"/>
        <line num="410" count="20" type="stmt"/>
        <line num="411" count="0" type="stmt"/>
        <line num="416" count="0" type="cond" truecount="0" falsecount="2"/>
        <line num="417" count="0" type="stmt"/>
        <line num="418" count="0" type="stmt"/>
        <line num="424" count="0" type="stmt"/>
        <line num="429" count="20" type="stmt"/>
        <line num="430" count="0" type="stmt"/>
        <line num="432" count="0" type="stmt"/>
        <line num="439" count="20" type="stmt"/>
        <line num="440" count="0" type="stmt"/>
        <line num="441" count="0" type="stmt"/>
        <line num="454" count="20" type="cond" truecount="1" falsecount="0"/>
        <line num="455" count="2" type="stmt"/>
        <line num="456" count="2" type="stmt"/>
        <line num="458" count="0" type="stmt"/>
        <line num="472" count="20" type="stmt"/>
        <line num="473" count="1" type="stmt"/>
        <line num="474" count="1" type="stmt"/>
        <line num="476" count="0" type="stmt"/>
        <line num="489" count="20" type="cond" truecount="0" falsecount="1"/>
        <line num="490" count="0" type="stmt"/>
        <line num="491" count="0" type="stmt"/>
        <line num="493" count="0" type="stmt"/>
        <line num="517" count="20" type="stmt"/>
        <line num="521" count="14" type="cond" truecount="1" falsecount="1"/>
        <line num="523" count="14" type="stmt"/>
        <line num="525" count="14" type="stmt"/>
        <line num="526" count="14" type="stmt"/>
        <line num="529" count="14" type="stmt"/>
        <line num="532" count="14" type="stmt"/>
        <line num="534" count="14" type="stmt"/>
        <line num="536" count="242" type="stmt"/>
        <line num="542" count="242" type="stmt"/>
        <line num="545" count="242" type="cond" truecount="1" falsecount="1"/>
        <line num="549" count="242" type="stmt"/>
        <line num="558" count="14" type="stmt"/>
        <line num="559" count="242" type="stmt"/>
        <line num="566" count="242" type="stmt"/>
        <line num="572" count="0" type="stmt"/>
        <line num="582" count="20" type="stmt"/>
        <line num="586" count="9" type="cond" truecount="1" falsecount="1"/>
        <line num="588" count="9" type="stmt"/>
        <line num="589" count="9" type="stmt"/>
        <line num="592" count="9" type="stmt"/>
        <line num="594" count="156" type="stmt"/>
        <line num="597" count="156" type="stmt"/>
        <line num="600" count="156" type="stmt"/>
        <line num="602" count="624" type="stmt"/>
        <line num="611" count="156" type="stmt"/>
        <line num="614" count="156" type="stmt"/>
        <line num="617" count="156" type="cond" truecount="1" falsecount="1"/>
        <line num="620" count="156" type="cond" truecount="1" falsecount="1"/>
        <line num="621" count="0" type="stmt"/>
        <line num="628" count="156" type="stmt"/>
        <line num="638" count="156" type="stmt"/>
        <line num="642" count="9" type="stmt"/>
        <line num="645" count="0" type="stmt"/>
        <line num="657" count="20" type="cond" truecount="0" falsecount="1"/>
        <line num="658" count="2" type="stmt"/>
        <line num="659" count="2" type="cond" truecount="2" falsecount="1"/>
        <line num="661" count="1" type="stmt"/>
        <line num="666" count="1" type="stmt"/>
        <line num="671" count="0" type="stmt"/>
        <line num="677" count="0" type="stmt"/>
        <line num="699" count="20" type="stmt"/>
        <line num="703" count="91" type="stmt"/>
        <line num="706" count="91" type="stmt"/>
        <line num="707" count="348" type="cond" truecount="3" falsecount="1"/>
        <line num="710" count="348" type="cond" truecount="2" falsecount="0"/>
        <line num="713" count="348" type="stmt"/>
        <line num="717" count="91" type="stmt"/>
        <line num="718" count="91" type="stmt"/>
        <line num="727" count="20" type="stmt"/>
        <line num="731" count="67" type="stmt"/>
        <line num="734" count="67" type="stmt"/>
        <line num="735" count="269" type="cond" truecount="3" falsecount="1"/>
        <line num="736" count="269" type="stmt"/>
        <line num="737" count="269" type="stmt"/>
        <line num="740" count="269" type="cond" truecount="5" falsecount="1"/>
        <line num="742" count="6" type="stmt"/>
        <line num="745" count="263" type="cond" truecount="4" falsecount="0"/>
        <line num="746" count="61" type="stmt"/>
        <line num="747" count="202" type="cond" truecount="1" falsecount="1"/>
        <line num="748" count="0" type="stmt"/>
        <line num="749" count="202" type="cond" truecount="1" falsecount="1"/>
        <line num="750" count="0" type="stmt"/>
        <line num="752" count="202" type="stmt"/>
        <line num="757" count="0" type="stmt"/>
        <line num="762" count="67" type="stmt"/>
        <line num="763" count="67" type="stmt"/>
        <line num="772" count="20" type="stmt"/>
        <line num="776" count="1" type="cond" truecount="1" falsecount="1"/>
        <line num="779" count="1" type="stmt"/>
        <line num="781" count="1" type="stmt"/>
        <line num="782" count="3" type="stmt"/>
        <line num="783" count="60" type="stmt"/>
        <line num="784" count="60" type="cond" truecount="2" falsecount="0"/>
        <line num="785" count="60" type="stmt"/>
        <line num="789" count="1" type="stmt"/>
        <line num="790" count="1" type="stmt"/>
        <line num="792" count="1" type="stmt"/>
        <line num="793" count="3" type="stmt"/>
        <line num="795" count="3" type="stmt"/>
        <line num="800" count="1" type="stmt"/>
        <line num="803" count="1" type="stmt"/>
        <line num="804" count="20" type="stmt"/>
        <line num="806" count="20" type="stmt"/>
        <line num="807" count="60" type="cond" truecount="3" falsecount="1"/>
        <line num="808" count="60" type="stmt"/>
        <line num="809" count="630" type="cond" truecount="2" falsecount="0"/>
        <line num="812" count="60" type="cond" truecount="3" falsecount="1"/>
        <line num="813" count="60" type="stmt"/>
        <line num="818" count="20" type="stmt"/>
        <line num="828" count="20" type="stmt"/>
        <line num="832" count="1" type="cond" truecount="1" falsecount="1"/>
        <line num="835" count="1" type="stmt"/>
        <line num="837" count="1" type="stmt"/>
        <line num="838" count="3" type="stmt"/>
        <line num="839" count="60" type="stmt"/>
        <line num="840" count="60" type="cond" truecount="3" falsecount="0"/>
        <line num="844" count="1" type="stmt"/>
        <line num="845" count="1" type="stmt"/>
        <line num="847" count="1" type="stmt"/>
        <line num="848" count="3" type="stmt"/>
        <line num="850" count="3" type="stmt"/>
        <line num="851" count="60" type="stmt"/>
        <line num="852" count="60" type="stmt"/>
        <line num="854" count="0" type="stmt"/>
        <line num="861" count="1" type="stmt"/>
        <line num="864" count="1" type="stmt"/>
        <line num="865" count="20" type="stmt"/>
        <line num="867" count="20" type="stmt"/>
        <line num="868" count="60" type="cond" truecount="4" falsecount="1"/>
        <line num="869" count="60" type="stmt"/>
        <line num="870" count="630" type="cond" truecount="3" falsecount="0"/>
        <line num="873" count="60" type="cond" truecount="3" falsecount="1"/>
        <line num="874" count="60" type="stmt"/>
        <line num="879" count="20" type="stmt"/>
      </file>
      <file name="errorHandler.ts" path="D:\MyCode\myApp_\expo-liteDBStore\src\utils\errorHandler.ts">
        <metrics statements="35" coveredstatements="6" conditionals="34" coveredconditionals="0" methods="11" coveredmethods="2"/>
        <line num="3" count="20" type="stmt"/>
        <line num="8" count="20" type="stmt"/>
        <line num="23" count="0" type="stmt"/>
        <line num="48" count="0" type="stmt"/>
        <line num="73" count="0" type="stmt"/>
        <line num="96" count="0" type="stmt"/>
        <line num="123" count="0" type="stmt"/>
        <line num="140" count="0" type="cond" truecount="0" falsecount="5"/>
        <line num="142" count="0" type="stmt"/>
        <line num="144" count="0" type="stmt"/>
        <line num="146" count="0" type="stmt"/>
        <line num="148" count="0" type="stmt"/>
        <line num="150" count="0" type="stmt"/>
        <line num="160" count="0" type="cond" truecount="0" falsecount="7"/>
        <line num="162" count="0" type="stmt"/>
        <line num="164" count="0" type="stmt"/>
        <line num="166" count="0" type="stmt"/>
        <line num="170" count="0" type="stmt"/>
        <line num="172" count="0" type="stmt"/>
        <line num="182" count="0" type="cond" truecount="0" falsecount="4"/>
        <line num="184" count="0" type="stmt"/>
        <line num="186" count="0" type="stmt"/>
        <line num="188" count="0" type="stmt"/>
        <line num="190" count="0" type="stmt"/>
        <line num="205" count="170" type="stmt"/>
        <line num="206" count="170" type="stmt"/>
        <line num="208" count="0" type="stmt"/>
        <line num="223" count="113" type="stmt"/>
        <line num="224" count="113" type="stmt"/>
        <line num="226" count="0" type="stmt"/>
        <line num="236" count="0" type="cond" truecount="0" falsecount="2"/>
        <line num="237" count="0" type="stmt"/>
        <line num="243" count="0" type="cond" truecount="0" falsecount="2"/>
        <line num="244" count="0" type="stmt"/>
        <line num="246" count="0" type="stmt"/>
      </file>
      <file name="sortingTools.ts" path="D:\MyCode\myApp_\expo-liteDBStore\src\utils\sortingTools.ts">
        <metrics statements="69" coveredstatements="31" conditionals="101" coveredconditionals="39" methods="11" coveredmethods="5"/>
        <line num="17" count="20" type="cond" truecount="0" falsecount="1"/>
        <line num="18" count="18" type="cond" truecount="3" falsecount="1"/>
        <line num="20" count="18" type="cond" truecount="2" falsecount="0"/>
        <line num="22" count="18" type="stmt"/>
        <line num="23" count="103" type="stmt"/>
        <line num="24" count="103" type="stmt"/>
        <line num="27" count="103" type="cond" truecount="4" falsecount="0"/>
        <line num="28" count="96" type="cond" truecount="4" falsecount="0"/>
        <line num="30" count="92" type="cond" truecount="4" falsecount="0"/>
        <line num="45" count="20" type="cond" truecount="0" falsecount="1"/>
        <line num="46" count="0" type="cond" truecount="0" falsecount="4"/>
        <line num="48" count="0" type="cond" truecount="0" falsecount="2"/>
        <line num="50" count="0" type="stmt"/>
        <line num="51" count="0" type="stmt"/>
        <line num="52" count="0" type="stmt"/>
        <line num="55" count="0" type="cond" truecount="0" falsecount="4"/>
        <line num="56" count="0" type="cond" truecount="0" falsecount="4"/>
        <line num="58" count="0" type="stmt"/>
        <line num="59" count="0" type="stmt"/>
        <line num="60" count="0" type="cond" truecount="0" falsecount="4"/>
        <line num="75" count="20" type="cond" truecount="0" falsecount="1"/>
        <line num="76" count="0" type="cond" truecount="0" falsecount="4"/>
        <line num="78" count="0" type="stmt"/>
        <line num="79" count="0" type="stmt"/>
        <line num="80" count="0" type="stmt"/>
        <line num="81" count="0" type="cond" truecount="0" falsecount="2"/>
        <line num="82" count="0" type="stmt"/>
        <line num="85" count="0" type="stmt"/>
        <line num="86" count="0" type="cond" truecount="0" falsecount="2"/>
        <line num="87" count="0" type="cond" truecount="0" falsecount="2"/>
        <line num="88" count="0" type="cond" truecount="0" falsecount="4"/>
        <line num="91" count="0" type="cond" truecount="0" falsecount="2"/>
        <line num="93" count="0" type="stmt"/>
        <line num="94" count="0" type="stmt"/>
        <line num="95" count="0" type="stmt"/>
        <line num="97" count="0" type="stmt"/>
        <line num="98" count="0" type="stmt"/>
        <line num="101" count="0" type="stmt"/>
        <line num="114" count="20" type="cond" truecount="0" falsecount="1"/>
        <line num="115" count="1" type="cond" truecount="3" falsecount="1"/>
        <line num="117" count="1" type="cond" truecount="1" falsecount="1"/>
        <line num="126" count="4" type="stmt"/>
        <line num="127" count="4" type="stmt"/>
        <line num="128" count="4" type="cond" truecount="2" falsecount="0"/>
        <line num="129" count="7" type="stmt"/>
        <line num="130" count="7" type="stmt"/>
        <line num="134" count="7" type="cond" truecount="3" falsecount="3"/>
        <line num="135" count="0" type="stmt"/>
        <line num="136" count="7" type="cond" truecount="3" falsecount="1"/>
        <line num="137" count="0" type="stmt"/>
        <line num="138" count="7" type="cond" truecount="3" falsecount="1"/>
        <line num="139" count="0" type="stmt"/>
        <line num="141" count="7" type="cond" truecount="3" falsecount="1"/>
        <line num="144" count="7" type="cond" truecount="2" falsecount="0"/>
        <line num="145" count="3" type="stmt"/>
        <line num="147" count="4" type="stmt"/>
        <line num="156" count="9" type="cond" truecount="2" falsecount="0"/>
        <line num="157" count="4" type="stmt"/>
        <line num="158" count="4" type="stmt"/>
        <line num="161" count="1" type="stmt"/>
        <line num="174" count="20" type="cond" truecount="0" falsecount="1"/>
        <line num="175" count="0" type="cond" truecount="0" falsecount="4"/>
        <line num="177" count="0" type="cond" truecount="0" falsecount="2"/>
        <line num="179" count="0" type="stmt"/>
        <line num="180" count="0" type="stmt"/>
        <line num="181" count="0" type="stmt"/>
        <line num="184" count="0" type="cond" truecount="0" falsecount="4"/>
        <line num="185" count="0" type="cond" truecount="0" falsecount="4"/>
        <line num="187" count="0" type="stmt"/>
      </file>
      <file name="withTimeout.ts" path="D:\MyCode\myApp_\expo-liteDBStore\src\utils\withTimeout.ts">
        <metrics statements="15" coveredstatements="10" conditionals="6" coveredconditionals="1" methods="5" coveredmethods="3"/>
        <line num="5" count="20" type="stmt"/>
        <line num="6" count="20" type="stmt"/>
        <line num="24" count="20" type="stmt"/>
        <line num="29" count="1008" type="stmt"/>
        <line num="31" count="1008" type="stmt"/>
        <line num="34" count="1008" type="stmt"/>
        <line num="36" count="0" type="stmt"/>
        <line num="42" count="1008" type="cond" truecount="1" falsecount="1"/>
        <line num="43" count="1008" type="stmt"/>
        <line num="44" count="1008" type="stmt"/>
        <line num="46" count="1008" type="stmt"/>
        <line num="49" count="0" type="cond" truecount="0" falsecount="2"/>
        <line num="50" count="0" type="stmt"/>
        <line num="51" count="0" type="stmt"/>
        <line num="53" count="0" type="stmt"/>
      </file>
    </package>
  </project>
</coverage>
