{"D:\\MyCode\\myApp_\\expo-liteDBStore\\src\\liteStore.config.js": {"path":"D:\\MyCode\\myApp_\\expo-liteDBStore\\src\\liteStore.config.js","statementMap":{"0":{"start":{"line":1,"column":0},"end":{"line":6,"column":1}}},"fnMap":{},"branchMap":{},"s":{"0":6},"f":{},"b":{},"_coverageSchema":"1a1c01bbd47fc00a2c39e90264f33305004495a9","hash":"f1e3fafbada7a1141761e671e1fabe7301c6bda7"}
,"D:\\MyCode\\myApp_\\expo-liteDBStore\\src\\core\\FileOperationManager.ts": {"path":"D:\\MyCode\\myApp_\\expo-liteDBStore\\src\\core\\FileOperationManager.ts","statementMap":{"0":{"start":{"line":1,"column":0},"end":{"line":1,"column":40}},"1":{"start":{"line":2,"column":0},"end":{"line":2,"column":37}},"2":{"start":{"line":3,"column":0},"end":{"line":3,"column":47}},"3":{"start":{"line":5,"column":0},"end":{"line":5,"column":63}},"4":{"start":{"line":6,"column":0},"end":{"line":6,"column":53}},"5":{"start":{"line":7,"column":0},"end":{"line":7,"column":61}},"6":{"start":{"line":35,"column":4},"end":{"line":35,"column":45}},"7":{"start":{"line":36,"column":4},"end":{"line":36,"column":53}},"8":{"start":{"line":37,"column":4},"end":{"line":37,"column":64}},"9":{"start":{"line":46,"column":4},"end":{"line":46,"column":48}},"10":{"start":{"line":54,"column":4},"end":{"line":54,"column":48}},"11":{"start":{"line":61,"column":4},"end":{"line":61,"column":53}},"12":{"start":{"line":70,"column":4},"end":{"line":70,"column":67}},"13":{"start":{"line":79,"column":4},"end":{"line":79,"column":68}},"14":{"start":{"line":88,"column":4},"end":{"line":88,"column":62}},"15":{"start":{"line":97,"column":20},"end":{"line":97,"column":56}},"16":{"start":{"line":98,"column":4},"end":{"line":102,"column":6}},"17":{"start":{"line":111,"column":20},"end":{"line":111,"column":56}},"18":{"start":{"line":112,"column":4},"end":{"line":116,"column":6}},"19":{"start":{"line":125,"column":20},"end":{"line":125,"column":57}},"20":{"start":{"line":126,"column":4},"end":{"line":130,"column":6}},"21":{"start":{"line":139,"column":20},"end":{"line":139,"column":57}},"22":{"start":{"line":140,"column":4},"end":{"line":144,"column":6}},"23":{"start":{"line":152,"column":20},"end":{"line":152,"column":57}},"24":{"start":{"line":153,"column":4},"end":{"line":157,"column":6}},"25":{"start":{"line":165,"column":20},"end":{"line":165,"column":56}},"26":{"start":{"line":166,"column":4},"end":{"line":166,"column":27}},"27":{"start":{"line":174,"column":22},"end":{"line":174,"column":47}},"28":{"start":{"line":175,"column":4},"end":{"line":175,"column":29}},"29":{"start":{"line":14,"column":0},"end":{"line":14,"column":13}}},"fnMap":{"0":{"name":"(anonymous_1)","decl":{"start":{"line":34,"column":2},"end":{"line":34,"column":14}},"loc":{"start":{"line":34,"column":31},"end":{"line":38,"column":3}}},"1":{"name":"(anonymous_2)","decl":{"start":{"line":45,"column":2},"end":{"line":45,"column":7}},"loc":{"start":{"line":45,"column":39},"end":{"line":47,"column":3}}},"2":{"name":"(anonymous_3)","decl":{"start":{"line":53,"column":2},"end":{"line":53,"column":20}},"loc":{"start":{"line":53,"column":34},"end":{"line":55,"column":3}}},"3":{"name":"(anonymous_4)","decl":{"start":{"line":60,"column":2},"end":{"line":60,"column":7}},"loc":{"start":{"line":60,"column":24},"end":{"line":62,"column":3}}},"4":{"name":"(anonymous_5)","decl":{"start":{"line":69,"column":2},"end":{"line":69,"column":22}},"loc":{"start":{"line":69,"column":40},"end":{"line":71,"column":3}}},"5":{"name":"(anonymous_6)","decl":{"start":{"line":78,"column":2},"end":{"line":78,"column":23}},"loc":{"start":{"line":78,"column":41},"end":{"line":80,"column":3}}},"6":{"name":"(anonymous_7)","decl":{"start":{"line":87,"column":2},"end":{"line":87,"column":22}},"loc":{"start":{"line":87,"column":50},"end":{"line":89,"column":3}}},"7":{"name":"(anonymous_8)","decl":{"start":{"line":96,"column":2},"end":{"line":96,"column":7}},"loc":{"start":{"line":96,"column":40},"end":{"line":103,"column":3}}},"8":{"name":"(anonymous_9)","decl":{"start":{"line":110,"column":2},"end":{"line":110,"column":7}},"loc":{"start":{"line":110,"column":70},"end":{"line":117,"column":3}}},"9":{"name":"(anonymous_10)","decl":{"start":{"line":124,"column":2},"end":{"line":124,"column":7}},"loc":{"start":{"line":124,"column":41},"end":{"line":131,"column":3}}},"10":{"name":"(anonymous_11)","decl":{"start":{"line":138,"column":2},"end":{"line":138,"column":7}},"loc":{"start":{"line":138,"column":71},"end":{"line":145,"column":3}}},"11":{"name":"(anonymous_12)","decl":{"start":{"line":151,"column":2},"end":{"line":151,"column":7}},"loc":{"start":{"line":151,"column":42},"end":{"line":158,"column":3}}},"12":{"name":"(anonymous_13)","decl":{"start":{"line":164,"column":2},"end":{"line":164,"column":7}},"loc":{"start":{"line":164,"column":42},"end":{"line":167,"column":3}}},"13":{"name":"(anonymous_14)","decl":{"start":{"line":173,"column":2},"end":{"line":173,"column":7}},"loc":{"start":{"line":173,"column":41},"end":{"line":176,"column":3}}}},"branchMap":{},"s":{"0":3,"1":3,"2":3,"3":3,"4":3,"5":3,"6":30,"7":30,"8":30,"9":0,"10":2,"11":14,"12":6,"13":5,"14":2,"15":1,"16":1,"17":2,"18":2,"19":1,"20":1,"21":2,"22":2,"23":1,"24":1,"25":2,"26":2,"27":0,"28":0,"29":3},"f":{"0":30,"1":0,"2":2,"3":14,"4":6,"5":5,"6":2,"7":1,"8":2,"9":1,"10":2,"11":1,"12":2,"13":0},"b":{}}
,"D:\\MyCode\\myApp_\\expo-liteDBStore\\src\\core\\api\\RateLimiter.ts": {"path":"D:\\MyCode\\myApp_\\expo-liteDBStore\\src\\core\\api\\RateLimiter.ts","statementMap":{"0":{"start":{"line":76,"column":27},"end":{"line":76,"column":65}},"1":{"start":{"line":83,"column":8},"end":{"line":87,"column":10}},"2":{"start":{"line":96,"column":8},"end":{"line":102,"column":9}},"3":{"start":{"line":97,"column":12},"end":{"line":101,"column":14}},"4":{"start":{"line":104,"column":20},"end":{"line":104,"column":30}},"5":{"start":{"line":105,"column":25},"end":{"line":105,"column":56}},"6":{"start":{"line":107,"column":8},"end":{"line":120,"column":9}},"7":{"start":{"line":109,"column":12},"end":{"line":112,"column":14}},"8":{"start":{"line":113,"column":12},"end":{"line":113,"column":56}},"9":{"start":{"line":115,"column":12},"end":{"line":119,"column":14}},"10":{"start":{"line":123,"column":28},"end":{"line":123,"column":60}},"11":{"start":{"line":124,"column":26},"end":{"line":124,"column":77}},"12":{"start":{"line":126,"column":8},"end":{"line":133,"column":9}},"13":{"start":{"line":128,"column":12},"end":{"line":131,"column":14}},"14":{"start":{"line":132,"column":12},"end":{"line":132,"column":45}},"15":{"start":{"line":135,"column":8},"end":{"line":156,"column":9}},"16":{"start":{"line":137,"column":12},"end":{"line":137,"column":32}},"17":{"start":{"line":138,"column":12},"end":{"line":138,"column":56}},"18":{"start":{"line":140,"column":12},"end":{"line":144,"column":14}},"19":{"start":{"line":148,"column":31},"end":{"line":148,"column":75}},"20":{"start":{"line":150,"column":12},"end":{"line":155,"column":14}},"21":{"start":{"line":166,"column":8},"end":{"line":172,"column":9}},"22":{"start":{"line":167,"column":12},"end":{"line":171,"column":14}},"23":{"start":{"line":174,"column":20},"end":{"line":174,"column":30}},"24":{"start":{"line":175,"column":25},"end":{"line":175,"column":56}},"25":{"start":{"line":177,"column":8},"end":{"line":183,"column":9}},"26":{"start":{"line":179,"column":12},"end":{"line":182,"column":14}},"27":{"start":{"line":186,"column":28},"end":{"line":186,"column":60}},"28":{"start":{"line":187,"column":26},"end":{"line":187,"column":77}},"29":{"start":{"line":189,"column":8},"end":{"line":196,"column":9}},"30":{"start":{"line":191,"column":12},"end":{"line":194,"column":14}},"31":{"start":{"line":195,"column":12},"end":{"line":195,"column":45}},"32":{"start":{"line":198,"column":8},"end":{"line":220,"column":9}},"33":{"start":{"line":200,"column":12},"end":{"line":200,"column":40}},"34":{"start":{"line":201,"column":12},"end":{"line":201,"column":56}},"35":{"start":{"line":203,"column":12},"end":{"line":207,"column":14}},"36":{"start":{"line":211,"column":33},"end":{"line":211,"column":59}},"37":{"start":{"line":212,"column":31},"end":{"line":212,"column":82}},"38":{"start":{"line":214,"column":12},"end":{"line":219,"column":14}},"39":{"start":{"line":228,"column":8},"end":{"line":228,"column":43}},"40":{"start":{"line":237,"column":8},"end":{"line":237,"column":47}},"41":{"start":{"line":244,"column":8},"end":{"line":244,"column":34}},"42":{"start":{"line":252,"column":8},"end":{"line":255,"column":10}},"43":{"start":{"line":263,"column":8},"end":{"line":263,"column":34}},"44":{"start":{"line":67,"column":0},"end":{"line":67,"column":13}},"45":{"start":{"line":274,"column":23},"end":{"line":274,"column":53}},"46":{"start":{"line":279,"column":45},"end":{"line":283,"column":6}},"47":{"start":{"line":292,"column":8},"end":{"line":297,"column":9}},"48":{"start":{"line":293,"column":12},"end":{"line":296,"column":16}},"49":{"start":{"line":299,"column":8},"end":{"line":299,"column":39}},"50":{"start":{"line":307,"column":8},"end":{"line":310,"column":10}},"51":{"start":{"line":318,"column":8},"end":{"line":318,"column":41}},"52":{"start":{"line":326,"column":8},"end":{"line":326,"column":34}},"53":{"start":{"line":333,"column":8},"end":{"line":333,"column":30}},"54":{"start":{"line":270,"column":0},"end":{"line":270,"column":13}},"55":{"start":{"line":338,"column":13},"end":{"line":338,"column":57}}},"fnMap":{"0":{"name":"(anonymous_0)","decl":{"start":{"line":82,"column":4},"end":{"line":82,"column":16}},"loc":{"start":{"line":82,"column":53},"end":{"line":88,"column":5}}},"1":{"name":"(anonymous_1)","decl":{"start":{"line":95,"column":4},"end":{"line":95,"column":9}},"loc":{"start":{"line":95,"column":26},"end":{"line":157,"column":5}}},"2":{"name":"(anonymous_2)","decl":{"start":{"line":165,"column":4},"end":{"line":165,"column":11}},"loc":{"start":{"line":165,"column":48},"end":{"line":221,"column":5}}},"3":{"name":"(anonymous_3)","decl":{"start":{"line":227,"column":4},"end":{"line":227,"column":9}},"loc":{"start":{"line":227,"column":26},"end":{"line":229,"column":5}}},"4":{"name":"(anonymous_4)","decl":{"start":{"line":236,"column":4},"end":{"line":236,"column":17}},"loc":{"start":{"line":236,"column":34},"end":{"line":238,"column":5}}},"5":{"name":"(anonymous_5)","decl":{"start":{"line":243,"column":4},"end":{"line":243,"column":9}},"loc":{"start":{"line":243,"column":9},"end":{"line":245,"column":5}}},"6":{"name":"(anonymous_6)","decl":{"start":{"line":251,"column":4},"end":{"line":251,"column":16}},"loc":{"start":{"line":251,"column":49},"end":{"line":256,"column":5}}},"7":{"name":"(anonymous_7)","decl":{"start":{"line":262,"column":4},"end":{"line":262,"column":13}},"loc":{"start":{"line":262,"column":13},"end":{"line":264,"column":5}}},"8":{"name":"(anonymous_8)","decl":{"start":{"line":291,"column":4},"end":{"line":291,"column":14}},"loc":{"start":{"line":291,"column":61},"end":{"line":300,"column":5}}},"9":{"name":"(anonymous_9)","decl":{"start":{"line":306,"column":4},"end":{"line":306,"column":23}},"loc":{"start":{"line":306,"column":56},"end":{"line":311,"column":5}}},"10":{"name":"(anonymous_10)","decl":{"start":{"line":317,"column":4},"end":{"line":317,"column":20}},"loc":{"start":{"line":317,"column":20},"end":{"line":319,"column":5}}},"11":{"name":"(anonymous_11)","decl":{"start":{"line":325,"column":4},"end":{"line":325,"column":17}},"loc":{"start":{"line":325,"column":29},"end":{"line":327,"column":5}}},"12":{"name":"(anonymous_12)","decl":{"start":{"line":332,"column":4},"end":{"line":332,"column":9}},"loc":{"start":{"line":332,"column":9},"end":{"line":334,"column":5}}}},"branchMap":{"0":{"loc":{"start":{"line":82,"column":16},"end":{"line":82,"column":53}},"type":"default-arg","locations":[{"start":{"line":82,"column":51},"end":{"line":82,"column":53}}]},"1":{"loc":{"start":{"line":84,"column":18},"end":{"line":84,"column":36}},"type":"binary-expr","locations":[{"start":{"line":84,"column":18},"end":{"line":84,"column":29}},{"start":{"line":84,"column":33},"end":{"line":84,"column":36}}]},"2":{"loc":{"start":{"line":85,"column":22},"end":{"line":85,"column":44}},"type":"binary-expr","locations":[{"start":{"line":85,"column":22},"end":{"line":85,"column":37}},{"start":{"line":85,"column":41},"end":{"line":85,"column":44}}]},"3":{"loc":{"start":{"line":96,"column":8},"end":{"line":102,"column":9}},"type":"if","locations":[{"start":{"line":96,"column":8},"end":{"line":102,"column":9}},{"start":{},"end":{}}]},"4":{"loc":{"start":{"line":107,"column":8},"end":{"line":120,"column":9}},"type":"if","locations":[{"start":{"line":107,"column":8},"end":{"line":120,"column":9}},{"start":{},"end":{}}]},"5":{"loc":{"start":{"line":126,"column":8},"end":{"line":133,"column":9}},"type":"if","locations":[{"start":{"line":126,"column":8},"end":{"line":133,"column":9}},{"start":{},"end":{}}]},"6":{"loc":{"start":{"line":135,"column":8},"end":{"line":156,"column":9}},"type":"if","locations":[{"start":{"line":135,"column":8},"end":{"line":156,"column":9}},{"start":{"line":145,"column":15},"end":{"line":156,"column":9}}]},"7":{"loc":{"start":{"line":154,"column":28},"end":{"line":154,"column":62}},"type":"cond-expr","locations":[{"start":{"line":154,"column":45},"end":{"line":154,"column":55}},{"start":{"line":154,"column":58},"end":{"line":154,"column":62}}]},"8":{"loc":{"start":{"line":165,"column":30},"end":{"line":165,"column":48}},"type":"default-arg","locations":[{"start":{"line":165,"column":47},"end":{"line":165,"column":48}}]},"9":{"loc":{"start":{"line":166,"column":8},"end":{"line":172,"column":9}},"type":"if","locations":[{"start":{"line":166,"column":8},"end":{"line":172,"column":9}},{"start":{},"end":{}}]},"10":{"loc":{"start":{"line":177,"column":8},"end":{"line":183,"column":9}},"type":"if","locations":[{"start":{"line":177,"column":8},"end":{"line":183,"column":9}},{"start":{},"end":{}}]},"11":{"loc":{"start":{"line":189,"column":8},"end":{"line":196,"column":9}},"type":"if","locations":[{"start":{"line":189,"column":8},"end":{"line":196,"column":9}},{"start":{},"end":{}}]},"12":{"loc":{"start":{"line":198,"column":8},"end":{"line":220,"column":9}},"type":"if","locations":[{"start":{"line":198,"column":8},"end":{"line":220,"column":9}},{"start":{"line":208,"column":15},"end":{"line":220,"column":9}}]},"13":{"loc":{"start":{"line":292,"column":8},"end":{"line":297,"column":9}},"type":"if","locations":[{"start":{"line":292,"column":8},"end":{"line":297,"column":9}},{"start":{},"end":{}}]}},"s":{"0":17,"1":17,"2":1,"3":0,"4":1,"5":1,"6":1,"7":1,"8":1,"9":1,"10":0,"11":0,"12":0,"13":0,"14":0,"15":0,"16":0,"17":0,"18":0,"19":0,"20":0,"21":12,"22":2,"23":10,"24":10,"25":10,"26":8,"27":10,"28":10,"29":10,"30":1,"31":1,"32":10,"33":7,"34":7,"35":7,"36":3,"37":3,"38":3,"39":1,"40":5,"41":1,"42":4,"43":2,"44":1,"45":5,"46":5,"47":11,"48":8,"49":11,"50":1,"51":0,"52":1,"53":1,"54":1,"55":1},"f":{"0":17,"1":1,"2":12,"3":1,"4":5,"5":1,"6":4,"7":2,"8":11,"9":1,"10":0,"11":1,"12":1},"b":{"0":[0],"1":[17,0],"2":[17,0],"3":[0,1],"4":[1,0],"5":[0,0],"6":[0,0],"7":[0,0],"8":[0],"9":[2,10],"10":[8,2],"11":[1,9],"12":[7,3],"13":[8,3]}}
,"D:\\MyCode\\myApp_\\expo-liteDBStore\\src\\core\\cache\\CacheManager.ts": {"path":"D:\\MyCode\\myApp_\\expo-liteDBStore\\src\\core\\cache\\CacheManager.ts","statementMap":{"0":{"start":{"line":6,"column":0},"end":{"line":6,"column":null}},"1":{"start":{"line":7,"column":4},"end":{"line":7,"column":null}},"2":{"start":{"line":8,"column":4},"end":{"line":8,"column":17}},"3":{"start":{"line":137,"column":20},"end":{"line":137,"column":48}},"4":{"start":{"line":142,"column":40},"end":{"line":142,"column":44}},"5":{"start":{"line":143,"column":40},"end":{"line":143,"column":44}},"6":{"start":{"line":148,"column":25},"end":{"line":148,"column":53}},"7":{"start":{"line":153,"column":25},"end":{"line":153,"column":55}},"8":{"start":{"line":158,"column":25},"end":{"line":158,"column":26}},"9":{"start":{"line":168,"column":32},"end":{"line":177,"column":6}},"10":{"start":{"line":182,"column":20},"end":{"line":182,"column":52}},"11":{"start":{"line":191,"column":8},"end":{"line":200,"column":10}},"12":{"start":{"line":203,"column":8},"end":{"line":203,"column":49}},"13":{"start":{"line":206,"column":8},"end":{"line":206,"column":33}},"14":{"start":{"line":215,"column":8},"end":{"line":215,"column":23}},"15":{"start":{"line":216,"column":8},"end":{"line":216,"column":25}},"16":{"start":{"line":217,"column":8},"end":{"line":217,"column":33}},"17":{"start":{"line":219,"column":8},"end":{"line":221,"column":9}},"18":{"start":{"line":220,"column":12},"end":{"line":220,"column":37}},"19":{"start":{"line":222,"column":8},"end":{"line":222,"column":28}},"20":{"start":{"line":224,"column":8},"end":{"line":226,"column":9}},"21":{"start":{"line":225,"column":12},"end":{"line":225,"column":32}},"22":{"start":{"line":228,"column":8},"end":{"line":228,"column":39}},"23":{"start":{"line":236,"column":21},"end":{"line":236,"column":45}},"24":{"start":{"line":237,"column":8},"end":{"line":237,"column":26}},"25":{"start":{"line":237,"column":19},"end":{"line":237,"column":26}},"26":{"start":{"line":239,"column":8},"end":{"line":243,"column":9}},"27":{"start":{"line":240,"column":12},"end":{"line":240,"column":47}},"28":{"start":{"line":242,"column":12},"end":{"line":242,"column":45}},"29":{"start":{"line":245,"column":8},"end":{"line":249,"column":9}},"30":{"start":{"line":246,"column":12},"end":{"line":246,"column":47}},"31":{"start":{"line":248,"column":12},"end":{"line":248,"column":45}},"32":{"start":{"line":251,"column":8},"end":{"line":251,"column":36}},"33":{"start":{"line":259,"column":8},"end":{"line":259,"column":32}},"34":{"start":{"line":260,"column":21},"end":{"line":260,"column":40}},"35":{"start":{"line":261,"column":8},"end":{"line":263,"column":9}},"36":{"start":{"line":262,"column":12},"end":{"line":262,"column":41}},"37":{"start":{"line":271,"column":21},"end":{"line":271,"column":40}},"38":{"start":{"line":272,"column":8},"end":{"line":272,"column":26}},"39":{"start":{"line":272,"column":19},"end":{"line":272,"column":26}},"40":{"start":{"line":275,"column":24},"end":{"line":275,"column":40}},"41":{"start":{"line":276,"column":27},"end":{"line":276,"column":55}},"42":{"start":{"line":277,"column":8},"end":{"line":286,"column":9}},"43":{"start":{"line":278,"column":12},"end":{"line":278,"column":35}},"44":{"start":{"line":279,"column":12},"end":{"line":285,"column":13}},"45":{"start":{"line":280,"column":16},"end":{"line":280,"column":48}},"46":{"start":{"line":282,"column":16},"end":{"line":284,"column":17}},"47":{"start":{"line":283,"column":20},"end":{"line":283,"column":38}},"48":{"start":{"line":289,"column":8},"end":{"line":289,"column":27}},"49":{"start":{"line":290,"column":24},"end":{"line":290,"column":40}},"50":{"start":{"line":293,"column":8},"end":{"line":295,"column":9}},"51":{"start":{"line":294,"column":12},"end":{"line":294,"column":52}},"52":{"start":{"line":296,"column":8},"end":{"line":296,"column":47}},"53":{"start":{"line":305,"column":27},"end":{"line":305,"column":63}},"54":{"start":{"line":306,"column":8},"end":{"line":306,"column":67}},"55":{"start":{"line":306,"column":50},"end":{"line":306,"column":67}},"56":{"start":{"line":309,"column":26},"end":{"line":309,"column":52}},"57":{"start":{"line":310,"column":8},"end":{"line":310,"column":45}},"58":{"start":{"line":310,"column":28},"end":{"line":310,"column":45}},"59":{"start":{"line":312,"column":20},"end":{"line":312,"column":35}},"60":{"start":{"line":313,"column":8},"end":{"line":320,"column":9}},"61":{"start":{"line":314,"column":12},"end":{"line":314,"column":35}},"62":{"start":{"line":317,"column":12},"end":{"line":319,"column":13}},"63":{"start":{"line":318,"column":16},"end":{"line":318,"column":56}},"64":{"start":{"line":322,"column":8},"end":{"line":322,"column":19}},"65":{"start":{"line":330,"column":8},"end":{"line":332,"column":19}},"66":{"start":{"line":331,"column":12},"end":{"line":331,"column":34}},"67":{"start":{"line":339,"column":20},"end":{"line":339,"column":30}},"68":{"start":{"line":340,"column":22},"end":{"line":340,"column":23}},"69":{"start":{"line":342,"column":8},"end":{"line":347,"column":9}},"70":{"start":{"line":343,"column":12},"end":{"line":346,"column":13}},"71":{"start":{"line":344,"column":16},"end":{"line":344,"column":39}},"72":{"start":{"line":345,"column":16},"end":{"line":345,"column":26}},"73":{"start":{"line":349,"column":8},"end":{"line":351,"column":9}},"74":{"start":{"line":350,"column":12},"end":{"line":350,"column":31}},"75":{"start":{"line":358,"column":8},"end":{"line":358,"column":42}},"76":{"start":{"line":359,"column":8},"end":{"line":361,"column":16}},"77":{"start":{"line":371,"column":27},"end":{"line":371,"column":68}},"78":{"start":{"line":372,"column":20},"end":{"line":372,"column":30}},"79":{"start":{"line":375,"column":8},"end":{"line":379,"column":9}},"80":{"start":{"line":376,"column":31},"end":{"line":376,"column":64}},"81":{"start":{"line":377,"column":33},"end":{"line":377,"column":66}},"82":{"start":{"line":378,"column":12},"end":{"line":378,"column":51}},"83":{"start":{"line":381,"column":8},"end":{"line":381,"column":32}},"84":{"start":{"line":388,"column":8},"end":{"line":390,"column":9}},"85":{"start":{"line":389,"column":12},"end":{"line":389,"column":19}},"86":{"start":{"line":394,"column":8},"end":{"line":406,"column":9}},"87":{"start":{"line":397,"column":16},"end":{"line":400,"column":17}},"88":{"start":{"line":398,"column":20},"end":{"line":398,"column":48}},"89":{"start":{"line":399,"column":20},"end":{"line":399,"column":49}},"90":{"start":{"line":401,"column":16},"end":{"line":401,"column":22}},"91":{"start":{"line":404,"column":16},"end":{"line":404,"column":48}},"92":{"start":{"line":405,"column":16},"end":{"line":405,"column":22}},"93":{"start":{"line":408,"column":8},"end":{"line":412,"column":9}},"94":{"start":{"line":409,"column":12},"end":{"line":409,"column":40}},"95":{"start":{"line":410,"column":12},"end":{"line":410,"column":35}},"96":{"start":{"line":411,"column":12},"end":{"line":411,"column":31}},"97":{"start":{"line":422,"column":21},"end":{"line":422,"column":40}},"98":{"start":{"line":423,"column":8},"end":{"line":425,"column":9}},"99":{"start":{"line":424,"column":12},"end":{"line":424,"column":29}},"100":{"start":{"line":428,"column":8},"end":{"line":438,"column":9}},"101":{"start":{"line":429,"column":12},"end":{"line":429,"column":35}},"102":{"start":{"line":431,"column":12},"end":{"line":435,"column":13}},"103":{"start":{"line":432,"column":16},"end":{"line":432,"column":40}},"104":{"start":{"line":433,"column":19},"end":{"line":435,"column":13}},"105":{"start":{"line":434,"column":16},"end":{"line":434,"column":36}},"106":{"start":{"line":436,"column":12},"end":{"line":436,"column":31}},"107":{"start":{"line":437,"column":12},"end":{"line":437,"column":29}},"108":{"start":{"line":441,"column":8},"end":{"line":441,"column":37}},"109":{"start":{"line":444,"column":8},"end":{"line":448,"column":9}},"110":{"start":{"line":445,"column":12},"end":{"line":445,"column":36}},"111":{"start":{"line":446,"column":15},"end":{"line":448,"column":9}},"112":{"start":{"line":447,"column":12},"end":{"line":447,"column":32}},"113":{"start":{"line":450,"column":8},"end":{"line":450,"column":20}},"114":{"start":{"line":462,"column":20},"end":{"line":462,"column":30}},"115":{"start":{"line":465,"column":8},"end":{"line":484,"column":9}},"116":{"start":{"line":466,"column":12},"end":{"line":483,"column":13}},"117":{"start":{"line":467,"column":16},"end":{"line":467,"column":40}},"118":{"start":{"line":468,"column":19},"end":{"line":483,"column":13}},"119":{"start":{"line":469,"column":32},"end":{"line":469,"column":51}},"120":{"start":{"line":470,"column":16},"end":{"line":482,"column":17}},"121":{"start":{"line":471,"column":36},"end":{"line":471,"column":55}},"122":{"start":{"line":472,"column":39},"end":{"line":472,"column":67}},"123":{"start":{"line":473,"column":20},"end":{"line":481,"column":21}},"124":{"start":{"line":474,"column":24},"end":{"line":474,"column":47}},"125":{"start":{"line":475,"column":24},"end":{"line":480,"column":25}},"126":{"start":{"line":476,"column":28},"end":{"line":476,"column":60}},"127":{"start":{"line":477,"column":28},"end":{"line":479,"column":29}},"128":{"start":{"line":478,"column":32},"end":{"line":478,"column":50}},"129":{"start":{"line":486,"column":37},"end":{"line":492,"column":10}},"130":{"start":{"line":494,"column":8},"end":{"line":494,"column":39}},"131":{"start":{"line":495,"column":8},"end":{"line":495,"column":28}},"132":{"start":{"line":498,"column":8},"end":{"line":507,"column":9}},"133":{"start":{"line":499,"column":12},"end":{"line":499,"column":46}},"134":{"start":{"line":500,"column":15},"end":{"line":507,"column":9}},"135":{"start":{"line":502,"column":12},"end":{"line":504,"column":13}},"136":{"start":{"line":503,"column":16},"end":{"line":503,"column":50}},"137":{"start":{"line":505,"column":12},"end":{"line":505,"column":45}},"138":{"start":{"line":506,"column":12},"end":{"line":506,"column":32}},"139":{"start":{"line":510,"column":8},"end":{"line":510,"column":25}},"140":{"start":{"line":512,"column":8},"end":{"line":512,"column":27}},"141":{"start":{"line":522,"column":8},"end":{"line":522,"column":27}},"142":{"start":{"line":524,"column":21},"end":{"line":524,"column":43}},"143":{"start":{"line":525,"column":8},"end":{"line":529,"column":9}},"144":{"start":{"line":526,"column":12},"end":{"line":526,"column":30}},"145":{"start":{"line":527,"column":12},"end":{"line":527,"column":31}},"146":{"start":{"line":528,"column":12},"end":{"line":528,"column":29}},"147":{"start":{"line":531,"column":8},"end":{"line":531,"column":28}},"148":{"start":{"line":532,"column":8},"end":{"line":532,"column":27}},"149":{"start":{"line":533,"column":8},"end":{"line":533,"column":25}},"150":{"start":{"line":545,"column":8},"end":{"line":545,"column":52}},"151":{"start":{"line":554,"column":8},"end":{"line":576,"column":9}},"152":{"start":{"line":556,"column":12},"end":{"line":573,"column":13}},"153":{"start":{"line":557,"column":16},"end":{"line":557,"column":40}},"154":{"start":{"line":558,"column":19},"end":{"line":573,"column":13}},"155":{"start":{"line":559,"column":29},"end":{"line":559,"column":48}},"156":{"start":{"line":560,"column":16},"end":{"line":572,"column":17}},"157":{"start":{"line":561,"column":33},"end":{"line":561,"column":49}},"158":{"start":{"line":562,"column":36},"end":{"line":562,"column":61}},"159":{"start":{"line":563,"column":20},"end":{"line":571,"column":21}},"160":{"start":{"line":564,"column":24},"end":{"line":564,"column":44}},"161":{"start":{"line":565,"column":24},"end":{"line":570,"column":25}},"162":{"start":{"line":566,"column":28},"end":{"line":566,"column":57}},"163":{"start":{"line":567,"column":28},"end":{"line":569,"column":29}},"164":{"start":{"line":568,"column":32},"end":{"line":568,"column":50}},"165":{"start":{"line":574,"column":12},"end":{"line":574,"column":35}},"166":{"start":{"line":575,"column":12},"end":{"line":575,"column":31}},"167":{"start":{"line":583,"column":8},"end":{"line":583,"column":27}},"168":{"start":{"line":585,"column":8},"end":{"line":585,"column":28}},"169":{"start":{"line":586,"column":8},"end":{"line":586,"column":28}},"170":{"start":{"line":587,"column":8},"end":{"line":587,"column":32}},"171":{"start":{"line":589,"column":8},"end":{"line":589,"column":32}},"172":{"start":{"line":590,"column":8},"end":{"line":590,"column":28}},"173":{"start":{"line":591,"column":8},"end":{"line":591,"column":27}},"174":{"start":{"line":600,"column":21},"end":{"line":600,"column":40}},"175":{"start":{"line":601,"column":8},"end":{"line":603,"column":9}},"176":{"start":{"line":602,"column":12},"end":{"line":602,"column":30}},"177":{"start":{"line":612,"column":21},"end":{"line":612,"column":40}},"178":{"start":{"line":613,"column":8},"end":{"line":615,"column":9}},"179":{"start":{"line":614,"column":12},"end":{"line":614,"column":31}},"180":{"start":{"line":624,"column":26},"end":{"line":624,"column":48}},"181":{"start":{"line":625,"column":8},"end":{"line":629,"column":9}},"182":{"start":{"line":626,"column":12},"end":{"line":628,"column":13}},"183":{"start":{"line":627,"column":16},"end":{"line":627,"column":46}},"184":{"start":{"line":630,"column":8},"end":{"line":630,"column":25}},"185":{"start":{"line":639,"column":8},"end":{"line":639,"column":33}},"186":{"start":{"line":648,"column":8},"end":{"line":648,"column":31}},"187":{"start":{"line":658,"column":8},"end":{"line":658,"column":52}},"188":{"start":{"line":669,"column":8},"end":{"line":671,"column":9}},"189":{"start":{"line":670,"column":12},"end":{"line":670,"column":38}},"190":{"start":{"line":674,"column":24},"end":{"line":676,"column":10}},"191":{"start":{"line":675,"column":12},"end":{"line":675,"column":26}},"192":{"start":{"line":678,"column":8},"end":{"line":678,"column":37}},"193":{"start":{"line":680,"column":8},"end":{"line":683,"column":10}},"194":{"start":{"line":681,"column":12},"end":{"line":681,"column":23}},"195":{"start":{"line":682,"column":12},"end":{"line":682,"column":35}},"196":{"start":{"line":696,"column":19},"end":{"line":696,"column":32}},"197":{"start":{"line":697,"column":8},"end":{"line":699,"column":9}},"198":{"start":{"line":698,"column":12},"end":{"line":698,"column":24}},"199":{"start":{"line":702,"column":23},"end":{"line":702,"column":43}},"200":{"start":{"line":703,"column":8},"end":{"line":719,"column":9}},"201":{"start":{"line":705,"column":12},"end":{"line":705,"column":33}},"202":{"start":{"line":706,"column":12},"end":{"line":708,"column":13}},"203":{"start":{"line":707,"column":16},"end":{"line":707,"column":28}},"204":{"start":{"line":711,"column":12},"end":{"line":711,"column":35}},"205":{"start":{"line":714,"column":12},"end":{"line":714,"column":40}},"206":{"start":{"line":716,"column":12},"end":{"line":716,"column":24}},"207":{"start":{"line":718,"column":12},"end":{"line":718,"column":21}},"208":{"start":{"line":731,"column":23},"end":{"line":731,"column":43}},"209":{"start":{"line":732,"column":8},"end":{"line":736,"column":9}},"210":{"start":{"line":733,"column":12},"end":{"line":733,"column":47}},"211":{"start":{"line":735,"column":12},"end":{"line":735,"column":21}},"212":{"start":{"line":749,"column":8},"end":{"line":751,"column":9}},"213":{"start":{"line":750,"column":12},"end":{"line":750,"column":54}},"214":{"start":{"line":753,"column":8},"end":{"line":764,"column":9}},"215":{"start":{"line":754,"column":25},"end":{"line":754,"column":65}},"216":{"start":{"line":755,"column":12},"end":{"line":759,"column":13}},"217":{"start":{"line":757,"column":16},"end":{"line":757,"column":61}},"218":{"start":{"line":758,"column":16},"end":{"line":758,"column":36}},"219":{"start":{"line":760,"column":12},"end":{"line":760,"column":24}},"220":{"start":{"line":763,"column":12},"end":{"line":763,"column":32}},"221":{"start":{"line":133,"column":0},"end":{"line":133,"column":13}}},"fnMap":{"0":{"name":"(anonymous_0)","decl":{"start":{"line":6,"column":0},"end":{"line":6,"column":12}},"loc":{"start":{"line":6,"column":25},"end":{"line":9,"column":1}}},"1":{"name":"(anonymous_1)","decl":{"start":{"line":189,"column":4},"end":{"line":189,"column":16}},"loc":{"start":{"line":189,"column":49},"end":{"line":207,"column":5}}},"2":{"name":"(anonymous_2)","decl":{"start":{"line":214,"column":12},"end":{"line":214,"column":24}},"loc":{"start":{"line":214,"column":53},"end":{"line":229,"column":5}}},"3":{"name":"(anonymous_3)","decl":{"start":{"line":235,"column":12},"end":{"line":235,"column":25}},"loc":{"start":{"line":235,"column":37},"end":{"line":252,"column":5}}},"4":{"name":"(anonymous_4)","decl":{"start":{"line":258,"column":12},"end":{"line":258,"column":25}},"loc":{"start":{"line":258,"column":37},"end":{"line":264,"column":5}}},"5":{"name":"(anonymous_5)","decl":{"start":{"line":270,"column":12},"end":{"line":270,"column":21}},"loc":{"start":{"line":270,"column":33},"end":{"line":297,"column":5}}},"6":{"name":"(anonymous_6)","decl":{"start":{"line":303,"column":12},"end":{"line":303,"column":25}},"loc":{"start":{"line":303,"column":25},"end":{"line":323,"column":5}}},"7":{"name":"(anonymous_7)","decl":{"start":{"line":328,"column":12},"end":{"line":328,"column":29}},"loc":{"start":{"line":328,"column":29},"end":{"line":333,"column":5}}},"8":{"name":"(anonymous_8)","decl":{"start":{"line":330,"column":20},"end":{"line":330,"column":23}},"loc":{"start":{"line":330,"column":25},"end":{"line":332,"column":9}}},"9":{"name":"(anonymous_9)","decl":{"start":{"line":338,"column":12},"end":{"line":338,"column":26}},"loc":{"start":{"line":338,"column":26},"end":{"line":352,"column":5}}},"10":{"name":"(anonymous_10)","decl":{"start":{"line":357,"column":12},"end":{"line":357,"column":23}},"loc":{"start":{"line":357,"column":23},"end":{"line":362,"column":5}}},"11":{"name":"(anonymous_11)","decl":{"start":{"line":370,"column":12},"end":{"line":370,"column":27}},"loc":{"start":{"line":370,"column":49},"end":{"line":382,"column":5}}},"12":{"name":"(anonymous_12)","decl":{"start":{"line":387,"column":12},"end":{"line":387,"column":21}},"loc":{"start":{"line":387,"column":21},"end":{"line":413,"column":5}}},"13":{"name":"(anonymous_13)","decl":{"start":{"line":421,"column":12},"end":{"line":421,"column":24}},"loc":{"start":{"line":421,"column":36},"end":{"line":451,"column":5}}},"14":{"name":"(anonymous_14)","decl":{"start":{"line":461,"column":12},"end":{"line":461,"column":24}},"loc":{"start":{"line":461,"column":88},"end":{"line":513,"column":5}}},"15":{"name":"(anonymous_15)","decl":{"start":{"line":521,"column":4},"end":{"line":521,"column":7}},"loc":{"start":{"line":521,"column":19},"end":{"line":534,"column":5}}},"16":{"name":"(anonymous_16)","decl":{"start":{"line":544,"column":4},"end":{"line":544,"column":7}},"loc":{"start":{"line":544,"column":71},"end":{"line":546,"column":5}}},"17":{"name":"(anonymous_17)","decl":{"start":{"line":553,"column":4},"end":{"line":553,"column":10}},"loc":{"start":{"line":553,"column":22},"end":{"line":577,"column":5}}},"18":{"name":"(anonymous_18)","decl":{"start":{"line":582,"column":4},"end":{"line":582,"column":9}},"loc":{"start":{"line":582,"column":9},"end":{"line":592,"column":5}}},"19":{"name":"(anonymous_19)","decl":{"start":{"line":599,"column":4},"end":{"line":599,"column":15}},"loc":{"start":{"line":599,"column":27},"end":{"line":604,"column":5}}},"20":{"name":"(anonymous_20)","decl":{"start":{"line":611,"column":4},"end":{"line":611,"column":15}},"loc":{"start":{"line":611,"column":27},"end":{"line":616,"column":5}}},"21":{"name":"(anonymous_21)","decl":{"start":{"line":623,"column":4},"end":{"line":623,"column":16}},"loc":{"start":{"line":623,"column":16},"end":{"line":631,"column":5}}},"22":{"name":"(anonymous_22)","decl":{"start":{"line":638,"column":4},"end":{"line":638,"column":12}},"loc":{"start":{"line":638,"column":12},"end":{"line":640,"column":5}}},"23":{"name":"(anonymous_23)","decl":{"start":{"line":647,"column":4},"end":{"line":647,"column":11}},"loc":{"start":{"line":647,"column":11},"end":{"line":649,"column":5}}},"24":{"name":"(anonymous_24)","decl":{"start":{"line":657,"column":4},"end":{"line":657,"column":7}},"loc":{"start":{"line":657,"column":19},"end":{"line":659,"column":5}}},"25":{"name":"(anonymous_25)","decl":{"start":{"line":667,"column":12},"end":{"line":667,"column":17}},"loc":{"start":{"line":667,"column":34},"end":{"line":684,"column":5}}},"26":{"name":"(anonymous_26)","decl":{"start":{"line":674,"column":42},"end":{"line":674,"column":43}},"loc":{"start":{"line":674,"column":50},"end":{"line":676,"column":9}}},"27":{"name":"(anonymous_27)","decl":{"start":{"line":680,"column":15},"end":{"line":680,"column":18}},"loc":{"start":{"line":680,"column":20},"end":{"line":683,"column":9}}},"28":{"name":"(anonymous_28)","decl":{"start":{"line":694,"column":4},"end":{"line":694,"column":9}},"loc":{"start":{"line":694,"column":75},"end":{"line":720,"column":5}}},"29":{"name":"(anonymous_29)","decl":{"start":{"line":730,"column":4},"end":{"line":730,"column":9}},"loc":{"start":{"line":730,"column":81},"end":{"line":737,"column":5}}},"30":{"name":"(anonymous_30)","decl":{"start":{"line":748,"column":4},"end":{"line":748,"column":9}},"loc":{"start":{"line":748,"column":122},"end":{"line":765,"column":5}}}},"branchMap":{"0":{"loc":{"start":{"line":6,"column":12},"end":{"line":6,"column":null}},"type":"binary-expr","locations":[{"start":{"line":6,"column":12},"end":{"line":6,"column":25}},{"start":{"line":6,"column":25},"end":{"line":6,"column":null}}]},"1":{"loc":{"start":{"line":189,"column":16},"end":{"line":189,"column":49}},"type":"default-arg","locations":[{"start":{"line":189,"column":47},"end":{"line":189,"column":49}}]},"2":{"loc":{"start":{"line":219,"column":8},"end":{"line":221,"column":9}},"type":"if","locations":[{"start":{"line":219,"column":8},"end":{"line":221,"column":9}},{"start":{},"end":{}}]},"3":{"loc":{"start":{"line":224,"column":8},"end":{"line":226,"column":9}},"type":"if","locations":[{"start":{"line":224,"column":8},"end":{"line":226,"column":9}},{"start":{},"end":{}}]},"4":{"loc":{"start":{"line":237,"column":8},"end":{"line":237,"column":26}},"type":"if","locations":[{"start":{"line":237,"column":8},"end":{"line":237,"column":26}},{"start":{},"end":{}}]},"5":{"loc":{"start":{"line":239,"column":8},"end":{"line":243,"column":9}},"type":"if","locations":[{"start":{"line":239,"column":8},"end":{"line":243,"column":9}},{"start":{"line":241,"column":15},"end":{"line":243,"column":9}}]},"6":{"loc":{"start":{"line":240,"column":29},"end":{"line":240,"column":46}},"type":"binary-expr","locations":[{"start":{"line":240,"column":29},"end":{"line":240,"column":38}},{"start":{"line":240,"column":42},"end":{"line":240,"column":46}}]},"7":{"loc":{"start":{"line":242,"column":27},"end":{"line":242,"column":44}},"type":"binary-expr","locations":[{"start":{"line":242,"column":27},"end":{"line":242,"column":36}},{"start":{"line":242,"column":40},"end":{"line":242,"column":44}}]},"8":{"loc":{"start":{"line":245,"column":8},"end":{"line":249,"column":9}},"type":"if","locations":[{"start":{"line":245,"column":8},"end":{"line":249,"column":9}},{"start":{"line":247,"column":15},"end":{"line":249,"column":9}}]},"9":{"loc":{"start":{"line":246,"column":29},"end":{"line":246,"column":46}},"type":"binary-expr","locations":[{"start":{"line":246,"column":29},"end":{"line":246,"column":38}},{"start":{"line":246,"column":42},"end":{"line":246,"column":46}}]},"10":{"loc":{"start":{"line":248,"column":27},"end":{"line":248,"column":44}},"type":"binary-expr","locations":[{"start":{"line":248,"column":27},"end":{"line":248,"column":36}},{"start":{"line":248,"column":40},"end":{"line":248,"column":44}}]},"11":{"loc":{"start":{"line":261,"column":8},"end":{"line":263,"column":9}},"type":"if","locations":[{"start":{"line":261,"column":8},"end":{"line":263,"column":9}},{"start":{},"end":{}}]},"12":{"loc":{"start":{"line":272,"column":8},"end":{"line":272,"column":26}},"type":"if","locations":[{"start":{"line":272,"column":8},"end":{"line":272,"column":26}},{"start":{},"end":{}}]},"13":{"loc":{"start":{"line":277,"column":8},"end":{"line":286,"column":9}},"type":"if","locations":[{"start":{"line":277,"column":8},"end":{"line":286,"column":9}},{"start":{},"end":{}}]},"14":{"loc":{"start":{"line":279,"column":12},"end":{"line":285,"column":13}},"type":"if","locations":[{"start":{"line":279,"column":12},"end":{"line":285,"column":13}},{"start":{},"end":{}}]},"15":{"loc":{"start":{"line":282,"column":16},"end":{"line":284,"column":17}},"type":"if","locations":[{"start":{"line":282,"column":16},"end":{"line":284,"column":17}},{"start":{},"end":{}}]},"16":{"loc":{"start":{"line":293,"column":8},"end":{"line":295,"column":9}},"type":"if","locations":[{"start":{"line":293,"column":8},"end":{"line":295,"column":9}},{"start":{},"end":{}}]},"17":{"loc":{"start":{"line":306,"column":8},"end":{"line":306,"column":67}},"type":"if","locations":[{"start":{"line":306,"column":8},"end":{"line":306,"column":67}},{"start":{},"end":{}}]},"18":{"loc":{"start":{"line":306,"column":12},"end":{"line":306,"column":48}},"type":"binary-expr","locations":[{"start":{"line":306,"column":12},"end":{"line":306,"column":23}},{"start":{"line":306,"column":27},"end":{"line":306,"column":48}}]},"19":{"loc":{"start":{"line":310,"column":8},"end":{"line":310,"column":45}},"type":"if","locations":[{"start":{"line":310,"column":8},"end":{"line":310,"column":45}},{"start":{},"end":{}}]},"20":{"loc":{"start":{"line":313,"column":8},"end":{"line":320,"column":9}},"type":"if","locations":[{"start":{"line":313,"column":8},"end":{"line":320,"column":9}},{"start":{},"end":{}}]},"21":{"loc":{"start":{"line":317,"column":12},"end":{"line":319,"column":13}},"type":"if","locations":[{"start":{"line":317,"column":12},"end":{"line":319,"column":13}},{"start":{},"end":{}}]},"22":{"loc":{"start":{"line":343,"column":12},"end":{"line":346,"column":13}},"type":"if","locations":[{"start":{"line":343,"column":12},"end":{"line":346,"column":13}},{"start":{},"end":{}}]},"23":{"loc":{"start":{"line":349,"column":8},"end":{"line":351,"column":9}},"type":"if","locations":[{"start":{"line":349,"column":8},"end":{"line":351,"column":9}},{"start":{},"end":{}}]},"24":{"loc":{"start":{"line":359,"column":29},"end":{"line":361,"column":15}},"type":"cond-expr","locations":[{"start":{"line":360,"column":14},"end":{"line":360,"column":48}},{"start":{"line":361,"column":14},"end":{"line":361,"column":15}}]},"25":{"loc":{"start":{"line":371,"column":27},"end":{"line":371,"column":68}},"type":"binary-expr","locations":[{"start":{"line":371,"column":27},"end":{"line":371,"column":39}},{"start":{"line":371,"column":43},"end":{"line":371,"column":68}}]},"26":{"loc":{"start":{"line":375,"column":8},"end":{"line":379,"column":9}},"type":"if","locations":[{"start":{"line":375,"column":8},"end":{"line":379,"column":9}},{"start":{},"end":{}}]},"27":{"loc":{"start":{"line":375,"column":12},"end":{"line":375,"column":70}},"type":"binary-expr","locations":[{"start":{"line":375,"column":12},"end":{"line":375,"column":49}},{"start":{"line":375,"column":53},"end":{"line":375,"column":70}}]},"28":{"loc":{"start":{"line":388,"column":8},"end":{"line":390,"column":9}},"type":"if","locations":[{"start":{"line":388,"column":8},"end":{"line":390,"column":9}},{"start":{},"end":{}}]},"29":{"loc":{"start":{"line":394,"column":8},"end":{"line":406,"column":9}},"type":"switch","locations":[{"start":{"line":395,"column":12},"end":{"line":401,"column":22}},{"start":{"line":402,"column":12},"end":{"line":405,"column":22}}]},"30":{"loc":{"start":{"line":397,"column":16},"end":{"line":400,"column":17}},"type":"if","locations":[{"start":{"line":397,"column":16},"end":{"line":400,"column":17}},{"start":{},"end":{}}]},"31":{"loc":{"start":{"line":397,"column":20},"end":{"line":397,"column":52}},"type":"binary-expr","locations":[{"start":{"line":397,"column":20},"end":{"line":397,"column":32}},{"start":{"line":397,"column":36},"end":{"line":397,"column":52}}]},"32":{"loc":{"start":{"line":408,"column":8},"end":{"line":412,"column":9}},"type":"if","locations":[{"start":{"line":408,"column":8},"end":{"line":412,"column":9}},{"start":{},"end":{}}]},"33":{"loc":{"start":{"line":423,"column":8},"end":{"line":425,"column":9}},"type":"if","locations":[{"start":{"line":423,"column":8},"end":{"line":425,"column":9}},{"start":{},"end":{}}]},"34":{"loc":{"start":{"line":428,"column":8},"end":{"line":438,"column":9}},"type":"if","locations":[{"start":{"line":428,"column":8},"end":{"line":438,"column":9}},{"start":{},"end":{}}]},"35":{"loc":{"start":{"line":431,"column":12},"end":{"line":435,"column":13}},"type":"if","locations":[{"start":{"line":431,"column":12},"end":{"line":435,"column":13}},{"start":{"line":433,"column":19},"end":{"line":435,"column":13}}]},"36":{"loc":{"start":{"line":433,"column":19},"end":{"line":435,"column":13}},"type":"if","locations":[{"start":{"line":433,"column":19},"end":{"line":435,"column":13}},{"start":{},"end":{}}]},"37":{"loc":{"start":{"line":444,"column":8},"end":{"line":448,"column":9}},"type":"if","locations":[{"start":{"line":444,"column":8},"end":{"line":448,"column":9}},{"start":{"line":446,"column":15},"end":{"line":448,"column":9}}]},"38":{"loc":{"start":{"line":446,"column":15},"end":{"line":448,"column":9}},"type":"if","locations":[{"start":{"line":446,"column":15},"end":{"line":448,"column":9}},{"start":{},"end":{}}]},"39":{"loc":{"start":{"line":461,"column":66},"end":{"line":461,"column":88}},"type":"default-arg","locations":[{"start":{"line":461,"column":83},"end":{"line":461,"column":88}}]},"40":{"loc":{"start":{"line":465,"column":8},"end":{"line":484,"column":9}},"type":"if","locations":[{"start":{"line":465,"column":8},"end":{"line":484,"column":9}},{"start":{},"end":{}}]},"41":{"loc":{"start":{"line":466,"column":12},"end":{"line":483,"column":13}},"type":"if","locations":[{"start":{"line":466,"column":12},"end":{"line":483,"column":13}},{"start":{"line":468,"column":19},"end":{"line":483,"column":13}}]},"42":{"loc":{"start":{"line":468,"column":19},"end":{"line":483,"column":13}},"type":"if","locations":[{"start":{"line":468,"column":19},"end":{"line":483,"column":13}},{"start":{},"end":{}}]},"43":{"loc":{"start":{"line":470,"column":16},"end":{"line":482,"column":17}},"type":"if","locations":[{"start":{"line":470,"column":16},"end":{"line":482,"column":17}},{"start":{},"end":{}}]},"44":{"loc":{"start":{"line":473,"column":20},"end":{"line":481,"column":21}},"type":"if","locations":[{"start":{"line":473,"column":20},"end":{"line":481,"column":21}},{"start":{},"end":{}}]},"45":{"loc":{"start":{"line":475,"column":24},"end":{"line":480,"column":25}},"type":"if","locations":[{"start":{"line":475,"column":24},"end":{"line":480,"column":25}},{"start":{},"end":{}}]},"46":{"loc":{"start":{"line":477,"column":28},"end":{"line":479,"column":29}},"type":"if","locations":[{"start":{"line":477,"column":28},"end":{"line":479,"column":29}},{"start":{},"end":{}}]},"47":{"loc":{"start":{"line":498,"column":8},"end":{"line":507,"column":9}},"type":"if","locations":[{"start":{"line":498,"column":8},"end":{"line":507,"column":9}},{"start":{"line":500,"column":15},"end":{"line":507,"column":9}}]},"48":{"loc":{"start":{"line":500,"column":15},"end":{"line":507,"column":9}},"type":"if","locations":[{"start":{"line":500,"column":15},"end":{"line":507,"column":9}},{"start":{},"end":{}}]},"49":{"loc":{"start":{"line":502,"column":12},"end":{"line":504,"column":13}},"type":"if","locations":[{"start":{"line":502,"column":12},"end":{"line":504,"column":13}},{"start":{},"end":{}}]},"50":{"loc":{"start":{"line":525,"column":8},"end":{"line":529,"column":9}},"type":"if","locations":[{"start":{"line":525,"column":8},"end":{"line":529,"column":9}},{"start":{},"end":{}}]},"51":{"loc":{"start":{"line":544,"column":49},"end":{"line":544,"column":71}},"type":"default-arg","locations":[{"start":{"line":544,"column":66},"end":{"line":544,"column":71}}]},"52":{"loc":{"start":{"line":554,"column":8},"end":{"line":576,"column":9}},"type":"if","locations":[{"start":{"line":554,"column":8},"end":{"line":576,"column":9}},{"start":{},"end":{}}]},"53":{"loc":{"start":{"line":556,"column":12},"end":{"line":573,"column":13}},"type":"if","locations":[{"start":{"line":556,"column":12},"end":{"line":573,"column":13}},{"start":{"line":558,"column":19},"end":{"line":573,"column":13}}]},"54":{"loc":{"start":{"line":558,"column":19},"end":{"line":573,"column":13}},"type":"if","locations":[{"start":{"line":558,"column":19},"end":{"line":573,"column":13}},{"start":{},"end":{}}]},"55":{"loc":{"start":{"line":560,"column":16},"end":{"line":572,"column":17}},"type":"if","locations":[{"start":{"line":560,"column":16},"end":{"line":572,"column":17}},{"start":{},"end":{}}]},"56":{"loc":{"start":{"line":563,"column":20},"end":{"line":571,"column":21}},"type":"if","locations":[{"start":{"line":563,"column":20},"end":{"line":571,"column":21}},{"start":{},"end":{}}]},"57":{"loc":{"start":{"line":565,"column":24},"end":{"line":570,"column":25}},"type":"if","locations":[{"start":{"line":565,"column":24},"end":{"line":570,"column":25}},{"start":{},"end":{}}]},"58":{"loc":{"start":{"line":567,"column":28},"end":{"line":569,"column":29}},"type":"if","locations":[{"start":{"line":567,"column":28},"end":{"line":569,"column":29}},{"start":{},"end":{}}]},"59":{"loc":{"start":{"line":601,"column":8},"end":{"line":603,"column":9}},"type":"if","locations":[{"start":{"line":601,"column":8},"end":{"line":603,"column":9}},{"start":{},"end":{}}]},"60":{"loc":{"start":{"line":613,"column":8},"end":{"line":615,"column":9}},"type":"if","locations":[{"start":{"line":613,"column":8},"end":{"line":615,"column":9}},{"start":{},"end":{}}]},"61":{"loc":{"start":{"line":626,"column":12},"end":{"line":628,"column":13}},"type":"if","locations":[{"start":{"line":626,"column":12},"end":{"line":628,"column":13}},{"start":{},"end":{}}]},"62":{"loc":{"start":{"line":697,"column":8},"end":{"line":699,"column":9}},"type":"if","locations":[{"start":{"line":697,"column":8},"end":{"line":699,"column":9}},{"start":{},"end":{}}]},"63":{"loc":{"start":{"line":706,"column":12},"end":{"line":708,"column":13}},"type":"if","locations":[{"start":{"line":706,"column":12},"end":{"line":708,"column":13}},{"start":{},"end":{}}]},"64":{"loc":{"start":{"line":730,"column":59},"end":{"line":730,"column":81}},"type":"default-arg","locations":[{"start":{"line":730,"column":76},"end":{"line":730,"column":81}}]},"65":{"loc":{"start":{"line":748,"column":81},"end":{"line":748,"column":105}},"type":"default-arg","locations":[{"start":{"line":748,"column":101},"end":{"line":748,"column":105}}]},"66":{"loc":{"start":{"line":749,"column":8},"end":{"line":751,"column":9}},"type":"if","locations":[{"start":{"line":749,"column":8},"end":{"line":751,"column":9}},{"start":{},"end":{}}]},"67":{"loc":{"start":{"line":755,"column":12},"end":{"line":759,"column":13}},"type":"if","locations":[{"start":{"line":755,"column":12},"end":{"line":759,"column":13}},{"start":{},"end":{}}]},"68":{"loc":{"start":{"line":755,"column":16},"end":{"line":755,"column":51}},"type":"binary-expr","locations":[{"start":{"line":755,"column":16},"end":{"line":755,"column":29}},{"start":{"line":755,"column":33},"end":{"line":755,"column":51}}]},"69":{"loc":{"start":{"line":757,"column":44},"end":{"line":757,"column":59}},"type":"binary-expr","locations":[{"start":{"line":757,"column":44},"end":{"line":757,"column":50}},{"start":{"line":757,"column":54},"end":{"line":757,"column":59}}]}},"s":{"0":4,"1":4,"2":4,"3":42,"4":42,"5":42,"6":42,"7":42,"8":42,"9":42,"10":42,"11":42,"12":42,"13":42,"14":70041,"15":70041,"16":70041,"17":70041,"18":70009,"19":70041,"20":70041,"21":32,"22":70041,"23":35015,"24":35015,"25":0,"26":35015,"27":25002,"28":10013,"29":35015,"30":10000,"31":25015,"32":35015,"33":20010,"34":20010,"35":20010,"36":20010,"37":6,"38":6,"39":0,"40":6,"41":6,"42":6,"43":6,"44":6,"45":4,"46":4,"47":1,"48":6,"49":6,"50":6,"51":6,"52":6,"53":5001,"54":5001,"55":0,"56":5001,"57":5001,"58":0,"59":5001,"60":5001,"61":5001,"62":5001,"63":0,"64":5001,"65":42,"66":0,"67":0,"68":0,"69":0,"70":0,"71":0,"72":0,"73":0,"74":0,"75":100086,"76":100086,"77":60035,"78":60035,"79":60035,"80":17,"81":17,"82":17,"83":60018,"84":60035,"85":40033,"86":20002,"87":15001,"88":15001,"89":15001,"90":15001,"91":5001,"92":5001,"93":20002,"94":20002,"95":20002,"96":20002,"97":20047,"98":20047,"99":29,"100":20018,"101":2,"102":2,"103":2,"104":0,"105":0,"106":2,"107":2,"108":20016,"109":20016,"110":20010,"111":6,"112":6,"113":20016,"114":60035,"115":60035,"116":1,"117":1,"118":0,"119":0,"120":0,"121":0,"122":0,"123":0,"124":0,"125":0,"126":0,"127":0,"128":0,"129":60035,"130":60035,"131":60035,"132":60035,"133":50031,"134":10004,"135":10004,"136":2,"137":10004,"138":10004,"139":60035,"140":60035,"141":20045,"142":20045,"143":20045,"144":20015,"145":20015,"146":20015,"147":30,"148":30,"149":30,"150":60035,"151":5,"152":1,"153":1,"154":0,"155":0,"156":0,"157":0,"158":0,"159":0,"160":0,"161":0,"162":0,"163":0,"164":0,"165":1,"166":1,"167":1,"168":1,"169":1,"170":1,"171":1,"172":1,"173":1,"174":1,"175":1,"176":1,"177":1,"178":1,"179":1,"180":2,"181":2,"182":4,"183":3,"184":2,"185":2,"186":4,"187":2,"188":4,"189":3,"190":4,"191":4,"192":4,"193":4,"194":4,"195":4,"196":5,"197":5,"198":1,"199":4,"200":4,"201":4,"202":4,"203":2,"204":2,"205":2,"206":2,"207":4,"208":0,"209":0,"210":0,"211":0,"212":2,"213":0,"214":2,"215":2,"216":2,"217":1,"218":1,"219":1,"220":0,"221":4},"f":{"0":4,"1":42,"2":70041,"3":35015,"4":20010,"5":6,"6":5001,"7":42,"8":0,"9":0,"10":100086,"11":60035,"12":60035,"13":20047,"14":60035,"15":20045,"16":60035,"17":5,"18":1,"19":1,"20":1,"21":2,"22":2,"23":4,"24":2,"25":4,"26":4,"27":4,"28":5,"29":0,"30":2},"b":{"0":[4,4],"1":[0],"2":[70009,32],"3":[32,70009],"4":[0,35015],"5":[25002,10013],"6":[25002,25002],"7":[10013,13],"8":[10000,25015],"9":[10000,10000],"10":[25015,13],"11":[20010,0],"12":[0,6],"13":[6,0],"14":[4,2],"15":[1,3],"16":[6,0],"17":[0,5001],"18":[5001,5001],"19":[0,5001],"20":[5001,0],"21":[0,5001],"22":[0,0],"23":[0,0],"24":[30064,70022],"25":[60035,60032],"26":[17,60018],"27":[60035,31],"28":[40033,20002],"29":[15001,5001],"30":[15001,0],"31":[15001,15001],"32":[20002,0],"33":[29,20018],"34":[2,20016],"35":[2,0],"36":[0,0],"37":[20010,6],"38":[6,0],"39":[0],"40":[1,60034],"41":[1,0],"42":[0,0],"43":[0,0],"44":[0,0],"45":[0,0],"46":[0,0],"47":[50031,10004],"48":[10004,0],"49":[2,10002],"50":[20015,30],"51":[60034],"52":[1,4],"53":[1,0],"54":[0,0],"55":[0,0],"56":[0,0],"57":[0,0],"58":[0,0],"59":[1,0],"60":[1,0],"61":[3,1],"62":[1,4],"63":[2,2],"64":[0],"65":[0],"66":[0,2],"67":[1,1],"68":[2,1],"69":[1,1]}}
,"D:\\MyCode\\myApp_\\expo-liteDBStore\\src\\core\\data\\DataReader.ts": {"path":"D:\\MyCode\\myApp_\\expo-liteDBStore\\src\\core\\data\\DataReader.ts","statementMap":{"0":{"start":{"line":2,"column":0},"end":{"line":2,"column":40}},"1":{"start":{"line":3,"column":0},"end":{"line":3,"column":47}},"2":{"start":{"line":5,"column":0},"end":{"line":5,"column":60}},"3":{"start":{"line":9,"column":0},"end":{"line":9,"column":40}},"4":{"start":{"line":10,"column":0},"end":{"line":10,"column":50}},"5":{"start":{"line":12,"column":0},"end":{"line":12,"column":64}},"6":{"start":{"line":13,"column":0},"end":{"line":13,"column":62}},"7":{"start":{"line":16,"column":0},"end":{"line":16,"column":51}},"8":{"start":{"line":19,"column":24},"end":{"line":19,"column":40}},"9":{"start":{"line":31,"column":8},"end":{"line":31,"column":47}},"10":{"start":{"line":32,"column":8},"end":{"line":32,"column":41}},"11":{"start":{"line":33,"column":8},"end":{"line":33,"column":41}},"12":{"start":{"line":34,"column":8},"end":{"line":34,"column":57}},"13":{"start":{"line":38,"column":21},"end":{"line":38,"column":55}},"14":{"start":{"line":39,"column":8},"end":{"line":39,"column":43}},"15":{"start":{"line":43,"column":8},"end":{"line":43,"column":49}},"16":{"start":{"line":50,"column":8},"end":{"line":161,"column":9}},"17":{"start":{"line":52,"column":30},"end":{"line":52,"column":65}},"18":{"start":{"line":53,"column":12},"end":{"line":56,"column":13}},"19":{"start":{"line":55,"column":16},"end":{"line":55,"column":26}},"20":{"start":{"line":59,"column":36},"end":{"line":59,"column":65}},"21":{"start":{"line":60,"column":38},"end":{"line":60,"column":77}},"22":{"start":{"line":62,"column":46},"end":{"line":62,"column":48}},"23":{"start":{"line":63,"column":27},"end":{"line":63,"column":32}},"24":{"start":{"line":64,"column":50},"end":{"line":64,"column":52}},"25":{"start":{"line":67,"column":12},"end":{"line":76,"column":13}},"26":{"start":{"line":69,"column":33},"end":{"line":69,"column":74}},"27":{"start":{"line":72,"column":35},"end":{"line":72,"column":66}},"28":{"start":{"line":73,"column":16},"end":{"line":75,"column":17}},"29":{"start":{"line":74,"column":20},"end":{"line":74,"column":38}},"30":{"start":{"line":79,"column":12},"end":{"line":94,"column":13}},"31":{"start":{"line":81,"column":16},"end":{"line":93,"column":17}},"32":{"start":{"line":82,"column":39},"end":{"line":82,"column":66}},"33":{"start":{"line":84,"column":20},"end":{"line":92,"column":21}},"34":{"start":{"line":85,"column":24},"end":{"line":91,"column":25}},"35":{"start":{"line":87,"column":43},"end":{"line":87,"column":86}},"36":{"start":{"line":88,"column":28},"end":{"line":88,"column":116}},"37":{"start":{"line":89,"column":28},"end":{"line":89,"column":61}},"38":{"start":{"line":90,"column":28},"end":{"line":90,"column":34}},"39":{"start":{"line":97,"column":12},"end":{"line":111,"column":13}},"40":{"start":{"line":98,"column":32},"end":{"line":98,"column":65}},"41":{"start":{"line":99,"column":16},"end":{"line":103,"column":18}},"42":{"start":{"line":105,"column":32},"end":{"line":105,"column":61}},"43":{"start":{"line":106,"column":16},"end":{"line":110,"column":18}},"44":{"start":{"line":114,"column":12},"end":{"line":128,"column":13}},"45":{"start":{"line":116,"column":16},"end":{"line":124,"column":19}},"46":{"start":{"line":117,"column":31},"end":{"line":117,"column":38}},"47":{"start":{"line":118,"column":20},"end":{"line":122,"column":21}},"48":{"start":{"line":119,"column":24},"end":{"line":119,"column":69}},"49":{"start":{"line":120,"column":27},"end":{"line":122,"column":21}},"50":{"start":{"line":121,"column":24},"end":{"line":121,"column":69}},"51":{"start":{"line":123,"column":20},"end":{"line":123,"column":33}},"52":{"start":{"line":125,"column":19},"end":{"line":128,"column":13}},"53":{"start":{"line":127,"column":16},"end":{"line":127,"column":64}},"54":{"start":{"line":131,"column":12},"end":{"line":131,"column":77}},"55":{"start":{"line":134,"column":12},"end":{"line":148,"column":13}},"56":{"start":{"line":136,"column":33},"end":{"line":136,"column":74}},"57":{"start":{"line":139,"column":16},"end":{"line":139,"column":54}},"58":{"start":{"line":142,"column":42},"end":{"line":142,"column":67}},"59":{"start":{"line":143,"column":39},"end":{"line":143,"column":97}},"60":{"start":{"line":144,"column":16},"end":{"line":147,"column":17}},"61":{"start":{"line":145,"column":20},"end":{"line":145,"column":50}},"62":{"start":{"line":146,"column":20},"end":{"line":146,"column":77}},"63":{"start":{"line":150,"column":12},"end":{"line":150,"column":24}},"64":{"start":{"line":152,"column":12},"end":{"line":160,"column":14}},"65":{"start":{"line":168,"column":8},"end":{"line":178,"column":9}},"66":{"start":{"line":170,"column":28},"end":{"line":170,"column":76}},"67":{"start":{"line":171,"column":12},"end":{"line":171,"column":58}},"68":{"start":{"line":173,"column":12},"end":{"line":177,"column":14}},"69":{"start":{"line":186,"column":8},"end":{"line":195,"column":9}},"70":{"start":{"line":188,"column":12},"end":{"line":188,"column":70}},"71":{"start":{"line":190,"column":12},"end":{"line":194,"column":14}},"72":{"start":{"line":18,"column":0},"end":{"line":18,"column":13}}},"fnMap":{"0":{"name":"(anonymous_1)","decl":{"start":{"line":25,"column":4},"end":{"line":25,"column":null}},"loc":{"start":{"line":29,"column":50},"end":{"line":35,"column":5}}},"1":{"name":"(anonymous_2)","decl":{"start":{"line":37,"column":12},"end":{"line":37,"column":25}},"loc":{"start":{"line":37,"column":43},"end":{"line":40,"column":5}}},"2":{"name":"(anonymous_3)","decl":{"start":{"line":42,"column":12},"end":{"line":42,"column":29}},"loc":{"start":{"line":42,"column":47},"end":{"line":44,"column":5}}},"3":{"name":"(anonymous_4)","decl":{"start":{"line":46,"column":4},"end":{"line":46,"column":9}},"loc":{"start":{"line":48,"column":57},"end":{"line":162,"column":5}}},"4":{"name":"(anonymous_5)","decl":{"start":{"line":116,"column":35},"end":{"line":116,"column":39}},"loc":{"start":{"line":116,"column":42},"end":{"line":124,"column":17}}},"5":{"name":"(anonymous_6)","decl":{"start":{"line":164,"column":4},"end":{"line":164,"column":9}},"loc":{"start":{"line":166,"column":35},"end":{"line":179,"column":5}}},"6":{"name":"(anonymous_7)","decl":{"start":{"line":181,"column":4},"end":{"line":181,"column":9}},"loc":{"start":{"line":184,"column":51},"end":{"line":196,"column":5}}}},"branchMap":{"0":{"loc":{"start":{"line":53,"column":12},"end":{"line":56,"column":13}},"type":"if","locations":[{"start":{"line":53,"column":12},"end":{"line":56,"column":13}},{"start":{},"end":{}}]},"1":{"loc":{"start":{"line":59,"column":36},"end":{"line":59,"column":65}},"type":"binary-expr","locations":[{"start":{"line":59,"column":36},"end":{"line":59,"column":56}},{"start":{"line":59,"column":60},"end":{"line":59,"column":65}}]},"2":{"loc":{"start":{"line":60,"column":38},"end":{"line":60,"column":77}},"type":"binary-expr","locations":[{"start":{"line":60,"column":38},"end":{"line":60,"column":58}},{"start":{"line":60,"column":62},"end":{"line":60,"column":77}}]},"3":{"loc":{"start":{"line":67,"column":12},"end":{"line":76,"column":13}},"type":"if","locations":[{"start":{"line":67,"column":12},"end":{"line":76,"column":13}},{"start":{},"end":{}}]},"4":{"loc":{"start":{"line":73,"column":16},"end":{"line":75,"column":17}},"type":"if","locations":[{"start":{"line":73,"column":16},"end":{"line":75,"column":17}},{"start":{},"end":{}}]},"5":{"loc":{"start":{"line":79,"column":12},"end":{"line":94,"column":13}},"type":"if","locations":[{"start":{"line":79,"column":12},"end":{"line":94,"column":13}},{"start":{},"end":{}}]},"6":{"loc":{"start":{"line":81,"column":16},"end":{"line":93,"column":17}},"type":"if","locations":[{"start":{"line":81,"column":16},"end":{"line":93,"column":17}},{"start":{},"end":{}}]},"7":{"loc":{"start":{"line":81,"column":20},"end":{"line":81,"column":142}},"type":"binary-expr","locations":[{"start":{"line":81,"column":20},"end":{"line":81,"column":54}},{"start":{"line":81,"column":58},"end":{"line":81,"column":81}},{"start":{"line":81,"column":85},"end":{"line":81,"column":111}},{"start":{"line":81,"column":115},"end":{"line":81,"column":142}}]},"8":{"loc":{"start":{"line":85,"column":24},"end":{"line":91,"column":25}},"type":"if","locations":[{"start":{"line":85,"column":24},"end":{"line":91,"column":25}},{"start":{},"end":{}}]},"9":{"loc":{"start":{"line":97,"column":12},"end":{"line":111,"column":13}},"type":"if","locations":[{"start":{"line":97,"column":12},"end":{"line":111,"column":13}},{"start":{"line":104,"column":19},"end":{"line":111,"column":13}}]},"10":{"loc":{"start":{"line":114,"column":12},"end":{"line":128,"column":13}},"type":"if","locations":[{"start":{"line":114,"column":12},"end":{"line":128,"column":13}},{"start":{"line":125,"column":19},"end":{"line":128,"column":13}}]},"11":{"loc":{"start":{"line":118,"column":20},"end":{"line":122,"column":21}},"type":"if","locations":[{"start":{"line":118,"column":20},"end":{"line":122,"column":21}},{"start":{"line":120,"column":27},"end":{"line":122,"column":21}}]},"12":{"loc":{"start":{"line":120,"column":27},"end":{"line":122,"column":21}},"type":"if","locations":[{"start":{"line":120,"column":27},"end":{"line":122,"column":21}},{"start":{},"end":{}}]},"13":{"loc":{"start":{"line":125,"column":19},"end":{"line":128,"column":13}},"type":"if","locations":[{"start":{"line":125,"column":19},"end":{"line":128,"column":13}},{"start":{},"end":{}}]},"14":{"loc":{"start":{"line":134,"column":12},"end":{"line":148,"column":13}},"type":"if","locations":[{"start":{"line":134,"column":12},"end":{"line":148,"column":13}},{"start":{},"end":{}}]},"15":{"loc":{"start":{"line":143,"column":39},"end":{"line":143,"column":97}},"type":"binary-expr","locations":[{"start":{"line":143,"column":39},"end":{"line":143,"column":91}},{"start":{"line":143,"column":95},"end":{"line":143,"column":97}}]},"16":{"loc":{"start":{"line":144,"column":16},"end":{"line":147,"column":17}},"type":"if","locations":[{"start":{"line":144,"column":16},"end":{"line":147,"column":17}},{"start":{},"end":{}}]},"17":{"loc":{"start":{"line":171,"column":19},"end":{"line":171,"column":57}},"type":"cond-expr","locations":[{"start":{"line":171,"column":40},"end":{"line":171,"column":50}},{"start":{"line":171,"column":53},"end":{"line":171,"column":57}}]}},"s":{"0":1,"1":1,"2":1,"3":1,"4":1,"5":1,"6":1,"7":1,"8":9,"9":9,"10":9,"11":9,"12":9,"13":7,"14":7,"15":0,"16":9,"17":9,"18":9,"19":2,"20":7,"21":7,"22":7,"23":7,"24":7,"25":7,"26":6,"27":6,"28":6,"29":0,"30":7,"31":4,"32":4,"33":4,"34":4,"35":0,"36":0,"37":0,"38":0,"39":7,"40":0,"41":0,"42":7,"43":7,"44":7,"45":0,"46":0,"47":0,"48":0,"49":0,"50":0,"51":0,"52":7,"53":4,"54":7,"55":7,"56":6,"57":6,"58":6,"59":6,"60":6,"61":6,"62":6,"63":7,"64":0,"65":2,"66":2,"67":2,"68":0,"69":2,"70":2,"71":0,"72":1},"f":{"0":9,"1":7,"2":0,"3":9,"4":0,"5":2,"6":2},"b":{"0":[2,7],"1":[7,7],"2":[7,6],"3":[6,1],"4":[0,6],"5":[4,3],"6":[4,0],"7":[4,4,4,4],"8":[0,4],"9":[0,7],"10":[0,7],"11":[0,0],"12":[0,0],"13":[4,3],"14":[6,1],"15":[6,6],"16":[6,0],"17":[0,2]}}
,"D:\\MyCode\\myApp_\\expo-liteDBStore\\src\\core\\data\\DataWriter.ts": {"path":"D:\\MyCode\\myApp_\\expo-liteDBStore\\src\\core\\data\\DataWriter.ts","statementMap":{"0":{"start":{"line":2,"column":0},"end":{"line":2,"column":51}},"1":{"start":{"line":3,"column":0},"end":{"line":3,"column":47}},"2":{"start":{"line":5,"column":0},"end":{"line":5,"column":60}},"3":{"start":{"line":11,"column":0},"end":{"line":11,"column":40}},"4":{"start":{"line":12,"column":0},"end":{"line":12,"column":50}},"5":{"start":{"line":14,"column":0},"end":{"line":14,"column":64}},"6":{"start":{"line":15,"column":0},"end":{"line":15,"column":62}},"7":{"start":{"line":19,"column":0},"end":{"line":19,"column":51}},"8":{"start":{"line":22,"column":24},"end":{"line":22,"column":40}},"9":{"start":{"line":34,"column":8},"end":{"line":34,"column":47}},"10":{"start":{"line":35,"column":8},"end":{"line":35,"column":41}},"11":{"start":{"line":36,"column":8},"end":{"line":36,"column":41}},"12":{"start":{"line":37,"column":8},"end":{"line":37,"column":57}},"13":{"start":{"line":40,"column":75},"end":{"line":46,"column":6}},"14":{"start":{"line":51,"column":37},"end":{"line":51,"column":39}},"15":{"start":{"line":52,"column":8},"end":{"line":52,"column":36}},"16":{"start":{"line":52,"column":22},"end":{"line":52,"column":36}},"17":{"start":{"line":54,"column":8},"end":{"line":86,"column":9}},"18":{"start":{"line":56,"column":29},"end":{"line":56,"column":34}},"19":{"start":{"line":59,"column":12},"end":{"line":64,"column":13}},"20":{"start":{"line":60,"column":16},"end":{"line":60,"column":34}},"21":{"start":{"line":62,"column":16},"end":{"line":62,"column":39}},"22":{"start":{"line":63,"column":16},"end":{"line":63,"column":60}},"23":{"start":{"line":66,"column":12},"end":{"line":75,"column":13}},"24":{"start":{"line":71,"column":16},"end":{"line":74,"column":18}},"25":{"start":{"line":78,"column":12},"end":{"line":85,"column":13}},"26":{"start":{"line":79,"column":16},"end":{"line":82,"column":18}},"27":{"start":{"line":84,"column":16},"end":{"line":84,"column":62}},"28":{"start":{"line":87,"column":8},"end":{"line":87,"column":22}},"29":{"start":{"line":91,"column":21},"end":{"line":91,"column":55}},"30":{"start":{"line":92,"column":8},"end":{"line":92,"column":43}},"31":{"start":{"line":96,"column":8},"end":{"line":96,"column":49}},"32":{"start":{"line":101,"column":30},"end":{"line":103,"column":null}},"33":{"start":{"line":102,"column":27},"end":{"line":102,"column":60}},"34":{"start":{"line":105,"column":8},"end":{"line":105,"column":67}},"35":{"start":{"line":119,"column":8},"end":{"line":178,"column":9}},"36":{"start":{"line":120,"column":12},"end":{"line":125,"column":13}},"37":{"start":{"line":121,"column":16},"end":{"line":124,"column":18}},"38":{"start":{"line":126,"column":12},"end":{"line":128,"column":13}},"39":{"start":{"line":127,"column":16},"end":{"line":127,"column":23}},"40":{"start":{"line":131,"column":12},"end":{"line":131,"column":63}},"41":{"start":{"line":133,"column":72},"end":{"line":133,"column":79}},"42":{"start":{"line":137,"column":16},"end":{"line":139,"column":30}},"43":{"start":{"line":141,"column":12},"end":{"line":155,"column":13}},"44":{"start":{"line":142,"column":32},"end":{"line":142,"column":65}},"45":{"start":{"line":143,"column":16},"end":{"line":147,"column":18}},"46":{"start":{"line":149,"column":32},"end":{"line":149,"column":61}},"47":{"start":{"line":150,"column":16},"end":{"line":154,"column":18}},"48":{"start":{"line":158,"column":12},"end":{"line":171,"column":15}},"49":{"start":{"line":173,"column":12},"end":{"line":177,"column":14}},"50":{"start":{"line":183,"column":8},"end":{"line":211,"column":9}},"51":{"start":{"line":184,"column":30},"end":{"line":184,"column":65}},"52":{"start":{"line":186,"column":12},"end":{"line":202,"column":13}},"53":{"start":{"line":187,"column":32},"end":{"line":187,"column":65}},"54":{"start":{"line":188,"column":16},"end":{"line":192,"column":18}},"55":{"start":{"line":194,"column":16},"end":{"line":201,"column":18}},"56":{"start":{"line":204,"column":12},"end":{"line":204,"column":51}},"57":{"start":{"line":206,"column":12},"end":{"line":210,"column":14}},"58":{"start":{"line":220,"column":8},"end":{"line":270,"column":9}},"59":{"start":{"line":222,"column":26},"end":{"line":222,"column":61}},"60":{"start":{"line":225,"column":12},"end":{"line":227,"column":13}},"61":{"start":{"line":226,"column":16},"end":{"line":226,"column":61}},"62":{"start":{"line":230,"column":12},"end":{"line":230,"column":42}},"63":{"start":{"line":233,"column":12},"end":{"line":233,"column":52}},"64":{"start":{"line":236,"column":12},"end":{"line":236,"column":63}},"65":{"start":{"line":239,"column":30},"end":{"line":239,"column":65}},"66":{"start":{"line":242,"column":32},"end":{"line":242,"column":102}},"67":{"start":{"line":245,"column":12},"end":{"line":245,"column":86}},"68":{"start":{"line":248,"column":12},"end":{"line":248,"column":80}},"69":{"start":{"line":251,"column":12},"end":{"line":251,"column":44}},"70":{"start":{"line":254,"column":12},"end":{"line":258,"column":14}},"71":{"start":{"line":261,"column":12},"end":{"line":269,"column":14}},"72":{"start":{"line":277,"column":8},"end":{"line":281,"column":10}},"73":{"start":{"line":288,"column":8},"end":{"line":290,"column":9}},"74":{"start":{"line":289,"column":12},"end":{"line":289,"column":46}},"75":{"start":{"line":303,"column":24},"end":{"line":303,"column":29}},"76":{"start":{"line":306,"column":8},"end":{"line":313,"column":9}},"77":{"start":{"line":307,"column":12},"end":{"line":307,"column":78}},"78":{"start":{"line":308,"column":12},"end":{"line":308,"column":29}},"79":{"start":{"line":312,"column":12},"end":{"line":312,"column":81}},"80":{"start":{"line":315,"column":8},"end":{"line":315,"column":36}},"81":{"start":{"line":326,"column":24},"end":{"line":326,"column":57}},"82":{"start":{"line":329,"column":8},"end":{"line":354,"column":9}},"83":{"start":{"line":331,"column":12},"end":{"line":335,"column":14}},"84":{"start":{"line":336,"column":12},"end":{"line":336,"column":26}},"85":{"start":{"line":339,"column":12},"end":{"line":346,"column":14}},"86":{"start":{"line":349,"column":12},"end":{"line":353,"column":14}},"87":{"start":{"line":356,"column":8},"end":{"line":356,"column":21}},"88":{"start":{"line":367,"column":24},"end":{"line":367,"column":53}},"89":{"start":{"line":371,"column":12},"end":{"line":376,"column":null}},"90":{"start":{"line":381,"column":12},"end":{"line":383,"column":41}},"91":{"start":{"line":386,"column":8},"end":{"line":390,"column":10}},"92":{"start":{"line":392,"column":8},"end":{"line":392,"column":21}},"93":{"start":{"line":404,"column":8},"end":{"line":406,"column":9}},"94":{"start":{"line":405,"column":12},"end":{"line":405,"column":59}},"95":{"start":{"line":409,"column":8},"end":{"line":411,"column":9}},"96":{"start":{"line":410,"column":12},"end":{"line":410,"column":58}},"97":{"start":{"line":421,"column":8},"end":{"line":424,"column":11}},"98":{"start":{"line":431,"column":8},"end":{"line":440,"column":9}},"99":{"start":{"line":432,"column":12},"end":{"line":439,"column":14}},"100":{"start":{"line":442,"column":8},"end":{"line":480,"column":9}},"101":{"start":{"line":442,"column":21},"end":{"line":442,"column":22}},"102":{"start":{"line":443,"column":25},"end":{"line":443,"column":32}},"103":{"start":{"line":444,"column":12},"end":{"line":453,"column":13}},"104":{"start":{"line":445,"column":16},"end":{"line":452,"column":18}},"105":{"start":{"line":456,"column":12},"end":{"line":465,"column":13}},"106":{"start":{"line":457,"column":16},"end":{"line":464,"column":18}},"107":{"start":{"line":468,"column":12},"end":{"line":479,"column":13}},"108":{"start":{"line":469,"column":16},"end":{"line":478,"column":17}},"109":{"start":{"line":470,"column":20},"end":{"line":477,"column":22}},"110":{"start":{"line":484,"column":8},"end":{"line":484,"column":65}},"111":{"start":{"line":488,"column":26},"end":{"line":488,"column":61}},"112":{"start":{"line":489,"column":8},"end":{"line":492,"column":9}},"113":{"start":{"line":491,"column":12},"end":{"line":491,"column":21}},"114":{"start":{"line":493,"column":8},"end":{"line":493,"column":53}},"115":{"start":{"line":501,"column":8},"end":{"line":594,"column":9}},"116":{"start":{"line":503,"column":12},"end":{"line":503,"column":63}},"117":{"start":{"line":505,"column":30},"end":{"line":505,"column":65}},"118":{"start":{"line":506,"column":12},"end":{"line":511,"column":13}},"119":{"start":{"line":507,"column":16},"end":{"line":510,"column":18}},"120":{"start":{"line":515,"column":12},"end":{"line":529,"column":13}},"121":{"start":{"line":516,"column":32},"end":{"line":516,"column":65}},"122":{"start":{"line":517,"column":16},"end":{"line":521,"column":18}},"123":{"start":{"line":523,"column":32},"end":{"line":523,"column":61}},"124":{"start":{"line":524,"column":16},"end":{"line":528,"column":18}},"125":{"start":{"line":533,"column":33},"end":{"line":536,"column":14}},"126":{"start":{"line":535,"column":16},"end":{"line":535,"column":65}},"127":{"start":{"line":539,"column":33},"end":{"line":539,"column":66}},"128":{"start":{"line":542,"column":12},"end":{"line":544,"column":13}},"129":{"start":{"line":543,"column":16},"end":{"line":543,"column":25}},"130":{"start":{"line":547,"column":12},"end":{"line":566,"column":13}},"131":{"start":{"line":548,"column":32},"end":{"line":548,"column":65}},"132":{"start":{"line":549,"column":16},"end":{"line":553,"column":18}},"133":{"start":{"line":554,"column":16},"end":{"line":558,"column":18}},"134":{"start":{"line":560,"column":32},"end":{"line":560,"column":61}},"135":{"start":{"line":561,"column":16},"end":{"line":565,"column":18}},"136":{"start":{"line":569,"column":12},"end":{"line":569,"column":59}},"137":{"start":{"line":570,"column":12},"end":{"line":572,"column":13}},"138":{"start":{"line":571,"column":16},"end":{"line":571,"column":62}},"139":{"start":{"line":575,"column":12},"end":{"line":578,"column":15}},"140":{"start":{"line":581,"column":12},"end":{"line":581,"column":44}},"141":{"start":{"line":583,"column":12},"end":{"line":583,"column":32}},"142":{"start":{"line":585,"column":12},"end":{"line":593,"column":14}},"143":{"start":{"line":605,"column":34},"end":{"line":605,"column":59}},"144":{"start":{"line":606,"column":31},"end":{"line":606,"column":89}},"145":{"start":{"line":609,"column":8},"end":{"line":611,"column":9}},"146":{"start":{"line":610,"column":12},"end":{"line":610,"column":42}},"147":{"start":{"line":614,"column":8},"end":{"line":614,"column":52}},"148":{"start":{"line":629,"column":23},"end":{"line":629,"column":87}},"149":{"start":{"line":631,"column":8},"end":{"line":639,"column":9}},"150":{"start":{"line":632,"column":26},"end":{"line":632,"column":70}},"151":{"start":{"line":634,"column":12},"end":{"line":638,"column":13}},"152":{"start":{"line":635,"column":16},"end":{"line":635,"column":52}},"153":{"start":{"line":637,"column":16},"end":{"line":637,"column":43}},"154":{"start":{"line":641,"column":8},"end":{"line":644,"column":12}},"155":{"start":{"line":641,"column":67},"end":{"line":644,"column":10}},"156":{"start":{"line":21,"column":0},"end":{"line":21,"column":13}}},"fnMap":{"0":{"name":"(anonymous_1)","decl":{"start":{"line":28,"column":4},"end":{"line":28,"column":null}},"loc":{"start":{"line":32,"column":50},"end":{"line":38,"column":5}}},"1":{"name":"(anonymous_2)","decl":{"start":{"line":48,"column":12},"end":{"line":48,"column":33}},"loc":{"start":{"line":49,"column":81},"end":{"line":88,"column":5}}},"2":{"name":"(anonymous_3)","decl":{"start":{"line":90,"column":12},"end":{"line":90,"column":25}},"loc":{"start":{"line":90,"column":43},"end":{"line":93,"column":5}}},"3":{"name":"(anonymous_4)","decl":{"start":{"line":95,"column":12},"end":{"line":95,"column":29}},"loc":{"start":{"line":95,"column":47},"end":{"line":97,"column":5}}},"4":{"name":"(anonymous_5)","decl":{"start":{"line":99,"column":12},"end":{"line":99,"column":32}},"loc":{"start":{"line":99,"column":60},"end":{"line":106,"column":5}}},"5":{"name":"(anonymous_6)","decl":{"start":{"line":102,"column":12},"end":{"line":102,"column":13}},"loc":{"start":{"line":102,"column":27},"end":{"line":102,"column":60}}},"6":{"name":"(anonymous_7)","decl":{"start":{"line":109,"column":4},"end":{"line":109,"column":9}},"loc":{"start":{"line":117,"column":14},"end":{"line":179,"column":5}}},"7":{"name":"(anonymous_8)","decl":{"start":{"line":182,"column":4},"end":{"line":182,"column":9}},"loc":{"start":{"line":182,"column":39},"end":{"line":212,"column":5}}},"8":{"name":"(anonymous_9)","decl":{"start":{"line":215,"column":4},"end":{"line":215,"column":9}},"loc":{"start":{"line":218,"column":58},"end":{"line":271,"column":5}}},"9":{"name":"(anonymous_10)","decl":{"start":{"line":276,"column":12},"end":{"line":276,"column":17}},"loc":{"start":{"line":276,"column":51},"end":{"line":282,"column":5}}},"10":{"name":"(anonymous_11)","decl":{"start":{"line":287,"column":12},"end":{"line":287,"column":17}},"loc":{"start":{"line":287,"column":53},"end":{"line":291,"column":5}}},"11":{"name":"(anonymous_12)","decl":{"start":{"line":296,"column":12},"end":{"line":296,"column":17}},"loc":{"start":{"line":300,"column":23},"end":{"line":316,"column":5}}},"12":{"name":"(anonymous_13)","decl":{"start":{"line":321,"column":12},"end":{"line":321,"column":17}},"loc":{"start":{"line":324,"column":58},"end":{"line":357,"column":5}}},"13":{"name":"(anonymous_14)","decl":{"start":{"line":362,"column":12},"end":{"line":362,"column":17}},"loc":{"start":{"line":365,"column":58},"end":{"line":393,"column":5}}},"14":{"name":"(anonymous_15)","decl":{"start":{"line":398,"column":12},"end":{"line":398,"column":17}},"loc":{"start":{"line":401,"column":28},"end":{"line":412,"column":5}}},"15":{"name":"(anonymous_16)","decl":{"start":{"line":417,"column":12},"end":{"line":417,"column":17}},"loc":{"start":{"line":419,"column":24},"end":{"line":425,"column":5}}},"16":{"name":"(anonymous_17)","decl":{"start":{"line":430,"column":12},"end":{"line":430,"column":29}},"loc":{"start":{"line":430,"column":57},"end":{"line":481,"column":5}}},"17":{"name":"(anonymous_18)","decl":{"start":{"line":483,"column":4},"end":{"line":483,"column":9}},"loc":{"start":{"line":483,"column":36},"end":{"line":485,"column":5}}},"18":{"name":"(anonymous_19)","decl":{"start":{"line":487,"column":4},"end":{"line":487,"column":9}},"loc":{"start":{"line":487,"column":33},"end":{"line":494,"column":5}}},"19":{"name":"(anonymous_20)","decl":{"start":{"line":497,"column":4},"end":{"line":497,"column":9}},"loc":{"start":{"line":499,"column":34},"end":{"line":595,"column":5}}},"20":{"name":"(anonymous_21)","decl":{"start":{"line":533,"column":45},"end":{"line":533,"column":49}},"loc":{"start":{"line":533,"column":52},"end":{"line":536,"column":
[...]
column":37},"end":{"line":23,"column":58}}]},"4":{"loc":{"start":{"line":94,"column":8},"end":{"line":94,"column":36}},"type":"if","locations":[{"start":{"line":94,"column":8},"end":{"line":94,"column":36}},{"start":{},"end":{}}]},"5":{"loc":{"start":{"line":107,"column":8},"end":{"line":112,"column":9}},"type":"if","locations":[{"start":{"line":107,"column":8},"end":{"line":112,"column":9}},{"start":{},"end":{}}]},"6":{"loc":{"start":{"line":114,"column":8},"end":{"line":119,"column":9}},"type":"if","locations":[{"start":{"line":114,"column":8},"end":{"line":119,"column":9}},{"start":{},"end":{}}]},"7":{"loc":{"start":{"line":121,"column":8},"end":{"line":126,"column":9}},"type":"if","locations":[{"start":{"line":121,"column":8},"end":{"line":126,"column":9}},{"start":{},"end":{}}]},"8":{"loc":{"start":{"line":133,"column":12},"end":{"line":152,"column":13}},"type":"if","locations":[{"start":{"line":133,"column":12},"end":{"line":152,"column":13}},{"start":{"line":144,"column":19},"end":{"line":152,"column":13}}]},"9":{"loc":{"start":{"line":133,"column":16},"end":{"line":133,"column":84}},"type":"binary-expr","locations":[{"start":{"line":133,"column":16},"end":{"line":133,"column":41}},{"start":{"line":133,"column":45},"end":{"line":133,"column":59}},{"start":{"line":133,"column":63},"end":{"line":133,"column":84}}]},"10":{"loc":{"start":{"line":135,"column":20},"end":{"line":142,"column":21}},"type":"if","locations":[{"start":{"line":135,"column":20},"end":{"line":142,"column":21}},{"start":{},"end":{}}]},"11":{"loc":{"start":{"line":165,"column":8},"end":{"line":189,"column":9}},"type":"switch","locations":[{"start":{"line":166,"column":12},"end":{"line":167,"column":72}},{"start":{"line":169,"column":12},"end":{"line":170,"column":132}},{"start":{"line":172,"column":12},"end":{"line":173,"column":134}},{"start":{"line":175,"column":12},"end":{"line":185,"column":61}},{"start":{"line":187,"column":12},"end":{"line":188,"column":29}}]},"12":{"loc":{"start":{"line":180,"column":16},"end":{"line":182,"column":17}},"type":"if","locations":[{"start":{"line":180,"column":16},"end":{"line":182,"column":17}},{"start":{},"end":{}}]},"13":{"loc":{"start":{"line":195,"column":34},"end":{"line":195,"column":42}},"type":"default-arg","locations":[{"start":{"line":195,"column":41},"end":{"line":195,"column":42}}]},"14":{"loc":{"start":{"line":197,"column":8},"end":{"line":199,"column":9}},"type":"if","locations":[{"start":{"line":197,"column":8},"end":{"line":199,"column":9}},{"start":{},"end":{}}]},"15":{"loc":{"start":{"line":203,"column":25},"end":{"line":203,"column":102}},"type":"cond-expr","locations":[{"start":{"line":203,"column":47},"end":{"line":203,"column":88}},{"start":{"line":203,"column":91},"end":{"line":203,"column":102}}]},"16":{"loc":{"start":{"line":206,"column":8},"end":{"line":208,"column":9}},"type":"if","locations":[{"start":{"line":206,"column":8},"end":{"line":208,"column":9}},{"start":{},"end":{}}]},"17":{"loc":{"start":{"line":206,"column":12},"end":{"line":206,"column":56}},"type":"binary-expr","locations":[{"start":{"line":206,"column":12},"end":{"line":206,"column":28}},{"start":{"line":206,"column":32},"end":{"line":206,"column":56}}]},"18":{"loc":{"start":{"line":217,"column":8},"end":{"line":217,"column":33}},"type":"if","locations":[{"start":{"line":217,"column":8},"end":{"line":217,"column":33}},{"start":{},"end":{}}]},"19":{"loc":{"start":{"line":219,"column":27},"end":{"line":219,"column":68}},"type":"cond-expr","locations":[{"start":{"line":219,"column":51},"end":{"line":219,"column":57}},{"start":{"line":219,"column":60},"end":{"line":219,"column":68}}]},"20":{"loc":{"start":{"line":220,"column":26},"end":{"line":220,"column":73}},"type":"cond-expr","locations":[{"start":{"line":220,"column":49},"end":{"line":220,"column":54}},{"start":{"line":220,"column":57},"end":{"line":220,"column":73}}]},"21":{"loc":{"start":{"line":220,"column":58},"end":{"line":220,"column":72}},"type":"binary-expr","locations":[{"start":{"line":220,"column":58},"end":{"line":220,"column":63}},{"start":{"line":220,"column":67},"end":{"line":220,"column":72}}]},"22":{"loc":{"start":{"line":225,"column":28},"end":{"line":225,"column":49}},"type":"binary-expr","locations":[{"start":{"line":225,"column":28},"end":{"line":225,"column":40}},{"start":{"line":225,"column":44},"end":{"line":225,"column":49}}]},"23":{"loc":{"start":{"line":227,"column":16},"end":{"line":227,"column":71}},"type":"if","locations":[{"start":{"line":227,"column":16},"end":{"line":227,"column":71}},{"start":{},"end":{}}]},"24":{"loc":{"start":{"line":227,"column":48},"end":{"line":227,"column":70}},"type":"cond-expr","locations":[{"start":{"line":227,"column":64},"end":{"line":227,"column":66}},{"start":{"line":227,"column":69},"end":{"line":227,"column":70}}]},"25":{"loc":{"start":{"line":228,"column":16},"end":{"line":228,"column":71}},"type":"if","locations":[{"start":{"line":228,"column":16},"end":{"line":228,"column":71}},{"start":{},"end":{}}]},"26":{"loc":{"start":{"line":228,"column":48},"end":{"line":228,"column":70}},"type":"cond-expr","locations":[{"start":{"line":228,"column":64},"end":{"line":228,"column":65}},{"start":{"line":228,"column":68},"end":{"line":228,"column":70}}]},"27":{"loc":{"start":{"line":240,"column":26},"end":{"line":240,"column":63}},"type":"cond-expr","locations":[{"start":{"line":240,"column":54},"end":{"line":240,"column":59}},{"start":{"line":240,"column":62},"end":{"line":240,"column":63}}]},"28":{"loc":{"start":{"line":248,"column":8},"end":{"line":248,"column":40}},"type":"if","locations":[{"start":{"line":248,"column":8},"end":{"line":248,"column":40}},{"start":{},"end":{}}]},"29":{"loc":{"start":{"line":257,"column":8},"end":{"line":257,"column":48}},"type":"if","locations":[{"start":{"line":257,"column":8},"end":{"line":257,"column":48}},{"start":{},"end":{}}]},"30":{"loc":{"start":{"line":260,"column":19},"end":{"line":260,"column":67}},"type":"cond-expr","locations":[{"start":{"line":260,"column":56},"end":{"line":260,"column":61}},{"start":{"line":260,"column":64},"end":{"line":260,"column":67}}]},"31":{"loc":{"start":{"line":260,"column":20},"end":{"line":260,"column":52}},"type":"binary-expr","locations":[{"start":{"line":260,"column":20},"end":{"line":260,"column":37}},{"start":{"line":260,"column":41},"end":{"line":260,"column":52}}]},"32":{"loc":{"start":{"line":268,"column":8},"end":{"line":268,"column":48}},"type":"if","locations":[{"start":{"line":268,"column":8},"end":{"line":268,"column":48}},{"start":{},"end":{}}]},"33":{"loc":{"start":{"line":271,"column":19},"end":{"line":271,"column":67}},"type":"cond-expr","locations":[{"start":{"line":271,"column":56},"end":{"line":271,"column":61}},{"start":{"line":271,"column":64},"end":{"line":271,"column":67}}]},"34":{"loc":{"start":{"line":271,"column":20},"end":{"line":271,"column":52}},"type":"binary-expr","locations":[{"start":{"line":271,"column":20},"end":{"line":271,"column":37}},{"start":{"line":271,"column":41},"end":{"line":271,"column":52}}]},"35":{"loc":{"start":{"line":280,"column":28},"end":{"line":280,"column":72}},"type":"cond-expr","locations":[{"start":{"line":280,"column":53},"end":{"line":280,"column":60}},{"start":{"line":280,"column":63},"end":{"line":280,"column":72}}]},"36":{"loc":{"start":{"line":286,"column":12},"end":{"line":288,"column":13}},"type":"if","locations":[{"start":{"line":286,"column":12},"end":{"line":288,"column":13}},{"start":{},"end":{}}]}},"s":{"0":2,"1":0,"2":0,"3":3,"4":0,"5":0,"6":0,"7":0,"8":0,"9":0,"10":0,"11":0,"12":0,"13":0,"14":0,"15":0,"16":2,"17":10,"18":0,"19":10,"20":10,"21":6,"22":10,"23":0,"24":10,"25":0,"26":0,"27":10,"28":0,"29":0,"30":10,"31":10,"32":7,"33":4,"34":4,"35":4,"36":3,"37":10,"38":9,"39":0,"40":0,"41":0,"42":6,"43":3,"44":3,"45":3,"46":3,"47":0,"48":3,"49":0,"50":7,"51":7,"52":0,"53":0,"54":0,"55":0,"56":0,"57":0,"58":0,"59":0,"60":0,"61":0,"62":0,"63":0,"64":0,"65":0,"66":0,"67":0,"68":0,"69":0,"70":0,"71":0,"72":0,"73":0,"74":0,"75":0,"76":0,"77":0,"78":0,"79":0,"80":0,"81":0,"82":0,"83":0,"84":0,"85":0,"86":0,"87":0,"88":0,"89":0,"90":0,"91":0,"92":0,"93":0,"94":0,"95":0,"96":0,"97":2},"f":{"0":0,"1":0,"2":3,"3":0,"4":0,"5":0,"6":0,"7":0,"8":0,"9":0,"10":0,"11":10,"12":6,"13":10,"14":0,"15":0,"16":9,"17":0,"18":3,"19":7,"20":0,"21":0,"22":0,"23":0,"24":0,"25":0,"26":0,"27":0,"28":0,"29":0,"30":0},"b":{"0":[0,0],"1":[0,0],"2":[0,0],"3":[0,0],"4":[0,10],"5":[0,10],"6":[0,10],"7":[0,10],"8":[4,3],"9":[7,4,4],"10":[4,0],"11":[0,0,6,3,0],"12":[0,3],"13":[5],"14":[7,0],"15":[0,0],"16":[0,0],"17":[0,0],"18":[0,0],"19":[0,0],"20":[0,0],"21":[0,0],"22":[0,0],"23":[0,0],"24":[0,0],"25":[0,0],"26":[0,0],"27":[0,0],"28":[0,0],"29":[0,0],"30":[0,0],"31":[0,0],"32":[0,0],"33":[0,0],"34":[0,0],"35":[0,0],"36":[0,0]}}
,"D:\\MyCode\\myApp_\\expo-liteDBStore\\src\\types\\storageErrorInfc.ts": {"path":"D:\\MyCode\\myApp_\\expo-liteDBStore\\src\\types\\storageErrorInfc.ts","statementMap":{"0":{"start":{"line":6,"column":0},"end":{"line":6,"column":null}},"1":{"start":{"line":7,"column":4},"end":{"line":7,"column":null}},"2":{"start":{"line":8,"column":4},"end":{"line":8,"column":null}},"3":{"start":{"line":9,"column":4},"end":{"line":9,"column":null}},"4":{"start":{"line":10,"column":4},"end":{"line":10,"column":null}},"5":{"start":{"line":11,"column":4},"end":{"line":11,"column":null}},"6":{"start":{"line":12,"column":4},"end":{"line":12,"column":null}},"7":{"start":{"line":13,"column":4},"end":{"line":13,"column":null}},"8":{"start":{"line":14,"column":4},"end":{"line":14,"column":null}},"9":{"start":{"line":15,"column":4},"end":{"line":15,"column":null}},"10":{"start":{"line":53,"column":8},"end":{"line":53,"column":23}},"11":{"start":{"line":44,"column":24},"end":{"line":44,"column":46}},"12":{"start":{"line":54,"column":8},"end":{"line":54,"column":35}},"13":{"start":{"line":55,"column":8},"end":{"line":55,"column":36}},"14":{"start":{"line":56,"column":8},"end":{"line":56,"column":36}},"15":{"start":{"line":57,"column":8},"end":{"line":57,"column":40}},"16":{"start":{"line":58,"column":8},"end":{"line":58,"column":46}},"17":{"start":{"line":59,"column":8},"end":{"line":59,"column":55}},"18":{"start":{"line":66,"column":8},"end":{"line":84,"column":9}},"19":{"start":{"line":67,"column":12},"end":{"line":67,"column":39}},"20":{"start":{"line":68,"column":15},"end":{"line":84,"column":9}},"21":{"start":{"line":69,"column":12},"end":{"line":69,"column":38}},"22":{"start":{"line":70,"column":15},"end":{"line":84,"column":9}},"23":{"start":{"line":71,"column":12},"end":{"line":71,"column":39}},"24":{"start":{"line":72,"column":15},"end":{"line":84,"column":9}},"25":{"start":{"line":73,"column":12},"end":{"line":73,"column":43}},"26":{"start":{"line":74,"column":15},"end":{"line":84,"column":9}},"27":{"start":{"line":75,"column":12},"end":{"line":75,"column":44}},"28":{"start":{"line":76,"column":15},"end":{"line":84,"column":9}},"29":{"start":{"line":77,"column":12},"end":{"line":77,"column":38}},"30":{"start":{"line":78,"column":15},"end":{"line":84,"column":9}},"31":{"start":{"line":79,"column":12},"end":{"line":79,"column":38}},"32":{"start":{"line":80,"column":15},"end":{"line":84,"column":9}},"33":{"start":{"line":81,"column":12},"end":{"line":81,"column":41}},"34":{"start":{"line":83,"column":12},"end":{"line":83,"column":41}},"35":{"start":{"line":91,"column":8},"end":{"line":100,"column":10}},"36":{"start":{"line":21,"column":0},"end":{"line":21,"column":13}}},"fnMap":{"0":{"name":"(anonymous_0)","decl":{"start":{"line":6,"column":0},"end":{"line":6,"column":12}},"loc":{"start":{"line":6,"column":25},"end":{"line":16,"column":1}}},"1":{"name":"(anonymous_1)","decl":{"start":{"line":42,"column":4},"end":{"line":42,"column":null}},"loc":{"start":{"line":51,"column":9},"end":{"line":60,"column":5}}},"2":{"name":"(anonymous_2)","decl":{"start":{"line":65,"column":12},"end":{"line":65,"column":31}},"loc":{"start":{"line":65,"column":54},"end":{"line":85,"column":5}}},"3":{"name":"(anonymous_3)","decl":{"start":{"line":90,"column":4},"end":{"line":90,"column":10}},"loc":{"start":{"line":90,"column":10},"end":{"line":101,"column":5}}}},"branchMap":{"0":{"loc":{"start":{"line":6,"column":12},"end":{"line":6,"column":null}},"type":"binary-expr","locations":[{"start":{"line":6,"column":12},"end":{"line":6,"column":25}},{"start":{"line":6,"column":25},"end":{"line":6,"column":null}}]},"1":{"loc":{"start":{"line":66,"column":8},"end":{"line":84,"column":9}},"type":"if","locations":[{"start":{"line":66,"column":8},"end":{"line":84,"column":9}},{"start":{"line":68,"column":15},"end":{"line":84,"column":9}}]},"2":{"loc":{"start":{"line":68,"column":15},"end":{"line":84,"column":9}},"type":"if","locations":[{"start":{"line":68,"column":15},"end":{"line":84,"column":9}},{"start":{"line":70,"column":15},"end":{"line":84,"column":9}}]},"3":{"loc":{"start":{"line":70,"column":15},"end":{"line":84,"column":9}},"type":"if","locations":[{"start":{"line":70,"column":15},"end":{"line":84,"column":9}},{"start":{"line":72,"column":15},"end":{"line":84,"column":9}}]},"4":{"loc":{"start":{"line":72,"column":15},"end":{"line":84,"column":9}},"type":"if","locations":[{"start":{"line":72,"column":15},"end":{"line":84,"column":9}},{"start":{"line":74,"column":15},"end":{"line":84,"column":9}}]},"5":{"loc":{"start":{"line":74,"column":15},"end":{"line":84,"column":9}},"type":"if","locations":[{"start":{"line":74,"column":15},"end":{"line":84,"column":9}},{"start":{"line":76,"column":15},"end":{"line":84,"column":9}}]},"6":{"loc":{"start":{"line":76,"column":15},"end":{"line":84,"column":9}},"type":"if","locations":[{"start":{"line":76,"column":15},"end":{"line":84,"column":9}},{"start":{"line":78,"column":15},"end":{"line":84,"column":9}}]},"7":{"loc":{"start":{"line":78,"column":15},"end":{"line":84,"column":9}},"type":"if","locations":[{"start":{"line":78,"column":15},"end":{"line":84,"column":9}},{"start":{"line":80,"column":15},"end":{"line":84,"column":9}}]},"8":{"loc":{"start":{"line":78,"column":19},"end":{"line":78,"column":74}},"type":"binary-expr","locations":[{"start":{"line":78,"column":19},"end":{"line":78,"column":44}},{"start":{"line":78,"column":48},"end":{"line":78,"column":74}}]},"9":{"loc":{"start":{"line":80,"column":15},"end":{"line":84,"column":9}},"type":"if","locations":[{"start":{"line":80,"column":15},"end":{"line":84,"column":9}},{"start":{"line":82,"column":15},"end":{"line":84,"column":9}}]}},"s":{"0":6,"1":6,"2":6,"3":6,"4":6,"5":6,"6":6,"7":6,"8":6,"9":6,"10":36,"11":36,"12":36,"13":36,"14":36,"15":36,"16":36,"17":36,"18":36,"19":5,"20":31,"21":31,"22":0,"23":0,"24":0,"25":0,"26":0,"27":0,"28":0,"29":0,"30":0,"31":0,"32":0,"33":0,"34":0,"35":20,"36":6},"f":{"0":6,"1":36,"2":36,"3":20},"b":{"0":[6,6],"1":[5,31],"2":[31,0],"3":[0,0],"4":[0,0],"5":[0,0],"6":[0,0],"7":[0,0],"8":[0,0],"9":[0,0]}}
,"D:\\MyCode\\myApp_\\expo-liteDBStore\\src\\utils\\ROOTPath.ts": {"path":"D:\\MyCode\\myApp_\\expo-liteDBStore\\src\\utils\\ROOTPath.ts","statementMap":{"0":{"start":{"line":2,"column":0},"end":{"line":2,"column":41}},"1":{"start":{"line":6,"column":35},"end":{"line":6,"column":39}},"2":{"start":{"line":7,"column":36},"end":{"line":7,"column":40}},"3":{"start":{"line":8,"column":32},"end":{"line":8,"column":36}},"4":{"start":{"line":13,"column":8},"end":{"line":18,"column":9}},"5":{"start":{"line":15,"column":41},"end":{"line":15,"column":73}},"6":{"start":{"line":16,"column":12},"end":{"line":16,"column":52}},"7":{"start":{"line":17,"column":12},"end":{"line":17,"column":44}},"8":{"start":{"line":22,"column":8},"end":{"line":27,"column":9}},"9":{"start":{"line":23,"column":12},"end":{"line":23,"column":49}},"10":{"start":{"line":24,"column":28},"end":{"line":24,"column":115}},"11":{"start":{"line":25,"column":12},"end":{"line":25,"column":58}},"12":{"start":{"line":26,"column":12},"end":{"line":26,"column":49}},"13":{"start":{"line":28,"column":8},"end":{"line":28,"column":42}},"14":{"start":{"line":33,"column":8},"end":{"line":38,"column":9}},"15":{"start":{"line":35,"column":12},"end":{"line":37,"column":14}},"16":{"start":{"line":36,"column":32},"end":{"line":36,"column":73}},"17":{"start":{"line":39,"column":8},"end":{"line":39,"column":42}},"18":{"start":{"line":45,"column":13},"end":{"line":45,"column":48}},"19":{"start":{"line":47,"column":0},"end":{"line":47,"column":20}}},"fnMap":{"0":{"name":"(anonymous_10)","decl":{"start":{"line":10,"column":4},"end":{"line":10,"column":27}},"loc":{"start":{"line":10,"column":4},"end":{"line":10,"column":28}}},"1":{"name":"(anonymous_11)","decl":{"start":{"line":12,"column":12},"end":{"line":12,"column":18}},"loc":{"start":{"line":12,"column":35},"end":{"line":19,"column":5}}},"2":{"name":"(anonymous_12)","decl":{"start":{"line":15,"column":41},"end":{"line":15,"column":54}},"loc":{"start":{"line":15,"column":41},"end":{"line":15,"column":73}}},"3":{"name":"(anonymous_13)","decl":{"start":{"line":21,"column":11},"end":{"line":21,"column":17}},"loc":{"start":{"line":21,"column":35},"end":{"line":29,"column":5}}},"4":{"name":"(anonymous_14)","decl":{"start":{"line":32,"column":11},"end":{"line":32,"column":17}},"loc":{"start":{"line":32,"column":33},"end":{"line":40,"column":5}}},"5":{"name":"(anonymous_15)","decl":{"start":{"line":36,"column":26},"end":{"line":36,"column":29}},"loc":{"start":{"line":36,"column":32},"end":{"line":36,"column":73}}}},"branchMap":{"0":{"loc":{"start":{"line":13,"column":8},"end":{"line":18,"column":9}},"type":"if","locations":[{"start":{"line":13,"column":8},"end":{"line":18,"column":9}},{"start":{},"end":{}}]},"1":{"loc":{"start":{"line":13,"column":12},"end":{"line":13,"column":68}},"type":"binary-expr","locations":[{"start":{"line":13,"column":12},"end":{"line":13,"column":40}},{"start":{"line":13,"column":44},"end":{"line":13,"column":68}}]},"2":{"loc":{"start":{"line":22,"column":8},"end":{"line":27,"column":9}},"type":"if","locations":[{"start":{"line":22,"column":8},"end":{"line":27,"column":9}},{"start":{},"end":{}}]},"3":{"loc":{"start":{"line":33,"column":8},"end":{"line":38,"column":9}},"type":"if","locations":[{"start":{"line":33,"column":8},"end":{"line":38,"column":9}},{"start":{},"end":{}}]}},"s":{"0":6,"1":6,"2":6,"3":6,"4":0,"5":0,"6":0,"7":0,"8":0,"9":0,"10":0,"11":0,"12":0,"13":0,"14":6,"15":6,"16":67,"17":6,"18":6,"19":6},"f":{"0":0,"1":0,"2":0,"3":0,"4":6,"5":67},"b":{"0":[0,0],"1":[0,0],"2":[0,0],"3":[6,0]}}
,"D:\\MyCode\\myApp_\\expo-liteDBStore\\src\\utils\\withTimeout.ts": {"path":"D:\\MyCode\\myApp_\\expo-liteDBStore\\src\\utils\\withTimeout.ts","statementMap":{"0":{"start":{"line":4,"column":0},"end":{"line":4,"column":24}},"1":{"start":{"line":1,"column":0},"end":{"line":1,"column":57}},"2":{"start":{"line":2,"column":0},"end":{"line":2,"column":41}},"3":{"start":{"line":9,"column":4},"end":{"line":18,"column":7}},"4":{"start":{"line":12,"column":12},"end":{"line":16,"column":14}},"5":{"start":{"line":14,"column":20},"end":{"line":14,"column":79}}},"fnMap":{"0":{"name":"withTimeout","decl":{"start":{"line":4,"column":24},"end":{"line":4,"column":35}},"loc":{"start":{"line":7,"column":40},"end":{"line":19,"column":1}}},"1":{"name":"(anonymous_2)","decl":{"start":{"line":11,"column":27},"end":{"line":11,"column":28}},"loc":{"start":{"line":11,"column":41},"end":{"line":17,"column":9}}},"2":{"name":"(anonymous_3)","decl":{"start":{"line":13,"column":16},"end":{"line":13,"column":19}},"loc":{"start":{"line":14,"column":20},"end":{"line":14,"column":79}}}},"branchMap":{"0":{"loc":{"start":{"line":6,"column":4},"end":{"line":6,"column":23}},"type":"default-arg","locations":[{"start":{"line":6,"column":9},"end":{"line":6,"column":23}}]},"1":{"loc":{"start":{"line":7,"column":4},"end":{"line":7,"column":40}},"type":"default-arg","locations":[{"start":{"line":7,"column":16},"end":{"line":7,"column":40}}]}},"s":{"0":4,"1":4,"2":4,"3":73,"4":73,"5":0},"f":{"0":73,"1":73,"2":0},"b":{"0":[0],"1":[0]}}
}
