{"D:\\MyCode\\myApp_\\expo-liteDBStore\\src\\liteStore.config.js": {"path":"D:\\MyCode\\myApp_\\expo-liteDBStore\\src\\liteStore.config.js","statementMap":{"0":{"start":{"line":1,"column":0},"end":{"line":54,"column":1}}},"fnMap":{},"branchMap":{},"s":{"0":20},"f":{},"b":{},"_coverageSchema":"1a1c01bbd47fc00a2c39e90264f33305004495a9","hash":"28ce3f46ce855310acf78a2731977e0ab6ac92ef"}
,"D:\\MyCode\\myApp_\\expo-liteDBStore\\src\\core\\FileOperationManager.ts": {"path":"D:\\MyCode\\myApp_\\expo-liteDBStore\\src\\core\\FileOperationManager.ts","statementMap":{"0":{"start":{"line":1,"column":0},"end":{"line":1,"column":40}},"1":{"start":{"line":2,"column":0},"end":{"line":2,"column":37}},"2":{"start":{"line":3,"column":0},"end":{"line":3,"column":47}},"3":{"start":{"line":5,"column":0},"end":{"line":5,"column":63}},"4":{"start":{"line":6,"column":0},"end":{"line":6,"column":53}},"5":{"start":{"line":7,"column":0},"end":{"line":7,"column":61}},"6":{"start":{"line":36,"column":4},"end":{"line":36,"column":45}},"7":{"start":{"line":37,"column":4},"end":{"line":37,"column":53}},"8":{"start":{"line":38,"column":4},"end":{"line":38,"column":81}},"9":{"start":{"line":47,"column":4},"end":{"line":47,"column":48}},"10":{"start":{"line":55,"column":4},"end":{"line":55,"column":48}},"11":{"start":{"line":62,"column":4},"end":{"line":62,"column":53}},"12":{"start":{"line":71,"column":4},"end":{"line":71,"column":67}},"13":{"start":{"line":80,"column":4},"end":{"line":80,"column":68}},"14":{"start":{"line":89,"column":4},"end":{"line":89,"column":62}},"15":{"start":{"line":98,"column":20},"end":{"line":98,"column":56}},"16":{"start":{"line":99,"column":4},"end":{"line":103,"column":6}},"17":{"start":{"line":112,"column":20},"end":{"line":112,"column":56}},"18":{"start":{"line":113,"column":4},"end":{"line":117,"column":6}},"19":{"start":{"line":126,"column":20},"end":{"line":126,"column":57}},"20":{"start":{"line":127,"column":4},"end":{"line":131,"column":6}},"21":{"start":{"line":140,"column":20},"end":{"line":140,"column":57}},"22":{"start":{"line":141,"column":4},"end":{"line":145,"column":6}},"23":{"start":{"line":153,"column":20},"end":{"line":153,"column":57}},"24":{"start":{"line":154,"column":4},"end":{"line":158,"column":6}},"25":{"start":{"line":166,"column":20},"end":{"line":166,"column":56}},"26":{"start":{"line":167,"column":4},"end":{"line":167,"column":27}},"27":{"start":{"line":175,"column":22},"end":{"line":175,"column":47}},"28":{"start":{"line":176,"column":4},"end":{"line":176,"column":29}},"29":{"start":{"line":14,"column":0},"end":{"line":14,"column":13}}},"fnMap":{"0":{"name":"(anonymous_1)","decl":{"start":{"line":35,"column":2},"end":{"line":35,"column":14}},"loc":{"start":{"line":35,"column":69},"end":{"line":39,"column":3}}},"1":{"name":"(anonymous_2)","decl":{"start":{"line":46,"column":2},"end":{"line":46,"column":7}},"loc":{"start":{"line":46,"column":39},"end":{"line":48,"column":3}}},"2":{"name":"(anonymous_3)","decl":{"start":{"line":54,"column":2},"end":{"line":54,"column":20}},"loc":{"start":{"line":54,"column":34},"end":{"line":56,"column":3}}},"3":{"name":"(anonymous_4)","decl":{"start":{"line":61,"column":2},"end":{"line":61,"column":7}},"loc":{"start":{"line":61,"column":24},"end":{"line":63,"column":3}}},"4":{"name":"(anonymous_5)","decl":{"start":{"line":70,"column":2},"end":{"line":70,"column":22}},"loc":{"start":{"line":70,"column":40},"end":{"line":72,"column":3}}},"5":{"name":"(anonymous_6)","decl":{"start":{"line":79,"column":2},"end":{"line":79,"column":23}},"loc":{"start":{"line":79,"column":41},"end":{"line":81,"column":3}}},"6":{"name":"(anonymous_7)","decl":{"start":{"line":88,"column":2},"end":{"line":88,"column":22}},"loc":{"start":{"line":88,"column":50},"end":{"line":90,"column":3}}},"7":{"name":"(anonymous_8)","decl":{"start":{"line":97,"column":2},"end":{"line":97,"column":7}},"loc":{"start":{"line":97,"column":40},"end":{"line":104,"column":3}}},"8":{"name":"(anonymous_9)","decl":{"start":{"line":111,"column":2},"end":{"line":111,"column":7}},"loc":{"start":{"line":111,"column":70},"end":{"line":118,"column":3}}},"9":{"name":"(anonymous_10)","decl":{"start":{"line":125,"column":2},"end":{"line":125,"column":7}},"loc":{"start":{"line":125,"column":41},"end":{"line":132,"column":3}}},"10":{"name":"(anonymous_11)","decl":{"start":{"line":139,"column":2},"end":{"line":139,"column":7}},"loc":{"start":{"line":139,"column":71},"end":{"line":146,"column":3}}},"11":{"name":"(anonymous_12)","decl":{"start":{"line":152,"column":2},"end":{"line":152,"column":7}},"loc":{"start":{"line":152,"column":42},"end":{"line":159,"column":3}}},"12":{"name":"(anonymous_13)","decl":{"start":{"line":165,"column":2},"end":{"line":165,"column":7}},"loc":{"start":{"line":165,"column":42},"end":{"line":168,"column":3}}},"13":{"name":"(anonymous_14)","decl":{"start":{"line":174,"column":2},"end":{"line":174,"column":7}},"loc":{"start":{"line":174,"column":41},"end":{"line":177,"column":3}}}},"branchMap":{},"s":{"0":20,"1":20,"2":20,"3":20,"4":20,"5":20,"6":37,"7":37,"8":37,"9":0,"10":2,"11":133,"12":6,"13":6,"14":2,"15":1,"16":1,"17":2,"18":2,"19":1,"20":1,"21":2,"22":2,"23":2,"24":2,"25":2,"26":2,"27":0,"28":0,"29":20},"f":{"0":37,"1":0,"2":2,"3":133,"4":6,"5":6,"6":2,"7":1,"8":2,"9":1,"10":2,"11":2,"12":2,"13":0},"b":{}}
,"D:\\MyCode\\myApp_\\expo-liteDBStore\\src\\core\\constants.ts": {"path":"D:\\MyCode\\myApp_\\expo-liteDBStore\\src\\core\\constants.ts","statementMap":{"0":{"start":{"line":7,"column":13},"end":{"line":11,"column":11}},"1":{"start":{"line":14,"column":13},"end":{"line":21,"column":11}},"2":{"start":{"line":24,"column":13},"end":{"line":29,"column":11}},"3":{"start":{"line":32,"column":13},"end":{"line":37,"column":11}},"4":{"start":{"line":40,"column":13},"end":{"line":43,"column":11}},"5":{"start":{"line":46,"column":13},"end":{"line":49,"column":11}}},"fnMap":{},"branchMap":{},"s":{"0":20,"1":20,"2":20,"3":20,"4":20,"5":20},"f":{},"b":{}}
,"D:\\MyCode\\myApp_\\expo-liteDBStore\\src\\core\\db.ts": {"path":"D:\\MyCode\\myApp_\\expo-liteDBStore\\src\\core\\db.ts","statementMap":{"0":{"start":{"line":1,"column":0},"end":{"line":1,"column":57}},"1":{"start":{"line":2,"column":0},"end":{"line":2,"column":68}},"2":{"start":{"line":8,"column":23},"end":{"line":8,"column":28}},"3":{"start":{"line":14,"column":13},"end":{"line":16,"column":12}},"4":{"start":{"line":22,"column":13},"end":{"line":22,"column":36}}},"fnMap":{},"branchMap":{"0":{"loc":{"start":{"line":14,"column":18},"end":{"line":16,"column":11}},"type":"cond-expr","locations":[{"start":{"line":15,"column":4},"end":{"line":15,"column":33}},{"start":{"line":16,"column":4},"end":{"line":16,"column":11}}]}},"s":{"0":20,"1":20,"2":0,"3":0,"4":0},"f":{},"b":{"0":[0,0]}}
,"D:\\MyCode\\myApp_\\expo-liteDBStore\\src\\core\\adapter\\FileSystemStorageAdapter.ts": {"path":"D:\\MyCode\\myApp_\\expo-liteDBStore\\src\\core\\adapter\\FileSystemStorageAdapter.ts","statementMap":{"0":{"start":{"line":2,"column":0},"end":{"line":2,"column":47}},"1":{"start":{"line":3,"column":0},"end":{"line":3,"column":76}},"2":{"start":{"line":4,"column":0},"end":{"line":4,"column":54}},"3":{"start":{"line":7,"column":0},"end":{"line":7,"column":60}},"4":{"start":{"line":14,"column":0},"end":{"line":14,"column":63}},"5":{"start":{"line":15,"column":0},"end":{"line":15,"column":81}},"6":{"start":{"line":16,"column":0},"end":{"line":16,"column":37}},"7":{"start":{"line":17,"column":0},"end":{"line":17,"column":48}},"8":{"start":{"line":18,"column":0},"end":{"line":18,"column":48}},"9":{"start":{"line":19,"column":0},"end":{"line":19,"column":53}},"10":{"start":{"line":20,"column":0},"end":{"line":20,"column":58}},"11":{"start":{"line":21,"column":0},"end":{"line":21,"column":55}},"12":{"start":{"line":22,"column":0},"end":{"line":22,"column":67}},"13":{"start":{"line":23,"column":0},"end":{"line":23,"column":55}},"14":{"start":{"line":24,"column":0},"end":{"line":24,"column":67}},"15":{"start":{"line":46,"column":8},"end":{"line":46,"column":72}},"16":{"start":{"line":49,"column":8},"end":{"line":49,"column":67}},"17":{"start":{"line":50,"column":8},"end":{"line":50,"column":101}},"18":{"start":{"line":53,"column":48},"end":{"line":63,"column":10}},"19":{"start":{"line":65,"column":8},"end":{"line":68,"column":11}},"20":{"start":{"line":70,"column":8},"end":{"line":70,"column":64}},"21":{"start":{"line":71,"column":8},"end":{"line":71,"column":98}},"22":{"start":{"line":74,"column":8},"end":{"line":74,"column":64}},"23":{"start":{"line":77,"column":8},"end":{"line":79,"column":9}},"24":{"start":{"line":78,"column":12},"end":{"line":78,"column":53}},"25":{"start":{"line":82,"column":8},"end":{"line":87,"column":10}},"26":{"start":{"line":89,"column":8},"end":{"line":94,"column":10}},"27":{"start":{"line":97,"column":8},"end":{"line":97,"column":36}},"28":{"start":{"line":106,"column":37},"end":{"line":106,"column":67}},"29":{"start":{"line":107,"column":8},"end":{"line":107,"column":53}},"30":{"start":{"line":109,"column":8},"end":{"line":111,"column":9}},"31":{"start":{"line":110,"column":12},"end":{"line":110,"column":30}},"32":{"start":{"line":119,"column":8},"end":{"line":119,"column":46}},"33":{"start":{"line":120,"column":8},"end":{"line":120,"column":34}},"34":{"start":{"line":122,"column":8},"end":{"line":124,"column":9}},"35":{"start":{"line":123,"column":12},"end":{"line":123,"column":47}},"36":{"start":{"line":126,"column":8},"end":{"line":128,"column":9}},"37":{"start":{"line":127,"column":12},"end":{"line":127,"column":40}},"38":{"start":{"line":142,"column":8},"end":{"line":142,"column":63}},"39":{"start":{"line":146,"column":23},"end":{"line":146,"column":67}},"40":{"start":{"line":148,"column":8},"end":{"line":148,"column":53}},"41":{"start":{"line":149,"column":8},"end":{"line":149,"column":22}},"42":{"start":{"line":153,"column":8},"end":{"line":153,"column":51}},"43":{"start":{"line":157,"column":8},"end":{"line":157,"column":48}},"44":{"start":{"line":166,"column":26},"end":{"line":166,"column":36}},"45":{"start":{"line":167,"column":25},"end":{"line":167,"column":62}},"46":{"start":{"line":169,"column":8},"end":{"line":220,"column":9}},"47":{"start":{"line":171,"column":12},"end":{"line":194,"column":9}},"48":{"start":{"line":176,"column":32},"end":{"line":176,"column":58}},"49":{"start":{"line":177,"column":12},"end":{"line":177,"column":73}},"50":{"start":{"line":180,"column":12},"end":{"line":185,"column":15}},"51":{"start":{"line":188,"column":33},"end":{"line":188,"column":60}},"52":{"start":{"line":189,"column":12},"end":{"line":193,"column":14}},"53":{"start":{"line":197,"column":27},"end":{"line":197,"column":80}},"54":{"start":{"line":200,"column":12},"end":{"line":206,"column":15}},"55":{"start":{"line":208,"column":12},"end":{"line":208,"column":26}},"56":{"start":{"line":211,"column":12},"end":{"line":218,"column":15}},"57":{"start":{"line":219,"column":12},"end":{"line":219,"column":24}},"58":{"start":{"line":227,"column":8},"end":{"line":227,"column":56}},"59":{"start":{"line":231,"column":8},"end":{"line":231,"column":48}},"60":{"start":{"line":239,"column":8},"end":{"line":239,"column":58}},"61":{"start":{"line":253,"column":8},"end":{"line":253,"column":68}},"62":{"start":{"line":262,"column":8},"end":{"line":276,"column":9}},"63":{"start":{"line":264,"column":32},"end":{"line":264,"column":58}},"64":{"start":{"line":265,"column":12},"end":{"line":265,"column":73}},"65":{"start":{"line":268,"column":12},"end":{"line":272,"column":15}},"66":{"start":{"line":275,"column":12},"end":{"line":275,"column":21}},"67":{"start":{"line":279,"column":8},"end":{"line":279,"column":56}},"68":{"start":{"line":291,"column":8},"end":{"line":310,"column":9}},"69":{"start":{"line":293,"column":32},"end":{"line":293,"column":58}},"70":{"start":{"line":294,"column":12},"end":{"line":294,"column":73}},"71":{"start":{"line":297,"column":12},"end":{"line":301,"column":15}},"72":{"start":{"line":304,"column":33},"end":{"line":304,"column":60}},"73":{"start":{"line":305,"column":12},"end":{"line":309,"column":14}},"74":{"start":{"line":316,"column":27},"end":{"line":316,"column":31}},"75":{"start":{"line":319,"column":28},"end":{"line":319,"column":54}},"76":{"start":{"line":320,"column":24},"end":{"line":320,"column":40}},"77":{"start":{"line":321,"column":27},"end":{"line":321,"column":28}},"78":{"start":{"line":324,"column":8},"end":{"line":379,"column":9}},"79":{"start":{"line":324,"column":21},"end":{"line":324,"column":22}},"80":{"start":{"line":325,"column":36},"end":{"line":325,"column":71}},"81":{"start":{"line":328,"column":28},"end":{"line":328,"column":75}},"82":{"start":{"line":331,"column":12},"end":{"line":335,"column":15}},"83":{"start":{"line":332,"column":16},"end":{"line":334,"column":17}},"84":{"start":{"line":333,"column":20},"end":{"line":333,"column":47}},"85":{"start":{"line":338,"column":12},"end":{"line":370,"column":13}},"86":{"start":{"line":339,"column":30},"end":{"line":339,"column":74}},"87":{"start":{"line":341,"column":16},"end":{"line":369,"column":17}},"88":{"start":{"line":343,"column":24},"end":{"line":348,"column":27}},"89":{"start":{"line":344,"column":28},"end":{"line":346,"column":29}},"90":{"start":{"line":345,"column":32},"end":{"line":345,"column":59}},"91":{"start":{"line":347,"column":28},"end":{"line":347,"column":43}},"92":{"start":{"line":349,"column":24},"end":{"line":349,"column":30}},"93":{"start":{"line":351,"column":24},"end":{"line":359,"column":27}},"94":{"start":{"line":352,"column":28},"end":{"line":358,"column":29}},"95":{"start":{"line":353,"column":49},"end":{"line":353,"column":69}},"96":{"start":{"line":354,"column":32},"end":{"line":357,"column":33}},"97":{"start":{"line":355,"column":36},"end":{"line":355,"column":83}},"98":{"start":{"line":356,"column":36},"end":{"line":356,"column":51}},"99":{"start":{"line":360,"column":24},"end":{"line":360,"column":30}},"100":{"start":{"line":362,"column":24},"end":{"line":367,"column":27}},"101":{"start":{"line":363,"column":28},"end":{"line":366,"column":29}},"102":{"start":{"line":364,"column":32},"end":{"line":364,"column":56}},"103":{"start":{"line":365,"column":32},"end":{"line":365,"column":47}},"104":{"start":{"line":368,"column":24},"end":{"line":368,"column":30}},"105":{"start":{"line":373,"column":28},"end":{"line":373,"column":56}},"106":{"start":{"line":375,"column":35},"end":{"line":375,"column":105}},"107":{"start":{"line":375,"column":83},"end":{"line":375,"column":104}},"108":{"start":{"line":378,"column":12},"end":{"line":378,"column":56}},"109":{"start":{"line":382,"column":23},"end":{"line":382,"column":84}},"110":{"start":{"line":384,"column":8},"end":{"line":387,"column":10}},"111":{"start":{"line":395,"column":8},"end":{"line":395,"column":57}},"112":{"start":{"line":402,"column":8},"end":{"line":406,"column":10}},"113":{"start":{"line":403,"column":42},"end":{"line":403,"column":89}},"114":{"start":{"line":404,"column":34},"end":{"line":404,"column":74}},"115":{"start":{"line":405,"column":39},"end":{"line":405,"column":76}},"116":{"start":{"line":413,"column":8},"end":{"line":413,"column":49}},"117":{"start":{"line":420,"column":21},"end":{"line":420,"column":47}},"118":{"start":{"line":423,"column":26},"end":{"line":423,"column":61}},"119":{"start":{"line":424,"column":8},"end":{"line":433,"column":9}},"120":{"start":{"line":425,"column":12},"end":{"line":432,"column":14}},"121":{"start":{"line":436,"column":30},"end":{"line":436,"column":63}},"122":{"start":{"line":438,"column":8},"end":{"line":508,"column":9}},"123":{"start":{"line":440,"column":12},"end":{"line":445,"column":15}},"124":{"start":{"line":448,"column":34},"end":{"line":448,"column":64}},"125":{"start":{"line":449,"column":12},"end":{"line":458,"column":13}},"126":{"start":{"line":450,"column":16},"end":{"line":457,"column":18}},"127":{"start":{"line":461,"column":12},"end":{"line":461,"column":46}},"128":{"start":{"line":464,"column":12},"end":{"line":469,"column":15}},"129":{"start":{"line":472,"column":33},"end":{"line":472,"column":59}},"130":{"start":{"line":473,"column":12},"end":{"line":482,"column":13}},"131":{"start":{"line":474,"column":16},"end":{"line":481,"column":18}},"132":{"start":{"line":485,"column":12},"end":{"line":485,"column":50}},"133":{"start":{"line":488,"column":12},"end":{"line":504,"column":13}},"134":{"start":{"line":490,"column":38},"end":{"line":490,"column":68}},"135":{"start":{"line":491,"column":16},"end":{"line":501,"column":17}},"136":{"start":{"line":493,"column":20},"end":{"line":500,"column":21}},"137":{"start":{"line":494,"column":24},"end":{"line":499,"column":27}},"138":{"start":{"line":503,"column":16},"end":{"line":503,"column":54}},"139":{"start":{"line":507,"column":12},"end":{"line":507,"column":24}},"140":{"start":{"line":26,"column":0},"end":{"line":26,"column":13}},"141":{"start":{"line":513,"column":55},"end":{"line":513,"column":59}},"142":{"start":{"line":516,"column":4},"end":{"line":518,"column":5}},"143":{"start":{"line":517,"column":8},"end":{"line":517,"column":57}},"144":{"start":{"line":519,"column":4},"end":{"line":519,"column":27}},"145":{"start":{"line":523,"column":16},"end":{"line":534,"column":4}},"146":{"start":{"line":525,"column":4},"end":{"line":531,"column":5}},"147":{"start":{"line":526,"column":8},"end":{"line":530,"column":11}},"148":{"start":{"line":528,"column":16},"end":{"line":528,"column":84}},"149":{"start":{"line":533,"column":4},"end":{"line":533,"column":32}},"150":{"start":{"line":536,"column":0},"end":{"line":536,"column":23}}},"fnMap":{"0":{"name":"(anonymous_1)","decl":{"start":{"line":42,"column":4},"end":{"line":42,"column":16}},"loc":{"start":{"line":44,"column":5},"end":{"line":100,"column":5}}},"1":{"name":"(anonymous_2)","decl":{"start":{"line":105,"column":12},"end":{"line":105,"column":32}},"loc":{"start":{"line":105,"column":32},"end":{"line":112,"column":5}}},"2":{"name":"(anonymous_3)","decl":{"start":{"line":117,"column":4},"end":{"line":117,"column":9}},"loc":{"start":{"line":117,"column":17},"end":{"line":129,"column":5}}},"3":{"name":"(anonymous_4)","decl":{"start":{"line":132,"column":4},"end":{"line":132,"column":9}},"loc":{"start":{"line":140,"column":14},"end":{"line":143,"column":5}}},"4":{"name":"(anonymous_5)","decl":{"start":{"line":145,"column":4},"end":{"line":145,"column":9}},"loc":{"start":{"line":145,"column":39},"end":{"line":150,"column":5}}},"5":{"name":"(anonymous_6)","decl":{"start":{"line":152,"column":4},"end":{"line":152,"column":9}},"loc":{"start":{"line":152,"column":36},"end":{"line":154,"column":5}}},"6":{"name":"(anonymous_7)","decl":{"start":{"line":156,"column":4},"end":{"line":156,"column":9}},"loc":{"start":{"line":156,"column":20},"end":{"line":158,"column":5}}},"7":{"name":"(anonymous_8)","decl":{"start":{"line":161,"column":4},"end":{"line":161,"column":9}},"loc":{"start":{"line":164,"column":58},"end":{"line":221,"column":5}}},"8":{"name":"(anonymous_9)","decl":{"start":{"line":223,"column":4},"end":{"line":223,"column":9}},"loc":{"start":{"line":225,"column":57},"end":{"line":228,"column":5}}},"9":{"name":"(anonymous_10)","decl":{"start":{"line":230,"column":4},"end":{"line":230,"column":9}},"loc":{"start":{"line":230,"column":33},"end":{"line":232,"column":5}}},"10":{"name":"(anonymous_11)","decl":{"start":{"line":235,"column":4},"end":{"line":235,"column":9}},"loc":{"start":{"line":237,"column":35},"end":{"line":240,"column":5}}},"11":{"name":"(anonymous_12)","decl":{"start":{"line":242,"column":4},"end":{"line":242,"column":9}},"loc":{"start":{"line":251,"column":9},"end":{"line":254,"column":5}}},"12":{"name":"(anonymous_13)","decl":{"start":{"line":257,"column":4},"end":{"line":257,"column":9}},"loc":{"start":{"line":259,"column":34},"end":{"line":280,"column":5}}},"13":{"name":"(anonymous_14)","decl":{"start":{"line":283,"column":4},"end":{"line":283,"column":9}},"loc":{"start":{"line":288,"column":10},"end":{"line":388,"column":5}}},"14":{"name":"(anonymous_15)","decl":{"start":{"line":331,"column":30},"end":{"line":331,"column":31}},"loc":{"start":{"line":331,"column":60},"end":{"line":335,"column":13}}},"15":{"name":"(anonymous_16)","decl":{"start":{"line":343,"column":38},"end":{"line":343,"column":39}},"loc":{"start":{"line":343,"column":68},"end":{"line":348,"column":25}}},"16":{"name":"(anonymous_17)","decl":{"start":{"line":351,"column":38},"end":{"line":351,"column":39}},"loc":{"start":{"line":351,"column":68},"end":{"line":359,"column":25}}},"17":{"name":"(anonymous_18)","decl":{"start":{"line":362,"column":38},"end":{"line":362,"column":39}},"loc":{"start":{"line":362,"column":68},"end":{"line":367,"column":25}}},"18":{"name":"(anonymous_19)","decl":{"start":{"line":375,"column":52},"end":{"line":375,"column":53}},"loc":{"start":{"line":375,"column":83},"end":{"line":375,"column":104}}},"19":{"name":"(anonymous_20)","decl":{"start":{"line":394,"column":4},"end":{"line":394,"column":9}},"loc":{"start":{"line":394,"column":26},"end":{"line":396,"column":5}}},"20":{"name":"(anonymous_21)","decl":{"start":{"line":401,"column":4},"end":{"line":401,"column":9}},"loc":{"start":{"line":401,"column":16},"end":{"line":407,"column":5}}},"21":{"name":"(anonymous_22)","decl":{"start":{"line":403,"column":12},"end":{"line":403,"column":13}},"loc":{"start":{"line":403,"column":42},"end":{"line":403,"column":89}}},"22":{"name":"(anonymous_23)","decl":{"start":{"line":404,"column":12},"end":{"line":404,"column":13}},"loc":{"start":{"line":404,"column":34},"end":{"line":404,"column":74}}},"23":{"name":"(anonymous_24)","decl":{"start":{"line":405,"column":12},"end":{"line":405,"column":13}},"loc":{"start":{"line":405,"column":39},"end":{"line":405,"column":76}}},"24":{"name":"(anonymous_25)","decl":{"start":{"line":412,"column":4},"end":{"line":412,"column":9}},"loc":{"start":{"line":412,"column":18},"end":{"line":414,"column":5}}},"25":{"name":"(anonymous_26)","decl":{"start":{"line":417,"column":4},"end":{"line":417,"column":9}},"loc":{"start":{"line":417,"column":44},"end":{"line":509,"column":5}}},"26":{"name":"getStorageInstance","decl":{"start":{"line":515,"column":9},"end":{"line":515,"column":27}},"loc":{"start":{"line":515,"column":27},"end":{"line":520,"column":1}}},"27":{"name":"(anonymous_28)","decl":{"start":{"line":523,"column":17},"end":{"line":523,"column":20}},"loc":{"start":{"line":523,"column":22},"end":{"line":534,"column":1}}},"28":{"name":"(anonymous_29)","decl":{"start":{"line":527,"column":12},"end":{"line":527,"column":15}},"loc":{"start":{"line":527,"column":28},"end":{"line":529,"column":13}}}},"branchMap":{"0":{"loc":{"start":{"line":46,"column":31},"end":{"line":46,"column":71}},"type":"binary-expr","locations":[{"start":{"line":46,"column":31},"end":{"line":46,"column":46}},{"start":{"line":46,"column":50},"end":{"line":46,"column":71}}]},"1":{"loc":{"start":{"line":77,"column":8},"end":{"line":79,"column":9}},"type":"if","locations":[{"start":{"line":77,"column":8},"end":{"line":79,"column":9}},{"start":{},"end":{}}]},"2":{"loc":{"start":{"line":77,"column":14},"end":{"line":77,"column":79}},"type":"binary-expr","locations":[{"start":{"line":77,"column":14},"end":{"line":77,"column":44}},{"start":{"line":77,"column":48},"end":{"line":77,"column":79}}]},"3":{"loc":{"start":{"line":109,"column":8},"end":{"line":111,"column":9}},"type":"if","locations":[{"start":{"line":109,"column":8},"end":{"line":111,"column":9}},{"start":{},"end":{}}]},"4":{"loc":{"start":{"line":109,"column":12},"end":{"line":109,"column":77}},"type":"binary-expr","locations":[{"start":{"line":109,"column":12},"end":{"line":109,"column":42}},{"start":{"line":109,"column":46},"end":{"line":109,"column":77}}]},"5":{"loc":{"start":{"line":122,"column":8},"end":{"line":124,"column":9}},"type":"if","locations":[{"start":{"line":122,"column":8},"end":{"line":124,"column":9}},{"start":{},"end":{}}]},"6":{"loc":{"start":{"line":126,"column":8},"end":{"line":128,"column":9}},"type":"if","locations":[{"start":{"line":126,"column":8},"end":{"line":128,"column":9}},{"start":{},"end":{}}]},"7":{"loc":{"start":{"line":134,"column":8},"end":{"line":140,"column":14}},"type":"default-arg","locations":[{"start":{"line":140,"column":12},"end":{"line":140,"column":14}}]},"8":{"loc":{"start":{"line":167,"column":25},"end":{"line":167,"column":62}},"type":"cond-expr","locations":[{"start":{"line":167,"column":47},"end":{"line":167,"column":58}},{"start":{"line":167,"column":61},"end":{"line":167,"column":62}}]},"9":{"loc":{"start":{"line":171,"column":12},"end":{"line":194,"column":9}},"type":"if","locations":[{"start":{"line":171,"column":12},"end":{"line":194,"column":9}},{"start":{},"end":{}}]},"10":{"loc":{"start":{"line":190,"column":25},"end":{"line":190,"column":62}},"type":"cond-expr","locations":[{"start":{"line":190,"column":47},"end":{"line":190,"column":58}},{"start":{"line":190,"column":61},"end":{"line":190,"column":62}}]},"11":{"loc":{"start":{"line":191,"column":49},"end":{"line":191,"column":86}},"type":"cond-expr","locations":[{"start":{"line":191,"column":71},"end":{"line":191,"column":82}},{"start":{"line":191,"column":85},"end":{"line":191,"column":86}}]},"12":{"loc":{"start":{"line":217,"column":23},"end":{"line":217,"column":77}},"type":"cond-expr","locations":[{"start":{"line":217,"column":48},"end":{"line":217,"column":61}},{"start":{"line":217,"column":64},"end":{"line":217,"column":77}}]},"13":{"loc":{"start":{"line":262,"column":8},"end":{"line":276,"column":9}},"type":"if","locations":[{"start":{"line":262,"column":8},"end":{"line":276,"column":9}},{"start":{},"end":{}}]},"14":{"loc":{"start":{"line":291,"column":8},"end":{"line":310,"column":9}},"type":"if","locations":[{"start":{"line":291,"column":8},"end":{"line":310,"column":9}},{"start":{},"end":{}}]},"15":{"loc":{"start":{"line":332,"column":16},"end":{"line":334,"column":17}},"type":"if","locations":[{"start":{"line":332,"column":16},"end":{"line":334,"column":17}},{"start":{},"end":{}}]},"16":{"loc":{"start":{"line":339,"column":30},"end":{"line":339,"column":74}},"type":"cond-expr","locations":[{"start":{"line":339,"column":55},"end":{"line":339,"column":62}},{"start":{"line":339,"column":65},"end":{"line":339,"column":74}}]},"17":{"loc":{"start":{"line":341,"column":16},"end":{"line":369,"column":17}},"type":"switch","locations":[{"start":{"line":342,"column":20},"end":{"line":349,"column":30}},{"start":{"line":350,"column":20},"end":{"line":360,"column":30}},{"start":{"line":361,"column":20},"end":{"line":368,"column":30}}]},"18":{"loc":{"start":{"line":344,"column":28},"end":{"line":346,"column":29}},"type":"if","locations":[{"start":{"line":344,"column":28},"end":{"line":346,"column":29}},{"start":{},"end":{}}]},"19":{"loc":{"start":{"line":352,"column":28},"end":{"line":358,"column":29}},"type":"if","locations":[{"start":{"line":352,"column":28},"end":{"line":358,"column":29}},{"start":{},"end":{}}]},"20":{"loc":{"start":{"line":354,"column":32},"end":{"line":357,"column":33}},"type":"if","locations":[{"start":{"line":354,"column":32},"end":{"line":357,"column":33}},{"start":{},"end":{}}]},"21":{"loc":{"start":{"line":363,"column":28},"end":{"line":366,"column":29}},"type":"if","locations":[{"start":{"line":363,"column":28},"end":{"line":366,"column":29}},{"start":{},"end":{}}]},"22":{"loc":{"start":{"line":363,"column":32},"end":{"line":363,"column":77}},"type":"binary-expr","locations":[{"start":{"line":363,"column":32},"end":{"line":363,"column":53}},{"start":{"line":363,"column":57},"end":{"line":363,"column":77}}]},"23":{"loc":{"start":{"line":424,"column":8},"end":{"line":433,"column":9}},"type":"if","locations":[{"start":{"line":424,"column":8},"end":{"line":433,"column":9}},{"start":{},"end":{}}]},"24":{"loc":{"start":{"line":449,"column":12},"end":{"line":458,"column":13}},"type":"if","locations":[{"start":{"line":449,"column":12},"end":{"line":458,"column":13}},{"start":{},"end":{}}]},"25":{"loc":{"start":{"line":473,"column":12},"end":{"line":482,"column":13}},"type":"if","locations":[{"start":{"line":473,"column":12},"end":{"line":482,"column":13}},{"start":{},"end":{}}]},"26":{"loc":{"start":{"line":488,"column":12},"end":{"line":504,"column":13}},"type":"if","locations":[{"start":{"line":488,"column":12},"end":{"line":504,"column":13}},{"start":{},"end":{}}]},"27":{"loc":{"start":{"line":491,"column":16},"end":{"line":501,"column":17}},"type":"if","locations":[{"start":{"line":491,"column":16},"end":{"line":501,"column":17}},{"start":{},"end":{}}]},"28":{"loc":{"start":{"line":493,"column":20},"end":{"line":500,"column":21}},"type":"if","locations":[{"start":{"line":493,"column":20},"end":{"line":500,"column":21}},{"start":{},"end":{}}]},"29":{"loc":{"start":{"line":495,"column":34},"end":{"line":495,"column":60}},"type":"binary-expr","locations":[{"start":{"line":495,"column":34},"end":{"line":495,"column":48}},{"start":{"line":495,"column":52},"end":{"line":495,"column":60}}]},"30":{"loc":{"start":{"line":516,"column":4},"end":{"line":518,"column":5}},"type":"if","locations":[{"start":{"line":516,"column":4},"end":{"line":518,"column":5}},{"start":{},"end":{}}]},"31":{"loc":{"start":{"line":525,"column":4},"end":{"line":531,"column":5}},"type":"if","locations":[{"start":{"line":525,"column":4},"end":{"line":531,"column":5}},{"start":{},"end":{}}]},"32":{"loc":{"start":{"line":525,"column":8},"end":{"line":525,"column":73}},"type":"binary-expr","locations":[{"start":{"line":525,"column":8},"end":{"line":525,"column":38}},{"start":{"line":525,"column":42},"end":{"line":525,"column":73}}]}},"s":{"0":20,"1":20,"2":20,"3":20,"4":20,"5":20,"6":20,"7":20,"8":20,"9":20,"10":20,"11":20,"12":20,"13":20,"14":20,"15":7,"16":7,"17":7,"18":7,"19":7,"20":7,"21":7,"22":7,"23":7,"24":0,"25":7,"26":7,"27":7,"28":7,"29":7,"30":7,"31":0,"32":7,"33":7,"34":7,"35":7,"36":7,"37":7,"38":8,"39":8,"40":8,"41":8,"42":0,"43":0,"44":111,"45":111,"46":111,"47":111,"48":0,"49":0,"50":0,"51":0,"52":0,"53":111,"54":111,"55":111,"56":0,"57":0,"58":11,"59":0,"60":2,"61":0,"62":0,"63":0,"64":0,"65":0,"66":0,"67":0,"68":7,"69":0,"70":0,"71":0,"72":0,"73":0,"74":7,"75":7,"76":7,"77":7,"78":7,"79":7,"80":7,"81":7,"82":7,"83":11,"84":11,"85":7,"86":112,"87":112,"88":105,"89":106,"90":106,"91":106,"92":105,"93":4,"94":4,"95":4,"96":4,"97":3,"98":3,"99":4,"100":3,"101":3,"102":3,"103":3,"104":3,"105":7,"106":7,"107":11,"108":7,"109":7,"110":7,"111":0,"112":0,"113":0,"114":0,"115":0,"116":0,"117":0,"118":0,"119":0,"120":0,"121":0,"122":0,"123":0,"124":0,"125":0,"126":0,"127":0,"128":0,"129":0,"130":0,"131":0,"132":0,"133":0,"134":0,"135":0,"136":0,"137":0,"138":0,"139":0,"140":20,"141":20,"142":0,"143":0,"144":0,"145":20,"146":20,"147":20,"148":0,"149":0,"150":20},"f":{"0":7,"1":7,"2":7,"3":8,"4":8,"5":0,"6":0,"7":111,"8":11,"9":0,"10":2,"11":0,"12":0,"13":7,"14":11,"15":106,"16":4,"17":3,"18":11,"19":0,"20":0,"21":0,"22":0,"23":0,"24":0,"25":0,"26":0,"27":20,"28":0},"b":{"0":[7,0],"1":[0,7],"2":[7,7],"3":[0,7],"4":[7,7],"5":[7,0],"6":[7,0],"7":[8],"8":[11,100],"9":[0,111],"10":[0,0],"11":[0,0],"12":[0,0],"13":[0,0],"14":[0,7],"15":[11,0],"16":[1,111],"17":[105,4,3],"18":[106,0],"19":[4,0],"20":[3,1],"21":[3,0],"22":[3,3],"23":[0,0],"24":[0,0],"25":[0,0],"26":[0,0],"27":[0,0],"28":[0,0],"29":[0,0],"30":[0,0],"31":[20,0],"32":[20,20]}}
,"D:\\MyCode\\myApp_\\expo-liteDBStore\\src\\core\\api\\RateLimiter.ts": {"path":"D:\\MyCode\\myApp_\\expo-liteDBStore\\src\\core\\api\\RateLimiter.ts","statementMap":{"0":{"start":{"line":4,"column":0},"end":{"line":4,"column":42}},"1":{"start":{"line":78,"column":27},"end":{"line":78,"column":65}},"2":{"start":{"line":85,"column":8},"end":{"line":89,"column":10}},"3":{"start":{"line":98,"column":8},"end":{"line":104,"column":9}},"4":{"start":{"line":99,"column":12},"end":{"line":103,"column":14}},"5":{"start":{"line":106,"column":20},"end":{"line":106,"column":30}},"6":{"start":{"line":107,"column":25},"end":{"line":107,"column":56}},"7":{"start":{"line":109,"column":8},"end":{"line":122,"column":9}},"8":{"start":{"line":111,"column":12},"end":{"line":114,"column":14}},"9":{"start":{"line":115,"column":12},"end":{"line":115,"column":56}},"10":{"start":{"line":117,"column":12},"end":{"line":121,"column":14}},"11":{"start":{"line":125,"column":28},"end":{"line":125,"column":60}},"12":{"start":{"line":126,"column":26},"end":{"line":126,"column":77}},"13":{"start":{"line":128,"column":8},"end":{"line":135,"column":9}},"14":{"start":{"line":130,"column":12},"end":{"line":133,"column":14}},"15":{"start":{"line":134,"column":12},"end":{"line":134,"column":45}},"16":{"start":{"line":137,"column":8},"end":{"line":158,"column":9}},"17":{"start":{"line":139,"column":12},"end":{"line":139,"column":32}},"18":{"start":{"line":140,"column":12},"end":{"line":140,"column":56}},"19":{"start":{"line":142,"column":12},"end":{"line":146,"column":14}},"20":{"start":{"line":150,"column":31},"end":{"line":150,"column":75}},"21":{"start":{"line":152,"column":12},"end":{"line":157,"column":14}},"22":{"start":{"line":168,"column":8},"end":{"line":174,"column":9}},"23":{"start":{"line":169,"column":12},"end":{"line":173,"column":14}},"24":{"start":{"line":176,"column":20},"end":{"line":176,"column":30}},"25":{"start":{"line":177,"column":25},"end":{"line":177,"column":56}},"26":{"start":{"line":179,"column":8},"end":{"line":185,"column":9}},"27":{"start":{"line":181,"column":12},"end":{"line":184,"column":14}},"28":{"start":{"line":188,"column":28},"end":{"line":188,"column":60}},"29":{"start":{"line":189,"column":26},"end":{"line":189,"column":77}},"30":{"start":{"line":191,"column":8},"end":{"line":198,"column":9}},"31":{"start":{"line":193,"column":12},"end":{"line":196,"column":14}},"32":{"start":{"line":197,"column":12},"end":{"line":197,"column":45}},"33":{"start":{"line":200,"column":8},"end":{"line":222,"column":9}},"34":{"start":{"line":202,"column":12},"end":{"line":202,"column":40}},"35":{"start":{"line":203,"column":12},"end":{"line":203,"column":56}},"36":{"start":{"line":205,"column":12},"end":{"line":209,"column":14}},"37":{"start":{"line":213,"column":33},"end":{"line":213,"column":59}},"38":{"start":{"line":214,"column":31},"end":{"line":214,"column":82}},"39":{"start":{"line":216,"column":12},"end":{"line":221,"column":14}},"40":{"start":{"line":230,"column":8},"end":{"line":230,"column":43}},"41":{"start":{"line":239,"column":8},"end":{"line":239,"column":47}},"42":{"start":{"line":246,"column":8},"end":{"line":246,"column":34}},"43":{"start":{"line":254,"column":8},"end":{"line":257,"column":10}},"44":{"start":{"line":265,"column":8},"end":{"line":265,"column":34}},"45":{"start":{"line":69,"column":0},"end":{"line":69,"column":13}},"46":{"start":{"line":276,"column":23},"end":{"line":276,"column":53}},"47":{"start":{"line":281,"column":45},"end":{"line":285,"column":6}},"48":{"start":{"line":294,"column":8},"end":{"line":299,"column":9}},"49":{"start":{"line":295,"column":12},"end":{"line":298,"column":16}},"50":{"start":{"line":301,"column":8},"end":{"line":301,"column":39}},"51":{"start":{"line":309,"column":8},"end":{"line":312,"column":10}},"52":{"start":{"line":320,"column":8},"end":{"line":320,"column":41}},"53":{"start":{"line":328,"column":8},"end":{"line":328,"column":34}},"54":{"start":{"line":335,"column":8},"end":{"line":335,"column":30}},"55":{"start":{"line":272,"column":0},"end":{"line":272,"column":13}},"56":{"start":{"line":340,"column":13},"end":{"line":340,"column":57}}},"fnMap":{"0":{"name":"(anonymous_0)","decl":{"start":{"line":84,"column":4},"end":{"line":84,"column":16}},"loc":{"start":{"line":84,"column":53},"end":{"line":90,"column":5}}},"1":{"name":"(anonymous_1)","decl":{"start":{"line":97,"column":4},"end":{"line":97,"column":9}},"loc":{"start":{"line":97,"column":26},"end":{"line":159,"column":5}}},"2":{"name":"(anonymous_2)","decl":{"start":{"line":167,"column":4},"end":{"line":167,"column":11}},"loc":{"start":{"line":167,"column":48},"end":{"line":223,"column":5}}},"3":{"name":"(anonymous_3)","decl":{"start":{"line":229,"column":4},"end":{"line":229,"column":9}},"loc":{"start":{"line":229,"column":26},"end":{"line":231,"column":5}}},"4":{"name":"(anonymous_4)","decl":{"start":{"line":238,"column":4},"end":{"line":238,"column":17}},"loc":{"start":{"line":238,"column":34},"end":{"line":240,"column":5}}},"5":{"name":"(anonymous_5)","decl":{"start":{"line":245,"column":4},"end":{"line":245,"column":9}},"loc":{"start":{"line":245,"column":9},"end":{"line":247,"column":5}}},"6":{"name":"(anonymous_6)","decl":{"start":{"line":253,"column":4},"end":{"line":253,"column":16}},"loc":{"start":{"line":253,"column":49},"end":{"line":258,"column":5}}},"7":{"name":"(anonymous_7)","decl":{"start":{"line":264,"column":4},"end":{"line":264,"column":13}},"loc":{"start":{"line":264,"column":13},"end":{"line":266,"column":5}}},"8":{"name":"(anonymous_8)","decl":{"start":{"line":293,"column":4},"end":{"line":293,"column":14}},"loc":{"start":{"line":293,"column":61},"end":{"line":302,"column":5}}},"9":{"name":"(anonymous_9)","decl":{"start":{"line":308,"column":4},"end":{"line":308,"column":23}},"loc":{"start":{"line":308,"column":56},"end":{"line":313,"column":5}}},"10":{"name":"(anonymous_10)","decl":{"start":{"line":319,"column":4},"end":{"line":319,"column":20}},"loc":{"start":{"line":319,"column":20},"end":{"line":321,"column":5}}},"11":{"name":"(anonymous_11)","decl":{"start":{"line":327,"column":4},"end":{"line":327,"column":17}},"loc":{"start":{"line":327,"column":29},"end":{"line":329,"column":5}}},"12":{"name":"(anonymous_12)","decl":{"start":{"line":334,"column":4},"end":{"line":334,"column":9}},"loc":{"start":{"line":334,"column":9},"end":{"line":336,"column":5}}}},"branchMap":{"0":{"loc":{"start":{"line":84,"column":16},"end":{"line":84,"column":53}},"type":"default-arg","locations":[{"start":{"line":84,"column":51},"end":{"line":84,"column":53}}]},"1":{"loc":{"start":{"line":86,"column":18},"end":{"line":86,"column":56}},"type":"binary-expr","locations":[{"start":{"line":86,"column":18},"end":{"line":86,"column":29}},{"start":{"line":86,"column":33},"end":{"line":86,"column":56}}]},"2":{"loc":{"start":{"line":87,"column":22},"end":{"line":87,"column":68}},"type":"binary-expr","locations":[{"start":{"line":87,"column":22},"end":{"line":87,"column":37}},{"start":{"line":87,"column":41},"end":{"line":87,"column":68}}]},"3":{"loc":{"start":{"line":98,"column":8},"end":{"line":104,"column":9}},"type":"if","locations":[{"start":{"line":98,"column":8},"end":{"line":104,"column":9}},{"start":{},"end":{}}]},"4":{"loc":{"start":{"line":109,"column":8},"end":{"line":122,"column":9}},"type":"if","locations":[{"start":{"line":109,"column":8},"end":{"line":122,"column":9}},{"start":{},"end":{}}]},"5":{"loc":{"start":{"line":128,"column":8},"end":{"line":135,"column":9}},"type":"if","locations":[{"start":{"line":128,"column":8},"end":{"line":135,"column":9}},{"start":{},"end":{}}]},"6":{"loc":{"start":{"line":137,"column":8},"end":{"line":158,"column":9}},"type":"if","locations":[{"start":{"line":137,"column":8},"end":{"line":158,"column":9}},{"start":{"line":147,"column":15},"end":{"line":158,"column":9}}]},"7":{"loc":{"start":{"line":156,"column":28},"end":{"line":156,"column":62}},"type":"cond-expr","locations":[{"start":{"line":156,"column":45},"end":{"line":156,"column":55}},{"start":{"line":156,"column":58},"end":{"line":156,"column":62}}]},"8":{"loc":{"start":{"line":167,"column":30},"end":{"line":167,"column":48}},"type":"default-arg","locations":[{"start":{"line":167,"column":47},"end":{"line":167,"column":48}}]},"9":{"loc":{"start":{"line":168,"column":8},"end":{"line":174,"column":9}},"type":"if","locations":[{"start":{"line":168,"column":8},"end":{"line":174,"column":9}},{"start":{},"end":{}}]},"10":{"loc":{"start":{"line":179,"column":8},"end":{"line":185,"column":9}},"type":"if","locations":[{"start":{"line":179,"column":8},"end":{"line":185,"column":9}},{"start":{},"end":{}}]},"11":{"loc":{"start":{"line":191,"column":8},"end":{"line":198,"column":9}},"type":"if","locations":[{"start":{"line":191,"column":8},"end":{"line":198,"column":9}},{"start":{},"end":{}}]},"12":{"loc":{"start":{"line":200,"column":8},"end":{"line":222,"column":9}},"type":"if","locations":[{"start":{"line":200,"column":8},"end":{"line":222,"column":9}},{"start":{"line":210,"column":15},"end":{"line":222,"column":9}}]},"13":{"loc":{"start":{"line":294,"column":8},"end":{"line":299,"column":9}},"type":"if","locations":[{"start":{"line":294,"column":8},"end":{"line":299,"column":9}},{"start":{},"end":{}}]}},"s":{"0":1,"1":17,"2":17,"3":1,"4":0,"5":1,"6":1,"7":1,"8":1,"9":1,"10":1,"11":0,"12":0,"13":0,"14":0,"15":0,"16":0,"17":0,"18":0,"19":0,"20":0,"21":0,"22":12,"23":2,"24":10,"25":10,"26":10,"27":8,"28":10,"29":10,"30":10,"31":1,"32":1,"33":10,"34":7,"35":7,"36":7,"37":3,"38":3,"39":3,"40":1,"41":5,"42":1,"43":4,"44":2,"45":1,"46":5,"47":5,"48":11,"49":8,"50":11,"51":1,"52":0,"53":1,"54":1,"55":1,"56":1},"f":{"0":17,"1":1,"2":12,"3":1,"4":5,"5":1,"6":4,"7":2,"8":11,"9":1,"10":0,"11":1,"12":1},"b":{"0":[0],"1":[17,0],"2":[17,0],"3":[0,1],"4":[1,0],"5":[0,0],"6":[0,0],"7":[0,0],"8":[0],"9":[2,10],"10":[8,2],"11":[1,9],"12":[7,3],"13":[8,3]}}
,"D:\\MyCode\\myApp_\\expo-liteDBStore\\src\\core\\cache\\CacheManager.ts": {"path":"D:\\MyCode\\myApp_\\expo-liteDBStore\\src\\core\\cache\\CacheManager.ts","statementMap":{"0":{"start":{"line":3,"column":0},"end":{"line":3,"column":37}},"1":{"start":{"line":8,"column":0},"end":{"line":8,"column":null}},"2":{"start":{"line":9,"column":4},"end":{"line":9,"column":null}},"3":{"start":{"line":10,"column":4},"end":{"line":10,"column":17}},"4":{"start":{"line":156,"column":20},"end":{"line":156,"column":48}},"5":{"start":{"line":161,"column":40},"end":{"line":161,"column":44}},"6":{"start":{"line":162,"column":40},"end":{"line":162,"column":44}},"7":{"start":{"line":167,"column":25},"end":{"line":167,"column":53}},"8":{"start":{"line":172,"column":25},"end":{"line":172,"column":55}},"9":{"start":{"line":177,"column":25},"end":{"line":177,"column":26}},"10":{"start":{"line":187,"column":32},"end":{"line":198,"column":6}},"11":{"start":{"line":203,"column":20},"end":{"line":203,"column":52}},"12":{"start":{"line":208,"column":66},"end":{"line":208,"column":70}},"13":{"start":{"line":217,"column":8},"end":{"line":227,"column":10}},"14":{"start":{"line":230,"column":8},"end":{"line":230,"column":49}},"15":{"start":{"line":231,"column":8},"end":{"line":231,"column":68}},"16":{"start":{"line":235,"column":8},"end":{"line":235,"column":33}},"17":{"start":{"line":242,"column":8},"end":{"line":245,"column":9}},"18":{"start":{"line":243,"column":12},"end":{"line":243,"column":45}},"19":{"start":{"line":244,"column":12},"end":{"line":244,"column":37}},"20":{"start":{"line":248,"column":8},"end":{"line":248,"column":27}},"21":{"start":{"line":258,"column":8},"end":{"line":258,"column":23}},"22":{"start":{"line":259,"column":8},"end":{"line":259,"column":25}},"23":{"start":{"line":260,"column":8},"end":{"line":260,"column":33}},"24":{"start":{"line":262,"column":8},"end":{"line":264,"column":9}},"25":{"start":{"line":263,"column":12},"end":{"line":263,"column":37}},"26":{"start":{"line":265,"column":8},"end":{"line":265,"column":28}},"27":{"start":{"line":267,"column":8},"end":{"line":269,"column":9}},"28":{"start":{"line":268,"column":12},"end":{"line":268,"column":32}},"29":{"start":{"line":271,"column":8},"end":{"line":271,"column":39}},"30":{"start":{"line":279,"column":21},"end":{"line":279,"column":45}},"31":{"start":{"line":280,"column":8},"end":{"line":280,"column":26}},"32":{"start":{"line":280,"column":19},"end":{"line":280,"column":26}},"33":{"start":{"line":282,"column":8},"end":{"line":286,"column":9}},"34":{"start":{"line":283,"column":12},"end":{"line":283,"column":47}},"35":{"start":{"line":285,"column":12},"end":{"line":285,"column":45}},"36":{"start":{"line":288,"column":8},"end":{"line":292,"column":9}},"37":{"start":{"line":289,"column":12},"end":{"line":289,"column":47}},"38":{"start":{"line":291,"column":12},"end":{"line":291,"column":45}},"39":{"start":{"line":294,"column":8},"end":{"line":294,"column":36}},"40":{"start":{"line":302,"column":8},"end":{"line":302,"column":32}},"41":{"start":{"line":303,"column":21},"end":{"line":303,"column":40}},"42":{"start":{"line":304,"column":8},"end":{"line":306,"column":9}},"43":{"start":{"line":305,"column":12},"end":{"line":305,"column":41}},"44":{"start":{"line":314,"column":21},"end":{"line":314,"column":40}},"45":{"start":{"line":315,"column":8},"end":{"line":315,"column":26}},"46":{"start":{"line":315,"column":19},"end":{"line":315,"column":26}},"47":{"start":{"line":318,"column":24},"end":{"line":318,"column":40}},"48":{"start":{"line":319,"column":27},"end":{"line":319,"column":55}},"49":{"start":{"line":320,"column":8},"end":{"line":329,"column":9}},"50":{"start":{"line":321,"column":12},"end":{"line":321,"column":35}},"51":{"start":{"line":322,"column":12},"end":{"line":328,"column":13}},"52":{"start":{"line":323,"column":16},"end":{"line":323,"column":48}},"53":{"start":{"line":325,"column":16},"end":{"line":327,"column":17}},"54":{"start":{"line":326,"column":20},"end":{"line":326,"column":38}},"55":{"start":{"line":332,"column":8},"end":{"line":332,"column":27}},"56":{"start":{"line":333,"column":24},"end":{"line":333,"column":40}},"57":{"start":{"line":336,"column":8},"end":{"line":338,"column":9}},"58":{"start":{"line":337,"column":12},"end":{"line":337,"column":52}},"59":{"start":{"line":339,"column":8},"end":{"line":339,"column":47}},"60":{"start":{"line":348,"column":27},"end":{"line":348,"column":63}},"61":{"start":{"line":349,"column":8},"end":{"line":349,"column":67}},"62":{"start":{"line":349,"column":50},"end":{"line":349,"column":67}},"63":{"start":{"line":352,"column":26},"end":{"line":352,"column":52}},"64":{"start":{"line":353,"column":8},"end":{"line":353,"column":45}},"65":{"start":{"line":353,"column":28},"end":{"line":353,"column":45}},"66":{"start":{"line":355,"column":20},"end":{"line":355,"column":35}},"67":{"start":{"line":356,"column":8},"end":{"line":363,"column":9}},"68":{"start":{"line":357,"column":12},"end":{"line":357,"column":35}},"69":{"start":{"line":360,"column":12},"end":{"line":362,"column":13}},"70":{"start":{"line":361,"column":16},"end":{"line":361,"column":56}},"71":{"start":{"line":365,"column":8},"end":{"line":365,"column":19}},"72":{"start":{"line":373,"column":8},"end":{"line":375,"column":9}},"73":{"start":{"line":374,"column":12},"end":{"line":374,"column":45}},"74":{"start":{"line":377,"column":8},"end":{"line":379,"column":35}},"75":{"start":{"line":378,"column":12},"end":{"line":378,"column":34}},"76":{"start":{"line":386,"column":20},"end":{"line":386,"column":30}},"77":{"start":{"line":387,"column":22},"end":{"line":387,"column":23}},"78":{"start":{"line":389,"column":8},"end":{"line":415,"column":9}},"79":{"start":{"line":390,"column":12},"end":{"line":414,"column":13}},"80":{"start":{"line":392,"column":33},"end":{"line":392,"column":66}},"81":{"start":{"line":393,"column":16},"end":{"line":393,"column":51}},"82":{"start":{"line":396,"column":16},"end":{"line":410,"column":17}},"83":{"start":{"line":397,"column":20},"end":{"line":397,"column":44}},"84":{"start":{"line":398,"column":23},"end":{"line":410,"column":17}},"85":{"start":{"line":399,"column":33},"end":{"line":399,"column":49}},"86":{"start":{"line":400,"column":36},"end":{"line":400,"column":61}},"87":{"start":{"line":401,"column":20},"end":{"line":409,"column":21}},"88":{"start":{"line":402,"column":24},"end":{"line":402,"column":44}},"89":{"start":{"line":403,"column":24},"end":{"line":408,"column":25}},"90":{"start":{"line":404,"column":28},"end":{"line":404,"column":57}},"91":{"start":{"line":405,"column":28},"end":{"line":407,"column":29}},"92":{"start":{"line":406,"column":32},"end":{"line":406,"column":50}},"93":{"start":{"line":412,"column":16},"end":{"line":412,"column":39}},"94":{"start":{"line":413,"column":16},"end":{"line":413,"column":26}},"95":{"start":{"line":417,"column":8},"end":{"line":419,"column":9}},"96":{"start":{"line":418,"column":12},"end":{"line":418,"column":31}},"97":{"start":{"line":428,"column":8},"end":{"line":430,"column":9}},"98":{"start":{"line":429,"column":12},"end":{"line":429,"column":21}},"99":{"start":{"line":432,"column":8},"end":{"line":454,"column":9}},"100":{"start":{"line":435,"column":16},"end":{"line":435,"column":39}},"101":{"start":{"line":438,"column":16},"end":{"line":438,"column":25}},"102":{"start":{"line":441,"column":16},"end":{"line":441,"column":25}},"103":{"start":{"line":443,"column":16},"end":{"line":451,"column":17}},"104":{"start":{"line":445,"column":20},"end":{"line":445,"column":97}},"105":{"start":{"line":445,"column":56},"end":{"line":445,"column":92}},"106":{"start":{"line":448,"column":20},"end":{"line":450,"column":26}},"107":{"start":{"line":449,"column":24},"end":{"line":449,"column":99}},"108":{"start":{"line":453,"column":16},"end":{"line":453,"column":25}},"109":{"start":{"line":461,"column":8},"end":{"line":461,"column":42}},"110":{"start":{"line":462,"column":8},"end":{"line":464,"column":16}},"111":{"start":{"line":474,"column":27},"end":{"line":474,"column":68}},"112":{"start":{"line":475,"column":20},"end":{"line":475,"column":30}},"113":{"start":{"line":478,"column":8},"end":{"line":482,"column":9}},"114":{"start":{"line":479,"column":31},"end":{"line":479,"column":64}},"115":{"start":{"line":480,"column":33},"end":{"line":480,"column":66}},"116":{"start":{"line":481,"column":12},"end":{"line":481,"column":51}},"117":{"start":{"line":484,"column":8},"end":{"line":484,"column":32}},"118":{"start":{"line":493,"column":8},"end":{"line":495,"column":9}},"119":{"start":{"line":494,"column":12},"end":{"line":494,"column":19}},"120":{"start":{"line":498,"column":8},"end":{"line":500,"column":9}},"121":{"start":{"line":499,"column":12},"end":{"line":499,"column":19}},"122":{"start":{"line":504,"column":8},"end":{"line":516,"column":9}},"123":{"start":{"line":507,"column":16},"end":{"line":510,"column":17}},"124":{"start":{"line":508,"column":20},"end":{"line":508,"column":48}},"125":{"start":{"line":509,"column":20},"end":{"line":509,"column":49}},"126":{"start":{"line":511,"column":16},"end":{"line":511,"column":22}},"127":{"start":{"line":514,"column":16},"end":{"line":514,"column":48}},"128":{"start":{"line":515,"column":16},"end":{"line":515,"column":22}},"129":{"start":{"line":518,"column":8},"end":{"line":527,"column":9}},"130":{"start":{"line":519,"column":25},"end":{"line":519,"column":49}},"131":{"start":{"line":520,"column":12},"end":{"line":523,"column":13}},"132":{"start":{"line":521,"column":33},"end":{"line":521,"column":66}},"133":{"start":{"line":522,"column":16},"end":{"line":522,"column":51}},"134":{"start":{"line":524,"column":12},"end":{"line":524,"column":40}},"135":{"start":{"line":525,"column":12},"end":{"line":525,"column":35}},"136":{"start":{"line":526,"column":12},"end":{"line":526,"column":31}},"137":{"start":{"line":535,"column":8},"end":{"line":537,"column":9}},"138":{"start":{"line":536,"column":12},"end":{"line":536,"column":19}},"139":{"start":{"line":540,"column":26},"end":{"line":540,"column":91}},"140":{"start":{"line":543,"column":8},"end":{"line":545,"column":9}},"141":{"start":{"line":544,"column":12},"end":{"line":544,"column":19}},"142":{"start":{"line":548,"column":28},"end":{"line":548,"column":60}},"143":{"start":{"line":551,"column":8},"end":{"line":553,"column":9}},"144":{"start":{"line":552,"column":12},"end":{"line":552,"column":33}},"145":{"start":{"line":563,"column":21},"end":{"line":563,"column":40}},"146":{"start":{"line":564,"column":8},"end":{"line":566,"column":9}},"147":{"start":{"line":565,"column":12},"end":{"line":565,"column":29}},"148":{"start":{"line":569,"column":8},"end":{"line":579,"column":9}},"149":{"start":{"line":570,"column":12},"end":{"line":570,"column":35}},"150":{"start":{"line":572,"column":12},"end":{"line":576,"column":13}},"151":{"start":{"line":573,"column":16},"end":{"line":573,"column":40}},"152":{"start":{"line":574,"column":19},"end":{"line":576,"column":13}},"153":{"start":{"line":575,"column":16},"end":{"line":575,"column":36}},"154":{"start":{"line":577,"column":12},"end":{"line":577,"column":31}},"155":{"start":{"line":578,"column":12},"end":{"line":578,"column":29}},"156":{"start":{"line":582,"column":8},"end":{"line":582,"column":37}},"157":{"start":{"line":585,"column":8},"end":{"line":589,"column":9}},"158":{"start":{"line":586,"column":12},"end":{"line":586,"column":36}},"159":{"start":{"line":587,"column":15},"end":{"line":589,"column":9}},"160":{"start":{"line":588,"column":12},"end":{"line":588,"column":32}},"161":{"start":{"line":591,"column":8},"end":{"line":591,"column":20}},"162":{"start":{"line":603,"column":20},"end":{"line":603,"column":30}},"163":{"start":{"line":604,"column":25},"end":{"line":604,"column":53}},"164":{"start":{"line":607,"column":8},"end":{"line":632,"column":9}},"165":{"start":{"line":608,"column":28},"end":{"line":608,"column":47}},"166":{"start":{"line":609,"column":12},"end":{"line":612,"column":13}},"167":{"start":{"line":610,"column":32},"end":{"line":610,"column":68}},"168":{"start":{"line":611,"column":16},"end":{"line":611,"column":50}},"169":{"start":{"line":614,"column":12},"end":{"line":631,"column":13}},"170":{"start":{"line":615,"column":16},"end":{"line":615,"column":40}},"171":{"start":{"line":616,"column":19},"end":{"line":631,"column":13}},"172":{"start":{"line":617,"column":32},"end":{"line":617,"column":51}},"173":{"start":{"line":618,"column":16},"end":{"line":630,"column":17}},"174":{"start":{"line":619,"column":36},"end":{"line":619,"column":55}},"175":{"start":{"line":620,"column":39},"end":{"line":620,"column":67}},"176":{"start":{"line":621,"column":20},"end":{"line":629,"column":21}},"177":{"start":{"line":622,"column":24},"end":{"line":622,"column":47}},"178":{"start":{"line":623,"column":24},"end":{"line":628,"column":25}},"179":{"start":{"line":624,"column":28},"end":{"line":624,"column":60}},"180":{"start":{"line":625,"column":28},"end":{"line":627,"column":29}},"181":{"start":{"line":626,"column":32},"end":{"line":626,"column":50}},"182":{"start":{"line":634,"column":37},"end":{"line":640,"column":10}},"183":{"start":{"line":642,"column":8},"end":{"line":642,"column":39}},"184":{"start":{"line":643,"column":8},"end":{"line":643,"column":28}},"185":{"start":{"line":646,"column":8},"end":{"line":646,"column":43}},"186":{"start":{"line":649,"column":8},"end":{"line":658,"column":9}},"187":{"start":{"line":650,"column":12},"end":{"line":650,"column":46}},"188":{"start":{"line":651,"column":15},"end":{"line":658,"column":9}},"189":{"start":{"line":653,"column":12},"end":{"line":655,"column":13}},"190":{"start":{"line":654,"column":16},"end":{"line":654,"column":50}},"191":{"start":{"line":656,"column":12},"end":{"line":656,"column":45}},"192":{"start":{"line":657,"column":12},"end":{"line":657,"column":32}},"193":{"start":{"line":661,"column":8},"end":{"line":661,"column":25}},"194":{"start":{"line":664,"column":8},"end":{"line":664,"column":36}},"195":{"start":{"line":666,"column":8},"end":{"line":666,"column":27}},"196":{"start":{"line":676,"column":8},"end":{"line":676,"column":27}},"197":{"start":{"line":678,"column":21},"end":{"line":678,"column":43}},"198":{"start":{"line":679,"column":8},"end":{"line":683,"column":9}},"199":{"start":{"line":680,"column":12},"end":{"line":680,"column":30}},"200":{"start":{"line":681,"column":12},"end":{"line":681,"column":31}},"201":{"start":{"line":682,"column":12},"end":{"line":682,"column":29}},"202":{"start":{"line":685,"column":8},"end":{"line":685,"column":28}},"203":{"start":{"line":686,"column":8},"end":{"line":686,"column":27}},"204":{"start":{"line":687,"column":8},"end":{"line":687,"column":25}},"205":{"start":{"line":699,"column":8},"end":{"line":699,"column":52}},"206":{"start":{"line":708,"column":8},"end":{"line":737,"column":9}},"207":{"start":{"line":710,"column":25},"end":{"line":710,"column":44}},"208":{"start":{"line":711,"column":12},"end":{"line":714,"column":13}},"209":{"start":{"line":712,"column":33},"end":{"line":712,"column":66}},"210":{"start":{"line":713,"column":16},"end":{"line":713,"column":51}},"211":{"start":{"line":717,"column":12},"end":{"line":734,"column":13}},"212":{"start":{"line":718,"column":16},"end":{"line":718,"column":40}},"213":{"start":{"line":719,"column":19},"end":{"line":734,"column":13}},"214":{"start":{"line":720,"column":29},"end":{"line":720,"column":48}},"215":{"start":{"line":721,"column":16},"end":{"line":733,"column":17}},"216":{"start":{"line":722,"column":33},"end":{"line":722,"column":49}},"217":{"start":{"line":723,"column":36},"end":{"line":723,"column":61}},"218":{"start":{"line":724,"column":20},"end":{"line":732,"column":21}},"219":{"start":{"line":725,"column":24},"end":{"line":725,"column":44}},"220":{"start":{"line":726,"column":24},"end":{"line":731,"column":25}},"221":{"start":{"line":727,"column":28},"end":{"line":727,"column":57}},"222":{"start":{"line":728,"column":28},"end":{"line":730,"column":29}},"223":{"start":{"line":729,"column":32},"end":{"line":729,"column":50}},"224":{"start":{"line":735,"column":12},"end":{"line":735,"column":35}},"225":{"start":{"line":736,"column":12},"end":{"line":736,"column":31}},"226":{"start":{"line":744,"column":8},"end":{"line":744,"column":27}},"227":{"start":{"line":746,"column":8},"end":{"line":746,"column":28}},"228":{"start":{"line":747,"column":8},"end":{"line":747,"column":28}},"229":{"start":{"line":748,"column":8},"end":{"line":748,"column":32}},"230":{"start":{"line":750,"column":8},"end":{"line":750,"column":32}},"231":{"start":{"line":751,"column":8},"end":{"line":751,"column":28}},"232":{"start":{"line":753,"column":8},"end":{"line":753,"column":35}},"233":{"start":{"line":754,"column":8},"end":{"line":754,"column":27}},"234":{"start":{"line":763,"column":21},"end":{"line":763,"column":40}},"235":{"start":{"line":764,"column":8},"end":{"line":766,"column":9}},"236":{"start":{"line":765,"column":12},"end":{"line":765,"column":30}},"237":{"start":{"line":775,"column":21},"end":{"line":775,"column":40}},"238":{"start":{"line":776,"column":8},"end":{"line":778,"column":9}},"239":{"start":{"line":777,"column":12},"end":{"line":777,"column":31}},"240":{"start":{"line":787,"column":26},"end":{"line":787,"column":48}},"241":{"start":{"line":788,"column":8},"end":{"line":792,"column":9}},"242":{"start":{"line":789,"column":12},"end":{"line":791,"column":13}},"243":{"start":{"line":790,"column":16},"end":{"line":790,"column":46}},"244":{"start":{"line":793,"column":8},"end":{"line":793,"column":25}},"245":{"start":{"line":802,"column":8},"end":{"line":802,"column":33}},"246":{"start":{"line":811,"column":8},"end":{"line":811,"column":31}},"247":{"start":{"line":821,"column":8},"end":{"line":821,"column":52}},"248":{"start":{"line":832,"column":8},"end":{"line":834,"column":9}},"249":{"start":{"line":833,"column":12},"end":{"line":833,"column":38}},"250":{"start":{"line":837,"column":24},"end":{"line":839,"column":10}},"251":{"start":{"line":838,"column":12},"end":{"line":838,"column":26}},"252":{"start":{"line":841,"column":8},"end":{"line":841,"column":37}},"253":{"start":{"line":843,"column":8},"end":{"line":846,"column":10}},"254":{"start":{"line":844,"column":12},"end":{"line":844,"column":23}},"255":{"start":{"line":845,"column":12},"end":{"line":845,"column":35}},"256":{"start":{"line":859,"column":19},"end":{"line":859,"column":32}},"257":{"start":{"line":860,"column":8},"end":{"line":862,"column":9}},"258":{"start":{"line":861,"column":12},"end":{"line":861,"column":24}},"259":{"start":{"line":865,"column":23},"end":{"line":865,"column":43}},"260":{"start":{"line":866,"column":8},"end":{"line":882,"column":9}},"261":{"start":{"line":868,"column":12},"end":{"line":868,"column":33}},"262":{"start":{"line":869,"column":12},"end":{"line":871,"column":13}},"263":{"start":{"line":870,"column":16},"end":{"line":870,"column":28}},"264":{"start":{"line":874,"column":12},"end":{"line":874,"column":35}},"265":{"start":{"line":877,"column":12},"end":{"line":877,"column":40}},"266":{"start":{"line":879,"column":12},"end":{"line":879,"column":24}},"267":{"start":{"line":881,"column":12},"end":{"line":881,"column":21}},"268":{"start":{"line":894,"column":23},"end":{"line":894,"column":43}},"269":{"start":{"line":895,"column":8},"end":{"line":899,"column":9}},"270":{"start":{"line":896,"column":12},"end":{"line":896,"column":47}},"271":{"start":{"line":898,"column":12},"end":{"line":898,"column":21}},"272":{"start":{"line":912,"column":8},"end":{"line":914,"column":9}},"273":{"start":{"line":913,"column":12},"end":{"line":913,"column":54}},"274":{"start":{"line":916,"column":8},"end":{"line":927,"column":9}},"275":{"start":{"line":917,"column":25},"end":{"line":917,"column":65}},"276":{"start":{"line":918,"column":12},"end":{"line":922,"column":13}},"277":{"start":{"line":920,"column":16},"end":{"line":920,"column":61}},"278":{"start":{"line":921,"column":16},"end":{"line":921,"column":36}},"279":{"start":{"line":923,"column":12},"end":{"line":923,"column":24}},"280":{"start":{"line":926,"column":12},"end":{"line":926,"column":32}},"281":{"start":{"line":152,"column":0},"end":{"line":152,"column":13}}},"fnMap":{"0":{"name":"(anonymous_0)","decl":{"start":{"line":8,"column":0},"end":{"line":8,"column":12}},"loc":{"start":{"line":8,"column":25},"end":{"line":11,"column":1}}},"1":{"name":"(anonymous_1)","decl":{"start":{"line":215,"column":4},"end":{"line":215,"column":16}},"loc":{"start":{"line":215,"column":49},"end":{"line":236,"column":5}}},"2":{"name":"(anonymous_2)","decl":{"start":{"line":241,"column":4},"end":{"line":241,"column":11}},"loc":{"start":{"line":241,"column":11},"end":{"line":250,"column":5}}},"3":{"name":"(anonymous_3)","decl":{"start":{"line":257,"column":12},"end":{"line":257,"column":24}},"loc":{"start":{"line":257,"column":53},"end":{"line":272,"column":5}}},"4":{"name":"(anonymous_4)","decl":{"start":{"line":278,"column":12},"end":{"line":278,"column":25}},"loc":{"start":{"line":278,"column":37},"end":{"line":295,"column":5}}},"5":{"name":"(anonymous_5)","decl":{"start":{"line":301,"column":12},"end":{"line":301,"column":25}},"loc":{"start":{"line":301,"column":37},"end":{"line":307,"column":5}}},"6":{"name":"(anonymous_6)","decl":{"start":{"line":313,"column":12},"end":{"line":313,"column":21}},"loc":{"start":{"line":313,"column":33},"end":{"line":340,"column":5}}},"7":{"name":"(anonymous_7)","decl":{"start":{"line":346,"column":12},"end":{"line":346,"column":25}},"loc":{"start":{"line":346,"column":25},"end":{"line":366,"column":5}}},"8":{"name":"(anonymous_8)","decl":{"start":{"line":371,"column":12},"end":{"line":371,"column":29}},"loc":{"start":{"line":371,"column":29},"end":{"line":380,"column":5}}},"9":{"name":"(anonymous_9)","decl":{"start":{"line":377,"column":40},"end":{"line":377,"column":43}},"loc":{"start":{"line":377,"column":45},"end":{"line":379,"column":9}}},"10":{"name":"(anonymous_10)","decl":{"start":{"line":385,"column":12},"end":{"line":385,"column":26}},"loc":{"start":{"line":385,"column":26},"end":{"line":420,"column":5}}},"11":{"name":"(anonymous_11)","decl":{"start":{"line":427,"column":12},"end":{"line":427,"column":29}},"loc":{"start":{"line":427,"column":39},"end":{"line":455,"column":5}}},"12":{"name":"(anonymous_12)","decl":{"start":{"line":445,"column":39},"end":{"line":445,"column":40}},"loc":{"start":{"line":445,"column":56},"end":{"line":445,"column":92}}},"13":{"name":"(anonymous_13)","decl":{"start":{"line":448,"column":55},"end":{"line":448,"column":56}},"loc":{"start":{"line":448,"column":79},"end":{"line":450,"column":21}}},"14":{"name":"(anonymous_14)","decl":{"start":{"line":460,"column":12},"end":{"line":460,"column":23}},"loc":{"start":{"line":460,"column":23},"end":{"line":465,"column":5}}},"15":{"name":"(anonymous_15)","decl":{"start":{"line":473,"column":12},"end":{"line":473,"column":27}},"loc":{"start":{"line":473,"column":49},"end":{"line":485,"column":5}}},"16":{"name":"(anonymous_16)","decl":{"start":{"line":491,"column":12},"end":{"line":491,"column":21}},"loc":{"start":{"line":491,"column":44},"end":{"line":528,"column":5}}},"17":{"name":"(anonymous_17)","decl":{"start":{"line":533,"column":12},"end":{"line":533,"column":32}},"loc":{"start":{"line":533,"column":32},"end":{"line":554,"column":5}}},"18":{"name":"(anonymous_18)","decl":{"start":{"line":562,"column":12},"end":{"line":562,"column":24}},"loc":{"start":{"line":562,"column":36},"end":{"line":592,"column":5}}},"19":{"name":"(anonymous_19)","decl":{"start":{"line":602,"column":12},"end":{"line":602,"column":24}},"loc":{"start":{"line":602,"column":88},"end":{"line":667,"column":5}}},"20":{"name":"(anonymous_20)","decl":{"start":{"line":675,"column":4},"end":{"line":675,"column":7}},"loc":{"start":{"line":675,"column":19},"end":{"line":688,"column":5}}},"21":{"name":"(anonymous_21)","decl":{"start":{"line":698,"column":4},"end":{"line":698,"column":7}},"loc":{"start":{"line":698,"column":71},"end":{"line":700,"column":5}}},"22":{"name":"(anonymous_22)","decl":{"start":{"line":707,"column":4},"end":{"line":707,"column":10}},"loc":{"start":{"line":707,"column":22},"end":{"line":738,"column":5}}},"23":{"name":"(anonymous_23)","decl":{"start":{"line":743,"column":4},"end":{"line":743,"column":9}},"loc":{"start":{"line":743,"column":9},"end":{"line":755,"column":5}}},"24":{"name":"(anonymous_24)","decl":{"start":{"line":762,"column":4},"end":{"line":762,"column":15}},"loc":{"start":{"line":762,"column":27},"end":{"line":767,"column":5}}},"25":{"name":"(anonymous_25)","decl":{"start":{"line":774,"column":4},"end":{"line":774,"column":15}},"loc":{"start":{"line":774,"column":27},"end":{"line":779,"column":5}}},"26":{"name":"(anonymous_26)","decl":{"start":{"line":786,"column":4},"end":{"line":786,"column":16}},"loc":{"start":{"line":786,"column":16},"end":{"line":794,"column":5}}},"27":{"name":"(anonymous_27)","decl":{"start":{"line":801,"column":4},"end":{"line":801,"column":12}},"loc":{"start":{"line":801,"column":12},"end":{"line":803,"column":5}}},"28":{"name":"(anonymous_28)","decl":{"start":{"line":810,"column":4},"end":{"line":810,"column":11}},"loc":{"start":{"line":810,"column":11},"end":{"line":812,"column":5}}},"29":{"name":"(anonymous_29)","decl":{"start":{"line":820,"column":4},"end":{"line":820,"column":7}},"loc":{"start":{"line":820,"column":19},"end":{"line":822,"column":5}}},"30":{"name":"(anonymous_30)","decl":{"start":{"line":830,"column":12},"end":{"line":830,"column":17}},"loc":{"start":{"line":830,"column":34},"end":{"line":847,"column":5}}},"31":{"name":"(anonymous_31)","decl":{"start":{"line":837,"column":42},"end":{"line":837,"column":43}},"loc":{"start":{"line":837,"column":50},"end":{"line":839,"column":9}}},"32":{"name":"(anonymous_32)","decl":{"start":{"line":843,"column":15},"end":{"line":843,"column":18}},"loc":{"start":{"line":843,"column":20},"end":{"line":846,"column":9}}},"33":{"name":"(anonymous_33)","decl":{"start":{"line":857,"column":4},"end":{"line":857,"column":9}},"loc":{"start":{"line":857,"column":75},"end":{"line":883,"column":5}}},"34":{"name":"(anonymous_34)","decl":{"start":{"line":893,"column":4},"end":{"line":893,"column":9}},"loc":{"start":{"line":893,"column":81},"end":{"line":900,"column":5}}},"35":{"name":"(anonymous_35)","decl":{"start":{"line":911,"column":4},"end":{"line":911,"column":9}},"loc":{"start":{"line":911,"column":122},"end":{"line":928,"column":5}}}},"branchMap":{"0":{"loc":{"start":{"line":8,"column":12},"end":{"line":8,"column":null}},"type":"binary-expr","locations":[{"start":{"line":8,"column":12},"end":{"line":8,"column":25}},{"start":{"line":8,"column":25},"end":{"line":8,"column":null}}]},"1":{"loc":{"start":{"line":215,"column":16},"end":{"line":215,"column":49}},"type":"default-arg","locations":[{"start":{"line":215,"column":47},"end":{"line":215,"column":49}}]},"2":{"loc":{"start":{"line":231,"column":36},"end":{"line":231,"column":67}},"type":"binary-expr","locations":[{"start":{"line":231,"column":36},"end":{"line":231,"column":62}},{"start":{"line":231,"column":66},"end":{"line":231,"column":67}}]},"3":{"loc":{"start":{"line":242,"column":8},"end":{"line":245,"column":9}},"type":"if","locations":[{"start":{"line":242,"column":8},"end":{"line":245,"column":9}},{"start":{},"end":{}}]},"4":{"loc":{"start":{"line":262,"column":8},"end":{"line":264,"column":9}},"type":"if","locations":[{"start":{"line":262,"column":8},"end":{"line":264,"column":9}},{"start":{},"end":{}}]},"5":{"loc":{"start":{"line":267,"column":8},"end":{"line":269,"column":9}},"type":"if","locations":[{"start":{"line":267,"column":8},"end":{"line":269,"column":9}},{"start":{},"end":{}}]},"6":{"loc":{"start":{"line":280,"column":8},"end":{"line":280,"column":26}},"type":"if","locations":[{"start":{"line":280,"column":8},"end":{"line":280,"column":26}},{"start":{},"end":{}}]},"7":{"loc":{"start":{"line":282,"column":8},"end":{"line":286,"column":9}},"type":"if","locations":[{"start":{"line":282,"column":8},"end":{"line":286,"column":9}},{"start":{"line":284,"column":15},"end":{"line":286,"column":9}}]},"8":{"loc":{"start":{"line":283,"column":29},"end":{"line":283,"column":46}},"type":"binary-expr","locations":[{"start":{"line":283,"column":29},"end":{"line":283,"column":38}},{"start":{"line":283,"column":42},"end":{"line":283,"column":46}}]},"9":{"loc":{"start":{"line":285,"column":27},"end":{"line":285,"column":44}},"type":"binary-expr","locations":[{"start":{"line":285,"column":27},"end":{"line":285,"column":36}},{"start":{"line":285,"column":40},"end":{"line":285,"column":44}}]},"10":{"loc":{"start":{"line":288,"column":8},"end":{"line":292,"column":9}},"type":"if","locations":[{"start":{"line":288,"column":8},"end":{"line":292,"column":9}},{"start":{"line":290,"column":15},"end":{"line":292,"column":9}}]},"11":{"loc":{"start":{"line":289,"column":29},"end":{"line":289,"column":46}},"type":"binary-expr","locations":[{"start":{"line":289,"column":29},"end":{"line":289,"column":38}},{"start":{"line":289,"column":42},"end":{"line":289,"column":46}}]},"12":{"loc":{"start":{"line":291,"column":27},"end":{"line":291,"column":44}},"type":"binary-expr","locations":[{"start":{"line":291,"column":27},"end":{"line":291,"column":36}},{"start":{"line":291,"column":40},"end":{"line":291,"column":44}}]},"13":{"loc":{"start":{"line":304,"column":8},"end":{"line":306,"column":9}},"type":"if","locations":[{"start":{"line":304,"column":8},"end":{"line":306,"column":9}},{"start":{},"end":{}}]},"14":{"loc":{"start":{"line":315,"column":8},"end":{"line":315,"column":26}},"type":"if","locations":[{"start":{"line":315,"column":8},"end":{"line":315,"column":26}},{"start":{},"end":{}}]},"15":{"loc":{"start":{"line":320,"column":8},"end":{"line":329,"column":9}},"type":"if","locations":[{"start":{"line":320,"column":8},"end":{"line":329,"column":9}},{"start":{},"end":{}}]},"16":{"loc":{"start":{"line":322,"column":12},"end":{"line":328,"column":13}},"type":"if","locations":[{"start":{"line":322,"column":12},"end":{"line":328,"column":13}},{"start":{},"end":{}}]},"17":{"loc":{"start":{"line":325,"column":16},"end":{"line":327,"column":17}},"type":"if","locations":[{"start":{"line":325,"column":16},"end":{"line":327,"column":17}},{"start":{},"end":{}}]},"18":{"loc":{"start":{"line":336,"column":8},"end":{"line":338,"column":9}},"type":"if","locations":[{"start":{"line":336,"column":8},"end":{"line":338,"column":9}},{"start":{},"end":{}}]},"19":{"loc":{"start":{"line":349,"column":8},"end":{"line":349,"column":67}},"type":"if","locations":[{"start":{"line":349,"column":8},"end":{"line":349,"column":67}},{"start":{},"end":{}}]},"20":{"loc":{"start":{"line":349,"column":12},"end":{"line":349,"column":48}},"type":"binary-expr","locations":[{"start":{"line":349,"column":12},"end":{"line":349,"column":23}},{"start":{"line":349,"column":27},"end":{"line":349,"column":48}}]},"21":{"loc":{"start":{"line":353,"column":8},"end":{"line":353,"column":45}},"type":"if","locations":[{"start":{"line":353,"column":8},"end":{"line":353,"column":45}},{"start":{},"end":{}}]},"22":{"loc":{"start":{"line":356,"column":8},"end":{"line":363,"column":9}},"type":"if","locations":[{"start":{"line":356,"column":8},"end":{"line":363,"column":9}},{"start":{},"end":{}}]},"23":{"loc":{"start":{"line":360,"column":12},"end":{"line":362,"column":13}},"type":"if","locations":[{"start":{"line":360,"column":12},"end":{"line":362,"column":13}},{"start":{},"end":{}}]},"24":{"loc":{"start":{"line":373,"column":8},"end":{"line":375,"column":9}},"type":"if","locations":[{"start":{"line":373,"column":8},"end":{"line":375,"column":9}},{"start":{},"end":{}}]},"25":{"loc":{"start":{"line":390,"column":12},"end":{"line":414,"column":13}},"type":"if","locations":[{"start":{"line":390,"column":12},"end":{"line":414,"column":13}},{"start":{},"end":{}}]},"26":{"loc":{"start":{"line":396,"column":16},"end":{"line":410,"column":17}},"type":"if","locations":[{"start":{"line":396,"column":16},"end":{"line":410,"column":17}},{"start":{"line":398,"column":23},"end":{"line":410,"column":17}}]},"27":{"loc":{"start":{"line":398,"column":23},"end":{"line":410,"column":17}},"type":"if","locations":[{"start":{"line":398,"column":23},"end":{"line":410,"column":17}},{"start":{},"end":{}}]},"28":{"loc":{"start":{"line":401,"column":20},"end":{"line":409,"column":21}},"type":"if","locations":[{"start":{"line":401,"column":20},"end":{"line":409,"column":21}},{"start":{},"end":{}}]},"29":{"loc":{"start":{"line":403,"column":24},"end":{"line":408,"column":25}},"type":"if","locations":[{"start":{"line":403,"column":24},"end":{"line":408,"column":25}},{"start":{},"end":{}}]},"30":{"loc":{"start":{"line":405,"column":28},"end":{"line":407,"column":29}},"type":"if","locations":[{"start":{"line":405,"column":28},"end":{"line":407,"column":29}},{"start":{},"end":{}}]},"31":{"loc":{"start":{"line":417,"column":8},"end":{"line":419,"column":9}},"type":"if","locations":[{"start":{"line":417,"column":8},"end":{"line":419,"column":9}},{"start":{},"end":{}}]},"32":{"loc":{"start":{"line":428,"column":8},"end":{"line":430,"column":9}},"type":"if","locations":[{"start":{"line":428,"column":8},"end":{"line":430,"column":9}},{"start":{},"end":{}}]},"33":{"loc":{"start":{"line":428,"column":12},"end":{"line":428,"column":47}},"type":"binary-expr","locations":[{"start":{"line":428,"column":12},"end":{"line":428,"column":25}},{"start":{"line":428,"column":29},"end":{"line":428,"column":47}}]},"34":{"loc":{"start":{"line":432,"column":8},"end":{"line":454,"column":9}},"type":"switch","locations":[{"start":{"line":433,"column":12},"end":{"line":435,"column":39}},{"start":{"line":436,"column":12},"end":{"line":438,"column":25}},{"start":{"line":439,"column":12},"end":{"line":441,"column":25}},{"start":{"line":442,"column":12},"end":{"line":451,"column":17}},{"start":{"line":452,"column":12},"end":{"line":453,"column":25}}]},"35":{"loc":{"start":{"line":443,"column":16},"end":{"line":451,"column":17}},"type":"if","locations":[{"start":{"line":443,"column":16},"end":{"line":451,"column":17}},{"start":{"line":446,"column":23},"end":{"line":451,"column":17}}]},"36":{"loc":{"start":{"line":462,"column":29},"end":{"line":464,"column":15}},"type":"cond-expr","locations":[{"start":{"line":463,"column":14},"end":{"line":463,"column":48}},{"start":{"line":464,"column":14},"end":{"line":464,"column":15}}]},"37":{"loc":{"start":{"line":474,"column":27},"end":{"line":474,"column":68}},"type":"binary-expr","locations":[{"start":{"line":474,"column":27},"end":{"line":474,"column":39}},{"start":{"line":474,"column":43},"end":{"line":474,"column":68}}]},"38":{"loc":{"start":{"line":478,"column":8},"end":{"line":482,"column":9}},"type":"if","locations":[{"start":{"line":478,"column":8},"end":{"line":482,"column":9}},{"start":{},"end":{}}]},"39":{"loc":{"start":{"line":478,"column":12},"end":{"line":478,"column":70}},"type":"binary-expr","locations":[{"start":{"line":478,"column":12},"end":{"line":478,"column":49}},{"start":{"line":478,"column":53},"end":{"line":478,"column":70}}]},"40":{"loc":{"start":{"line":491,"column":22},"end":{"line":491,"column":44}},"type":"default-arg","locations":[{"start":{"line":491,"column":39},"end":{"line":491,"column":44}}]},"41":{"loc":{"start":{"line":493,"column":8},"end":{"line":495,"column":9}},"type":"if","locations":[{"start":{"line":493,"column":8},"end":{"line":495,"column":9}},{"start":{},"end":{}}]},"42":{"loc":{"start":{"line":493,"column":12},"end":{"line":493,"column":60}},"type":"binary-expr","locations":[{"start":{"line":493,"column":12},"end":{"line":493,"column":18}},{"start":{"line":493,"column":22},"end":{"line":493,"column":60}}]},"43":{"loc":{"start":{"line":498,"column":8},"end":{"line":500,"column":9}},"type":"if","locations":[{"start":{"line":498,"column":8},"end":{"line":500,"column":9}},{"start":{},"end":{}}]},"44":{"loc":{"start":{"line":504,"column":8},"end":{"line":516,"column":9}},"type":"switch","locations":[{"start":{"line":505,"column":12},"end":{"line":511,"column":22}},{"start":{"line":512,"column":12},"end":{"line":515,"column":22}}]},"45":{"loc":{"start":{"line":507,"column":16},"end":{"line":510,"column":17}},"type":"if","locations":[{"start":{"line":507,"column":16},"end":{"line":510,"column":17}},{"start":{},"end":{}}]},"46":{"loc":{"start":{"line":507,"column":20},"end":{"line":507,"column":52}},"type":"binary-expr","locations":[{"start":{"line":507,"column":20},"end":{"line":507,"column":32}},{"start":{"line":507,"column":36},"end":{"line":507,"column":52}}]},"47":{"loc":{"start":{"line":518,"column":8},"end":{"line":527,"column":9}},"type":"if","locations":[{"start":{"line":518,"column":8},"end":{"line":527,"column":9}},{"start":{},"end":{}}]},"48":{"loc":{"start":{"line":520,"column":12},"end":{"line":523,"column":13}},"type":"if","locations":[{"start":{"line":520,"column":12},"end":{"line":523,"column":13}},{"start":{},"end":{}}]},"49":{"loc":{"start":{"line":535,"column":8},"end":{"line":537,"column":9}},"type":"if","locations":[{"start":{"line":535,"column":8},"end":{"line":537,"column":9}},{"start":{},"end":{}}]},"50":{"loc":{"start":{"line":540,"column":56},"end":{"line":540,"column":90}},"type":"binary-expr","locations":[{"start":{"line":540,"column":56},"end":{"line":540,"column":83}},{"start":{"line":540,"column":87},"end":{"line":540,"column":90}}]},"51":{"loc":{"start":{"line":543,"column":8},"end":{"line":545,"column":9}},"type":"if","locations":[{"start":{"line":543,"column":8},"end":{"line":545,"column":9}},{"start":{},"end":{}}]},"52":{"loc":{"start":{"line":551,"column":15},"end":{"line":551,"column":74}},"type":"binary-expr","locations":[{"start":{"line":551,"column":15},"end":{"line":551,"column":51}},{"start":{"line":551,"column":55},"end":{"line":551,"column":74}}]},"53":{"loc":{"start":{"line":564,"column":8},"end":{"line":566,"column":9}},"type":"if","locations":[{"start":{"line":564,"column":8},"end":{"line":566,"column":9}},{"start":{},"end":{}}]},"54":{"loc":{"start":{"line":569,"column":8},"end":{"line":579,"column":9}},"type":"if","locations":[{"start":{"line":569,"column":8},"end":{"line":579,"column":9}},{"start":{},"end":{}}]},"55":{"loc":{"start":{"line":572,"column":12},"end":{"line":576,"column":13}},"type":"if","locations":[{"start":{"line":572,"column":12},"end":{"line":576,"column":13}},{"start":{"line":574,"column":19},"end":{"line":576,"column":13}}]},"56":{"loc":{"start":{"line":574,"column":19},"end":{"line":576,"column":13}},"type":"if","locations":[{"start":{"line":574,"column":19},"end":{"line":576,"column":13}},{"start":{},"end":{}}]},"57":{"loc":{"start":{"line":585,"co
[...]
"column":40}},"55":{"start":{"line":126,"column":25},"end":{"line":126,"column":27}},"56":{"start":{"line":127,"column":16},"end":{"line":127,"column":17}},"57":{"start":{"line":127,"column":23},"end":{"line":127,"column":24}},"58":{"start":{"line":128,"column":8},"end":{"line":146,"column":9}},"59":{"start":{"line":129,"column":22},"end":{"line":129,"column":37}},"60":{"start":{"line":130,"column":22},"end":{"line":130,"column":38}},"61":{"start":{"line":134,"column":12},"end":{"line":142,"column":13}},"62":{"start":{"line":135,"column":16},"end":{"line":135,"column":24}},"63":{"start":{"line":136,"column":19},"end":{"line":142,"column":13}},"64":{"start":{"line":137,"column":16},"end":{"line":137,"column":24}},"65":{"start":{"line":138,"column":19},"end":{"line":142,"column":13}},"66":{"start":{"line":139,"column":16},"end":{"line":139,"column":25}},"67":{"start":{"line":141,"column":16},"end":{"line":141,"column":49}},"68":{"start":{"line":144,"column":12},"end":{"line":145,"column":38}},"69":{"start":{"line":144,"column":32},"end":{"line":144,"column":52}},"70":{"start":{"line":145,"column":17},"end":{"line":145,"column":38}},"71":{"start":{"line":147,"column":8},"end":{"line":147,"column":64}},"72":{"start":{"line":156,"column":8},"end":{"line":156,"column":40}},"73":{"start":{"line":156,"column":29},"end":{"line":156,"column":40}},"74":{"start":{"line":157,"column":20},"end":{"line":157,"column":46}},"75":{"start":{"line":158,"column":8},"end":{"line":158,"column":78}},"76":{"start":{"line":161,"column":4},"end":{"line":161,"column":35}},"77":{"start":{"line":175,"column":4},"end":{"line":175,"column":46}},"78":{"start":{"line":175,"column":36},"end":{"line":175,"column":46}},"79":{"start":{"line":177,"column":16},"end":{"line":177,"column":40}},"80":{"start":{"line":179,"column":4},"end":{"line":188,"column":7}},"81":{"start":{"line":180,"column":19},"end":{"line":180,"column":28}},"82":{"start":{"line":181,"column":19},"end":{"line":181,"column":28}},"83":{"start":{"line":184,"column":8},"end":{"line":184,"column":54}},"84":{"start":{"line":184,"column":45},"end":{"line":184,"column":54}},"85":{"start":{"line":185,"column":8},"end":{"line":185,"column":55}},"86":{"start":{"line":185,"column":45},"end":{"line":185,"column":55}},"87":{"start":{"line":187,"column":8},"end":{"line":187,"column":58}}},"fnMap":{"0":{"name":"sortByColumn","decl":{"start":{"line":17,"column":16},"end":{"line":17,"column":28}},"loc":{"start":{"line":17,"column":89},"end":{"line":32,"column":1}}},"1":{"name":"(anonymous_1)","decl":{"start":{"line":22,"column":29},"end":{"line":22,"column":30}},"loc":{"start":{"line":22,"column":38},"end":{"line":31,"column":5}}},"2":{"name":"sortByColumnFast","decl":{"start":{"line":45,"column":16},"end":{"line":45,"column":32}},"loc":{"start":{"line":45,"column":93},"end":{"line":62,"column":1}}},"3":{"name":"(anonymous_3)","decl":{"start":{"line":50,"column":29},"end":{"line":50,"column":30}},"loc":{"start":{"line":50,"column":38},"end":{"line":61,"column":5}}},"4":{"name":"sortByColumnCounting","decl":{"start":{"line":75,"column":16},"end":{"line":75,"column":36}},"loc":{"start":{"line":75,"column":97},"end":{"line":102,"column":1}}},"5":{"name":"(anonymous_5)","decl":{"start":{"line":85,"column":45},"end":{"line":85,"column":46}},"loc":{"start":{"line":85,"column":54},"end":{"line":89,"column":5}}},"6":{"name":"sortByColumnMerge","decl":{"start":{"line":114,"column":16},"end":{"line":114,"column":33}},"loc":{"start":{"line":114,"column":94},"end":{"line":162,"column":1}}},"7":{"name":"merge","decl":{"start":{"line":125,"column":13},"end":{"line":125,"column":18}},"loc":{"start":{"line":125,"column":40},"end":{"line":148,"column":5}}},"8":{"name":"mergeSort","decl":{"start":{"line":155,"column":13},"end":{"line":155,"column":22}},"loc":{"start":{"line":155,"column":31},"end":{"line":159,"column":5}}},"9":{"name":"sortByColumnSlow","decl":{"start":{"line":174,"column":16},"end":{"line":174,"column":32}},"loc":{"start":{"line":174,"column":93},"end":{"line":189,"column":1}}},"10":{"name":"(anonymous_10)","decl":{"start":{"line":179,"column":29},"end":{"line":179,"column":30}},"loc":{"start":{"line":179,"column":38},"end":{"line":188,"column":5}}}},"branchMap":{"0":{"loc":{"start":{"line":17,"column":60},"end":{"line":17,"column":89}},"type":"default-arg","locations":[{"start":{"line":17,"column":84},"end":{"line":17,"column":89}}]},"1":{"loc":{"start":{"line":18,"column":4},"end":{"line":18,"column":46}},"type":"if","locations":[{"start":{"line":18,"column":4},"end":{"line":18,"column":46}},{"start":{},"end":{}}]},"2":{"loc":{"start":{"line":18,"column":8},"end":{"line":18,"column":34}},"type":"binary-expr","locations":[{"start":{"line":18,"column":8},"end":{"line":18,"column":13}},{"start":{"line":18,"column":17},"end":{"line":18,"column":34}}]},"3":{"loc":{"start":{"line":20,"column":16},"end":{"line":20,"column":40}},"type":"cond-expr","locations":[{"start":{"line":20,"column":34},"end":{"line":20,"column":35}},{"start":{"line":20,"column":38},"end":{"line":20,"column":40}}]},"4":{"loc":{"start":{"line":27,"column":8},"end":{"line":27,"column":54}},"type":"if","locations":[{"start":{"line":27,"column":8},"end":{"line":27,"column":54}},{"start":{},"end":{}}]},"5":{"loc":{"start":{"line":27,"column":12},"end":{"line":27,"column":43}},"type":"binary-expr","locations":[{"start":{"line":27,"column":12},"end":{"line":27,"column":23}},{"start":{"line":27,"column":27},"end":{"line":27,"column":43}}]},"6":{"loc":{"start":{"line":28,"column":8},"end":{"line":28,"column":55}},"type":"if","locations":[{"start":{"line":28,"column":8},"end":{"line":28,"column":55}},{"start":{},"end":{}}]},"7":{"loc":{"start":{"line":28,"column":12},"end":{"line":28,"column":43}},"type":"binary-expr","locations":[{"start":{"line":28,"column":12},"end":{"line":28,"column":23}},{"start":{"line":28,"column":27},"end":{"line":28,"column":43}}]},"8":{"loc":{"start":{"line":30,"column":15},"end":{"line":30,"column":49}},"type":"cond-expr","locations":[{"start":{"line":30,"column":25},"end":{"line":30,"column":29}},{"start":{"line":30,"column":32},"end":{"line":30,"column":49}}]},"9":{"loc":{"start":{"line":30,"column":32},"end":{"line":30,"column":49}},"type":"cond-expr","locations":[{"start":{"line":30,"column":42},"end":{"line":30,"column":45}},{"start":{"line":30,"column":48},"end":{"line":30,"column":49}}]},"10":{"loc":{"start":{"line":45,"column":64},"end":{"line":45,"column":93}},"type":"default-arg","locations":[{"start":{"line":45,"column":88},"end":{"line":45,"column":93}}]},"11":{"loc":{"start":{"line":46,"column":4},"end":{"line":46,"column":46}},"type":"if","locations":[{"start":{"line":46,"column":4},"end":{"line":46,"column":46}},{"start":{},"end":{}}]},"12":{"loc":{"start":{"line":46,"column":8},"end":{"line":46,"column":34}},"type":"binary-expr","locations":[{"start":{"line":46,"column":8},"end":{"line":46,"column":13}},{"start":{"line":46,"column":17},"end":{"line":46,"column":34}}]},"13":{"loc":{"start":{"line":48,"column":16},"end":{"line":48,"column":40}},"type":"cond-expr","locations":[{"start":{"line":48,"column":34},"end":{"line":48,"column":35}},{"start":{"line":48,"column":38},"end":{"line":48,"column":40}}]},"14":{"loc":{"start":{"line":55,"column":8},"end":{"line":55,"column":54}},"type":"if","locations":[{"start":{"line":55,"column":8},"end":{"line":55,"column":54}},{"start":{},"end":{}}]},"15":{"loc":{"start":{"line":55,"column":12},"end":{"line":55,"column":43}},"type":"binary-expr","locations":[{"start":{"line":55,"column":12},"end":{"line":55,"column":23}},{"start":{"line":55,"column":27},"end":{"line":55,"column":43}}]},"16":{"loc":{"start":{"line":56,"column":8},"end":{"line":56,"column":55}},"type":"if","locations":[{"start":{"line":56,"column":8},"end":{"line":56,"column":55}},{"start":{},"end":{}}]},"17":{"loc":{"start":{"line":56,"column":12},"end":{"line":56,"column":43}},"type":"binary-expr","locations":[{"start":{"line":56,"column":12},"end":{"line":56,"column":23}},{"start":{"line":56,"column":27},"end":{"line":56,"column":43}}]},"18":{"loc":{"start":{"line":60,"column":15},"end":{"line":60,"column":59}},"type":"cond-expr","locations":[{"start":{"line":60,"column":31},"end":{"line":60,"column":32}},{"start":{"line":60,"column":35},"end":{"line":60,"column":59}}]},"19":{"loc":{"start":{"line":60,"column":35},"end":{"line":60,"column":59}},"type":"cond-expr","locations":[{"start":{"line":60,"column":49},"end":{"line":60,"column":53}},{"start":{"line":60,"column":56},"end":{"line":60,"column":59}}]},"20":{"loc":{"start":{"line":75,"column":68},"end":{"line":75,"column":97}},"type":"default-arg","locations":[{"start":{"line":75,"column":92},"end":{"line":75,"column":97}}]},"21":{"loc":{"start":{"line":76,"column":4},"end":{"line":76,"column":46}},"type":"if","locations":[{"start":{"line":76,"column":4},"end":{"line":76,"column":46}},{"start":{},"end":{}}]},"22":{"loc":{"start":{"line":76,"column":8},"end":{"line":76,"column":34}},"type":"binary-expr","locations":[{"start":{"line":76,"column":8},"end":{"line":76,"column":13}},{"start":{"line":76,"column":17},"end":{"line":76,"column":34}}]},"23":{"loc":{"start":{"line":81,"column":8},"end":{"line":81,"column":44}},"type":"if","locations":[{"start":{"line":81,"column":8},"end":{"line":81,"column":44}},{"start":{},"end":{}}]},"24":{"loc":{"start":{"line":86,"column":8},"end":{"line":86,"column":34}},"type":"if","locations":[{"start":{"line":86,"column":8},"end":{"line":86,"column":34}},{"start":{},"end":{}}]},"25":{"loc":{"start":{"line":87,"column":8},"end":{"line":87,"column":33}},"type":"if","locations":[{"start":{"line":87,"column":8},"end":{"line":87,"column":33}},{"start":{},"end":{}}]},"26":{"loc":{"start":{"line":88,"column":15},"end":{"line":88,"column":41}},"type":"cond-expr","locations":[{"start":{"line":88,"column":23},"end":{"line":88,"column":25}},{"start":{"line":88,"column":28},"end":{"line":88,"column":41}}]},"27":{"loc":{"start":{"line":88,"column":28},"end":{"line":88,"column":41}},"type":"cond-expr","locations":[{"start":{"line":88,"column":36},"end":{"line":88,"column":37}},{"start":{"line":88,"column":40},"end":{"line":88,"column":41}}]},"28":{"loc":{"start":{"line":91,"column":4},"end":{"line":91,"column":41}},"type":"if","locations":[{"start":{"line":91,"column":4},"end":{"line":91,"column":41}},{"start":{},"end":{}}]},"29":{"loc":{"start":{"line":114,"column":65},"end":{"line":114,"column":94}},"type":"default-arg","locations":[{"start":{"line":114,"column":89},"end":{"line":114,"column":94}}]},"30":{"loc":{"start":{"line":115,"column":4},"end":{"line":115,"column":46}},"type":"if","locations":[{"start":{"line":115,"column":4},"end":{"line":115,"column":46}},{"start":{},"end":{}}]},"31":{"loc":{"start":{"line":115,"column":8},"end":{"line":115,"column":34}},"type":"binary-expr","locations":[{"start":{"line":115,"column":8},"end":{"line":115,"column":13}},{"start":{"line":115,"column":17},"end":{"line":115,"column":34}}]},"32":{"loc":{"start":{"line":117,"column":16},"end":{"line":117,"column":40}},"type":"cond-expr","locations":[{"start":{"line":117,"column":34},"end":{"line":117,"column":35}},{"start":{"line":117,"column":38},"end":{"line":117,"column":40}}]},"33":{"loc":{"start":{"line":128,"column":15},"end":{"line":128,"column":50}},"type":"binary-expr","locations":[{"start":{"line":128,"column":15},"end":{"line":128,"column":30}},{"start":{"line":128,"column":34},"end":{"line":128,"column":50}}]},"34":{"loc":{"start":{"line":134,"column":12},"end":{"line":142,"column":13}},"type":"if","locations":[{"start":{"line":134,"column":12},"end":{"line":142,"column":13}},{"start":{"line":136,"column":19},"end":{"line":142,"column":13}}]},"35":{"loc":{"start":{"line":134,"column":16},"end":{"line":134,"column":82}},"type":"binary-expr","locations":[{"start":{"line":134,"column":17},"end":{"line":134,"column":27}},{"start":{"line":134,"column":31},"end":{"line":134,"column":46}},{"start":{"line":134,"column":52},"end":{"line":134,"column":62}},{"start":{"line":134,"column":66},"end":{"line":134,"column":81}}]},"36":{"loc":{"start":{"line":136,"column":19},"end":{"line":142,"column":13}},"type":"if","locations":[{"start":{"line":136,"column":19},"end":{"line":142,"column":13}},{"start":{"line":138,"column":19},"end":{"line":142,"column":13}}]},"37":{"loc":{"start":{"line":136,"column":23},"end":{"line":136,"column":52}},"type":"binary-expr","locations":[{"start":{"line":136,"column":23},"end":{"line":136,"column":33}},{"start":{"line":136,"column":37},"end":{"line":136,"column":52}}]},"38":{"loc":{"start":{"line":138,"column":19},"end":{"line":142,"column":13}},"type":"if","locations":[{"start":{"line":138,"column":19},"end":{"line":142,"column":13}},{"start":{"line":140,"column":19},"end":{"line":142,"column":13}}]},"39":{"loc":{"start":{"line":138,"column":23},"end":{"line":138,"column":52}},"type":"binary-expr","locations":[{"start":{"line":138,"column":23},"end":{"line":138,"column":33}},{"start":{"line":138,"column":37},"end":{"line":138,"column":52}}]},"40":{"loc":{"start":{"line":141,"column":22},"end":{"line":141,"column":48}},"type":"cond-expr","locations":[{"start":{"line":141,"column":30},"end":{"line":141,"column":32}},{"start":{"line":141,"column":35},"end":{"line":141,"column":48}}]},"41":{"loc":{"start":{"line":141,"column":35},"end":{"line":141,"column":48}},"type":"cond-expr","locations":[{"start":{"line":141,"column":43},"end":{"line":141,"column":44}},{"start":{"line":141,"column":47},"end":{"line":141,"column":48}}]},"42":{"loc":{"start":{"line":144,"column":12},"end":{"line":145,"column":38}},"type":"if","locations":[{"start":{"line":144,"column":12},"end":{"line":145,"column":38}},{"start":{"line":145,"column":17},"end":{"line":145,"column":38}}]},"43":{"loc":{"start":{"line":156,"column":8},"end":{"line":156,"column":40}},"type":"if","locations":[{"start":{"line":156,"column":8},"end":{"line":156,"column":40}},{"start":{},"end":{}}]},"44":{"loc":{"start":{"line":174,"column":64},"end":{"line":174,"column":93}},"type":"default-arg","locations":[{"start":{"line":174,"column":88},"end":{"line":174,"column":93}}]},"45":{"loc":{"start":{"line":175,"column":4},"end":{"line":175,"column":46}},"type":"if","locations":[{"start":{"line":175,"column":4},"end":{"line":175,"column":46}},{"start":{},"end":{}}]},"46":{"loc":{"start":{"line":175,"column":8},"end":{"line":175,"column":34}},"type":"binary-expr","locations":[{"start":{"line":175,"column":8},"end":{"line":175,"column":13}},{"start":{"line":175,"column":17},"end":{"line":175,"column":34}}]},"47":{"loc":{"start":{"line":177,"column":16},"end":{"line":177,"column":40}},"type":"cond-expr","locations":[{"start":{"line":177,"column":34},"end":{"line":177,"column":35}},{"start":{"line":177,"column":38},"end":{"line":177,"column":40}}]},"48":{"loc":{"start":{"line":184,"column":8},"end":{"line":184,"column":54}},"type":"if","locations":[{"start":{"line":184,"column":8},"end":{"line":184,"column":54}},{"start":{},"end":{}}]},"49":{"loc":{"start":{"line":184,"column":12},"end":{"line":184,"column":43}},"type":"binary-expr","locations":[{"start":{"line":184,"column":12},"end":{"line":184,"column":23}},{"start":{"line":184,"column":27},"end":{"line":184,"column":43}}]},"50":{"loc":{"start":{"line":185,"column":8},"end":{"line":185,"column":55}},"type":"if","locations":[{"start":{"line":185,"column":8},"end":{"line":185,"column":55}},{"start":{},"end":{}}]},"51":{"loc":{"start":{"line":185,"column":12},"end":{"line":185,"column":43}},"type":"binary-expr","locations":[{"start":{"line":185,"column":12},"end":{"line":185,"column":23}},{"start":{"line":185,"column":27},"end":{"line":185,"column":43}}]}},"s":{"0":20,"1":20,"2":20,"3":20,"4":20,"5":18,"6":0,"7":18,"8":18,"9":103,"10":103,"11":103,"12":7,"13":96,"14":4,"15":92,"16":0,"17":0,"18":0,"19":0,"20":0,"21":0,"22":0,"23":0,"24":0,"25":0,"26":0,"27":0,"28":0,"29":0,"30":0,"31":0,"32":0,"33":0,"34":0,"35":0,"36":0,"37":0,"38":0,"39":0,"40":0,"41":0,"42":0,"43":0,"44":0,"45":0,"46":0,"47":0,"48":0,"49":0,"50":0,"51":0,"52":1,"53":0,"54":1,"55":4,"56":4,"57":4,"58":4,"59":7,"60":7,"61":7,"62":0,"63":7,"64":0,"65":7,"66":0,"67":7,"68":7,"69":4,"70":3,"71":4,"72":9,"73":5,"74":4,"75":4,"76":1,"77":0,"78":0,"79":0,"80":0,"81":0,"82":0,"83":0,"84":0,"85":0,"86":0,"87":0},"f":{"0":18,"1":103,"2":0,"3":0,"4":0,"5":0,"6":1,"7":4,"8":9,"9":0,"10":0},"b":{"0":[0],"1":[0,18],"2":[18,18],"3":[12,6],"4":[7,96],"5":[103,102],"6":[4,92],"7":[96,92],"8":[34,58],"9":[44,14],"10":[0],"11":[0,0],"12":[0,0],"13":[0,0],"14":[0,0],"15":[0,0],"16":[0,0],"17":[0,0],"18":[0,0],"19":[0,0],"20":[0],"21":[0,0],"22":[0,0],"23":[0,0],"24":[0,0],"25":[0,0],"26":[0,0],"27":[0,0],"28":[0,0],"29":[0],"30":[0,1],"31":[1,1],"32":[1,0],"33":[11,8],"34":[0,7],"35":[7,7,0,0],"36":[0,7],"37":[7,7],"38":[0,7],"39":[7,7],"40":[4,3],"41":[3,0],"42":[4,3],"43":[5,4],"44":[0],"45":[0,0],"46":[0,0],"47":[0,0],"48":[0,0],"49":[0,0],"50":[0,0],"51":[0,0]}}
,"D:\\MyCode\\myApp_\\expo-liteDBStore\\src\\utils\\withTimeout.ts": {"path":"D:\\MyCode\\myApp_\\expo-liteDBStore\\src\\utils\\withTimeout.ts","statementMap":{"0":{"start":{"line":24,"column":0},"end":{"line":24,"column":24}},"1":{"start":{"line":5,"column":0},"end":{"line":5,"column":57}},"2":{"start":{"line":6,"column":0},"end":{"line":6,"column":41}},"3":{"start":{"line":29,"column":58},"end":{"line":29,"column":62}},"4":{"start":{"line":31,"column":4},"end":{"line":54,"column":7}},"5":{"start":{"line":34,"column":12},"end":{"line":38,"column":14}},"6":{"start":{"line":36,"column":20},"end":{"line":36,"column":79}},"7":{"start":{"line":42,"column":8},"end":{"line":45,"column":9}},"8":{"start":{"line":43,"column":12},"end":{"line":43,"column":36}},"9":{"start":{"line":44,"column":12},"end":{"line":44,"column":29}},"10":{"start":{"line":46,"column":8},"end":{"line":46,"column":22}},"11":{"start":{"line":49,"column":8},"end":{"line":52,"column":9}},"12":{"start":{"line":50,"column":12},"end":{"line":50,"column":36}},"13":{"start":{"line":51,"column":12},"end":{"line":51,"column":29}},"14":{"start":{"line":53,"column":8},"end":{"line":53,"column":20}}},"fnMap":{"0":{"name":"withTimeout","decl":{"start":{"line":24,"column":24},"end":{"line":24,"column":35}},"loc":{"start":{"line":27,"column":40},"end":{"line":55,"column":1}}},"1":{"name":"(anonymous_2)","decl":{"start":{"line":33,"column":27},"end":{"line":33,"column":28}},"loc":{"start":{"line":33,"column":41},"end":{"line":39,"column":9}}},"2":{"name":"(anonymous_3)","decl":{"start":{"line":35,"column":16},"end":{"line":35,"column":19}},"loc":{"start":{"line":36,"column":20},"end":{"line":36,"column":79}}},"3":{"name":"(anonymous_4)","decl":{"start":{"line":40,"column":12},"end":{"line":40,"column":18}},"loc":{"start":{"line":40,"column":21},"end":{"line":47,"column":5}}},"4":{"name":"(anonymous_5)","decl":{"start":{"line":47,"column":13},"end":{"line":47,"column":18}},"loc":{"start":{"line":47,"column":21},"end":{"line":54,"column":5}}}},"branchMap":{"0":{"loc":{"start":{"line":26,"column":4},"end":{"line":26,"column":23}},"type":"default-arg","locations":[{"start":{"line":26,"column":9},"end":{"line":26,"column":23}}]},"1":{"loc":{"start":{"line":27,"column":4},"end":{"line":27,"column":40}},"type":"default-arg","locations":[{"start":{"line":27,"column":16},"end":{"line":27,"column":40}}]},"2":{"loc":{"start":{"line":42,"column":8},"end":{"line":45,"column":9}},"type":"if","locations":[{"start":{"line":42,"column":8},"end":{"line":45,"column":9}},{"start":{},"end":{}}]},"3":{"loc":{"start":{"line":49,"column":8},"end":{"line":52,"column":9}},"type":"if","locations":[{"start":{"line":49,"column":8},"end":{"line":52,"column":9}},{"start":{},"end":{}}]}},"s":{"0":20,"1":20,"2":20,"3":1008,"4":1008,"5":1008,"6":0,"7":1008,"8":1008,"9":1008,"10":1008,"11":0,"12":0,"13":0,"14":0},"f":{"0":1008,"1":1008,"2":0,"3":1008,"4":0},"b":{"0":[0],"1":[0],"2":[1008,0],"3":[0,0]}}
}
