TN:
SF:src\liteStore.config.js
FNF:0
FNH:0
DA:1,6
LF:1
LH:1
BRF:0
BRH:0
end_of_record
TN:
SF:src\core\FileOperationManager.ts
FN:34,(anonymous_1)
FN:45,(anonymous_2)
FN:53,(anonymous_3)
FN:60,(anonymous_4)
FN:69,(anonymous_5)
FN:78,(anonymous_6)
FN:87,(anonymous_7)
FN:96,(anonymous_8)
FN:110,(anonymous_9)
FN:124,(anonymous_10)
FN:138,(anonymous_11)
FN:151,(anonymous_12)
FN:164,(anonymous_13)
FN:173,(anonymous_14)
FNF:14
FNH:12
FNDA:30,(anonymous_1)
FNDA:0,(anonymous_2)
FNDA:2,(anonymous_3)
FNDA:14,(anonymous_4)
FNDA:6,(anonymous_5)
FNDA:5,(anonymous_6)
FNDA:2,(anonymous_7)
FNDA:1,(anonymous_8)
FNDA:2,(anonymous_9)
FNDA:1,(anonymous_10)
FNDA:2,(anonymous_11)
FNDA:1,(anonymous_12)
FNDA:2,(anonymous_13)
FNDA:0,(anonymous_14)
DA:1,3
DA:2,3
DA:3,3
DA:5,3
DA:6,3
DA:7,3
DA:14,3
DA:35,30
DA:36,30
DA:37,30
DA:46,0
DA:54,2
DA:61,14
DA:70,6
DA:79,5
DA:88,2
DA:97,1
DA:98,1
DA:111,2
DA:112,2
DA:125,1
DA:126,1
DA:139,2
DA:140,2
DA:152,1
DA:153,1
DA:165,2
DA:166,2
DA:174,0
DA:175,0
LF:30
LH:27
BRF:0
BRH:0
end_of_record
TN:
SF:src\core\api\RateLimiter.ts
FN:82,(anonymous_0)
FN:95,(anonymous_1)
FN:165,(anonymous_2)
FN:227,(anonymous_3)
FN:236,(anonymous_4)
FN:243,(anonymous_5)
FN:251,(anonymous_6)
FN:262,(anonymous_7)
FN:291,(anonymous_8)
FN:306,(anonymous_9)
FN:317,(anonymous_10)
FN:325,(anonymous_11)
FN:332,(anonymous_12)
FNF:13
FNH:12
FNDA:17,(anonymous_0)
FNDA:1,(anonymous_1)
FNDA:12,(anonymous_2)
FNDA:1,(anonymous_3)
FNDA:5,(anonymous_4)
FNDA:1,(anonymous_5)
FNDA:4,(anonymous_6)
FNDA:2,(anonymous_7)
FNDA:11,(anonymous_8)
FNDA:1,(anonymous_9)
FNDA:0,(anonymous_10)
FNDA:1,(anonymous_11)
FNDA:1,(anonymous_12)
DA:67,1
DA:76,17
DA:83,17
DA:96,1
DA:97,0
DA:104,1
DA:105,1
DA:107,1
DA:109,1
DA:113,1
DA:115,1
DA:123,0
DA:124,0
DA:126,0
DA:128,0
DA:132,0
DA:135,0
DA:137,0
DA:138,0
DA:140,0
DA:148,0
DA:150,0
DA:166,12
DA:167,2
DA:174,10
DA:175,10
DA:177,10
DA:179,8
DA:186,10
DA:187,10
DA:189,10
DA:191,1
DA:195,1
DA:198,10
DA:200,7
DA:201,7
DA:203,7
DA:211,3
DA:212,3
DA:214,3
DA:228,1
DA:237,5
DA:244,1
DA:252,4
DA:263,2
DA:270,1
DA:274,5
DA:279,5
DA:292,11
DA:293,8
DA:299,11
DA:307,1
DA:318,0
DA:326,1
DA:333,1
DA:338,1
LF:56
LH:43
BRDA:82,0,0,0
BRDA:84,1,0,17
BRDA:84,1,1,0
BRDA:85,2,0,17
BRDA:85,2,1,0
BRDA:96,3,0,0
BRDA:96,3,1,1
BRDA:107,4,0,1
BRDA:107,4,1,0
BRDA:126,5,0,0
BRDA:126,5,1,0
BRDA:135,6,0,0
BRDA:135,6,1,0
BRDA:154,7,0,0
BRDA:154,7,1,0
BRDA:165,8,0,0
BRDA:166,9,0,2
BRDA:166,9,1,10
BRDA:177,10,0,8
BRDA:177,10,1,2
BRDA:189,11,0,1
BRDA:189,11,1,9
BRDA:198,12,0,7
BRDA:198,12,1,3
BRDA:292,13,0,8
BRDA:292,13,1,3
BRF:26
BRH:14
end_of_record
TN:
SF:src\core\cache\CacheManager.ts
FN:6,(anonymous_0)
FN:189,(anonymous_1)
FN:214,(anonymous_2)
FN:235,(anonymous_3)
FN:258,(anonymous_4)
FN:270,(anonymous_5)
FN:303,(anonymous_6)
FN:328,(anonymous_7)
FN:330,(anonymous_8)
FN:338,(anonymous_9)
FN:357,(anonymous_10)
FN:370,(anonymous_11)
FN:387,(anonymous_12)
FN:421,(anonymous_13)
FN:461,(anonymous_14)
FN:521,(anonymous_15)
FN:544,(anonymous_16)
FN:553,(anonymous_17)
FN:582,(anonymous_18)
FN:599,(anonymous_19)
FN:611,(anonymous_20)
FN:623,(anonymous_21)
FN:638,(anonymous_22)
FN:647,(anonymous_23)
FN:657,(anonymous_24)
FN:667,(anonymous_25)
FN:674,(anonymous_26)
FN:680,(anonymous_27)
FN:694,(anonymous_28)
FN:730,(anonymous_29)
FN:748,(anonymous_30)
FNF:31
FNH:28
FNDA:4,(anonymous_0)
FNDA:42,(anonymous_1)
FNDA:70041,(anonymous_2)
FNDA:35015,(anonymous_3)
FNDA:20010,(anonymous_4)
FNDA:6,(anonymous_5)
FNDA:5001,(anonymous_6)
FNDA:42,(anonymous_7)
FNDA:0,(anonymous_8)
FNDA:0,(anonymous_9)
FNDA:100086,(anonymous_10)
FNDA:60035,(anonymous_11)
FNDA:60035,(anonymous_12)
FNDA:20047,(anonymous_13)
FNDA:60035,(anonymous_14)
FNDA:20045,(anonymous_15)
FNDA:60035,(anonymous_16)
FNDA:5,(anonymous_17)
FNDA:1,(anonymous_18)
FNDA:1,(anonymous_19)
FNDA:1,(anonymous_20)
FNDA:2,(anonymous_21)
FNDA:2,(anonymous_22)
FNDA:4,(anonymous_23)
FNDA:2,(anonymous_24)
FNDA:4,(anonymous_25)
FNDA:4,(anonymous_26)
FNDA:4,(anonymous_27)
FNDA:5,(anonymous_28)
FNDA:0,(anonymous_29)
FNDA:2,(anonymous_30)
DA:6,4
DA:7,4
DA:8,4
DA:133,4
DA:137,42
DA:142,42
DA:143,42
DA:148,42
DA:153,42
DA:158,42
DA:168,42
DA:182,42
DA:191,42
DA:203,42
DA:206,42
DA:215,70041
DA:216,70041
DA:217,70041
DA:219,70041
DA:220,70009
DA:222,70041
DA:224,70041
DA:225,32
DA:228,70041
DA:236,35015
DA:237,35015
DA:239,35015
DA:240,25002
DA:242,10013
DA:245,35015
DA:246,10000
DA:248,25015
DA:251,35015
DA:259,20010
DA:260,20010
DA:261,20010
DA:262,20010
DA:271,6
DA:272,6
DA:275,6
DA:276,6
DA:277,6
DA:278,6
DA:279,6
DA:280,4
DA:282,4
DA:283,1
DA:289,6
DA:290,6
DA:293,6
DA:294,6
DA:296,6
DA:305,5001
DA:306,5001
DA:309,5001
DA:310,5001
DA:312,5001
DA:313,5001
DA:314,5001
DA:317,5001
DA:318,0
DA:322,5001
DA:330,42
DA:331,0
DA:339,0
DA:340,0
DA:342,0
DA:343,0
DA:344,0
DA:345,0
DA:349,0
DA:350,0
DA:358,100086
DA:359,100086
DA:371,60035
DA:372,60035
DA:375,60035
DA:376,17
DA:377,17
DA:378,17
DA:381,60018
DA:388,60035
DA:389,40033
DA:394,20002
DA:397,15001
DA:398,15001
DA:399,15001
DA:401,15001
DA:404,5001
DA:405,5001
DA:408,20002
DA:409,20002
DA:410,20002
DA:411,20002
DA:422,20047
DA:423,20047
DA:424,29
DA:428,20018
DA:429,2
DA:431,2
DA:432,2
DA:433,0
DA:434,0
DA:436,2
DA:437,2
DA:441,20016
DA:444,20016
DA:445,20010
DA:446,6
DA:447,6
DA:450,20016
DA:462,60035
DA:465,60035
DA:466,1
DA:467,1
DA:468,0
DA:469,0
DA:470,0
DA:471,0
DA:472,0
DA:473,0
DA:474,0
DA:475,0
DA:476,0
DA:477,0
DA:478,0
DA:486,60035
DA:494,60035
DA:495,60035
DA:498,60035
DA:499,50031
DA:500,10004
DA:502,10004
DA:503,2
DA:505,10004
DA:506,10004
DA:510,60035
DA:512,60035
DA:522,20045
DA:524,20045
DA:525,20045
DA:526,20015
DA:527,20015
DA:528,20015
DA:531,30
DA:532,30
DA:533,30
DA:545,60035
DA:554,5
DA:556,1
DA:557,1
DA:558,0
DA:559,0
DA:560,0
DA:561,0
DA:562,0
DA:563,0
DA:564,0
DA:565,0
DA:566,0
DA:567,0
DA:568,0
DA:574,1
DA:575,1
DA:583,1
DA:585,1
DA:586,1
DA:587,1
DA:589,1
DA:590,1
DA:591,1
DA:600,1
DA:601,1
DA:602,1
DA:612,1
DA:613,1
DA:614,1
DA:624,2
DA:625,2
DA:626,4
DA:627,3
DA:630,2
DA:639,2
DA:648,4
DA:658,2
DA:669,4
DA:670,3
DA:674,4
DA:675,4
DA:678,4
DA:680,4
DA:681,4
DA:682,4
DA:696,5
DA:697,5
DA:698,1
DA:702,4
DA:703,4
DA:705,4
DA:706,4
DA:707,2
DA:711,2
DA:714,2
DA:716,2
DA:718,4
DA:731,0
DA:732,0
DA:733,0
DA:735,0
DA:749,2
DA:750,0
DA:753,2
DA:754,2
DA:755,2
DA:757,1
DA:758,1
DA:760,1
DA:763,0
LF:218
LH:178
BRDA:6,0,0,4
BRDA:6,0,1,4
BRDA:189,1,0,0
BRDA:219,2,0,70009
BRDA:219,2,1,32
BRDA:224,3,0,32
BRDA:224,3,1,70009
BRDA:237,4,0,0
BRDA:237,4,1,35015
BRDA:239,5,0,25002
BRDA:239,5,1,10013
BRDA:240,6,0,25002
BRDA:240,6,1,25002
BRDA:242,7,0,10013
BRDA:242,7,1,13
BRDA:245,8,0,10000
BRDA:245,8,1,25015
BRDA:246,9,0,10000
BRDA:246,9,1,10000
BRDA:248,10,0,25015
BRDA:248,10,1,13
BRDA:261,11,0,20010
BRDA:261,11,1,0
BRDA:272,12,0,0
BRDA:272,12,1,6
BRDA:277,13,0,6
BRDA:277,13,1,0
BRDA:279,14,0,4
BRDA:279,14,1,2
BRDA:282,15,0,1
BRDA:282,15,1,3
BRDA:293,16,0,6
BRDA:293,16,1,0
BRDA:306,17,0,0
BRDA:306,17,1,5001
BRDA:306,18,0,5001
BRDA:306,18,1,5001
BRDA:310,19,0,0
BRDA:310,19,1,5001
BRDA:313,20,0,5001
BRDA:313,20,1,0
BRDA:317,21,0,0
BRDA:317,21,1,5001
BRDA:343,22,0,0
BRDA:343,22,1,0
BRDA:349,23,0,0
BRDA:349,23,1,0
BRDA:359,24,0,30064
BRDA:359,24,1,70022
BRDA:371,25,0,60035
BRDA:371,25,1,60032
BRDA:375,26,0,17
BRDA:375,26,1,60018
BRDA:375,27,0,60035
BRDA:375,27,1,31
BRDA:388,28,0,40033
BRDA:388,28,1,20002
BRDA:394,29,0,15001
BRDA:394,29,1,5001
BRDA:397,30,0,15001
BRDA:397,30,1,0
BRDA:397,31,0,15001
BRDA:397,31,1,15001
BRDA:408,32,0,20002
BRDA:408,32,1,0
BRDA:423,33,0,29
BRDA:423,33,1,20018
BRDA:428,34,0,2
BRDA:428,34,1,20016
BRDA:431,35,0,2
BRDA:431,35,1,0
BRDA:433,36,0,0
BRDA:433,36,1,0
BRDA:444,37,0,20010
BRDA:444,37,1,6
BRDA:446,38,0,6
BRDA:446,38,1,0
BRDA:461,39,0,0
BRDA:465,40,0,1
BRDA:465,40,1,60034
BRDA:466,41,0,1
BRDA:466,41,1,0
BRDA:468,42,0,0
BRDA:468,42,1,0
BRDA:470,43,0,0
BRDA:470,43,1,0
BRDA:473,44,0,0
BRDA:473,44,1,0
BRDA:475,45,0,0
BRDA:475,45,1,0
BRDA:477,46,0,0
BRDA:477,46,1,0
BRDA:498,47,0,50031
BRDA:498,47,1,10004
BRDA:500,48,0,10004
BRDA:500,48,1,0
BRDA:502,49,0,2
BRDA:502,49,1,10002
BRDA:525,50,0,20015
BRDA:525,50,1,30
BRDA:544,51,0,60034
BRDA:554,52,0,1
BRDA:554,52,1,4
BRDA:556,53,0,1
BRDA:556,53,1,0
BRDA:558,54,0,0
BRDA:558,54,1,0
BRDA:560,55,0,0
BRDA:560,55,1,0
BRDA:563,56,0,0
BRDA:563,56,1,0
BRDA:565,57,0,0
BRDA:565,57,1,0
BRDA:567,58,0,0
BRDA:567,58,1,0
BRDA:601,59,0,1
BRDA:601,59,1,0
BRDA:613,60,0,1
BRDA:613,60,1,0
BRDA:626,61,0,3
BRDA:626,61,1,1
BRDA:697,62,0,1
BRDA:697,62,1,4
BRDA:706,63,0,2
BRDA:706,63,1,2
BRDA:730,64,0,0
BRDA:748,65,0,0
BRDA:749,66,0,0
BRDA:749,66,1,2
BRDA:755,67,0,1
BRDA:755,67,1,1
BRDA:755,68,0,2
BRDA:755,68,1,1
BRDA:757,69,0,1
BRDA:757,69,1,1
BRF:135
BRH:86
end_of_record
TN:
SF:src\core\data\DataReader.ts
FN:25,(anonymous_1)
FN:37,(anonymous_2)
FN:42,(anonymous_3)
FN:46,(anonymous_4)
FN:116,(anonymous_5)
FN:164,(anonymous_6)
FN:181,(anonymous_7)
FNF:7
FNH:5
FNDA:9,(anonymous_1)
FNDA:7,(anonymous_2)
FNDA:0,(anonymous_3)
FNDA:9,(anonymous_4)
FNDA:0,(anonymous_5)
FNDA:2,(anonymous_6)
FNDA:2,(anonymous_7)
DA:2,1
DA:3,1
DA:5,1
DA:9,1
DA:10,1
DA:12,1
DA:13,1
DA:16,1
DA:18,1
DA:19,9
DA:31,9
DA:32,9
DA:33,9
DA:34,9
DA:38,7
DA:39,7
DA:43,0
DA:50,9
DA:52,9
DA:53,9
DA:55,2
DA:59,7
DA:60,7
DA:62,7
DA:63,7
DA:64,7
DA:67,7
DA:69,6
DA:72,6
DA:73,6
DA:74,0
DA:79,7
DA:81,4
DA:82,4
DA:84,4
DA:85,4
DA:87,0
DA:88,0
DA:89,0
DA:90,0
DA:97,7
DA:98,0
DA:99,0
DA:105,7
DA:106,7
DA:114,7
DA:116,0
DA:117,0
DA:118,0
DA:119,0
DA:120,0
DA:121,0
DA:123,0
DA:125,7
DA:127,4
DA:131,7
DA:134,7
DA:136,6
DA:139,6
DA:142,6
DA:143,6
DA:144,6
DA:145,6
DA:146,6
DA:150,7
DA:152,0
DA:168,2
DA:170,2
DA:171,2
DA:173,0
DA:186,2
DA:188,2
DA:190,0
LF:73
LH:55
BRDA:53,0,0,2
BRDA:53,0,1,7
BRDA:59,1,0,7
BRDA:59,1,1,7
BRDA:60,2,0,7
BRDA:60,2,1,6
BRDA:67,3,0,6
BRDA:67,3,1,1
BRDA:73,4,0,0
BRDA:73,4,1,6
BRDA:79,5,0,4
BRDA:79,5,1,3
BRDA:81,6,0,4
BRDA:81,6,1,0
BRDA:81,7,0,4
BRDA:81,7,1,4
BRDA:81,7,2,4
BRDA:81,7,3,4
BRDA:85,8,0,0
BRDA:85,8,1,4
BRDA:97,9,0,0
BRDA:97,9,1,7
BRDA:114,10,0,0
BRDA:114,10,1,7
BRDA:118,11,0,0
BRDA:118,11,1,0
BRDA:120,12,0,0
BRDA:120,12,1,0
BRDA:125,13,0,4
BRDA:125,13,1,3
BRDA:134,14,0,6
BRDA:134,14,1,1
BRDA:143,15,0,6
BRDA:143,15,1,6
BRDA:144,16,0,6
BRDA:144,16,1,0
BRDA:171,17,0,0
BRDA:171,17,1,2
BRF:38
BRH:27
end_of_record
TN:
SF:src\core\data\DataWriter.ts
FN:28,(anonymous_1)
FN:48,(anonymous_2)
FN:90,(anonymous_3)
FN:95,(anonymous_4)
FN:99,(anonymous_5)
FN:102,(anonymous_6)
FN:109,(anonymous_7)
FN:182,(anonymous_8)
FN:215,(anonymous_9)
FN:276,(anonymous_10)
FN:287,(anonymous_11)
FN:296,(anonymous_12)
FN:321,(anonymous_13)
FN:362,(anonymous_14)
FN:398,(anonymous_15)
FN:417,(anonymous_16)
FN:430,(anonymous_17)
FN:483,(anonymous_18)
FN:487,(anonymous_19)
FN:497,(anonymous_20)
FN:533,(anonymous_21)
FN:601,(anonymous_22)
FN:620,(anonymous_23)
FN:641,(anonymous_24)
FNF:24
FNH:20
FNDA:12,(anonymous_1)
FNDA:9,(anonymous_2)
FNDA:16,(anonymous_3)
FNDA:1,(anonymous_4)
FNDA:8,(anonymous_5)
FNDA:10,(anonymous_6)
FNDA:9,(anonymous_7)
FNDA:2,(anonymous_8)
FNDA:2,(anonymous_9)
FNDA:0,(anonymous_10)
FNDA:2,(anonymous_11)
FNDA:2,(anonymous_12)
FNDA:0,(anonymous_13)
FNDA:2,(anonymous_14)
FNDA:2,(anonymous_15)
FNDA:2,(anonymous_16)
FNDA:2,(anonymous_17)
FNDA:4,(anonymous_18)
FNDA:2,(anonymous_19)
FNDA:2,(anonymous_20)
FNDA:6,(anonymous_21)
FNDA:4,(anonymous_22)
FNDA:0,(anonymous_23)
FNDA:0,(anonymous_24)
DA:2,1
DA:3,1
DA:5,1
DA:11,1
DA:12,1
DA:14,1
DA:15,1
DA:19,1
DA:21,1
DA:22,12
DA:34,12
DA:35,12
DA:36,12
DA:37,12
DA:40,1
DA:51,9
DA:52,9
DA:54,9
DA:56,27
DA:59,27
DA:60,27
DA:62,0
DA:63,0
DA:66,27
DA:71,0
DA:78,27
DA:79,0
DA:84,27
DA:87,9
DA:91,16
DA:92,16
DA:96,1
DA:101,8
DA:102,10
DA:105,8
DA:119,9
DA:120,9
DA:121,0
DA:126,9
DA:127,0
DA:131,9
DA:133,9
DA:137,9
DA:141,9
DA:142,1
DA:143,1
DA:149,8
DA:150,8
DA:158,9
DA:173,0
DA:183,2
DA:184,2
DA:186,2
DA:187,0
DA:188,0
DA:194,2
DA:204,2
DA:206,0
DA:220,2
DA:222,2
DA:225,2
DA:226,0
DA:230,2
DA:233,2
DA:236,2
DA:239,2
DA:242,2
DA:245,2
DA:248,2
DA:251,2
DA:254,2
DA:261,0
DA:277,0
DA:288,2
DA:289,0
DA:303,2
DA:306,2
DA:307,0
DA:308,0
DA:312,2
DA:315,2
DA:326,0
DA:329,0
DA:331,0
DA:336,0
DA:339,0
DA:349,0
DA:356,0
DA:367,2
DA:371,2
DA:381,2
DA:386,2
DA:392,2
DA:404,2
DA:405,0
DA:409,2
DA:410,4
DA:421,2
DA:431,2
DA:432,0
DA:442,2
DA:443,4
DA:444,4
DA:445,0
DA:456,4
DA:457,0
DA:468,4
DA:469,12
DA:470,0
DA:484,4
DA:488,2
DA:489,2
DA:491,1
DA:493,1
DA:501,2
DA:503,2
DA:505,2
DA:506,2
DA:507,0
DA:515,2
DA:516,0
DA:517,0
DA:523,2
DA:524,2
DA:533,2
DA:535,6
DA:539,2
DA:542,2
DA:543,0
DA:547,2
DA:548,0
DA:549,0
DA:554,0
DA:560,2
DA:561,2
DA:569,2
DA:570,2
DA:571,2
DA:575,2
DA:581,2
DA:583,2
DA:585,0
DA:605,4
DA:606,4
DA:609,4
DA:610,0
DA:614,4
DA:629,0
DA:631,0
DA:632,0
DA:634,0
DA:635,0
DA:637,0
DA:641,0
LF:154
LH:110
BRDA:52,0,0,0
BRDA:52,0,1,9
BRDA:59,1,0,27
BRDA:59,1,1,0
BRDA:63,2,0,0
BRDA:63,2,1,0
BRDA:66,3,0,0
BRDA:66,3,1,27
BRDA:78,4,0,0
BRDA:78,4,1,27
BRDA:105,5,0,8
BRDA:105,5,1,0
BRDA:111,6,0,0
BRDA:120,7,0,0
BRDA:120,7,1,9
BRDA:126,8,0,0
BRDA:126,8,1,9
BRDA:133,9,0,0
BRDA:133,10,0,5
BRDA:133,11,0,0
BRDA:137,12,0,1
BRDA:137,12,1,8
BRDA:137,13,0,9
BRDA:137,13,1,8
BRDA:141,14,0,1
BRDA:141,14,1,8
BRDA:161,15,0,1
BRDA:161,15,1,8
BRDA:165,16,0,1
BRDA:165,16,1,8
BRDA:169,17,0,9
BRDA:169,17,1,9
BRDA:170,18,0,9
BRDA:170,18,1,9
BRDA:186,19,0,0
BRDA:186,19,1,2
BRDA:222,20,0,1
BRDA:222,20,1,1
BRDA:225,21,0,0
BRDA:225,21,1,2
BRDA:288,22,0,0
BRDA:288,22,1,2
BRDA:306,23,0,0
BRDA:306,23,1,2
BRDA:329,24,0,0
BRDA:329,24,1,0
BRDA:371,25,0,0
BRDA:371,25,1,2
BRDA:381,26,0,0
BRDA:381,26,1,2
BRDA:404,27,0,0
BRDA:404,27,1,2
BRDA:431,28,0,0
BRDA:431,28,1,2
BRDA:444,29,0,0
BRDA:444,29,1,4
BRDA:444,30,0,4
BRDA:444,30,1,4
BRDA:456,31,0,0
BRDA:456,31,1,4
BRDA:469,32,0,0
BRDA:469,32,1,12
BRDA:489,33,0,1
BRDA:489,33,1,1
BRDA:506,34,0,0
BRDA:506,34,1,2
BRDA:515,35,0,0
BRDA:515,35,1,2
BRDA:542,36,0,0
BRDA:542,36,1,2
BRDA:547,37,0,0
BRDA:547,37,1,2
BRDA:606,38,0,4
BRDA:606,38,1,4
BRDA:632,39,0,0
BRDA:632,39,1,0
BRDA:634,40,0,0
BRDA:634,40,1,0
BRF:78
BRH:45
end_of_record
TN:
SF:src\core\file\ChunkedFileHandler.ts
FN:20,(anonymous_1)
FN:25,(anonymous_2)
FN:32,(anonymous_3)
FN:39,(anonymous_4)
FN:62,(anonymous_5)
FN:69,(anonymous_6)
FN:91,(anonymous_7)
FN:203,(anonymous_8)
FN:230,(anonymous_9)
FN:271,(anonymous_10)
FN:289,(anonymous_11)
FN:294,(anonymous_12)
FN:336,(anonymous_13)
FN:358,(anonymous_14)
FN:359,(anonymous_15)
FN:371,(anonymous_16)
FN:376,(anonymous_17)
FN:382,(anonymous_18)
FN:421,(anonymous_19)
FN:432,(anonymous_20)
FNF:20
FNH:9
FNDA:16,(anonymous_1)
FNDA:1,(anonymous_2)
FNDA:0,(anonymous_3)
FNDA:10,(anonymous_4)
FNDA:0,(anonymous_5)
FNDA:0,(anonymous_6)
FNDA:3,(anonymous_7)
FNDA:1,(anonymous_8)
FNDA:1,(anonymous_9)
FNDA:0,(anonymous_10)
FNDA:1,(anonymous_11)
FNDA:0,(anonymous_12)
FNDA:1,(anonymous_13)
FNDA:0,(anonymous_14)
FNDA:0,(anonymous_15)
FNDA:0,(anonymous_16)
FNDA:0,(anonymous_17)
FNDA:0,(anonymous_18)
FNDA:20,(anonymous_19)
FNDA:0,(anonymous_20)
DA:5,4
DA:6,4
DA:7,4
DA:8,4
DA:9,4
DA:10,4
DA:12,4
DA:13,4
DA:17,4
DA:21,16
DA:22,16
DA:26,1
DA:33,0
DA:40,10
DA:42,10
DA:45,9
DA:48,0
DA:49,0
DA:52,10
DA:63,0
DA:70,0
DA:92,3
DA:94,3
DA:96,3
DA:99,1
DA:106,1
DA:109,1
DA:119,1
DA:120,1
DA:121,1
DA:124,1
DA:127,1
DA:130,1
DA:133,1
DA:134,2
DA:136,2
DA:138,2
DA:139,0
DA:144,2
DA:148,2
DA:149,2
DA:151,0
DA:152,0
DA:153,0
DA:154,0
DA:159,2
DA:162,2
DA:163,0
DA:164,0
DA:168,0
DA:173,1
DA:174,1
DA:178,1
DA:179,1
DA:180,1
DA:184,1
DA:192,0
DA:193,0
DA:210,1
DA:212,2
DA:215,2
DA:219,0
DA:220,0
DA:221,0
DA:222,0
DA:225,2
DA:226,2
DA:231,1
DA:232,1
DA:234,1
DA:236,1
DA:237,1
DA:240,1
DA:243,1
DA:244,1
DA:246,1
DA:249,1
DA:256,1
DA:263,1
DA:264,1
DA:266,0
DA:267,0
DA:270,0
DA:271,0
DA:274,0
DA:280,0
DA:282,0
DA:291,1
DA:294,1
DA:295,0
DA:296,0
DA:302,0
DA:305,0
DA:306,0
DA:307,0
DA:310,0
DA:311,0
DA:312,0
DA:316,0
DA:317,0
DA:318,0
DA:321,0
DA:323,0
DA:324,0
DA:329,1
DA:330,1
DA:337,1
DA:339,1
DA:345,1
DA:346,0
DA:350,1
DA:357,0
DA:358,0
DA:359,0
DA:361,1
DA:362,1
DA:373,0
DA:376,0
DA:377,0
DA:378,0
DA:382,0
DA:383,0
DA:384,0
DA:390,0
DA:393,0
DA:394,0
DA:395,0
DA:398,0
DA:399,0
DA:400,0
DA:404,0
DA:405,0
DA:406,0
DA:409,0
DA:411,0
DA:412,0
DA:417,0
DA:418,0
DA:422,20
DA:424,20
DA:431,0
DA:433,0
DA:434,0
DA:440,0
DA:443,0
DA:448,0
DA:449,0
DA:455,0
DA:458,0
DA:461,0
DA:468,20
DA:469,20
LF:152
LH:75
BRDA:48,0,0,0
BRDA:48,0,1,0
BRDA:96,1,0,2
BRDA:96,1,1,1
BRDA:109,2,0,1
BRDA:109,2,1,1
BRDA:119,3,0,1
BRDA:119,3,1,1
BRDA:127,4,0,1
BRDA:127,4,1,0
BRDA:138,5,0,0
BRDA:138,5,1,2
BRDA:149,6,0,0
BRDA:149,6,1,2
BRDA:151,7,0,0
BRDA:151,7,1,0
BRDA:162,8,0,0
BRDA:162,8,1,2
BRDA:173,9,0,1
BRDA:173,9,1,0
BRDA:178,10,0,1
BRDA:178,10,1,0
BRDA:215,11,0,0
BRDA:215,11,1,2
BRDA:216,12,0,2
BRDA:216,12,1,0
BRDA:270,13,0,0
BRDA:270,13,1,0
BRDA:270,14,0,0
BRDA:270,14,1,0
BRDA:270,14,2,0
BRDA:305,15,0,0
BRDA:305,15,1,0
BRDA:305,16,0,0
BRDA:305,16,1,0
BRDA:310,17,0,0
BRDA:310,17,1,0
BRDA:310,18,0,0
BRDA:310,18,1,0
BRDA:316,19,0,0
BRDA:316,19,1,0
BRDA:345,20,0,0
BRDA:345,20,1,1
BRDA:358,21,0,0
BRDA:358,21,1,0
BRDA:378,22,0,0
BRDA:378,22,1,0
BRDA:393,23,0,0
BRDA:393,23,1,0
BRDA:393,24,0,0
BRDA:393,24,1,0
BRDA:398,25,0,0
BRDA:398,25,1,0
BRDA:398,26,0,0
BRDA:398,26,1,0
BRDA:404,27,0,0
BRDA:404,27,1,0
BRF:57
BRH:15
end_of_record
TN:
SF:src\core\file\FileHandlerBase.ts
FN:35,(anonymous_9)
FN:51,(anonymous_10)
FN:62,(anonymous_11)
FN:73,(anonymous_12)
FN:81,(anonymous_13)
FN:104,(anonymous_14)
FN:116,(anonymous_15)
FN:131,(anonymous_16)
FN:146,(anonymous_17)
FNF:9
FNH:8
FNDA:28,(anonymous_9)
FNDA:2,(anonymous_10)
FNDA:20,(anonymous_11)
FNDA:5,(anonymous_12)
FNDA:17,(anonymous_13)
FNDA:19,(anonymous_14)
FNDA:10,(anonymous_15)
FNDA:0,(anonymous_16)
FNDA:20,(anonymous_17)
DA:2,4
DA:3,4
DA:8,4
DA:12,45
DA:20,45
DA:25,45
DA:30,45
DA:36,28
DA:37,1
DA:52,2
DA:53,0
DA:54,0
DA:56,2
DA:63,20
DA:64,20
DA:74,5
DA:75,5
DA:82,17
DA:83,17
DA:84,17
DA:85,0
DA:88,17
DA:89,17
DA:90,17
DA:94,17
DA:96,0
DA:97,0
DA:105,19
DA:106,19
DA:107,19
DA:109,0
DA:117,10
DA:132,0
DA:147,20
LF:34
LH:27
BRDA:36,0,0,1
BRDA:36,0,1,27
BRDA:52,1,0,0
BRDA:52,1,1,2
BRDA:52,2,0,2
BRDA:52,2,1,2
BRDA:82,3,0,0
BRDA:82,3,1,17
BRDA:84,4,0,0
BRDA:84,4,1,17
BRDA:84,5,0,17
BRDA:84,5,1,0
BRDA:105,6,0,19
BRDA:105,6,1,0
BRDA:106,7,0,0
BRDA:106,7,1,19
BRF:16
BRH:10
end_of_record
TN:
SF:src\core\file\FileHandlerFactory.ts
FN:21,(anonymous_1)
FN:30,(anonymous_2)
FN:40,(anonymous_3)
FN:49,(anonymous_4)
FN:52,(anonymous_5)
FNF:5
FNH:5
FNDA:30,(anonymous_1)
FNDA:6,(anonymous_2)
FNDA:5,(anonymous_3)
FNDA:2,(anonymous_4)
FNDA:1001,(anonymous_5)
DA:3,3
DA:4,3
DA:5,3
DA:6,3
DA:11,3
DA:22,30
DA:31,6
DA:32,6
DA:41,5
DA:51,2
DA:52,1001
DA:55,2
LF:12
LH:12
BRDA:55,0,0,2
BRDA:55,0,1,0
BRF:2
BRH:1
end_of_record
TN:
SF:src\core\file\FileInfoCache.ts
FN:27,(anonymous_0)
FN:59,(anonymous_1)
FNF:2
FNH:1
FNDA:0,(anonymous_0)
FNDA:2,(anonymous_1)
DA:3,3
DA:8,3
DA:12,30
DA:20,30
DA:28,0
DA:29,0
DA:30,0
DA:31,0
DA:34,0
DA:36,0
DA:38,0
DA:39,0
DA:42,0
DA:44,0
DA:48,0
DA:50,0
DA:51,0
DA:60,2
DA:61,1
DA:63,1
LF:20
LH:7
BRDA:28,0,0,0
BRDA:28,0,1,0
BRDA:30,1,0,0
BRDA:30,1,1,0
BRDA:30,2,0,0
BRDA:30,2,1,0
BRDA:36,3,0,0
BRDA:36,3,1,0
BRDA:60,4,0,1
BRDA:60,4,1,1
BRF:10
BRH:2
end_of_record
TN:
SF:src\core\file\PermissionChecker.ts
FN:14,(anonymous_1)
FNF:1
FNH:1
FNDA:14,(anonymous_1)
DA:3,3
DA:4,3
DA:5,3
DA:10,3
DA:15,14
DA:17,14
DA:18,14
DA:19,14
DA:21,0
LF:9
LH:8
BRF:0
BRH:0
end_of_record
TN:
SF:src\core\file\SingleFileHandler.ts
FN:9,(anonymous_1)
FN:13,(anonymous_2)
FN:54,(anonymous_3)
FN:72,(anonymous_4)
FN:124,(anonymous_5)
FNF:5
FNH:4
FNDA:29,(anonymous_1)
FNDA:14,(anonymous_2)
FNDA:0,(anonymous_3)
FNDA:12,(anonymous_4)
FNDA:4,(anonymous_5)
DA:2,3
DA:3,3
DA:4,3
DA:5,3
DA:8,3
DA:9,29
DA:10,29
DA:14,14
DA:16,14
DA:18,14
DA:19,14
DA:22,14
DA:25,14
DA:26,14
DA:29,14
DA:30,14
DA:32,14
DA:39,14
DA:46,14
DA:47,14
DA:49,0
DA:50,0
DA:53,0
DA:54,0
DA:57,0
DA:63,0
DA:65,0
DA:73,12
DA:74,12
DA:75,12
DA:77,5
DA:82,5
DA:84,5
DA:85,0
DA:95,5
DA:96,0
DA:106,5
DA:107,0
DA:117,5
DA:119,0
DA:120,0
DA:125,4
DA:126,4
DA:127,4
DA:128,3
DA:135,3
DA:138,0
LF:47
LH:34
BRDA:53,0,0,0
BRDA:53,0,1,0
BRDA:53,1,0,0
BRDA:53,1,1,0
BRDA:53,1,2,0
BRDA:75,2,0,7
BRDA:75,2,1,5
BRDA:84,3,0,0
BRDA:84,3,1,5
BRDA:84,4,0,5
BRDA:84,4,1,5
BRDA:95,5,0,0
BRDA:95,5,1,5
BRDA:95,6,0,5
BRDA:95,6,1,5
BRDA:106,7,0,0
BRDA:106,7,1,5
BRDA:127,8,0,3
BRDA:127,8,1,1
BRF:19
BRH:11
end_of_record
TN:
SF:src\core\index\IndexManager.ts
FN:8,(anonymous_0)
FN:43,(anonymous_1)
FN:122,(anonymous_2)
FN:169,(anonymous_3)
FN:196,(anonymous_4)
FN:219,(anonymous_5)
FN:244,(anonymous_6)
FN:259,(anonymous_7)
FN:267,(anonymous_8)
FN:293,(anonymous_9)
FN:295,(anonymous_10)
FN:302,(anonymous_11)
FN:313,(anonymous_12)
FN:332,(anonymous_13)
FNF:14
FNH:13
FNDA:3,(anonymous_0)
FNDA:17,(anonymous_1)
FNDA:2,(anonymous_2)
FNDA:16,(anonymous_3)
FNDA:1,(anonymous_4)
FNDA:2,(anonymous_5)
FNDA:2,(anonymous_6)
FNDA:1,(anonymous_7)
FNDA:9,(anonymous_8)
FNDA:7,(anonymous_9)
FNDA:0,(anonymous_10)
FNDA:5,(anonymous_11)
FNDA:6,(anonymous_12)
FNDA:3,(anonymous_13)
DA:2,3
DA:3,3
DA:8,3
DA:9,3
DA:10,3
DA:34,3
DA:38,40
DA:48,17
DA:49,0
DA:59,17
DA:60,1
DA:70,16
DA:71,1
DA:81,15
DA:83,15
DA:84,12
DA:87,15
DA:88,15
DA:89,1
DA:99,14
DA:106,14
DA:108,14
DA:109,14
DA:110,14
DA:123,2
DA:124,0
DA:130,2
DA:131,0
DA:137,2
DA:139,2
DA:140,1
DA:146,1
DA:147,1
DA:148,0
DA:154,1
DA:156,1
DA:157,1
DA:158,1
DA:159,1
DA:160,1
DA:170,16
DA:171,6
DA:174,10
DA:175,10
DA:177,10
DA:178,1
DA:181,9
DA:182,12
DA:183,12
DA:185,12
DA:186,0
DA:189,12
DA:190,10
DA:193,12
DA:195,12
DA:196,2
DA:197,2
DA:198,1
DA:209,11
DA:220,2
DA:221,0
DA:224,2
DA:225,2
DA:227,2
DA:228,0
DA:231,2
DA:232,2
DA:233,2
DA:235,2
DA:236,0
DA:239,2
DA:240,0
DA:243,2
DA:244,2
DA:246,2
DA:247,2
DA:250,2
DA:251,2
DA:260,1
DA:261,1
DA:268,9
DA:269,1
DA:272,8
DA:275,8
DA:276,9
DA:277,7
DA:278,7
DA:282,8
DA:283,1
DA:286,7
DA:287,7
DA:288,1
DA:291,6
DA:292,6
DA:293,7
DA:295,0
DA:303,5
DA:304,1
DA:307,4
DA:314,6
DA:315,4
DA:318,2
DA:320,2
DA:321,2
DA:322,1
DA:326,1
DA:333,3
DA:335,3
DA:336,3
DA:337,1
DA:345,3
LF:111
LH:101
BRDA:8,0,0,3
BRDA:8,0,1,3
BRDA:46,1,0,0
BRDA:48,2,0,0
BRDA:48,2,1,17
BRDA:59,3,0,1
BRDA:59,3,1,16
BRDA:70,4,0,1
BRDA:70,4,1,15
BRDA:83,5,0,12
BRDA:83,5,1,3
BRDA:88,6,0,1
BRDA:88,6,1,14
BRDA:109,7,0,14
BRDA:109,7,1,0
BRDA:122,8,0,0
BRDA:123,9,0,0
BRDA:123,9,1,2
BRDA:130,10,0,0
BRDA:130,10,1,2
BRDA:139,11,0,1
BRDA:139,11,1,1
BRDA:147,12,0,0
BRDA:147,12,1,1
BRDA:157,13,0,1
BRDA:157,13,1,0
BRDA:170,14,0,6
BRDA:170,14,1,10
BRDA:177,15,0,1
BRDA:177,15,1,9
BRDA:185,16,0,0
BRDA:185,16,1,12
BRDA:189,17,0,10
BRDA:189,17,1,2
BRDA:195,18,0,2
BRDA:195,18,1,10
BRDA:197,19,0,1
BRDA:197,19,1,1
BRDA:220,20,0,0
BRDA:220,20,1,2
BRDA:227,21,0,0
BRDA:227,21,1,2
BRDA:235,22,0,0
BRDA:235,22,1,2
BRDA:239,23,0,0
BRDA:239,23,1,2
BRDA:246,24,0,2
BRDA:246,24,1,0
BRDA:250,25,0,2
BRDA:250,25,1,0
BRDA:268,26,0,1
BRDA:268,26,1,8
BRDA:276,27,0,7
BRDA:276,27,1,2
BRDA:282,28,0,1
BRDA:282,28,1,7
BRDA:287,29,0,1
BRDA:287,29,1,6
BRDA:287,30,0,7
BRDA:287,30,1,6
BRDA:292,31,0,6
BRDA:292,31,1,0
BRDA:303,32,0,1
BRDA:303,32,1,4
BRDA:314,33,0,4
BRDA:314,33,1,2
BRDA:321,34,0,1
BRDA:321,34,1,1
BRDA:336,35,0,1
BRDA:336,35,1,2
BRF:70
BRH:54
end_of_record
TN:
SF:src\core\meta\MetadataManager.ts
FN:51,(anonymous_1)
FN:56,(anonymous_2)
FN:82,(anonymous_3)
FN:89,(anonymous_4)
FN:97,(anonymous_5)
FN:107,(anonymous_6)
FN:123,(anonymous_7)
FN:126,(anonymous_8)
FN:130,(anonymous_9)
FN:133,(anonymous_10)
FN:137,(anonymous_11)
FN:157,(anonymous_12)
FN:162,(anonymous_13)
FN:167,(anonymous_14)
FN:172,(anonymous_15)
FNF:15
FNH:11
FNDA:40,(anonymous_1)
FNDA:40,(anonymous_2)
FNDA:0,(anonymous_3)
FNDA:0,(anonymous_4)
FNDA:0,(anonymous_5)
FNDA:6,(anonymous_6)
FNDA:119,(anonymous_7)
FNDA:0,(anonymous_8)
FNDA:73,(anonymous_9)
FNDA:2,(anonymous_10)
FNDA:64,(anonymous_11)
FNDA:55,(anonymous_12)
FNDA:2,(anonymous_13)
FNDA:3,(anonymous_14)
FNDA:1,(anonymous_15)
DA:4,6
DA:5,6
DA:6,6
DA:8,6
DA:9,6
DA:39,6
DA:40,40
DA:46,40
DA:47,40
DA:48,40
DA:49,40
DA:52,40
DA:57,40
DA:58,40
DA:59,40
DA:61,34
DA:62,34
DA:65,34
DA:69,34
DA:71,6
DA:76,6
DA:77,6
DA:83,0
DA:84,0
DA:90,0
DA:91,0
DA:92,0
DA:98,0
DA:99,0
DA:100,0
DA:102,0
DA:108,6
DA:109,6
DA:110,6
DA:112,6
DA:113,6
DA:114,6
DA:115,6
DA:117,0
DA:119,6
DA:124,119
DA:125,119
DA:126,119
DA:131,73
DA:134,2
DA:138,64
DA:147,64
DA:153,64
DA:158,55
DA:159,55
DA:163,2
DA:168,3
DA:173,1
DA:178,6
LF:54
LH:44
BRDA:59,0,0,6
BRDA:59,0,1,34
BRDA:65,1,0,0
BRDA:65,1,1,34
BRDA:83,2,0,0
BRDA:83,2,1,0
BRDA:90,3,0,0
BRDA:90,3,1,0
BRDA:98,4,0,0
BRDA:98,4,1,0
BRDA:108,5,0,0
BRDA:108,5,1,6
BRDA:108,6,0,6
BRDA:108,6,1,6
BRDA:110,7,0,0
BRDA:110,7,1,6
BRDA:125,8,0,83
BRDA:125,8,1,36
BRDA:134,9,0,2
BRDA:134,9,1,1
BRDA:138,10,0,64
BRDA:138,10,1,43
BRDA:168,11,0,3
BRDA:168,11,1,1
BRF:24
BRH:15
end_of_record
TN:
SF:src\core\query\QueryEngine.ts
FN:14,(anonymous_0)
FN:15,(anonymous_1)
FN:16,(anonymous_2)
FN:17,(anonymous_3)
FN:18,(anonymous_4)
FN:19,(anonymous_5)
FN:20,(anonymous_6)
FN:21,(anonymous_7)
FN:22,(anonymous_8)
FN:29,(anonymous_9)
FN:30,(anonymous_10)
FN:93,(anonymous_11)
FN:100,(anonymous_12)
FN:106,(anonymous_13)
FN:117,(anonymous_14)
FN:124,(anonymous_15)
FN:164,(anonymous_16)
FN:170,(anonymous_17)
FN:173,(anonymous_18)
FN:195,(anonymous_19)
FN:216,(anonymous_20)
FN:222,(anonymous_21)
FN:237,(anonymous_22)
FN:238,(anonymous_23)
FN:247,(anonymous_24)
FN:256,(anonymous_25)
FN:258,(anonymous_26)
FN:267,(anonymous_27)
FN:269,(anonymous_28)
FN:278,(anonymous_29)
FN:284,(anonymous_30)
FNF:31
FNH:7
FNDA:0,(anonymous_0)
FNDA:0,(anonymous_1)
FNDA:3,(anonymous_2)
FNDA:0,(anonymous_3)
FNDA:0,(anonymous_4)
FNDA:0,(anonymous_5)
FNDA:0,(anonymous_6)
FNDA:0,(anonymous_7)
FNDA:0,(anonymous_8)
FNDA:0,(anonymous_9)
FNDA:0,(anonymous_10)
FNDA:10,(anonymous_11)
FNDA:6,(anonymous_12)
FNDA:10,(anonymous_13)
FNDA:0,(anonymous_14)
FNDA:0,(anonymous_15)
FNDA:9,(anonymous_16)
FNDA:0,(anonymous_17)
FNDA:3,(anonymous_18)
FNDA:7,(anonymous_19)
FNDA:0,(anonymous_20)
FNDA:0,(anonymous_21)
FNDA:0,(anonymous_22)
FNDA:0,(anonymous_23)
FNDA:0,(anonymous_24)
FNDA:0,(anonymous_25)
FNDA:0,(anonymous_26)
FNDA:0,(anonymous_27)
FNDA:0,(anonymous_28)
FNDA:0,(anonymous_29)
FNDA:0,(anonymous_30)
DA:13,2
DA:14,0
DA:15,0
DA:16,3
DA:17,0
DA:18,0
DA:19,0
DA:20,0
DA:21,0
DA:23,0
DA:25,0
DA:26,0
DA:27,0
DA:29,0
DA:30,0
DA:36,2
DA:89,2
DA:94,10
DA:97,10
DA:100,10
DA:107,10
DA:108,0
DA:114,10
DA:115,0
DA:117,0
DA:121,10
DA:122,0
DA:124,0
DA:129,10
DA:131,10
DA:133,7
DA:134,4
DA:135,4
DA:136,4
DA:146,3
DA:155,10
DA:165,9
DA:167,0
DA:170,0
DA:173,6
DA:176,3
DA:177,3
DA:180,3
DA:181,0
DA:185,3
DA:188,0
DA:197,7
DA:198,7
DA:202,0
DA:203,0
DA:206,0
DA:207,0
DA:210,0
DA:217,0
DA:219,0
DA:220,0
DA:222,0
DA:223,0
DA:224,0
DA:225,0
DA:227,0
DA:228,0
DA:230,0
DA:238,0
DA:239,0
DA:240,0
DA:248,0
DA:249,0
DA:250,0
DA:257,0
DA:258,0
DA:259,0
DA:260,0
DA:268,0
DA:269,0
DA:270,0
DA:271,0
DA:279,0
DA:280,0
DA:282,0
DA:284,0
DA:286,0
DA:287,0
DA:290,0
DA:293,0
LF:85
LH:26
BRDA:20,0,0,0
BRDA:20,0,1,0
BRDA:21,1,0,0
BRDA:21,1,1,0
BRDA:23,2,0,0
BRDA:23,2,1,0
BRDA:23,3,0,0
BRDA:23,3,1,0
BRDA:94,4,0,0
BRDA:94,4,1,10
BRDA:107,5,0,0
BRDA:107,5,1,10
BRDA:114,6,0,0
BRDA:114,6,1,10
BRDA:121,7,0,0
BRDA:121,7,1,10
BRDA:133,8,0,4
BRDA:133,8,1,3
BRDA:133,9,0,7
BRDA:133,9,1,4
BRDA:133,9,2,4
BRDA:135,10,0,4
BRDA:135,10,1,0
BRDA:165,11,0,0
BRDA:165,11,1,0
BRDA:165,11,2,6
BRDA:165,11,3,3
BRDA:165,11,4,0
BRDA:180,12,0,0
BRDA:180,12,1,3
BRDA:195,13,0,5
BRDA:197,14,0,7
BRDA:197,14,1,0
BRDA:203,15,0,0
BRDA:203,15,1,0
BRDA:206,16,0,0
BRDA:206,16,1,0
BRDA:206,17,0,0
BRDA:206,17,1,0
BRDA:217,18,0,0
BRDA:217,18,1,0
BRDA:219,19,0,0
BRDA:219,19,1,0
BRDA:220,20,0,0
BRDA:220,20,1,0
BRDA:220,21,0,0
BRDA:220,21,1,0
BRDA:225,22,0,0
BRDA:225,22,1,0
BRDA:227,23,0,0
BRDA:227,23,1,0
BRDA:227,24,0,0
BRDA:227,24,1,0
BRDA:228,25,0,0
BRDA:228,25,1,0
BRDA:228,26,0,0
BRDA:228,26,1,0
BRDA:240,27,0,0
BRDA:240,27,1,0
BRDA:248,28,0,0
BRDA:248,28,1,0
BRDA:257,29,0,0
BRDA:257,29,1,0
BRDA:260,30,0,0
BRDA:260,30,1,0
BRDA:260,31,0,0
BRDA:260,31,1,0
BRDA:268,32,0,0
BRDA:268,32,1,0
BRDA:271,33,0,0
BRDA:271,33,1,0
BRDA:271,34,0,0
BRDA:271,34,1,0
BRDA:280,35,0,0
BRDA:280,35,1,0
BRDA:286,36,0,0
BRDA:286,36,1,0
BRF:77
BRH:15
end_of_record
TN:
SF:src\types\storageErrorInfc.ts
FN:6,(anonymous_0)
FN:42,(anonymous_1)
FN:65,(anonymous_2)
FN:90,(anonymous_3)
FNF:4
FNH:4
FNDA:6,(anonymous_0)
FNDA:36,(anonymous_1)
FNDA:36,(anonymous_2)
FNDA:20,(anonymous_3)
DA:6,6
DA:7,6
DA:8,6
DA:9,6
DA:10,6
DA:11,6
DA:12,6
DA:13,6
DA:14,6
DA:15,6
DA:21,6
DA:44,36
DA:53,36
DA:54,36
DA:55,36
DA:56,36
DA:57,36
DA:58,36
DA:59,36
DA:66,36
DA:67,5
DA:68,31
DA:69,31
DA:70,0
DA:71,0
DA:72,0
DA:73,0
DA:74,0
DA:75,0
DA:76,0
DA:77,0
DA:78,0
DA:79,0
DA:80,0
DA:81,0
DA:83,0
DA:91,20
LF:37
LH:24
BRDA:6,0,0,6
BRDA:6,0,1,6
BRDA:66,1,0,5
BRDA:66,1,1,31
BRDA:68,2,0,31
BRDA:68,2,1,0
BRDA:70,3,0,0
BRDA:70,3,1,0
BRDA:72,4,0,0
BRDA:72,4,1,0
BRDA:74,5,0,0
BRDA:74,5,1,0
BRDA:76,6,0,0
BRDA:76,6,1,0
BRDA:78,7,0,0
BRDA:78,7,1,0
BRDA:78,8,0,0
BRDA:78,8,1,0
BRDA:80,9,0,0
BRDA:80,9,1,0
BRF:20
BRH:5
end_of_record
TN:
SF:src\utils\ROOTPath.ts
FN:10,(anonymous_10)
FN:12,(anonymous_11)
FN:15,(anonymous_12)
FN:21,(anonymous_13)
FN:32,(anonymous_14)
FN:36,(anonymous_15)
FNF:6
FNH:2
FNDA:0,(anonymous_10)
FNDA:0,(anonymous_11)
FNDA:0,(anonymous_12)
FNDA:0,(anonymous_13)
FNDA:6,(anonymous_14)
FNDA:67,(anonymous_15)
DA:2,6
DA:6,6
DA:7,6
DA:8,6
DA:13,0
DA:15,0
DA:16,0
DA:17,0
DA:22,0
DA:23,0
DA:24,0
DA:25,0
DA:26,0
DA:28,0
DA:33,6
DA:35,6
DA:36,67
DA:39,6
DA:45,6
DA:47,6
LF:20
LH:10
BRDA:13,0,0,0
BRDA:13,0,1,0
BRDA:13,1,0,0
BRDA:13,1,1,0
BRDA:22,2,0,0
BRDA:22,2,1,0
BRDA:33,3,0,6
BRDA:33,3,1,0
BRF:8
BRH:1
end_of_record
TN:
SF:src\utils\withTimeout.ts
FN:4,withTimeout
FN:11,(anonymous_2)
FN:13,(anonymous_3)
FNF:3
FNH:2
FNDA:73,withTimeout
FNDA:73,(anonymous_2)
FNDA:0,(anonymous_3)
DA:1,4
DA:2,4
DA:4,4
DA:9,73
DA:12,73
DA:14,0
LF:6
LH:5
BRDA:6,0,0,0
BRDA:7,1,0,0
BRF:2
BRH:0
end_of_record
