TN:
SF:src\liteStore.config.js
FNF:0
FNH:0
DA:1,20
LF:1
LH:1
BRF:0
BRH:0
end_of_record
TN:
SF:src\core\FileOperationManager.ts
FN:35,(anonymous_1)
FN:46,(anonymous_2)
FN:54,(anonymous_3)
FN:61,(anonymous_4)
FN:70,(anonymous_5)
FN:79,(anonymous_6)
FN:88,(anonymous_7)
FN:97,(anonymous_8)
FN:111,(anonymous_9)
FN:125,(anonymous_10)
FN:139,(anonymous_11)
FN:152,(anonymous_12)
FN:165,(anonymous_13)
FN:174,(anonymous_14)
FNF:14
FNH:12
FNDA:37,(anonymous_1)
FNDA:0,(anonymous_2)
FNDA:2,(anonymous_3)
FNDA:133,(anonymous_4)
FNDA:6,(anonymous_5)
FNDA:6,(anonymous_6)
FNDA:2,(anonymous_7)
FNDA:1,(anonymous_8)
FNDA:2,(anonymous_9)
FNDA:1,(anonymous_10)
FNDA:2,(anonymous_11)
FNDA:2,(anonymous_12)
FNDA:2,(anonymous_13)
FNDA:0,(anonymous_14)
DA:1,20
DA:2,20
DA:3,20
DA:5,20
DA:6,20
DA:7,20
DA:14,20
DA:36,37
DA:37,37
DA:38,37
DA:47,0
DA:55,2
DA:62,133
DA:71,6
DA:80,6
DA:89,2
DA:98,1
DA:99,1
DA:112,2
DA:113,2
DA:126,1
DA:127,1
DA:140,2
DA:141,2
DA:153,2
DA:154,2
DA:166,2
DA:167,2
DA:175,0
DA:176,0
LF:30
LH:27
BRF:0
BRH:0
end_of_record
TN:
SF:src\core\constants.ts
FNF:0
FNH:0
DA:7,20
DA:14,20
DA:24,20
DA:32,20
DA:40,20
DA:46,20
LF:6
LH:6
BRF:0
BRH:0
end_of_record
TN:
SF:src\core\db.ts
FNF:0
FNH:0
DA:1,20
DA:2,20
DA:8,0
DA:14,0
DA:22,0
LF:5
LH:2
BRDA:14,0,0,0
BRDA:14,0,1,0
BRF:2
BRH:0
end_of_record
TN:
SF:src\core\adapter\FileSystemStorageAdapter.ts
FN:42,(anonymous_1)
FN:105,(anonymous_2)
FN:117,(anonymous_3)
FN:132,(anonymous_4)
FN:145,(anonymous_5)
FN:152,(anonymous_6)
FN:156,(anonymous_7)
FN:161,(anonymous_8)
FN:223,(anonymous_9)
FN:230,(anonymous_10)
FN:235,(anonymous_11)
FN:242,(anonymous_12)
FN:257,(anonymous_13)
FN:283,(anonymous_14)
FN:331,(anonymous_15)
FN:343,(anonymous_16)
FN:351,(anonymous_17)
FN:362,(anonymous_18)
FN:375,(anonymous_19)
FN:394,(anonymous_20)
FN:401,(anonymous_21)
FN:403,(anonymous_22)
FN:404,(anonymous_23)
FN:405,(anonymous_24)
FN:412,(anonymous_25)
FN:417,(anonymous_26)
FN:515,getStorageInstance
FN:523,(anonymous_28)
FN:527,(anonymous_29)
FNF:29
FNH:15
FNDA:7,(anonymous_1)
FNDA:7,(anonymous_2)
FNDA:7,(anonymous_3)
FNDA:8,(anonymous_4)
FNDA:8,(anonymous_5)
FNDA:0,(anonymous_6)
FNDA:0,(anonymous_7)
FNDA:111,(anonymous_8)
FNDA:11,(anonymous_9)
FNDA:0,(anonymous_10)
FNDA:2,(anonymous_11)
FNDA:0,(anonymous_12)
FNDA:0,(anonymous_13)
FNDA:7,(anonymous_14)
FNDA:11,(anonymous_15)
FNDA:106,(anonymous_16)
FNDA:4,(anonymous_17)
FNDA:3,(anonymous_18)
FNDA:11,(anonymous_19)
FNDA:0,(anonymous_20)
FNDA:0,(anonymous_21)
FNDA:0,(anonymous_22)
FNDA:0,(anonymous_23)
FNDA:0,(anonymous_24)
FNDA:0,(anonymous_25)
FNDA:0,(anonymous_26)
FNDA:0,getStorageInstance
FNDA:20,(anonymous_28)
FNDA:0,(anonymous_29)
DA:2,20
DA:3,20
DA:4,20
DA:7,20
DA:14,20
DA:15,20
DA:16,20
DA:17,20
DA:18,20
DA:19,20
DA:20,20
DA:21,20
DA:22,20
DA:23,20
DA:24,20
DA:26,20
DA:46,7
DA:49,7
DA:50,7
DA:53,7
DA:65,7
DA:70,7
DA:71,7
DA:74,7
DA:77,7
DA:78,0
DA:82,7
DA:89,7
DA:97,7
DA:106,7
DA:107,7
DA:109,7
DA:110,0
DA:119,7
DA:120,7
DA:122,7
DA:123,7
DA:126,7
DA:127,7
DA:142,8
DA:146,8
DA:148,8
DA:149,8
DA:153,0
DA:157,0
DA:166,111
DA:167,111
DA:169,111
DA:171,111
DA:176,0
DA:177,0
DA:180,0
DA:188,0
DA:189,0
DA:197,111
DA:200,111
DA:208,111
DA:211,0
DA:219,0
DA:227,11
DA:231,0
DA:239,2
DA:253,0
DA:262,0
DA:264,0
DA:265,0
DA:268,0
DA:275,0
DA:279,0
DA:291,7
DA:293,0
DA:294,0
DA:297,0
DA:304,0
DA:305,0
DA:316,7
DA:319,7
DA:320,7
DA:321,7
DA:324,7
DA:325,7
DA:328,7
DA:331,7
DA:332,11
DA:333,11
DA:338,7
DA:339,112
DA:341,112
DA:343,105
DA:344,106
DA:345,106
DA:347,106
DA:349,105
DA:351,4
DA:352,4
DA:353,4
DA:354,4
DA:355,3
DA:356,3
DA:360,4
DA:362,3
DA:363,3
DA:364,3
DA:365,3
DA:368,3
DA:373,7
DA:375,11
DA:378,7
DA:382,7
DA:384,7
DA:395,0
DA:402,0
DA:403,0
DA:404,0
DA:405,0
DA:413,0
DA:420,0
DA:423,0
DA:424,0
DA:425,0
DA:436,0
DA:438,0
DA:440,0
DA:448,0
DA:449,0
DA:450,0
DA:461,0
DA:464,0
DA:472,0
DA:473,0
DA:474,0
DA:485,0
DA:488,0
DA:490,0
DA:491,0
DA:493,0
DA:494,0
DA:503,0
DA:507,0
DA:513,20
DA:516,0
DA:517,0
DA:519,0
DA:523,20
DA:525,20
DA:526,20
DA:528,0
DA:533,0
DA:536,20
LF:149
LH:91
BRDA:46,0,0,7
BRDA:46,0,1,0
BRDA:77,1,0,0
BRDA:77,1,1,7
BRDA:77,2,0,7
BRDA:77,2,1,7
BRDA:109,3,0,0
BRDA:109,3,1,7
BRDA:109,4,0,7
BRDA:109,4,1,7
BRDA:122,5,0,7
BRDA:122,5,1,0
BRDA:126,6,0,7
BRDA:126,6,1,0
BRDA:134,7,0,8
BRDA:167,8,0,11
BRDA:167,8,1,100
BRDA:171,9,0,0
BRDA:171,9,1,111
BRDA:190,10,0,0
BRDA:190,10,1,0
BRDA:191,11,0,0
BRDA:191,11,1,0
BRDA:217,12,0,0
BRDA:217,12,1,0
BRDA:262,13,0,0
BRDA:262,13,1,0
BRDA:291,14,0,0
BRDA:291,14,1,7
BRDA:332,15,0,11
BRDA:332,15,1,0
BRDA:339,16,0,1
BRDA:339,16,1,111
BRDA:341,17,0,105
BRDA:341,17,1,4
BRDA:341,17,2,3
BRDA:344,18,0,106
BRDA:344,18,1,0
BRDA:352,19,0,4
BRDA:352,19,1,0
BRDA:354,20,0,3
BRDA:354,20,1,1
BRDA:363,21,0,3
BRDA:363,21,1,0
BRDA:363,22,0,3
BRDA:363,22,1,3
BRDA:424,23,0,0
BRDA:424,23,1,0
BRDA:449,24,0,0
BRDA:449,24,1,0
BRDA:473,25,0,0
BRDA:473,25,1,0
BRDA:488,26,0,0
BRDA:488,26,1,0
BRDA:491,27,0,0
BRDA:491,27,1,0
BRDA:493,28,0,0
BRDA:493,28,1,0
BRDA:495,29,0,0
BRDA:495,29,1,0
BRDA:516,30,0,0
BRDA:516,30,1,0
BRDA:525,31,0,20
BRDA:525,31,1,0
BRDA:525,32,0,20
BRDA:525,32,1,20
BRF:66
BRH:30
end_of_record
TN:
SF:src\core\api\RateLimiter.ts
FN:84,(anonymous_0)
FN:97,(anonymous_1)
FN:167,(anonymous_2)
FN:229,(anonymous_3)
FN:238,(anonymous_4)
FN:245,(anonymous_5)
FN:253,(anonymous_6)
FN:264,(anonymous_7)
FN:293,(anonymous_8)
FN:308,(anonymous_9)
FN:319,(anonymous_10)
FN:327,(anonymous_11)
FN:334,(anonymous_12)
FNF:13
FNH:12
FNDA:17,(anonymous_0)
FNDA:1,(anonymous_1)
FNDA:12,(anonymous_2)
FNDA:1,(anonymous_3)
FNDA:5,(anonymous_4)
FNDA:1,(anonymous_5)
FNDA:4,(anonymous_6)
FNDA:2,(anonymous_7)
FNDA:11,(anonymous_8)
FNDA:1,(anonymous_9)
FNDA:0,(anonymous_10)
FNDA:1,(anonymous_11)
FNDA:1,(anonymous_12)
DA:4,1
DA:69,1
DA:78,17
DA:85,17
DA:98,1
DA:99,0
DA:106,1
DA:107,1
DA:109,1
DA:111,1
DA:115,1
DA:117,1
DA:125,0
DA:126,0
DA:128,0
DA:130,0
DA:134,0
DA:137,0
DA:139,0
DA:140,0
DA:142,0
DA:150,0
DA:152,0
DA:168,12
DA:169,2
DA:176,10
DA:177,10
DA:179,10
DA:181,8
DA:188,10
DA:189,10
DA:191,10
DA:193,1
DA:197,1
DA:200,10
DA:202,7
DA:203,7
DA:205,7
DA:213,3
DA:214,3
DA:216,3
DA:230,1
DA:239,5
DA:246,1
DA:254,4
DA:265,2
DA:272,1
DA:276,5
DA:281,5
DA:294,11
DA:295,8
DA:301,11
DA:309,1
DA:320,0
DA:328,1
DA:335,1
DA:340,1
LF:57
LH:44
BRDA:84,0,0,0
BRDA:86,1,0,17
BRDA:86,1,1,0
BRDA:87,2,0,17
BRDA:87,2,1,0
BRDA:98,3,0,0
BRDA:98,3,1,1
BRDA:109,4,0,1
BRDA:109,4,1,0
BRDA:128,5,0,0
BRDA:128,5,1,0
BRDA:137,6,0,0
BRDA:137,6,1,0
BRDA:156,7,0,0
BRDA:156,7,1,0
BRDA:167,8,0,0
BRDA:168,9,0,2
BRDA:168,9,1,10
BRDA:179,10,0,8
BRDA:179,10,1,2
BRDA:191,11,0,1
BRDA:191,11,1,9
BRDA:200,12,0,7
BRDA:200,12,1,3
BRDA:294,13,0,8
BRDA:294,13,1,3
BRF:26
BRH:14
end_of_record
TN:
SF:src\core\cache\CacheManager.ts
FN:8,(anonymous_0)
FN:215,(anonymous_1)
FN:241,(anonymous_2)
FN:257,(anonymous_3)
FN:278,(anonymous_4)
FN:301,(anonymous_5)
FN:313,(anonymous_6)
FN:346,(anonymous_7)
FN:371,(anonymous_8)
FN:377,(anonymous_9)
FN:385,(anonymous_10)
FN:427,(anonymous_11)
FN:445,(anonymous_12)
FN:448,(anonymous_13)
FN:460,(anonymous_14)
FN:473,(anonymous_15)
FN:491,(anonymous_16)
FN:533,(anonymous_17)
FN:562,(anonymous_18)
FN:602,(anonymous_19)
FN:675,(anonymous_20)
FN:698,(anonymous_21)
FN:707,(anonymous_22)
FN:743,(anonymous_23)
FN:762,(anonymous_24)
FN:774,(anonymous_25)
FN:786,(anonymous_26)
FN:801,(anonymous_27)
FN:810,(anonymous_28)
FN:820,(anonymous_29)
FN:830,(anonymous_30)
FN:837,(anonymous_31)
FN:843,(anonymous_32)
FN:857,(anonymous_33)
FN:893,(anonymous_34)
FN:911,(anonymous_35)
FNF:36
FNH:34
FNDA:20,(anonymous_0)
FNDA:71,(anonymous_1)
FNDA:71,(anonymous_2)
FNDA:70189,(anonymous_3)
FNDA:35085,(anonymous_4)
FNDA:20041,(anonymous_5)
FNDA:6,(anonymous_6)
FNDA:5001,(anonymous_7)
FNDA:71,(anonymous_8)
FNDA:0,(anonymous_9)
FNDA:0,(anonymous_10)
FNDA:80515,(anonymous_11)
FNDA:92,(anonymous_12)
FNDA:114,(anonymous_13)
FNDA:100426,(anonymous_14)
FNDA:60152,(anonymous_15)
FNDA:60158,(anonymous_16)
FNDA:60152,(anonymous_17)
FNDA:20223,(anonymous_18)
FNDA:60152,(anonymous_19)
FNDA:20219,(anonymous_20)
FNDA:60152,(anonymous_21)
FNDA:141,(anonymous_22)
FNDA:15,(anonymous_23)
FNDA:2,(anonymous_24)
FNDA:2,(anonymous_25)
FNDA:5,(anonymous_26)
FNDA:18,(anonymous_27)
FNDA:5,(anonymous_28)
FNDA:4,(anonymous_29)
FNDA:7,(anonymous_30)
FNDA:7,(anonymous_31)
FNDA:7,(anonymous_32)
FNDA:9,(anonymous_33)
FNDA:1,(anonymous_34)
FNDA:4,(anonymous_35)
DA:3,20
DA:8,20
DA:9,20
DA:10,20
DA:152,20
DA:156,71
DA:161,71
DA:162,71
DA:167,71
DA:172,71
DA:177,71
DA:187,71
DA:203,71
DA:208,71
DA:217,71
DA:230,71
DA:231,71
DA:235,71
DA:242,71
DA:243,71
DA:244,71
DA:248,71
DA:258,70189
DA:259,70189
DA:260,70189
DA:262,70189
DA:263,70111
DA:265,70189
DA:267,70189
DA:268,78
DA:271,70189
DA:279,35085
DA:280,35085
DA:282,35085
DA:283,25029
DA:285,10056
DA:288,35085
DA:289,10019
DA:291,25066
DA:294,35085
DA:302,20041
DA:303,20041
DA:304,20041
DA:305,20041
DA:314,6
DA:315,6
DA:318,6
DA:319,6
DA:320,6
DA:321,6
DA:322,6
DA:323,4
DA:325,4
DA:326,1
DA:332,6
DA:333,6
DA:336,6
DA:337,6
DA:339,6
DA:348,5001
DA:349,5001
DA:352,5001
DA:353,5001
DA:355,5001
DA:356,5001
DA:357,5001
DA:360,5001
DA:361,0
DA:365,5001
DA:373,71
DA:374,0
DA:377,71
DA:378,0
DA:386,0
DA:387,0
DA:389,0
DA:390,0
DA:392,0
DA:393,0
DA:396,0
DA:397,0
DA:398,0
DA:399,0
DA:400,0
DA:401,0
DA:402,0
DA:403,0
DA:404,0
DA:405,0
DA:406,0
DA:412,0
DA:413,0
DA:417,0
DA:418,0
DA:428,80515
DA:429,4
DA:432,80511
DA:435,80320
DA:438,72
DA:441,0
DA:443,119
DA:445,92
DA:448,45
DA:449,114
DA:453,0
DA:461,100426
DA:462,100426
DA:474,60152
DA:475,60152
DA:478,60152
DA:479,134
DA:480,134
DA:481,134
DA:484,60018
DA:493,60158
DA:494,40150
DA:498,20008
DA:499,0
DA:504,20008
DA:507,15007
DA:508,15007
DA:509,15007
DA:511,15007
DA:514,5001
DA:515,5001
DA:518,20008
DA:519,20008
DA:520,20008
DA:521,20008
DA:522,20008
DA:524,20008
DA:525,20008
DA:526,20008
DA:535,60152
DA:536,60061
DA:540,91
DA:543,91
DA:544,88
DA:548,3
DA:551,3
DA:552,6
DA:563,20223
DA:564,20223
DA:565,174
DA:569,20049
DA:570,2
DA:572,2
DA:573,2
DA:574,0
DA:575,0
DA:577,2
DA:578,2
DA:582,20047
DA:585,20047
DA:586,20041
DA:587,6
DA:588,6
DA:591,20047
DA:603,60152
DA:604,60152
DA:607,60152
DA:608,5
DA:609,5
DA:610,5
DA:611,5
DA:614,5
DA:615,5
DA:616,0
DA:617,0
DA:618,0
DA:619,0
DA:620,0
DA:621,0
DA:622,0
DA:623,0
DA:624,0
DA:625,0
DA:626,0
DA:634,60152
DA:642,60152
DA:643,60152
DA:646,60152
DA:649,60152
DA:650,50148
DA:651,10004
DA:653,10004
DA:654,2
DA:656,10004
DA:657,10004
DA:661,60152
DA:664,60152
DA:666,60152
DA:676,20219
DA:678,20219
DA:679,20219
DA:680,20045
DA:681,20045
DA:682,20045
DA:685,174
DA:686,174
DA:687,174
DA:699,60152
DA:708,141
DA:710,30
DA:711,30
DA:712,30
DA:713,30
DA:717,30
DA:718,30
DA:719,0
DA:720,0
DA:721,0
DA:722,0
DA:723,0
DA:724,0
DA:725,0
DA:726,0
DA:727,0
DA:728,0
DA:729,0
DA:735,30
DA:736,30
DA:744,15
DA:746,15
DA:747,15
DA:748,15
DA:750,15
DA:751,15
DA:753,15
DA:754,15
DA:763,2
DA:764,2
DA:765,2
DA:775,2
DA:776,2
DA:777,2
DA:787,5
DA:788,5
DA:789,9
DA:790,6
DA:793,5
DA:802,18
DA:811,5
DA:821,4
DA:832,7
DA:833,3
DA:837,7
DA:838,7
DA:841,7
DA:843,7
DA:844,7
DA:845,7
DA:859,9
DA:860,9
DA:861,3
DA:865,6
DA:866,6
DA:868,6
DA:869,6
DA:870,2
DA:874,4
DA:877,4
DA:879,4
DA:881,6
DA:894,1
DA:895,1
DA:896,1
DA:898,1
DA:912,4
DA:913,0
DA:916,4
DA:917,4
DA:918,4
DA:920,2
DA:921,2
DA:923,2
DA:926,0
LF:277
LH:224
BRDA:8,0,0,20
BRDA:8,0,1,20
BRDA:215,1,0,0
BRDA:231,2,0,71
BRDA:231,2,1,55
BRDA:242,3,0,71
BRDA:242,3,1,0
BRDA:262,4,0,70111
BRDA:262,4,1,78
BRDA:267,5,0,78
BRDA:267,5,1,70111
BRDA:280,6,0,0
BRDA:280,6,1,35085
BRDA:282,7,0,25029
BRDA:282,7,1,10056
BRDA:283,8,0,25029
BRDA:283,8,1,25025
BRDA:285,9,0,10056
BRDA:285,9,1,41
BRDA:288,10,0,10019
BRDA:288,10,1,25066
BRDA:289,11,0,10019
BRDA:289,11,1,10015
BRDA:291,12,0,25066
BRDA:291,12,1,41
BRDA:304,13,0,20041
BRDA:304,13,1,0
BRDA:315,14,0,0
BRDA:315,14,1,6
BRDA:320,15,0,6
BRDA:320,15,1,0
BRDA:322,16,0,4
BRDA:322,16,1,2
BRDA:325,17,0,1
BRDA:325,17,1,3
BRDA:336,18,0,6
BRDA:336,18,1,0
BRDA:349,19,0,0
BRDA:349,19,1,5001
BRDA:349,20,0,5001
BRDA:349,20,1,5001
BRDA:353,21,0,0
BRDA:353,21,1,5001
BRDA:356,22,0,5001
BRDA:356,22,1,0
BRDA:360,23,0,0
BRDA:360,23,1,5001
BRDA:373,24,0,0
BRDA:373,24,1,71
BRDA:390,25,0,0
BRDA:390,25,1,0
BRDA:396,26,0,0
BRDA:396,26,1,0
BRDA:398,27,0,0
BRDA:398,27,1,0
BRDA:401,28,0,0
BRDA:401,28,1,0
BRDA:403,29,0,0
BRDA:403,29,1,0
BRDA:405,30,0,0
BRDA:405,30,1,0
BRDA:417,31,0,0
BRDA:417,31,1,0
BRDA:428,32,0,4
BRDA:428,32,1,80511
BRDA:428,33,0,80515
BRDA:428,33,1,80511
BRDA:432,34,0,80320
BRDA:432,34,1,72
BRDA:432,34,2,0
BRDA:432,34,3,119
BRDA:432,34,4,0
BRDA:443,35,0,74
BRDA:443,35,1,45
BRDA:462,36,0,30313
BRDA:462,36,1,70113
BRDA:474,37,0,60152
BRDA:474,37,1,60148
BRDA:478,38,0,134
BRDA:478,38,1,60018
BRDA:478,39,0,60152
BRDA:478,39,1,148
BRDA:491,40,0,60152
BRDA:493,41,0,40150
BRDA:493,41,1,20008
BRDA:493,42,0,60158
BRDA:493,42,1,60152
BRDA:498,43,0,0
BRDA:498,43,1,20008
BRDA:504,44,0,15007
BRDA:504,44,1,5001
BRDA:507,45,0,15007
BRDA:507,45,1,0
BRDA:507,46,0,15007
BRDA:507,46,1,15007
BRDA:518,47,0,20008
BRDA:518,47,1,0
BRDA:520,48,0,20008
BRDA:520,48,1,0
BRDA:535,49,0,60061
BRDA:535,49,1,91
BRDA:540,50,0,91
BRDA:540,50,1,0
BRDA:543,51,0,88
BRDA:543,51,1,3
BRDA:551,52,0,9
BRDA:551,52,1,6
BRDA:564,53,0,174
BRDA:564,53,1,20049
BRDA:569,54,0,2
BRDA:569,54,1,20047
BRDA:572,55,0,2
BRDA:572,55,1,0
BRDA:574,56,0,0
BRDA:574,56,1,0
BRDA:585,57,0,20041
BRDA:585,57,1,6
BRDA:587,58,0,6
BRDA:587,58,1,0
BRDA:602,59,0,0
BRDA:607,60,0,5
BRDA:607,60,1,60147
BRDA:609,61,0,5
BRDA:609,61,1,0
BRDA:614,62,0,5
BRDA:614,62,1,0
BRDA:616,63,0,0
BRDA:616,63,1,0
BRDA:618,64,0,0
BRDA:618,64,1,0
BRDA:621,65,0,0
BRDA:621,65,1,0
BRDA:623,66,0,0
BRDA:623,66,1,0
BRDA:625,67,0,0
BRDA:625,67,1,0
BRDA:649,68,0,50148
BRDA:649,68,1,10004
BRDA:651,69,0,10004
BRDA:651,69,1,0
BRDA:653,70,0,2
BRDA:653,70,1,10002
BRDA:679,71,0,20045
BRDA:679,71,1,174
BRDA:698,72,0,60132
BRDA:708,73,0,30
BRDA:708,73,1,111
BRDA:711,74,0,30
BRDA:711,74,1,0
BRDA:717,75,0,30
BRDA:717,75,1,0
BRDA:719,76,0,0
BRDA:719,76,1,0
BRDA:721,77,0,0
BRDA:721,77,1,0
BRDA:724,78,0,0
BRDA:724,78,1,0
BRDA:726,79,0,0
BRDA:726,79,1,0
BRDA:728,80,0,0
BRDA:728,80,1,0
BRDA:764,81,0,2
BRDA:764,81,1,0
BRDA:776,82,0,2
BRDA:776,82,1,0
BRDA:789,83,0,6
BRDA:789,83,1,3
BRDA:860,84,0,3
BRDA:860,84,1,6
BRDA:869,85,0,2
BRDA:869,85,1,4
BRDA:893,86,0,0
BRDA:911,87,0,0
BRDA:912,88,0,0
BRDA:912,88,1,4
BRDA:918,89,0,2
BRDA:918,89,1,2
BRDA:918,90,0,4
BRDA:918,90,1,2
BRDA:920,91,0,2
BRDA:920,91,1,2
BRF:181
BRH:113
end_of_record
TN:
SF:src\core\data\DataReader.ts
FN:24,(anonymous_1)
FN:36,(anonymous_2)
FN:41,(anonymous_3)
FN:45,(anonymous_4)
FN:49,(anonymous_5)
FN:115,(anonymous_6)
FN:155,(anonymous_7)
FN:158,(anonymous_8)
FN:162,(anonymous_9)
FN:166,(anonymous_10)
FN:169,(anonymous_11)
FN:180,(anonymous_12)
FN:183,(anonymous_13)
FNF:13
FNH:8
FNDA:16,(anonymous_1)
FNDA:20,(anonymous_2)
FNDA:0,(anonymous_3)
FNDA:22,(anonymous_4)
FNDA:22,(anonymous_5)
FNDA:0,(anonymous_6)
FNDA:0,(anonymous_7)
FNDA:4,(anonymous_8)
FNDA:4,(anonymous_9)
FNDA:0,(anonymous_10)
FNDA:2,(anonymous_11)
FNDA:2,(anonymous_12)
FNDA:0,(anonymous_13)
DA:2,20
DA:3,20
DA:8,20
DA:9,20
DA:10,20
DA:12,20
DA:13,20
DA:16,20
DA:17,20
DA:18,16
DA:30,16
DA:31,16
DA:32,16
DA:33,16
DA:37,20
DA:38,20
DA:42,0
DA:49,22
DA:51,22
DA:52,22
DA:54,2
DA:58,20
DA:59,20
DA:61,20
DA:62,20
DA:63,20
DA:66,20
DA:68,19
DA:71,19
DA:72,19
DA:73,0
DA:78,20
DA:80,6
DA:81,6
DA:83,6
DA:84,6
DA:86,0
DA:87,0
DA:88,0
DA:89,0
DA:96,20
DA:97,0
DA:98,0
DA:104,20
DA:105,20
DA:113,20
DA:115,0
DA:116,0
DA:117,0
DA:118,0
DA:119,0
DA:120,0
DA:122,0
DA:124,20
DA:126,6
DA:130,20
DA:131,0
DA:135,20
DA:138,20
DA:140,19
DA:143,19
DA:146,19
DA:147,19
DA:148,19
DA:149,19
DA:150,19
DA:154,20
DA:155,0
DA:162,4
DA:164,4
DA:165,4
DA:166,0
DA:180,2
DA:182,2
DA:183,0
LF:75
LH:56
BRDA:52,0,0,2
BRDA:52,0,1,20
BRDA:58,1,0,20
BRDA:58,1,1,20
BRDA:59,2,0,20
BRDA:59,2,1,19
BRDA:66,3,0,19
BRDA:66,3,1,1
BRDA:72,4,0,0
BRDA:72,4,1,19
BRDA:78,5,0,6
BRDA:78,5,1,14
BRDA:80,6,0,6
BRDA:80,6,1,0
BRDA:80,7,0,6
BRDA:80,7,1,6
BRDA:80,7,2,6
BRDA:80,7,3,6
BRDA:84,8,0,0
BRDA:84,8,1,6
BRDA:96,9,0,0
BRDA:96,9,1,20
BRDA:113,10,0,0
BRDA:113,10,1,20
BRDA:117,11,0,0
BRDA:117,11,1,0
BRDA:119,12,0,0
BRDA:119,12,1,0
BRDA:124,13,0,6
BRDA:124,13,1,14
BRDA:130,14,0,0
BRDA:130,14,1,20
BRDA:138,15,0,19
BRDA:138,15,1,1
BRDA:147,16,0,19
BRDA:147,16,1,18
BRDA:148,17,0,19
BRDA:148,17,1,0
BRDA:165,18,0,2
BRDA:165,18,1,2
BRF:40
BRH:29
end_of_record
TN:
SF:src\core\data\DataWriter.ts
FN:28,(anonymous_1)
FN:48,(anonymous_2)
FN:93,(anonymous_3)
FN:98,(anonymous_4)
FN:102,(anonymous_5)
FN:105,(anonymous_6)
FN:112,(anonymous_7)
FN:122,(anonymous_8)
FN:178,(anonymous_9)
FN:183,(anonymous_10)
FN:184,(anonymous_11)
FN:206,(anonymous_12)
FN:210,(anonymous_13)
FN:215,(anonymous_14)
FN:254,(anonymous_15)
FN:260,(anonymous_16)
FN:271,(anonymous_17)
FN:280,(anonymous_18)
FN:305,(anonymous_19)
FN:346,(anonymous_20)
FN:382,(anonymous_21)
FN:401,(anonymous_22)
FN:414,(anonymous_23)
FN:415,(anonymous_24)
FN:462,(anonymous_25)
FN:465,(anonymous_26)
FN:469,(anonymous_27)
FN:479,(anonymous_28)
FN:483,(anonymous_29)
FN:518,(anonymous_30)
FN:569,(anonymous_31)
FN:576,(anonymous_32)
FN:595,(anonymous_33)
FN:616,(anonymous_34)
FNF:34
FNH:25
FNDA:19,(anonymous_1)
FNDA:17,(anonymous_2)
FNDA:143,(anonymous_3)
FNDA:1,(anonymous_4)
FNDA:16,(anonymous_5)
FNDA:10,(anonymous_6)
FNDA:17,(anonymous_7)
FNDA:17,(anonymous_8)
FNDA:0,(anonymous_9)
FNDA:10,(anonymous_10)
FNDA:10,(anonymous_11)
FNDA:0,(anonymous_12)
FNDA:113,(anonymous_13)
FNDA:113,(anonymous_14)
FNDA:0,(anonymous_15)
FNDA:0,(anonymous_16)
FNDA:113,(anonymous_17)
FNDA:113,(anonymous_18)
FNDA:0,(anonymous_19)
FNDA:113,(anonymous_20)
FNDA:113,(anonymous_21)
FNDA:113,(anonymous_22)
FNDA:113,(anonymous_23)
FNDA:113,(anonymous_24)
FNDA:0,(anonymous_25)
FNDA:115,(anonymous_26)
FNDA:2,(anonymous_27)
FNDA:2,(anonymous_28)
FNDA:2,(anonymous_29)
FNDA:6,(anonymous_30)
FNDA:0,(anonymous_31)
FNDA:115,(anonymous_32)
FNDA:0,(anonymous_33)
FNDA:0,(anonymous_34)
DA:2,20
DA:3,20
DA:11,20
DA:12,20
DA:13,20
DA:15,20
DA:16,20
DA:20,20
DA:21,20
DA:22,19
DA:34,19
DA:35,19
DA:36,19
DA:37,19
DA:40,20
DA:51,17
DA:52,17
DA:54,17
DA:56,27
DA:59,27
DA:60,27
DA:62,0
DA:63,0
DA:66,27
DA:71,0
DA:81,27
DA:82,0
DA:87,27
DA:90,17
DA:94,143
DA:95,143
DA:99,1
DA:104,16
DA:105,10
DA:108,16
DA:122,17
DA:123,17
DA:124,0
DA:132,17
DA:133,0
DA:137,17
DA:139,17
DA:143,17
DA:147,17
DA:148,1
DA:149,1
DA:155,16
DA:156,16
DA:164,17
DA:178,0
DA:184,10
DA:185,10
DA:187,10
DA:188,0
DA:189,0
DA:195,10
DA:205,10
DA:206,0
DA:215,113
DA:217,113
DA:220,113
DA:221,0
DA:225,113
DA:228,113
DA:231,113
DA:234,113
DA:237,113
DA:240,113
DA:243,113
DA:246,113
DA:249,113
DA:254,0
DA:261,0
DA:272,113
DA:273,0
DA:287,113
DA:290,113
DA:291,0
DA:292,0
DA:296,113
DA:299,113
DA:310,0
DA:313,0
DA:315,0
DA:320,0
DA:323,0
DA:333,0
DA:340,0
DA:351,113
DA:355,113
DA:365,113
DA:370,113
DA:376,113
DA:388,113
DA:389,7
DA:393,113
DA:394,229
DA:405,113
DA:415,113
DA:416,113
DA:417,0
DA:426,113
DA:427,229
DA:428,229
DA:429,0
DA:439,229
DA:440,0
DA:450,229
DA:451,678
DA:452,0
DA:462,0
DA:466,115
DA:470,2
DA:471,2
DA:473,1
DA:475,1
DA:483,2
DA:485,2
DA:487,2
DA:488,2
DA:489,0
DA:500,2
DA:501,0
DA:502,0
DA:508,2
DA:509,2
DA:518,2
DA:520,6
DA:524,2
DA:527,2
DA:528,0
DA:532,2
DA:533,0
DA:534,0
DA:539,0
DA:545,2
DA:546,2
DA:554,2
DA:555,2
DA:556,2
DA:560,2
DA:566,2
DA:568,2
DA:569,0
DA:580,115
DA:581,115
DA:584,115
DA:585,7
DA:589,115
DA:604,0
DA:606,0
DA:607,0
DA:609,0
DA:610,0
DA:612,0
DA:616,0
LF:156
LH:113
BRDA:52,0,0,0
BRDA:52,0,1,17
BRDA:59,1,0,27
BRDA:59,1,1,0
BRDA:63,2,0,0
BRDA:63,2,1,0
BRDA:66,3,0,0
BRDA:66,3,1,27
BRDA:81,4,0,0
BRDA:81,4,1,27
BRDA:108,5,0,16
BRDA:108,5,1,0
BRDA:114,6,0,0
BRDA:123,7,0,0
BRDA:123,7,1,17
BRDA:132,8,0,0
BRDA:132,8,1,17
BRDA:139,9,0,8
BRDA:139,10,0,13
BRDA:139,11,0,8
BRDA:143,12,0,1
BRDA:143,12,1,16
BRDA:143,13,0,17
BRDA:143,13,1,16
BRDA:147,14,0,1
BRDA:147,14,1,16
BRDA:167,15,0,1
BRDA:167,15,1,16
BRDA:171,16,0,1
BRDA:171,16,1,16
BRDA:175,17,0,17
BRDA:175,17,1,17
BRDA:176,18,0,17
BRDA:176,18,1,17
BRDA:187,19,0,0
BRDA:187,19,1,10
BRDA:217,20,0,12
BRDA:217,20,1,101
BRDA:220,21,0,0
BRDA:220,21,1,113
BRDA:272,22,0,0
BRDA:272,22,1,113
BRDA:290,23,0,0
BRDA:290,23,1,113
BRDA:313,24,0,0
BRDA:313,24,1,0
BRDA:355,25,0,7
BRDA:355,25,1,106
BRDA:365,26,0,7
BRDA:365,26,1,106
BRDA:388,27,0,7
BRDA:388,27,1,106
BRDA:416,28,0,0
BRDA:416,28,1,113
BRDA:428,29,0,0
BRDA:428,29,1,229
BRDA:428,30,0,229
BRDA:428,30,1,229
BRDA:439,31,0,0
BRDA:439,31,1,229
BRDA:451,32,0,0
BRDA:451,32,1,678
BRDA:471,33,0,1
BRDA:471,33,1,1
BRDA:488,34,0,0
BRDA:488,34,1,2
BRDA:500,35,0,0
BRDA:500,35,1,2
BRDA:527,36,0,0
BRDA:527,36,1,2
BRDA:532,37,0,0
BRDA:532,37,1,2
BRDA:581,38,0,115
BRDA:581,38,1,108
BRDA:607,39,0,0
BRDA:607,39,1,0
BRDA:609,40,0,0
BRDA:609,40,1,0
BRF:78
BRH:50
end_of_record
TN:
SF:src\core\file\ChunkedFileHandler.ts
FN:21,(anonymous_1)
FN:27,(anonymous_2)
FN:34,(anonymous_3)
FN:41,(anonymous_4)
FN:64,(anonymous_5)
FN:71,(anonymous_6)
FN:93,(anonymous_7)
FN:178,(anonymous_8)
FN:215,(anonymous_9)
FN:270,(anonymous_10)
FN:311,(anonymous_11)
FN:338,(anonymous_12)
FN:341,(anonymous_13)
FN:341,(anonymous_14)
FN:345,(anonymous_15)
FN:351,(anonymous_16)
FN:376,(anonymous_17)
FN:406,(anonymous_18)
FN:410,(anonymous_19)
FN:433,(anonymous_20)
FN:448,(anonymous_21)
FN:477,(anonymous_22)
FN:519,(anonymous_23)
FN:520,(anonymous_24)
FN:536,(anonymous_25)
FN:541,(anonymous_26)
FN:547,(anonymous_27)
FN:586,(anonymous_28)
FN:610,(anonymous_29)
FNF:29
FNH:21
FNDA:17,(anonymous_1)
FNDA:362,(anonymous_2)
FNDA:25,(anonymous_3)
FNDA:12,(anonymous_4)
FNDA:5,(anonymous_5)
FNDA:1,(anonymous_6)
FNDA:13,(anonymous_7)
FNDA:12,(anonymous_8)
FNDA:2414,(anonymous_9)
FNDA:12,(anonymous_10)
FNDA:0,(anonymous_11)
FNDA:0,(anonymous_12)
FNDA:0,(anonymous_13)
FNDA:0,(anonymous_14)
FNDA:0,(anonymous_15)
FNDA:0,(anonymous_16)
FNDA:9,(anonymous_17)
FNDA:0,(anonymous_18)
FNDA:9,(anonymous_19)
FNDA:0,(anonymous_20)
FNDA:9,(anonymous_21)
FNDA:10,(anonymous_22)
FNDA:10,(anonymous_23)
FNDA:3,(anonymous_24)
FNDA:1,(anonymous_25)
FNDA:1,(anonymous_26)
FNDA:1,(anonymous_27)
FNDA:25,(anonymous_28)
FNDA:250,(anonymous_29)
DA:5,20
DA:6,20
DA:8,20
DA:9,20
DA:10,20
DA:12,20
DA:13,20
DA:17,20
DA:22,17
DA:23,17
DA:24,17
DA:28,362
DA:35,25
DA:42,12
DA:44,12
DA:47,11
DA:50,11
DA:51,9
DA:54,1
DA:65,5
DA:72,1
DA:94,13
DA:96,13
DA:98,13
DA:101,12
DA:108,12
DA:111,12
DA:121,12
DA:124,12
DA:127,12
DA:130,12
DA:131,12
DA:133,12
DA:134,12
DA:135,12
DA:138,12
DA:139,12
DA:142,12
DA:144,0
DA:145,0
DA:150,12
DA:151,12
DA:155,12
DA:163,0
DA:164,0
DA:182,12
DA:183,12
DA:184,12
DA:187,12
DA:188,12
DA:191,12
DA:192,12
DA:195,12
DA:196,2414
DA:197,2414
DA:198,0
DA:202,2414
DA:203,2414
DA:204,2414
DA:206,0
DA:212,12
DA:215,2414
DA:219,12
DA:225,12
DA:226,2414
DA:227,2414
DA:230,2414
DA:232,0
DA:233,0
DA:234,0
DA:235,0
DA:238,0
DA:239,0
DA:243,2414
DA:244,2414
DA:245,0
DA:246,0
DA:247,0
DA:251,2414
DA:252,0
DA:253,0
DA:254,0
DA:258,2414
DA:259,2414
DA:263,12
DA:264,12
DA:267,12
DA:271,12
DA:272,12
DA:274,12
DA:276,12
DA:277,12
DA:280,12
DA:283,12
DA:284,12
DA:286,12
DA:289,12
DA:296,12
DA:303,12
DA:304,12
DA:306,0
DA:307,0
DA:310,0
DA:311,0
DA:314,0
DA:320,0
DA:322,0
DA:332,17
DA:333,17
DA:339,0
DA:340,0
DA:341,0
DA:342,0
DA:343,0
DA:345,0
DA:348,0
DA:349,0
DA:350,0
DA:351,0
DA:352,0
DA:353,0
DA:354,0
DA:355,0
DA:357,0
DA:359,0
DA:360,0
DA:361,0
DA:364,0
DA:367,0
DA:377,9
DA:383,9
DA:385,9
DA:386,0
DA:387,0
DA:390,9
DA:391,0
DA:392,0
DA:395,9
DA:396,0
DA:397,0
DA:400,9
DA:407,0
DA:412,9
DA:414,9
DA:415,3
DA:419,6
DA:420,6
DA:421,6
DA:423,6
DA:424,9
DA:425,9
DA:426,0
DA:428,9
DA:433,6
DA:434,6
DA:435,0
DA:436,0
DA:437,0
DA:442,6
DA:445,6
DA:446,6
DA:448,6
DA:449,9
DA:450,9
DA:451,9
DA:454,9
DA:455,9
DA:458,9
DA:460,0
DA:461,0
DA:466,6
DA:467,6
DA:471,6
DA:478,10
DA:480,10
DA:486,10
DA:487,0
DA:490,10
DA:493,10
DA:494,0
DA:503,10
DA:504,100
DA:505,100
DA:506,100
DA:507,100
DA:508,10
DA:512,0
DA:518,10
DA:519,10
DA:521,3
DA:522,3
DA:523,3
DA:526,0
DA:527,0
DA:538,1
DA:541,1
DA:542,1
DA:543,1
DA:547,1
DA:548,1
DA:549,1
DA:555,1
DA:558,1
DA:559,0
DA:560,0
DA:563,1
DA:564,0
DA:565,0
DA:569,1
DA:570,0
DA:571,0
DA:574,1
DA:576,0
DA:577,0
DA:582,1
DA:583,1
DA:587,25
DA:589,25
DA:592,25
DA:593,0
DA:602,25
DA:603,250
DA:604,250
DA:609,25
DA:611,250
DA:612,250
DA:613,250
DA:619,250
DA:623,0
DA:628,25
DA:629,25
DA:635,25
DA:638,25
DA:641,25
DA:648,0
DA:649,0
LF:236
LH:161
BRDA:50,0,0,9
BRDA:50,0,1,2
BRDA:98,1,0,1
BRDA:98,1,1,12
BRDA:111,2,0,12
BRDA:111,2,1,0
BRDA:121,3,0,12
BRDA:121,3,1,0
BRDA:127,4,0,12
BRDA:127,4,1,9
BRDA:142,5,0,0
BRDA:142,5,1,12
BRDA:150,6,0,12
BRDA:150,6,1,0
BRDA:197,7,0,0
BRDA:197,7,1,2414
BRDA:230,8,0,0
BRDA:230,8,1,2414
BRDA:232,9,0,0
BRDA:232,9,1,0
BRDA:244,10,0,0
BRDA:244,10,1,2414
BRDA:244,11,0,2414
BRDA:244,11,1,0
BRDA:251,12,0,0
BRDA:251,12,1,2414
BRDA:251,13,0,2414
BRDA:251,13,1,0
BRDA:263,14,0,12
BRDA:263,14,1,0
BRDA:310,15,0,0
BRDA:310,15,1,0
BRDA:310,16,0,0
BRDA:310,16,1,0
BRDA:310,16,2,0
BRDA:345,17,0,0
BRDA:345,17,1,0
BRDA:355,18,0,0
BRDA:355,18,1,0
BRDA:357,19,0,0
BRDA:357,19,1,0
BRDA:360,20,0,0
BRDA:360,20,1,0
BRDA:385,21,0,0
BRDA:385,21,1,9
BRDA:385,22,0,9
BRDA:385,22,1,9
BRDA:390,23,0,0
BRDA:390,23,1,9
BRDA:390,24,0,9
BRDA:390,24,1,9
BRDA:395,25,0,0
BRDA:395,25,1,9
BRDA:414,26,0,3
BRDA:414,26,1,6
BRDA:425,27,0,0
BRDA:425,27,1,9
BRDA:436,28,0,0
BRDA:436,28,1,0
BRDA:454,29,0,9
BRDA:454,29,1,0
BRDA:454,30,0,9
BRDA:454,30,1,9
BRDA:486,31,0,0
BRDA:486,31,1,10
BRDA:493,32,0,0
BRDA:493,32,1,10
BRDA:497,33,0,0
BRDA:497,33,1,0
BRDA:507,34,0,10
BRDA:507,34,1,90
BRDA:519,35,0,10
BRDA:519,35,1,10
BRDA:519,35,2,10
BRDA:521,36,0,3
BRDA:521,36,1,0
BRDA:522,37,0,3
BRDA:522,37,1,0
BRDA:543,38,0,1
BRDA:543,38,1,1
BRDA:558,39,0,0
BRDA:558,39,1,1
BRDA:558,40,0,1
BRDA:558,40,1,1
BRDA:563,41,0,0
BRDA:563,41,1,1
BRDA:563,42,0,1
BRDA:563,42,1,1
BRDA:569,43,0,0
BRDA:569,43,1,1
BRDA:592,44,0,0
BRDA:592,44,1,25
BRDA:612,45,0,250
BRDA:612,45,1,0
BRDA:616,46,0,250
BRDA:616,46,1,0
BRF:96
BRH:51
end_of_record
TN:
SF:src\core\file\FileHandlerBase.ts
FN:35,(anonymous_9)
FN:51,(anonymous_10)
FN:62,(anonymous_11)
FN:73,(anonymous_12)
FN:81,(anonymous_13)
FN:104,(anonymous_14)
FN:116,(anonymous_15)
FN:131,(anonymous_16)
FN:146,(anonymous_17)
FNF:9
FNH:7
FNDA:170,(anonymous_9)
FNDA:2414,(anonymous_10)
FNDA:277,(anonymous_11)
FNDA:132,(anonymous_12)
FNDA:251,(anonymous_13)
FNDA:468,(anonymous_14)
FNDA:1,(anonymous_15)
FNDA:0,(anonymous_16)
FNDA:0,(anonymous_17)
DA:2,20
DA:3,20
DA:8,20
DA:12,186
DA:20,186
DA:25,186
DA:30,186
DA:36,170
DA:37,1
DA:52,2414
DA:53,0
DA:54,0
DA:56,2414
DA:63,277
DA:64,277
DA:74,132
DA:75,132
DA:82,251
DA:83,251
DA:84,251
DA:85,0
DA:88,251
DA:89,251
DA:90,251
DA:94,251
DA:96,0
DA:97,0
DA:105,468
DA:106,468
DA:107,468
DA:109,0
DA:117,1
DA:132,0
DA:147,0
LF:34
LH:26
BRDA:36,0,0,1
BRDA:36,0,1,169
BRDA:52,1,0,0
BRDA:52,1,1,2414
BRDA:52,2,0,2414
BRDA:52,2,1,2414
BRDA:82,3,0,0
BRDA:82,3,1,251
BRDA:84,4,0,0
BRDA:84,4,1,251
BRDA:84,5,0,251
BRDA:84,5,1,0
BRDA:105,6,0,468
BRDA:105,6,1,0
BRDA:106,7,0,0
BRDA:106,7,1,468
BRF:16
BRH:10
end_of_record
TN:
SF:src\core\file\FileHandlerFactory.ts
FN:28,(anonymous_1)
FN:38,(anonymous_2)
FN:48,(anonymous_3)
FN:57,(anonymous_4)
FN:60,(anonymous_5)
FNF:5
FNH:5
FNDA:37,(anonymous_1)
FNDA:6,(anonymous_2)
FNDA:6,(anonymous_3)
FNDA:2,(anonymous_4)
FNDA:1001,(anonymous_5)
DA:3,20
DA:5,20
DA:6,20
DA:7,20
DA:12,20
DA:29,37
DA:30,37
DA:39,6
DA:40,6
DA:49,6
DA:59,2
DA:60,1001
DA:63,2
LF:13
LH:13
BRDA:63,0,0,2
BRDA:63,0,1,0
BRF:2
BRH:1
end_of_record
TN:
SF:src\core\file\FileInfoCache.ts
FN:27,(anonymous_0)
FN:59,(anonymous_1)
FNF:2
FNH:1
FNDA:0,(anonymous_0)
FNDA:2,(anonymous_1)
DA:3,20
DA:8,20
DA:12,37
DA:20,37
DA:28,0
DA:29,0
DA:30,0
DA:31,0
DA:34,0
DA:36,0
DA:38,0
DA:39,0
DA:42,0
DA:44,0
DA:48,0
DA:50,0
DA:51,0
DA:60,2
DA:61,1
DA:63,1
LF:20
LH:7
BRDA:28,0,0,0
BRDA:28,0,1,0
BRDA:30,1,0,0
BRDA:30,1,1,0
BRDA:30,2,0,0
BRDA:30,2,1,0
BRDA:36,3,0,0
BRDA:36,3,1,0
BRDA:60,4,0,1
BRDA:60,4,1,1
BRF:10
BRH:2
end_of_record
TN:
SF:src\core\file\PermissionChecker.ts
FN:14,(anonymous_1)
FNF:1
FNH:1
FNDA:133,(anonymous_1)
DA:3,20
DA:4,20
DA:5,20
DA:10,20
DA:15,133
DA:17,133
DA:18,133
DA:19,133
DA:21,0
LF:9
LH:8
BRF:0
BRH:0
end_of_record
TN:
SF:src\core\file\SingleFileHandler.ts
FN:9,(anonymous_1)
FN:13,(anonymous_2)
FN:54,(anonymous_3)
FN:72,(anonymous_4)
FN:124,(anonymous_5)
FNF:5
FNH:4
FNDA:169,(anonymous_1)
FNDA:133,(anonymous_2)
FNDA:0,(anonymous_3)
FNDA:129,(anonymous_4)
FNDA:12,(anonymous_5)
DA:2,20
DA:3,20
DA:4,20
DA:5,20
DA:8,20
DA:9,169
DA:10,169
DA:14,133
DA:16,133
DA:18,133
DA:19,133
DA:22,133
DA:25,133
DA:26,133
DA:29,133
DA:30,133
DA:32,133
DA:39,133
DA:46,133
DA:47,133
DA:49,0
DA:50,0
DA:53,0
DA:54,0
DA:57,0
DA:63,0
DA:65,0
DA:73,129
DA:74,129
DA:75,129
DA:77,122
DA:82,122
DA:84,122
DA:85,0
DA:95,122
DA:96,0
DA:106,122
DA:107,0
DA:117,122
DA:119,0
DA:120,0
DA:125,12
DA:126,12
DA:127,12
DA:128,11
DA:135,11
DA:138,0
LF:47
LH:34
BRDA:53,0,0,0
BRDA:53,0,1,0
BRDA:53,1,0,0
BRDA:53,1,1,0
BRDA:53,1,2,0
BRDA:75,2,0,7
BRDA:75,2,1,122
BRDA:84,3,0,0
BRDA:84,3,1,122
BRDA:84,4,0,122
BRDA:84,4,1,122
BRDA:95,5,0,0
BRDA:95,5,1,122
BRDA:95,6,0,122
BRDA:95,6,1,122
BRDA:106,7,0,0
BRDA:106,7,1,122
BRDA:127,8,0,11
BRDA:127,8,1,1
BRF:19
BRH:11
end_of_record
TN:
SF:src\core\index\IndexManager.ts
FN:7,(anonymous_0)
FN:47,(anonymous_1)
FN:54,(anonymous_2)
FN:148,(anonymous_3)
FN:197,(anonymous_4)
FN:204,(anonymous_5)
FN:218,(anonymous_6)
FN:221,(anonymous_7)
FN:258,(anonymous_8)
FN:272,(anonymous_9)
FN:275,(anonymous_10)
FN:287,(anonymous_11)
FN:302,(anonymous_12)
FN:310,(anonymous_13)
FN:324,(anonymous_14)
FN:346,(anonymous_15)
FN:348,(anonymous_16)
FN:355,(anonymous_17)
FN:366,(anonymous_18)
FN:377,(anonymous_19)
FN:390,(anonymous_20)
FNF:21
FNH:20
FNDA:20,(anonymous_0)
FNDA:64,(anonymous_1)
FNDA:17,(anonymous_2)
FNDA:2,(anonymous_3)
FNDA:21,(anonymous_4)
FNDA:241,(anonymous_5)
FNDA:12,(anonymous_6)
FNDA:12,(anonymous_7)
FNDA:2,(anonymous_8)
FNDA:2,(anonymous_9)
FNDA:2,(anonymous_10)
FNDA:2,(anonymous_11)
FNDA:1,(anonymous_12)
FNDA:9,(anonymous_13)
FNDA:9,(anonymous_14)
FNDA:7,(anonymous_15)
FNDA:0,(anonymous_16)
FNDA:5,(anonymous_17)
FNDA:8,(anonymous_18)
FNDA:2,(anonymous_19)
FNDA:10,(anonymous_20)
DA:3,20
DA:7,20
DA:8,20
DA:9,20
DA:33,20
DA:37,64
DA:48,64
DA:59,17
DA:60,0
DA:70,17
DA:72,17
DA:73,0
DA:83,17
DA:84,17
DA:85,1
DA:96,16
DA:97,1
DA:107,15
DA:109,15
DA:110,12
DA:113,15
DA:114,15
DA:115,1
DA:125,14
DA:132,14
DA:134,14
DA:135,14
DA:136,14
DA:149,2
DA:150,0
DA:156,2
DA:158,2
DA:159,0
DA:165,2
DA:167,2
DA:168,1
DA:174,1
DA:175,1
DA:176,0
DA:182,1
DA:184,1
DA:185,1
DA:186,1
DA:187,1
DA:188,1
DA:198,21
DA:205,241
DA:206,231
DA:209,10
DA:210,10
DA:212,10
DA:213,1
DA:216,9
DA:218,12
DA:221,12
DA:222,0
DA:226,12
DA:228,12
DA:229,10
DA:232,12
DA:234,12
DA:236,2
DA:237,1
DA:248,11
DA:259,2
DA:260,0
DA:263,2
DA:264,2
DA:266,2
DA:267,0
DA:270,2
DA:272,2
DA:275,2
DA:276,0
DA:280,2
DA:282,2
DA:283,0
DA:286,2
DA:287,2
DA:289,2
DA:290,2
DA:293,2
DA:294,2
DA:303,1
DA:304,1
DA:311,9
DA:312,1
DA:315,8
DA:316,8
DA:317,8
DA:321,8
DA:323,9
DA:324,9
DA:325,9
DA:326,7
DA:327,7
DA:332,8
DA:333,1
DA:337,7
DA:339,7
DA:340,7
DA:341,1
DA:344,6
DA:345,6
DA:346,7
DA:348,0
DA:356,5
DA:357,1
DA:360,4
DA:367,8
DA:368,6
DA:371,2
DA:372,2
DA:374,2
DA:376,2
DA:377,2
DA:378,2
DA:379,1
DA:384,1
DA:391,10
DA:393,10
DA:394,10
DA:395,10
DA:403,20
DA:404,20
LF:125
LH:114
BRDA:7,0,0,20
BRDA:7,0,1,20
BRDA:57,1,0,0
BRDA:59,2,0,0
BRDA:59,2,1,17
BRDA:70,3,0,0
BRDA:70,3,1,17
BRDA:72,4,0,0
BRDA:72,4,1,17
BRDA:84,5,0,1
BRDA:84,5,1,16
BRDA:96,6,0,1
BRDA:96,6,1,15
BRDA:109,7,0,12
BRDA:109,7,1,3
BRDA:114,8,0,1
BRDA:114,8,1,14
BRDA:135,9,0,14
BRDA:135,9,1,0
BRDA:148,10,0,0
BRDA:149,11,0,0
BRDA:149,11,1,2
BRDA:156,12,0,0
BRDA:156,12,1,2
BRDA:158,13,0,0
BRDA:158,13,1,2
BRDA:167,14,0,1
BRDA:167,14,1,1
BRDA:175,15,0,0
BRDA:175,15,1,1
BRDA:185,16,0,1
BRDA:185,16,1,0
BRDA:205,17,0,231
BRDA:205,17,1,10
BRDA:212,18,0,1
BRDA:212,18,1,9
BRDA:221,19,0,0
BRDA:221,19,1,12
BRDA:228,20,0,10
BRDA:228,20,1,2
BRDA:234,21,0,2
BRDA:234,21,1,10
BRDA:236,22,0,1
BRDA:236,22,1,1
BRDA:249,23,0,11
BRDA:249,23,1,0
BRDA:259,24,0,0
BRDA:259,24,1,2
BRDA:266,25,0,0
BRDA:266,25,1,2
BRDA:275,26,0,0
BRDA:275,26,1,2
BRDA:282,27,0,0
BRDA:282,27,1,2
BRDA:289,28,0,2
BRDA:289,28,1,0
BRDA:293,29,0,2
BRDA:293,29,1,0
BRDA:311,30,0,1
BRDA:311,30,1,8
BRDA:316,31,0,0
BRDA:316,31,1,8
BRDA:317,32,0,0
BRDA:317,32,1,8
BRDA:323,33,0,9
BRDA:323,33,1,0
BRDA:325,34,0,7
BRDA:325,34,1,2
BRDA:332,35,0,1
BRDA:332,35,1,7
BRDA:340,36,0,1
BRDA:340,36,1,6
BRDA:340,37,0,7
BRDA:340,37,1,6
BRDA:345,38,0,6
BRDA:345,38,1,0
BRDA:356,39,0,1
BRDA:356,39,1,4
BRDA:367,40,0,6
BRDA:367,40,1,2
BRDA:372,41,0,0
BRDA:372,41,1,2
BRDA:376,42,0,2
BRDA:376,42,1,0
BRDA:378,43,0,1
BRDA:378,43,1,1
BRDA:394,44,0,10
BRDA:394,44,1,0
BRF:88
BRH:62
end_of_record
TN:
SF:src\core\meta\MetadataManager.ts
FN:51,(anonymous_1)
FN:56,(anonymous_2)
FN:82,(anonymous_3)
FN:89,(anonymous_4)
FN:97,(anonymous_5)
FN:107,(anonymous_6)
FN:123,(anonymous_7)
FN:128,(anonymous_8)
FN:132,(anonymous_9)
FN:135,(anonymous_10)
FN:139,(anonymous_11)
FN:159,(anonymous_12)
FN:164,(anonymous_13)
FN:169,(anonymous_14)
FN:174,(anonymous_15)
FNF:15
FNH:13
FNDA:63,(anonymous_1)
FNDA:63,(anonymous_2)
FNDA:0,(anonymous_3)
FNDA:28,(anonymous_4)
FNDA:0,(anonymous_5)
FNDA:38,(anonymous_6)
FNDA:291,(anonymous_7)
FNDA:16,(anonymous_8)
FNDA:342,(anonymous_9)
FNDA:2,(anonymous_10)
FNDA:228,(anonymous_11)
FNDA:63,(anonymous_12)
FNDA:2,(anonymous_13)
FNDA:3,(anonymous_14)
FNDA:1,(anonymous_15)
DA:4,20
DA:5,20
DA:6,20
DA:8,20
DA:9,20
DA:39,20
DA:40,63
DA:46,63
DA:47,63
DA:48,63
DA:49,63
DA:52,63
DA:57,63
DA:58,63
DA:59,63
DA:61,41
DA:62,41
DA:65,41
DA:69,41
DA:71,22
DA:76,22
DA:77,22
DA:83,0
DA:84,0
DA:90,28
DA:91,28
DA:92,28
DA:98,0
DA:99,0
DA:100,0
DA:102,0
DA:108,38
DA:109,38
DA:110,38
DA:112,38
DA:113,38
DA:114,38
DA:115,38
DA:117,0
DA:119,38
DA:124,291
DA:125,291
DA:127,291
DA:128,291
DA:133,342
DA:136,2
DA:140,228
DA:149,228
DA:155,228
DA:160,63
DA:161,63
DA:165,2
DA:170,3
DA:175,1
DA:180,20
LF:55
LH:48
BRDA:59,0,0,22
BRDA:59,0,1,41
BRDA:65,1,0,0
BRDA:65,1,1,41
BRDA:83,2,0,0
BRDA:83,2,1,0
BRDA:90,3,0,28
BRDA:90,3,1,0
BRDA:98,4,0,0
BRDA:98,4,1,0
BRDA:108,5,0,0
BRDA:108,5,1,38
BRDA:108,6,0,38
BRDA:108,6,1,38
BRDA:110,7,0,16
BRDA:110,7,1,22
BRDA:125,8,0,247
BRDA:125,8,1,44
BRDA:127,9,0,291
BRDA:127,9,1,0
BRDA:127,10,0,291
BRDA:127,10,1,291
BRDA:136,11,0,2
BRDA:136,11,1,1
BRDA:140,12,0,228
BRDA:140,12,1,52
BRDA:170,13,0,3
BRDA:170,13,1,1
BRF:28
BRH:20
end_of_record
TN:
SF:src\core\monitor\CacheMonitor.ts
FN:37,(anonymous_0)
FN:44,(anonymous_1)
FN:49,(anonymous_2)
FN:62,(anonymous_3)
FN:73,(anonymous_4)
FN:86,(anonymous_5)
FN:93,(anonymous_6)
FN:100,(anonymous_7)
FN:105,(anonymous_8)
FN:112,(anonymous_9)
FN:113,(anonymous_10)
FN:122,(anonymous_11)
FN:159,(anonymous_12)
FN:166,(anonymous_13)
FN:173,(anonymous_14)
FNF:15
FNH:12
FNDA:16,(anonymous_0)
FNDA:1,(anonymous_1)
FNDA:0,(anonymous_2)
FNDA:17,(anonymous_3)
FNDA:10,(anonymous_4)
FNDA:5,(anonymous_5)
FNDA:3,(anonymous_6)
FNDA:1,(anonymous_7)
FNDA:1,(anonymous_8)
FNDA:0,(anonymous_9)
FNDA:0,(anonymous_10)
FNDA:3,(anonymous_11)
FNDA:11,(anonymous_12)
FNDA:4,(anonymous_13)
FNDA:10,(anonymous_14)
DA:8,20
DA:17,16
DA:22,16
DA:27,16
DA:32,16
DA:38,16
DA:45,1
DA:46,0
DA:49,1
DA:50,0
DA:51,0
DA:56,1
DA:63,17
DA:64,1
DA:65,1
DA:74,10
DA:75,10
DA:78,10
DA:79,0
DA:87,5
DA:94,3
DA:101,1
DA:102,0
DA:105,1
DA:106,1
DA:113,0
DA:127,3
DA:128,3
DA:129,3
DA:132,3
DA:133,1
DA:134,1
DA:138,3
DA:139,0
DA:140,0
DA:144,3
DA:145,1
DA:146,1
DA:149,3
DA:160,11
DA:167,4
DA:174,10
LF:42
LH:34
BRDA:44,0,0,0
BRDA:45,1,0,0
BRDA:45,1,1,1
BRDA:50,2,0,0
BRDA:50,2,1,0
BRDA:63,3,0,1
BRDA:63,3,1,16
BRDA:78,4,0,0
BRDA:78,4,1,10
BRDA:101,5,0,0
BRDA:101,5,1,1
BRDA:132,6,0,1
BRDA:132,6,1,2
BRDA:138,7,0,0
BRDA:138,7,1,3
BRDA:138,8,0,3
BRDA:138,8,1,3
BRDA:144,9,0,1
BRDA:144,9,1,2
BRF:19
BRH:12
end_of_record
TN:
SF:src\core\monitor\PerformanceMonitor.ts
FN:99,(anonymous_0)
FN:119,(anonymous_1)
FN:150,(anonymous_2)
FN:157,(anonymous_3)
FN:176,(anonymous_4)
FN:191,(anonymous_5)
FN:192,(anonymous_6)
FN:193,(anonymous_7)
FN:210,(anonymous_8)
FN:218,(anonymous_9)
FN:225,(anonymous_10)
FNF:11
FNH:2
FNDA:111,(anonymous_0)
FNDA:111,(anonymous_1)
FNDA:0,(anonymous_2)
FNDA:0,(anonymous_3)
FNDA:0,(anonymous_4)
FNDA:0,(anonymous_5)
FNDA:0,(anonymous_6)
FNDA:0,(anonymous_7)
FNDA:0,(anonymous_8)
FNDA:0,(anonymous_9)
FNDA:0,(anonymous_10)
DA:75,20
DA:79,20
DA:84,20
DA:89,20
DA:94,20
DA:100,111
DA:101,0
DA:105,111
DA:108,111
DA:109,0
DA:113,111
DA:120,111
DA:131,111
DA:132,111
DA:133,111
DA:135,0
DA:138,111
DA:139,111
DA:140,111
DA:141,111
DA:142,111
DA:144,111
DA:151,0
DA:158,0
DA:159,0
DA:170,0
DA:177,0
DA:178,0
DA:179,0
DA:191,0
DA:192,0
DA:193,0
DA:195,0
DA:211,0
DA:212,0
DA:219,0
DA:226,0
DA:233,20
LF:38
LH:20
BRDA:100,0,0,0
BRDA:100,0,1,111
BRDA:108,1,0,0
BRDA:108,1,1,111
BRDA:120,2,0,111
BRDA:120,2,1,1
BRDA:132,3,0,111
BRDA:132,3,1,0
BRDA:158,4,0,0
BRDA:158,4,1,0
BRDA:159,5,0,0
BRDA:159,5,1,0
BRDA:178,6,0,0
BRDA:178,6,1,0
BRF:14
BRH:5
end_of_record
TN:
SF:src\core\query\QueryEngine.ts
FN:22,(anonymous_0)
FN:23,(anonymous_1)
FN:24,(anonymous_2)
FN:25,(anonymous_3)
FN:26,(anonymous_4)
FN:27,(anonymous_5)
FN:28,(anonymous_6)
FN:32,(anonymous_7)
FN:37,(anonymous_8)
FN:41,(anonymous_9)
FN:46,(anonymous_10)
FN:53,(anonymous_11)
FN:54,(anonymous_12)
FN:117,(anonymous_13)
FN:124,(anonymous_14)
FN:130,(anonymous_15)
FN:141,(anonymous_16)
FN:148,(anonymous_17)
FN:188,(anonymous_18)
FN:194,(anonymous_19)
FN:197,(anonymous_20)
FN:219,(anonymous_21)
FN:241,(anonymous_22)
FN:261,(anonymous_23)
FN:297,(anonymous_24)
FN:323,(anonymous_25)
FN:357,(anonymous_26)
FN:358,(anonymous_27)
FN:367,(anonymous_28)
FN:376,(anonymous_29)
FN:378,(anonymous_30)
FN:387,(anonymous_31)
FN:389,(anonymous_32)
FN:398,(anonymous_33)
FN:404,(anonymous_34)
FNF:35
FNH:31
FNDA:52,(anonymous_0)
FNDA:5,(anonymous_1)
FNDA:15,(anonymous_2)
FNDA:10,(anonymous_3)
FNDA:14,(anonymous_4)
FNDA:5,(anonymous_5)
FNDA:15,(anonymous_6)
FNDA:11,(anonymous_7)
FNDA:5,(anonymous_8)
FNDA:0,(anonymous_9)
FNDA:10,(anonymous_10)
FNDA:0,(anonymous_11)
FNDA:0,(anonymous_12)
FNDA:35,(anonymous_13)
FNDA:118,(anonymous_14)
FNDA:53,(anonymous_15)
FNDA:8,(anonymous_16)
FNDA:11,(anonymous_17)
FNDA:316,(anonymous_18)
FNDA:23,(anonymous_19)
FNDA:175,(anonymous_20)
FNDA:26,(anonymous_21)
FNDA:16,(anonymous_22)
FNDA:16,(anonymous_23)
FNDA:0,(anonymous_24)
FNDA:19,(anonymous_25)
FNDA:5,(anonymous_26)
FNDA:20,(anonymous_27)
FNDA:3,(anonymous_28)
FNDA:3,(anonymous_29)
FNDA:10,(anonymous_30)
FNDA:3,(anonymous_31)
FNDA:10,(anonymous_32)
FNDA:2,(anonymous_33)
FNDA:10,(anonymous_34)
DA:4,20
DA:11,20
DA:21,20
DA:22,52
DA:23,5
DA:24,15
DA:25,10
DA:26,14
DA:27,5
DA:29,15
DA:30,15
DA:32,11
DA:35,5
DA:38,5
DA:39,5
DA:41,0
DA:44,5
DA:47,10
DA:49,10
DA:50,10
DA:51,10
DA:53,0
DA:54,0
DA:60,20
DA:113,20
DA:118,35
DA:121,34
DA:124,118
DA:131,53
DA:132,1
DA:138,52
DA:139,4
DA:141,8
DA:145,48
DA:146,5
DA:148,11
DA:153,43
DA:155,43
DA:157,40
DA:158,23
DA:159,23
DA:160,23
DA:170,17
DA:179,43
DA:189,316
DA:191,5
DA:194,23
DA:197,175
DA:200,136
DA:201,136
DA:204,136
DA:205,5
DA:209,131
DA:212,0
DA:221,26
DA:222,11
DA:226,15
DA:227,15
DA:230,15
DA:231,11
DA:234,4
DA:242,16
DA:244,0
DA:246,0
DA:248,1
DA:250,0
DA:253,15
DA:267,16
DA:268,1
DA:272,15
DA:273,15
DA:276,15
DA:277,15
DA:281,0
DA:282,0
DA:286,0
DA:287,0
DA:291,0
DA:298,0
DA:300,0
DA:301,0
DA:304,0
DA:305,0
DA:306,0
DA:307,0
DA:308,0
DA:309,0
DA:310,0
DA:316,0
DA:329,19
DA:332,16
DA:333,16
DA:336,16
DA:337,3
DA:340,3
DA:341,3
DA:342,6
DA:343,6
DA:344,6
DA:346,3
DA:349,13
DA:350,13
DA:358,5
DA:359,20
DA:360,20
DA:368,3
DA:369,2
DA:370,2
DA:377,3
DA:378,2
DA:379,10
DA:380,10
DA:388,3
DA:389,2
DA:390,10
DA:391,10
DA:399,2
DA:400,2
DA:402,2
DA:404,10
DA:406,10
DA:407,3
DA:410,10
DA:413,2
LF:124
LH:101
BRDA:29,0,0,0
BRDA:29,0,1,15
BRDA:30,1,0,10
BRDA:30,1,1,5
BRDA:38,2,0,0
BRDA:38,2,1,5
BRDA:39,3,0,0
BRDA:39,3,1,5
BRDA:47,4,0,0
BRDA:47,4,1,10
BRDA:47,5,0,10
BRDA:47,5,1,10
BRDA:118,6,0,1
BRDA:118,6,1,34
BRDA:131,7,0,1
BRDA:131,7,1,52
BRDA:138,8,0,4
BRDA:138,8,1,48
BRDA:145,9,0,5
BRDA:145,9,1,43
BRDA:157,10,0,23
BRDA:157,10,1,17
BRDA:157,11,0,40
BRDA:157,11,1,24
BRDA:157,11,2,23
BRDA:159,12,0,23
BRDA:159,12,1,0
BRDA:189,13,0,5
BRDA:189,13,1,14
BRDA:189,13,2,161
BRDA:189,13,3,136
BRDA:189,13,4,0
BRDA:204,14,0,5
BRDA:204,14,1,131
BRDA:219,15,0,18
BRDA:221,16,0,11
BRDA:221,16,1,15
BRDA:227,17,0,6
BRDA:227,17,1,9
BRDA:230,18,0,11
BRDA:230,18,1,4
BRDA:230,19,0,15
BRDA:230,19,1,13
BRDA:241,20,0,0
BRDA:242,21,0,0
BRDA:242,21,1,0
BRDA:242,21,2,1
BRDA:242,21,3,0
BRDA:242,21,4,15
BRDA:242,21,5,15
BRDA:267,22,0,1
BRDA:267,22,1,15
BRDA:267,23,0,16
BRDA:267,23,1,1
BRDA:273,24,0,3
BRDA:273,24,1,12
BRDA:276,25,0,15
BRDA:276,25,1,0
BRDA:281,26,0,0
BRDA:281,26,1,0
BRDA:286,27,0,0
BRDA:286,27,1,0
BRDA:286,28,0,0
BRDA:286,28,1,0
BRDA:298,29,0,0
BRDA:298,29,1,0
BRDA:305,30,0,0
BRDA:305,30,1,0
BRDA:307,31,0,0
BRDA:307,31,1,0
BRDA:307,32,0,0
BRDA:307,32,1,0
BRDA:308,33,0,0
BRDA:308,33,1,0
BRDA:329,34,0,3
BRDA:329,34,1,16
BRDA:329,35,0,19
BRDA:329,35,1,18
BRDA:336,36,0,3
BRDA:336,36,1,13
BRDA:337,37,0,3
BRDA:337,37,1,0
BRDA:337,38,0,0
BRDA:337,38,1,0
BRDA:343,39,0,6
BRDA:343,39,1,0
BRDA:349,40,0,0
BRDA:349,40,1,13
BRDA:349,41,0,13
BRDA:349,41,1,1
BRDA:360,42,0,10
BRDA:360,42,1,10
BRDA:368,43,0,1
BRDA:368,43,1,2
BRDA:377,44,0,1
BRDA:377,44,1,2
BRDA:380,45,0,10
BRDA:380,45,1,0
BRDA:380,46,0,10
BRDA:380,46,1,8
BRDA:388,47,0,1
BRDA:388,47,1,2
BRDA:391,48,0,3
BRDA:391,48,1,7
BRDA:391,49,0,10
BRDA:391,49,1,8
BRDA:400,50,0,0
BRDA:400,50,1,2
BRDA:406,51,0,3
BRDA:406,51,1,7
BRF:110
BRH:76
end_of_record
TN:
SF:src\core\service\CacheService.ts
FN:8,(anonymous_0)
FN:15,(anonymous_1)
FN:22,(anonymous_2)
FN:29,(anonymous_3)
FN:36,(anonymous_4)
FN:43,(anonymous_5)
FN:50,(anonymous_6)
FN:57,(anonymous_7)
FN:64,(anonymous_8)
FN:71,(anonymous_9)
FN:78,(anonymous_10)
FN:85,(anonymous_11)
FN:92,(anonymous_12)
FN:99,(anonymous_13)
FN:106,(anonymous_14)
FN:123,(anonymous_15)
FNF:16
FNH:16
FNDA:20,(anonymous_0)
FNDA:18,(anonymous_1)
FNDA:11,(anonymous_2)
FNDA:1,(anonymous_3)
FNDA:1,(anonymous_4)
FNDA:2,(anonymous_5)
FNDA:1,(anonymous_6)
FNDA:1,(anonymous_7)
FNDA:3,(anonymous_8)
FNDA:1,(anonymous_9)
FNDA:1,(anonymous_10)
FNDA:2,(anonymous_11)
FNDA:1,(anonymous_12)
FNDA:2,(anonymous_13)
FNDA:9,(anonymous_14)
FNDA:4,(anonymous_15)
DA:5,20
DA:9,20
DA:16,18
DA:23,11
DA:30,1
DA:37,1
DA:44,2
DA:51,1
DA:58,1
DA:65,3
DA:72,1
DA:79,1
DA:86,2
DA:93,1
DA:100,2
DA:108,9
DA:109,9
DA:112,9
DA:113,8
DA:117,9
DA:124,4
DA:125,4
DA:127,4
DA:128,4
DA:129,4
LF:25
LH:25
BRDA:15,0,0,15
BRDA:92,1,0,1
BRDA:99,2,0,0
BRDA:109,3,0,9
BRDA:109,3,1,3
BRDA:125,4,0,4
BRDA:125,4,1,2
BRDA:127,5,0,4
BRDA:127,5,1,0
BRF:9
BRH:7
end_of_record
TN:
SF:src\core\service\TransactionService.ts
FN:25,(anonymous_0)
FN:36,(anonymous_1)
FN:48,(anonymous_2)
FN:83,(anonymous_3)
FN:103,(anonymous_4)
FN:110,(anonymous_5)
FN:117,(anonymous_6)
FN:134,(anonymous_7)
FNF:8
FNH:3
FNDA:7,(anonymous_0)
FNDA:0,(anonymous_1)
FNDA:0,(anonymous_2)
FNDA:0,(anonymous_3)
FNDA:118,(anonymous_4)
FNDA:118,(anonymous_5)
FNDA:0,(anonymous_6)
FNDA:0,(anonymous_7)
DA:18,20
DA:19,7
DA:20,7
DA:21,7
DA:29,7
DA:30,7
DA:37,0
DA:38,0
DA:40,0
DA:41,0
DA:42,0
DA:53,0
DA:54,0
DA:57,0
DA:59,0
DA:60,0
DA:62,0
DA:63,0
DA:65,0
DA:66,0
DA:68,0
DA:69,0
DA:74,0
DA:75,0
DA:76,0
DA:84,0
DA:85,0
DA:89,0
DA:95,0
DA:96,0
DA:97,0
DA:104,118
DA:111,118
DA:118,0
DA:119,0
DA:123,0
DA:124,0
DA:135,0
DA:136,0
DA:139,0
LF:40
LH:8
BRDA:37,0,0,0
BRDA:37,0,1,0
BRDA:53,1,0,0
BRDA:53,1,1,0
BRDA:60,2,0,0
BRDA:60,2,1,0
BRDA:60,2,2,0
BRDA:84,3,0,0
BRDA:84,3,1,0
BRDA:118,4,0,0
BRDA:118,4,1,0
BRDA:123,5,0,0
BRDA:123,5,1,0
BRDA:135,6,0,0
BRDA:135,6,1,0
BRF:15
BRH:0
end_of_record
TN:
SF:src\taskQueue\StorageTaskProcessor.ts
FN:10,(anonymous_0)
FN:35,(anonymous_1)
FN:43,(anonymous_2)
FN:83,(anonymous_3)
FNF:4
FNH:2
FNDA:20,(anonymous_0)
FNDA:7,(anonymous_1)
FNDA:0,(anonymous_2)
FNDA:0,(anonymous_3)
DA:10,20
DA:11,20
DA:12,20
DA:13,20
DA:14,20
DA:15,20
DA:16,20
DA:17,20
DA:18,20
DA:19,20
DA:25,20
DA:36,7
DA:44,0
DA:46,0
DA:48,0
DA:51,0
DA:54,0
DA:57,0
DA:60,0
DA:63,0
DA:66,0
DA:69,0
DA:72,0
DA:75,0
DA:84,0
LF:25
LH:12
BRDA:10,0,0,20
BRDA:10,0,1,20
BRDA:46,1,0,0
BRDA:46,1,1,0
BRDA:46,1,2,0
BRDA:46,1,3,0
BRDA:46,1,4,0
BRDA:46,1,5,0
BRDA:46,1,6,0
BRDA:46,1,7,0
BRDA:46,1,8,0
BRDA:46,1,9,0
BRF:12
BRH:2
end_of_record
TN:
SF:src\taskQueue\taskQueue.ts
FN:7,(anonymous_0)
FN:17,(anonymous_1)
FN:174,(anonymous_2)
FN:185,(anonymous_3)
FN:201,(anonymous_4)
FN:224,(anonymous_5)
FN:231,(anonymous_6)
FN:245,(anonymous_7)
FN:255,(anonymous_8)
FN:268,(anonymous_9)
FN:311,(anonymous_10)
FN:333,(anonymous_11)
FN:367,(anonymous_12)
FN:368,(anonymous_13)
FN:374,(anonymous_14)
FN:381,(anonymous_15)
FN:407,(anonymous_16)
FN:427,(anonymous_17)
FN:444,(anonymous_18)
FN:460,(anonymous_19)
FN:462,(anonymous_20)
FN:472,(anonymous_21)
FN:497,(anonymous_22)
FN:498,(anonymous_23)
FN:505,(anonymous_24)
FNF:25
FNH:6
FNDA:20,(anonymous_0)
FNDA:20,(anonymous_1)
FNDA:20,(anonymous_2)
FNDA:0,(anonymous_3)
FNDA:34,(anonymous_4)
FNDA:0,(anonymous_5)
FNDA:27,(anonymous_6)
FNDA:0,(anonymous_7)
FNDA:7,(anonymous_8)
FNDA:0,(anonymous_9)
FNDA:0,(anonymous_10)
FNDA:0,(anonymous_11)
FNDA:0,(anonymous_12)
FNDA:0,(anonymous_13)
FNDA:0,(anonymous_14)
FNDA:0,(anonymous_15)
FNDA:0,(anonymous_16)
FNDA:0,(anonymous_17)
FNDA:0,(anonymous_18)
FNDA:0,(anonymous_19)
FNDA:0,(anonymous_20)
FNDA:0,(anonymous_21)
FNDA:0,(anonymous_22)
FNDA:0,(anonymous_23)
FNDA:0,(anonymous_24)
DA:7,20
DA:8,20
DA:9,20
DA:10,20
DA:11,20
DA:17,20
DA:18,20
DA:19,20
DA:20,20
DA:21,20
DA:22,20
DA:139,20
DA:148,20
DA:153,20
DA:158,20
DA:163,20
DA:168,20
DA:175,20
DA:186,0
DA:187,0
DA:189,0
DA:190,0
DA:202,34
DA:205,34
DA:207,34
DA:209,34
DA:210,34
DA:214,0
DA:215,0
DA:217,0
DA:218,0
DA:219,0
DA:220,0
DA:224,0
DA:233,27
DA:236,27
DA:237,27
DA:238,27
DA:246,0
DA:247,0
DA:258,7
DA:278,0
DA:291,0
DA:294,0
DA:295,0
DA:296,0
DA:298,0
DA:302,0
DA:304,0
DA:314,0
DA:315,0
DA:316,0
DA:317,0
DA:319,0
DA:320,0
DA:321,0
DA:325,0
DA:326,0
DA:334,0
DA:335,0
DA:339,0
DA:340,0
DA:343,0
DA:344,0
DA:345,0
DA:349,0
DA:350,0
DA:351,0
DA:352,0
DA:356,0
DA:357,0
DA:361,0
DA:365,0
DA:366,0
DA:367,0
DA:368,0
DA:369,0
DA:373,0
DA:376,0
DA:377,0
DA:379,0
DA:383,0
DA:384,0
DA:387,0
DA:389,0
DA:390,0
DA:391,0
DA:392,0
DA:393,0
DA:394,0
DA:397,0
DA:412,0
DA:413,0
DA:414,0
DA:415,0
DA:417,0
DA:418,0
DA:422,0
DA:425,0
DA:426,0
DA:427,0
DA:428,0
DA:429,0
DA:431,0
DA:434,0
DA:438,0
DA:449,0
DA:462,0
DA:463,0
DA:465,0
DA:466,0
DA:467,0
DA:470,0
DA:471,0
DA:472,0
DA:473,0
DA:474,0
DA:476,0
DA:479,0
DA:482,0
DA:486,0
DA:488,0
DA:491,0
DA:498,0
DA:499,0
DA:500,0
DA:503,0
DA:504,0
DA:505,0
DA:506,0
DA:507,0
DA:509,0
DA:512,0
DA:516,0
DA:521,20
LF:135
LH:29
BRDA:7,0,0,20
BRDA:7,0,1,20
BRDA:17,1,0,20
BRDA:17,1,1,20
BRDA:174,2,0,20
BRDA:176,3,0,20
BRDA:176,3,1,20
BRDA:177,4,0,20
BRDA:177,4,1,20
BRDA:178,5,0,20
BRDA:178,5,1,20
BRDA:186,6,0,0
BRDA:186,6,1,0
BRDA:189,7,0,0
BRDA:189,7,1,0
BRDA:189,8,0,0
BRDA:189,8,1,0
BRDA:201,9,0,0
BRDA:202,10,0,0
BRDA:202,11,0,34
BRDA:207,12,0,34
BRDA:207,12,1,0
BRDA:217,13,0,0
BRDA:217,13,1,0
BRDA:246,14,0,0
BRDA:246,14,1,0
BRDA:246,15,0,0
BRDA:246,15,1,0
BRDA:271,16,0,0
BRDA:282,17,0,0
BRDA:282,17,1,0
BRDA:286,18,0,0
BRDA:286,18,1,0
BRDA:287,19,0,0
BRDA:287,19,1,0
BRDA:294,20,0,0
BRDA:294,20,1,0
BRDA:295,21,0,0
BRDA:295,21,1,0
BRDA:317,22,0,0
BRDA:317,22,1,0
BRDA:317,23,0,0
BRDA:317,23,1,0
BRDA:317,23,2,0
BRDA:325,24,0,0
BRDA:325,24,1,0
BRDA:334,25,0,0
BRDA:334,25,1,0
BRDA:334,26,0,0
BRDA:334,26,1,0
BRDA:334,26,2,0
BRDA:340,27,0,0
BRDA:340,27,1,0
BRDA:350,28,0,0
BRDA:350,28,1,0
BRDA:356,29,0,0
BRDA:356,29,1,0
BRDA:365,30,0,0
BRDA:365,30,1,0
BRDA:376,31,0,0
BRDA:376,31,1,0
BRDA:383,32,0,0
BRDA:383,32,1,0
BRDA:387,33,0,0
BRDA:387,33,1,0
BRDA:414,34,0,0
BRDA:414,34,1,0
BRDA:417,35,0,0
BRDA:417,35,1,0
BRDA:425,36,0,0
BRDA:425,36,1,0
BRDA:463,37,0,0
BRDA:463,37,1,0
BRDA:470,38,0,0
BRDA:470,38,1,0
BRDA:486,39,0,0
BRDA:486,39,1,0
BRDA:503,40,0,0
BRDA:503,40,1,0
BRF:79
BRH:13
end_of_record
TN:
SF:src\types\storageErrorInfc.ts
FN:6,(anonymous_0)
FN:47,(anonymous_1)
FN:70,(anonymous_2)
FN:95,(anonymous_3)
FNF:4
FNH:3
FNDA:20,(anonymous_0)
FNDA:7,(anonymous_1)
FNDA:7,(anonymous_2)
FNDA:0,(anonymous_3)
DA:6,20
DA:7,20
DA:8,20
DA:9,20
DA:10,20
DA:11,20
DA:12,20
DA:13,20
DA:14,20
DA:15,20
DA:21,20
DA:49,7
DA:58,7
DA:59,7
DA:60,7
DA:61,7
DA:62,7
DA:63,7
DA:64,7
DA:71,7
DA:72,5
DA:73,2
DA:74,2
DA:75,0
DA:76,0
DA:77,0
DA:78,0
DA:79,0
DA:80,0
DA:81,0
DA:82,0
DA:83,0
DA:84,0
DA:85,0
DA:86,0
DA:88,0
DA:96,0
LF:37
LH:23
BRDA:6,0,0,20
BRDA:6,0,1,20
BRDA:61,1,0,1
BRDA:61,1,1,6
BRDA:71,2,0,5
BRDA:71,2,1,2
BRDA:73,3,0,2
BRDA:73,3,1,0
BRDA:75,4,0,0
BRDA:75,4,1,0
BRDA:77,5,0,0
BRDA:77,5,1,0
BRDA:79,6,0,0
BRDA:79,6,1,0
BRDA:81,7,0,0
BRDA:81,7,1,0
BRDA:83,8,0,0
BRDA:83,8,1,0
BRDA:83,9,0,0
BRDA:83,9,1,0
BRDA:85,10,0,0
BRDA:85,10,1,0
BRF:22
BRH:7
end_of_record
TN:
SF:src\utils\ROOTPath.ts
FN:31,(anonymous_10)
FN:37,(anonymous_11)
FN:40,(anonymous_12)
FN:51,(anonymous_13)
FN:66,(anonymous_14)
FN:70,(anonymous_15)
FN:71,(anonymous_16)
FNF:7
FNH:2
FNDA:0,(anonymous_10)
FNDA:0,(anonymous_11)
FNDA:0,(anonymous_12)
FNDA:0,(anonymous_13)
FNDA:20,(anonymous_14)
FNDA:349,(anonymous_15)
FNDA:0,(anonymous_16)
DA:8,20
DA:18,20
DA:22,20
DA:26,20
DA:38,0
DA:40,0
DA:41,0
DA:42,0
DA:52,0
DA:53,0
DA:54,0
DA:55,0
DA:56,0
DA:58,0
DA:67,20
DA:69,20
DA:70,349
DA:71,0
DA:75,20
DA:83,20
DA:88,20
LF:21
LH:10
BRDA:38,0,0,0
BRDA:38,0,1,0
BRDA:38,1,0,0
BRDA:38,1,1,0
BRDA:52,2,0,0
BRDA:52,2,1,0
BRDA:67,3,0,20
BRDA:67,3,1,0
BRF:8
BRH:1
end_of_record
TN:
SF:src\utils\crypto.ts
FN:25,(anonymous_10)
FN:60,(anonymous_11)
FN:88,(anonymous_12)
FN:93,(anonymous_13)
FN:102,(anonymous_14)
FN:113,(anonymous_15)
FN:117,(anonymous_16)
FN:122,(anonymous_17)
FN:132,(anonymous_18)
FN:150,(anonymous_19)
FN:160,(anonymous_20)
FN:176,(anonymous_21)
FN:178,(anonymous_22)
FN:191,(anonymous_23)
FN:213,(anonymous_24)
FN:286,(anonymous_25)
FN:342,(anonymous_26)
FN:357,(anonymous_27)
FN:410,(anonymous_28)
FN:429,(anonymous_29)
FN:439,(anonymous_30)
FN:454,(anonymous_31)
FN:472,(anonymous_32)
FN:489,(anonymous_33)
FN:517,(anonymous_34)
FN:558,(anonymous_35)
FN:582,(anonymous_36)
FN:592,(anonymous_37)
FN:602,(anonymous_38)
FN:657,(anonymous_39)
FN:699,(anonymous_40)
FN:706,(anonymous_41)
FN:727,(anonymous_42)
FN:734,(anonymous_43)
FN:772,(anonymous_44)
FN:781,(anonymous_45)
FN:783,(anonymous_46)
FN:784,(anonymous_47)
FN:785,(anonymous_48)
FN:794,(anonymous_49)
FN:803,(anonymous_50)
FN:806,(anonymous_51)
FN:809,(anonymous_52)
FN:828,(anonymous_53)
FN:837,(anonymous_54)
FN:839,(anonymous_55)
FN:840,(anonymous_56)
FN:849,(anonymous_57)
FN:850,(anonymous_58)
FN:864,(anonymous_59)
FN:867,(anonymous_60)
FN:870,(anonymous_61)
FNF:52
FNH:44
FNDA:2,(anonymous_10)
FNDA:907,(anonymous_11)
FNDA:20,(anonymous_12)
FNDA:907,(anonymous_13)
FNDA:1260,(anonymous_14)
FNDA:0,(anonymous_15)
FNDA:0,(anonymous_16)
FNDA:1,(anonymous_17)
FNDA:707,(anonymous_18)
FNDA:0,(anonymous_19)
FNDA:0,(anonymous_20)
FNDA:20,(anonymous_21)
FNDA:1,(anonymous_22)
FNDA:20,(anonymous_23)
FNDA:1260,(anonymous_24)
FNDA:625,(anonymous_25)
FNDA:467,(anonymous_26)
FNDA:1860,(anonymous_27)
FNDA:0,(anonymous_28)
FNDA:0,(anonymous_29)
FNDA:0,(anonymous_30)
FNDA:2,(anonymous_31)
FNDA:1,(anonymous_32)
FNDA:0,(anonymous_33)
FNDA:14,(anonymous_34)
FNDA:242,(anonymous_35)
FNDA:9,(anonymous_36)
FNDA:156,(anonymous_37)
FNDA:624,(anonymous_38)
FNDA:2,(anonymous_39)
FNDA:91,(anonymous_40)
FNDA:348,(anonymous_41)
FNDA:67,(anonymous_42)
FNDA:269,(anonymous_43)
FNDA:1,(anonymous_44)
FNDA:3,(anonymous_45)
FNDA:60,(anonymous_46)
FNDA:60,(anonymous_47)
FNDA:60,(anonymous_48)
FNDA:3,(anonymous_49)
FNDA:20,(anonymous_50)
FNDA:60,(anonymous_51)
FNDA:630,(anonymous_52)
FNDA:1,(anonymous_53)
FNDA:3,(anonymous_54)
FNDA:60,(anonymous_55)
FNDA:60,(anonymous_56)
FNDA:3,(anonymous_57)
FNDA:60,(anonymous_58)
FNDA:20,(anonymous_59)
FNDA:60,(anonymous_60)
FNDA:630,(anonymous_61)
DA:8,20
DA:9,20
DA:10,20
DA:11,20
DA:12,20
DA:18,20
DA:27,2
DA:30,2
DA:31,2
DA:32,2
DA:33,2
DA:53,20
DA:60,20
DA:62,907
DA:64,907
DA:70,20
DA:84,20
DA:89,20
DA:90,20
DA:95,907
DA:96,707
DA:99,907
DA:103,1260
DA:104,1260
DA:106,353
DA:107,353
DA:108,353
DA:110,907
DA:114,0
DA:118,0
DA:123,1
DA:124,1
DA:125,50
DA:126,9
DA:134,707
DA:136,707
DA:138,35350
DA:139,35350
DA:140,34449
DA:141,34449
DA:145,707
DA:146,707
DA:151,0
DA:155,20
DA:160,20
DA:161,0
DA:167,20
DA:176,20
DA:178,20
DA:179,1
DA:183,20
DA:184,0
DA:191,20
DA:193,20
DA:194,20
DA:195,20
DA:199,20
DA:200,0
DA:205,20
DA:213,20
DA:217,1260
DA:219,1260
DA:222,1260
DA:223,1260
DA:226,1260
DA:227,1260
DA:228,353
DA:235,907
DA:240,907
DA:247,907
DA:248,907
DA:250,907
DA:262,907
DA:270,907
DA:272,0
DA:286,20
DA:290,625
DA:292,625
DA:293,625
DA:297,625
DA:301,625
DA:309,625
DA:315,625
DA:321,625
DA:332,625
DA:336,0
DA:342,20
DA:346,467
DA:349,467
DA:352,465
DA:355,465
DA:357,1860
DA:366,465
DA:370,465
DA:374,465
DA:379,465
DA:380,0
DA:388,465
DA:398,465
DA:400,2
DA:410,20
DA:411,0
DA:416,0
DA:417,0
DA:418,0
DA:424,0
DA:429,20
DA:430,0
DA:432,0
DA:439,20
DA:440,0
DA:441,0
DA:454,20
DA:455,2
DA:456,2
DA:458,0
DA:472,20
DA:473,1
DA:474,1
DA:476,0
DA:489,20
DA:490,0
DA:491,0
DA:493,0
DA:517,20
DA:521,14
DA:523,14
DA:525,14
DA:526,14
DA:529,14
DA:532,14
DA:534,14
DA:536,242
DA:542,242
DA:545,242
DA:549,242
DA:558,14
DA:559,242
DA:566,242
DA:572,0
DA:582,20
DA:586,9
DA:588,9
DA:589,9
DA:592,9
DA:594,156
DA:597,156
DA:600,156
DA:602,624
DA:611,156
DA:614,156
DA:617,156
DA:620,156
DA:621,0
DA:628,156
DA:638,156
DA:642,9
DA:645,0
DA:657,20
DA:658,2
DA:659,2
DA:661,1
DA:666,1
DA:671,0
DA:677,0
DA:699,20
DA:703,91
DA:706,91
DA:707,348
DA:710,348
DA:713,348
DA:717,91
DA:718,91
DA:727,20
DA:731,67
DA:734,67
DA:735,269
DA:736,269
DA:737,269
DA:740,269
DA:742,6
DA:745,263
DA:746,61
DA:747,202
DA:748,0
DA:749,202
DA:750,0
DA:752,202
DA:757,0
DA:762,67
DA:763,67
DA:772,20
DA:776,1
DA:779,1
DA:781,1
DA:782,3
DA:783,60
DA:784,60
DA:785,60
DA:789,1
DA:790,1
DA:792,1
DA:793,3
DA:795,3
DA:800,1
DA:803,1
DA:804,20
DA:806,20
DA:807,60
DA:808,60
DA:809,630
DA:812,60
DA:813,60
DA:818,20
DA:828,20
DA:832,1
DA:835,1
DA:837,1
DA:838,3
DA:839,60
DA:840,60
DA:844,1
DA:845,1
DA:847,1
DA:848,3
DA:850,3
DA:851,60
DA:852,60
DA:854,0
DA:861,1
DA:864,1
DA:865,20
DA:867,20
DA:868,60
DA:869,60
DA:870,630
DA:873,60
DA:874,60
DA:879,20
LF:239
LH:207
BRDA:32,0,0,2
BRDA:32,0,1,0
BRDA:88,1,0,0
BRDA:88,2,0,0
BRDA:95,3,0,707
BRDA:95,3,1,200
BRDA:104,4,0,353
BRDA:104,4,1,907
BRDA:125,5,0,9
BRDA:125,5,1,41
BRDA:139,6,0,34449
BRDA:139,6,1,901
BRDA:145,7,0,707
BRDA:145,7,1,0
BRDA:183,8,0,0
BRDA:183,8,1,20
BRDA:193,9,0,20
BRDA:193,9,1,0
BRDA:199,10,0,0
BRDA:199,10,1,20
BRDA:227,11,0,353
BRDA:227,11,1,907
BRDA:315,12,0,625
BRDA:315,12,1,0
BRDA:374,13,0,465
BRDA:374,13,1,0
BRDA:379,14,0,0
BRDA:379,14,1,465
BRDA:416,15,0,0
BRDA:416,15,1,0
BRDA:454,16,0,2
BRDA:489,17,0,0
BRDA:521,18,0,0
BRDA:521,18,1,14
BRDA:545,19,0,242
BRDA:545,19,1,0
BRDA:586,20,0,0
BRDA:586,20,1,9
BRDA:617,21,0,156
BRDA:617,21,1,0
BRDA:620,22,0,0
BRDA:620,22,1,156
BRDA:657,23,0,0
BRDA:659,24,0,1
BRDA:659,24,1,1
BRDA:659,24,2,0
BRDA:707,25,0,348
BRDA:707,25,1,0
BRDA:707,26,0,348
BRDA:707,26,1,348
BRDA:710,27,0,8
BRDA:710,27,1,340
BRDA:735,28,0,269
BRDA:735,28,1,0
BRDA:735,29,0,269
BRDA:735,29,1,269
BRDA:740,30,0,6
BRDA:740,30,1,263
BRDA:740,31,0,269
BRDA:740,31,1,6
BRDA:740,31,2,263
BRDA:740,31,3,0
BRDA:745,32,0,61
BRDA:745,32,1,202
BRDA:745,33,0,263
BRDA:745,33,1,61
BRDA:747,34,0,0
BRDA:747,34,1,202
BRDA:749,35,0,0
BRDA:749,35,1,202
BRDA:776,36,0,0
BRDA:776,36,1,1
BRDA:784,37,0,60
BRDA:784,37,1,60
BRDA:807,38,0,60
BRDA:807,38,1,0
BRDA:807,39,0,60
BRDA:807,39,1,60
BRDA:809,40,0,630
BRDA:809,40,1,630
BRDA:812,41,0,60
BRDA:812,41,1,0
BRDA:812,42,0,60
BRDA:812,42,1,60
BRDA:832,43,0,0
BRDA:832,43,1,1
BRDA:840,44,0,60
BRDA:840,44,1,60
BRDA:840,44,2,60
BRDA:868,45,0,60
BRDA:868,45,1,0
BRDA:868,46,0,60
BRDA:868,46,1,60
BRDA:868,46,2,60
BRDA:870,47,0,630
BRDA:870,47,1,630
BRDA:870,47,2,630
BRDA:873,48,0,60
BRDA:873,48,1,0
BRDA:873,49,0,60
BRDA:873,49,1,60
BRF:101
BRH:70
end_of_record
TN:
SF:src\utils\errorHandler.ts
FN:17,(anonymous_0)
FN:42,(anonymous_1)
FN:67,(anonymous_2)
FN:91,(anonymous_3)
FN:116,(anonymous_4)
FN:139,(anonymous_5)
FN:159,(anonymous_6)
FN:181,(anonymous_7)
FN:201,(anonymous_8)
FN:219,(anonymous_9)
FN:235,(anonymous_10)
FNF:11
FNH:2
FNDA:0,(anonymous_0)
FNDA:0,(anonymous_1)
FNDA:0,(anonymous_2)
FNDA:0,(anonymous_3)
FNDA:0,(anonymous_4)
FNDA:0,(anonymous_5)
FNDA:0,(anonymous_6)
FNDA:0,(anonymous_7)
FNDA:170,(anonymous_8)
FNDA:113,(anonymous_9)
FNDA:0,(anonymous_10)
DA:3,20
DA:8,20
DA:23,0
DA:48,0
DA:73,0
DA:96,0
DA:123,0
DA:140,0
DA:142,0
DA:144,0
DA:146,0
DA:148,0
DA:150,0
DA:160,0
DA:162,0
DA:164,0
DA:166,0
DA:170,0
DA:172,0
DA:182,0
DA:184,0
DA:186,0
DA:188,0
DA:190,0
DA:205,170
DA:206,170
DA:208,0
DA:223,113
DA:224,113
DA:226,0
DA:236,0
DA:237,0
DA:243,0
DA:244,0
DA:246,0
LF:35
LH:6
BRDA:28,0,0,0
BRDA:28,0,1,0
BRDA:53,1,0,0
BRDA:53,1,1,0
BRDA:78,2,0,0
BRDA:78,2,1,0
BRDA:101,3,0,0
BRDA:101,3,1,0
BRDA:140,4,0,0
BRDA:140,4,1,0
BRDA:140,4,2,0
BRDA:140,4,3,0
BRDA:140,4,4,0
BRDA:160,5,0,0
BRDA:160,5,1,0
BRDA:160,5,2,0
BRDA:160,5,3,0
BRDA:160,5,4,0
BRDA:160,5,5,0
BRDA:160,5,6,0
BRDA:182,6,0,0
BRDA:182,6,1,0
BRDA:182,6,2,0
BRDA:182,6,3,0
BRDA:236,7,0,0
BRDA:236,7,1,0
BRDA:240,8,0,0
BRDA:240,8,1,0
BRDA:241,9,0,0
BRDA:241,9,1,0
BRDA:242,10,0,0
BRDA:242,10,1,0
BRDA:243,11,0,0
BRDA:243,11,1,0
BRF:34
BRH:0
end_of_record
TN:
SF:src\utils\sortingTools.ts
FN:17,sortByColumn
FN:22,(anonymous_1)
FN:45,sortByColumnFast
FN:50,(anonymous_3)
FN:75,sortByColumnCounting
FN:85,(anonymous_5)
FN:114,sortByColumnMerge
FN:125,merge
FN:155,mergeSort
FN:174,sortByColumnSlow
FN:179,(anonymous_10)
FNF:11
FNH:5
FNDA:18,sortByColumn
FNDA:103,(anonymous_1)
FNDA:0,sortByColumnFast
FNDA:0,(anonymous_3)
FNDA:0,sortByColumnCounting
FNDA:0,(anonymous_5)
FNDA:1,sortByColumnMerge
FNDA:4,merge
FNDA:9,mergeSort
FNDA:0,sortByColumnSlow
FNDA:0,(anonymous_10)
DA:17,20
DA:18,18
DA:20,18
DA:22,18
DA:23,103
DA:24,103
DA:27,103
DA:28,96
DA:30,92
DA:45,20
DA:46,0
DA:48,0
DA:50,0
DA:51,0
DA:52,0
DA:55,0
DA:56,0
DA:58,0
DA:59,0
DA:60,0
DA:75,20
DA:76,0
DA:78,0
DA:79,0
DA:80,0
DA:81,0
DA:82,0
DA:85,0
DA:86,0
DA:87,0
DA:88,0
DA:91,0
DA:93,0
DA:94,0
DA:95,0
DA:97,0
DA:98,0
DA:101,0
DA:114,20
DA:115,1
DA:117,1
DA:126,4
DA:127,4
DA:128,4
DA:129,7
DA:130,7
DA:134,7
DA:135,0
DA:136,7
DA:137,0
DA:138,7
DA:139,0
DA:141,7
DA:144,7
DA:145,3
DA:147,4
DA:156,9
DA:157,4
DA:158,4
DA:161,1
DA:174,20
DA:175,0
DA:177,0
DA:179,0
DA:180,0
DA:181,0
DA:184,0
DA:185,0
DA:187,0
LF:69
LH:31
BRDA:17,0,0,0
BRDA:18,1,0,0
BRDA:18,1,1,18
BRDA:18,2,0,18
BRDA:18,2,1,18
BRDA:20,3,0,12
BRDA:20,3,1,6
BRDA:27,4,0,7
BRDA:27,4,1,96
BRDA:27,5,0,103
BRDA:27,5,1,102
BRDA:28,6,0,4
BRDA:28,6,1,92
BRDA:28,7,0,96
BRDA:28,7,1,92
BRDA:30,8,0,34
BRDA:30,8,1,58
BRDA:30,9,0,44
BRDA:30,9,1,14
BRDA:45,10,0,0
BRDA:46,11,0,0
BRDA:46,11,1,0
BRDA:46,12,0,0
BRDA:46,12,1,0
BRDA:48,13,0,0
BRDA:48,13,1,0
BRDA:55,14,0,0
BRDA:55,14,1,0
BRDA:55,15,0,0
BRDA:55,15,1,0
BRDA:56,16,0,0
BRDA:56,16,1,0
BRDA:56,17,0,0
BRDA:56,17,1,0
BRDA:60,18,0,0
BRDA:60,18,1,0
BRDA:60,19,0,0
BRDA:60,19,1,0
BRDA:75,20,0,0
BRDA:76,21,0,0
BRDA:76,21,1,0
BRDA:76,22,0,0
BRDA:76,22,1,0
BRDA:81,23,0,0
BRDA:81,23,1,0
BRDA:86,24,0,0
BRDA:86,24,1,0
BRDA:87,25,0,0
BRDA:87,25,1,0
BRDA:88,26,0,0
BRDA:88,26,1,0
BRDA:88,27,0,0
BRDA:88,27,1,0
BRDA:91,28,0,0
BRDA:91,28,1,0
BRDA:114,29,0,0
BRDA:115,30,0,0
BRDA:115,30,1,1
BRDA:115,31,0,1
BRDA:115,31,1,1
BRDA:117,32,0,1
BRDA:117,32,1,0
BRDA:128,33,0,11
BRDA:128,33,1,8
BRDA:134,34,0,0
BRDA:134,34,1,7
BRDA:134,35,0,7
BRDA:134,35,1,7
BRDA:134,35,2,0
BRDA:134,35,3,0
BRDA:136,36,0,0
BRDA:136,36,1,7
BRDA:136,37,0,7
BRDA:136,37,1,7
BRDA:138,38,0,0
BRDA:138,38,1,7
BRDA:138,39,0,7
BRDA:138,39,1,7
BRDA:141,40,0,4
BRDA:141,40,1,3
BRDA:141,41,0,3
BRDA:141,41,1,0
BRDA:144,42,0,4
BRDA:144,42,1,3
BRDA:156,43,0,5
BRDA:156,43,1,4
BRDA:174,44,0,0
BRDA:175,45,0,0
BRDA:175,45,1,0
BRDA:175,46,0,0
BRDA:175,46,1,0
BRDA:177,47,0,0
BRDA:177,47,1,0
BRDA:184,48,0,0
BRDA:184,48,1,0
BRDA:184,49,0,0
BRDA:184,49,1,0
BRDA:185,50,0,0
BRDA:185,50,1,0
BRDA:185,51,0,0
BRDA:185,51,1,0
BRF:101
BRH:39
end_of_record
TN:
SF:src\utils\withTimeout.ts
FN:24,withTimeout
FN:33,(anonymous_2)
FN:35,(anonymous_3)
FN:40,(anonymous_4)
FN:47,(anonymous_5)
FNF:5
FNH:3
FNDA:1008,withTimeout
FNDA:1008,(anonymous_2)
FNDA:0,(anonymous_3)
FNDA:1008,(anonymous_4)
FNDA:0,(anonymous_5)
DA:5,20
DA:6,20
DA:24,20
DA:29,1008
DA:31,1008
DA:34,1008
DA:36,0
DA:42,1008
DA:43,1008
DA:44,1008
DA:46,1008
DA:49,0
DA:50,0
DA:51,0
DA:53,0
LF:15
LH:10
BRDA:26,0,0,0
BRDA:27,1,0,0
BRDA:42,2,0,1008
BRDA:42,2,1,0
BRDA:49,3,0,0
BRDA:49,3,1,0
BRF:6
BRH:1
end_of_record
